Log file opened on Thu Sep 26 14:33:01 2024
Host: login.local  pid: 14488  rank ID: 0  number of ranks:  1
                       :-) GROMACS - gmx mdrun, 2018 (-:

                            GROMACS is written by:
     Emile Apol      Rossen Apostolov  Herman J.C. Berendsen    Par Bjelkmar   
 Aldert van Buuren   Rudi van Drunen     Anton Feenstra    Gerrit Groenhof  
 Christoph Junghans   Anca Hamuraru    Vincent Hindriksen Dimitrios Karkoulis
    Peter Kasson        Jiri Kraus      Carsten Kutzner      Per Larsson    
  Justin A. Lemkul    Viveca Lindahl    Magnus Lundborg   Pieter Meulenhoff 
   Erik Marklund      Teemu Murtola       Szilard Pall       Sander Pronk   
   Roland Schulz     Alexey Shvetsov     Michael Shirts     Alfons Sijbers  
   Peter Tieleman    Teemu Virolainen  Christian Wennberg    Maarten Wolf   
                           and the project leaders:
        Mark Abraham, Berk Hess, Erik Lindahl, and David van der Spoel

Copyright (c) 1991-2000, University of Groningen, The Netherlands.
Copyright (c) 2001-2017, The GROMACS development team at
Uppsala University, Stockholm University and
the Royal Institute of Technology, Sweden.
check out http://www.gromacs.org for more information.

GROMACS is free software; you can redistribute it and/or modify it
under the terms of the GNU Lesser General Public License
as published by the Free Software Foundation; either version 2.1
of the License, or (at your option) any later version.

GROMACS:      gmx mdrun, version 2018
Executable:   /opt/apps/gromacs-2018/bin/gmx
Data prefix:  /opt/apps/gromacs-2018
Working dir:  /home/bismark01/Hanson/2fom/344
Command line:
  gmx mdrun -v -deffnm npt

GROMACS version:    2018
Precision:          single
Memory model:       64 bit
MPI library:        thread_mpi
OpenMP support:     enabled (GMX_OPENMP_MAX_THREADS = 64)
GPU support:        disabled
SIMD instructions:  AVX2_256
FFT library:        fftpack (built-in)
RDTSCP usage:       enabled
TNG support:        enabled
Hwloc support:      disabled
Tracing support:    disabled
Built on:           2018-10-17 09:11:04
Built by:           vappiah@login.local [CMAKE]
Build OS/arch:      Linux 3.10.0-693.el7.x86_64 x86_64
Build CPU vendor:   Intel
Build CPU brand:    Intel(R) Xeon(R) CPU E5-2680 v4 @ 2.40GHz
Build CPU family:   6   Model: 79   Stepping: 1
Build CPU features: aes apic avx avx2 clfsh cmov cx8 cx16 f16c fma hle htt intel lahf mmx msr nonstop_tsc pcid pclmuldq pdcm pdpe1gb popcnt pse rdrnd rdtscp rtm sse2 sse3 sse4.1 sse4.2 ssse3 tdt x2apic
C compiler:         /usr/bin/cc GNU 4.8.5
C compiler flags:    -march=core-avx2     -O3 -DNDEBUG -funroll-all-loops -fexcess-precision=fast  
C++ compiler:       /usr/bin/c++ GNU 4.8.5
C++ compiler flags:  -march=core-avx2    -std=c++11   -O3 -DNDEBUG -funroll-all-loops -fexcess-precision=fast  


Running on 1 node with total 28 cores, 28 logical cores
Hardware detected:
  CPU info:
    Vendor: Intel
    Brand:  Intel(R) Xeon(R) CPU E5-2680 v4 @ 2.40GHz
    Family: 6   Model: 79   Stepping: 1
    Features: aes apic avx avx2 clfsh cmov cx8 cx16 f16c fma hle htt intel lahf mmx msr nonstop_tsc pcid pclmuldq pdcm pdpe1gb popcnt pse rdrnd rdtscp rtm sse2 sse3 sse4.1 sse4.2 ssse3 tdt x2apic
  Hardware topology: Basic
    Sockets, cores, and logical processors:
      Socket  0: [   0] [   2] [   4] [   6] [   8] [  10] [  12] [  14] [  16] [  18] [  20] [  22] [  24] [  26]
      Socket  1: [   1] [   3] [   5] [   7] [   9] [  11] [  13] [  15] [  17] [  19] [  21] [  23] [  25] [  27]


++++ PLEASE READ AND CITE THE FOLLOWING REFERENCE ++++
M. J. Abraham, T. Murtola, R. Schulz, S. Páll, J. C. Smith, B. Hess, E.
Lindahl
GROMACS: High performance molecular simulations through multi-level
parallelism from laptops to supercomputers
SoftwareX 1 (2015) pp. 19-25
-------- -------- --- Thank You --- -------- --------


++++ PLEASE READ AND CITE THE FOLLOWING REFERENCE ++++
S. Páll, M. J. Abraham, C. Kutzner, B. Hess, E. Lindahl
Tackling Exascale Software Challenges in Molecular Dynamics Simulations with
GROMACS
In S. Markidis & E. Laure (Eds.), Solving Software Challenges for Exascale 8759 (2015) pp. 3-27
-------- -------- --- Thank You --- -------- --------


++++ PLEASE READ AND CITE THE FOLLOWING REFERENCE ++++
S. Pronk, S. Páll, R. Schulz, P. Larsson, P. Bjelkmar, R. Apostolov, M. R.
Shirts, J. C. Smith, P. M. Kasson, D. van der Spoel, B. Hess, and E. Lindahl
GROMACS 4.5: a high-throughput and highly parallel open source molecular
simulation toolkit
Bioinformatics 29 (2013) pp. 845-54
-------- -------- --- Thank You --- -------- --------


++++ PLEASE READ AND CITE THE FOLLOWING REFERENCE ++++
B. Hess and C. Kutzner and D. van der Spoel and E. Lindahl
GROMACS 4: Algorithms for highly efficient, load-balanced, and scalable
molecular simulation
J. Chem. Theory Comput. 4 (2008) pp. 435-447
-------- -------- --- Thank You --- -------- --------


++++ PLEASE READ AND CITE THE FOLLOWING REFERENCE ++++
D. van der Spoel, E. Lindahl, B. Hess, G. Groenhof, A. E. Mark and H. J. C.
Berendsen
GROMACS: Fast, Flexible and Free
J. Comp. Chem. 26 (2005) pp. 1701-1719
-------- -------- --- Thank You --- -------- --------


++++ PLEASE READ AND CITE THE FOLLOWING REFERENCE ++++
E. Lindahl and B. Hess and D. van der Spoel
GROMACS 3.0: A package for molecular simulation and trajectory analysis
J. Mol. Mod. 7 (2001) pp. 306-317
-------- -------- --- Thank You --- -------- --------


++++ PLEASE READ AND CITE THE FOLLOWING REFERENCE ++++
H. J. C. Berendsen, D. van der Spoel and R. van Drunen
GROMACS: A message-passing parallel molecular dynamics implementation
Comp. Phys. Comm. 91 (1995) pp. 43-56
-------- -------- --- Thank You --- -------- --------

Input Parameters:
   integrator                     = md
   tinit                          = 0
   dt                             = 0.002
   nsteps                         = 50000
   init-step                      = 0
   simulation-part                = 1
   comm-mode                      = Linear
   nstcomm                        = 100
   bd-fric                        = 0
   ld-seed                        = 1962745028
   emtol                          = 10
   emstep                         = 0.01
   niter                          = 20
   fcstep                         = 0
   nstcgsteep                     = 1000
   nbfgscorr                      = 10
   rtpi                           = 0.05
   nstxout                        = 0
   nstvout                        = 0
   nstfout                        = 0
   nstlog                         = 500
   nstcalcenergy                  = 100
   nstenergy                      = 500
   nstxout-compressed             = 500
   compressed-x-precision         = 1000
   cutoff-scheme                  = Verlet
   nstlist                        = 20
   ns-type                        = Grid
   pbc                            = xyz
   periodic-molecules             = false
   verlet-buffer-tolerance        = 0.005
   rlist                          = 1.221
   coulombtype                    = PME
   coulomb-modifier               = Potential-shift
   rcoulomb-switch                = 0
   rcoulomb                       = 1.2
   epsilon-r                      = 1
   epsilon-rf                     = inf
   vdw-type                       = Cut-off
   vdw-modifier                   = Force-switch
   rvdw-switch                    = 1
   rvdw                           = 1.2
   DispCorr                       = No
   table-extension                = 1
   fourierspacing                 = 0.16
   fourier-nx                     = 48
   fourier-ny                     = 48
   fourier-nz                     = 48
   pme-order                      = 4
   ewald-rtol                     = 1e-05
   ewald-rtol-lj                  = 0.001
   lj-pme-comb-rule               = Geometric
   ewald-geometry                 = 0
   epsilon-surface                = 0
   implicit-solvent               = No
   gb-algorithm                   = Still
   nstgbradii                     = 1
   rgbradii                       = 1
   gb-epsilon-solvent             = 80
   gb-saltconc                    = 0
   gb-obc-alpha                   = 1
   gb-obc-beta                    = 0.8
   gb-obc-gamma                   = 4.85
   gb-dielectric-offset           = 0.009
   sa-algorithm                   = Ace-approximation
   sa-surface-tension             = 2.05016
   tcoupl                         = V-rescale
   nsttcouple                     = 20
   nh-chain-length                = 0
   print-nose-hoover-chain-variables = false
   pcoupl                         = Berendsen
   pcoupltype                     = Isotropic
   nstpcouple                     = 20
   tau-p                          = 2
   compressibility (3x3):
      compressibility[    0]={ 4.50000e-05,  0.00000e+00,  0.00000e+00}
      compressibility[    1]={ 0.00000e+00,  4.50000e-05,  0.00000e+00}
      compressibility[    2]={ 0.00000e+00,  0.00000e+00,  4.50000e-05}
   ref-p (3x3):
      ref-p[    0]={ 1.00000e+00,  0.00000e+00,  0.00000e+00}
      ref-p[    1]={ 0.00000e+00,  1.00000e+00,  0.00000e+00}
      ref-p[    2]={ 0.00000e+00,  0.00000e+00,  1.00000e+00}
   refcoord-scaling               = COM
   posres-com (3):
      posres-com[0]= 4.99684e-01
      posres-com[1]= 5.00921e-01
      posres-com[2]= 4.99188e-01
   posres-comB (3):
      posres-comB[0]= 4.99684e-01
      posres-comB[1]= 5.00921e-01
      posres-comB[2]= 4.99188e-01
   QMMM                           = false
   QMconstraints                  = 0
   QMMMscheme                     = 0
   MMChargeScaleFactor            = 1
qm-opts:
   ngQM                           = 0
   constraint-algorithm           = Lincs
   continuation                   = true
   Shake-SOR                      = false
   shake-tol                      = 0.0001
   lincs-order                    = 4
   lincs-iter                     = 1
   lincs-warnangle                = 30
   nwall                          = 0
   wall-type                      = 9-3
   wall-r-linpot                  = -1
   wall-atomtype[0]               = -1
   wall-atomtype[1]               = -1
   wall-density[0]                = 0
   wall-density[1]                = 0
   wall-ewald-zfac                = 3
   pull                           = false
   awh                            = false
   rotation                       = false
   interactiveMD                  = false
   disre                          = No
   disre-weighting                = Conservative
   disre-mixed                    = false
   dr-fc                          = 1000
   dr-tau                         = 0
   nstdisreout                    = 100
   orire-fc                       = 0
   orire-tau                      = 0
   nstorireout                    = 100
   free-energy                    = no
   cos-acceleration               = 0
   deform (3x3):
      deform[    0]={ 0.00000e+00,  0.00000e+00,  0.00000e+00}
      deform[    1]={ 0.00000e+00,  0.00000e+00,  0.00000e+00}
      deform[    2]={ 0.00000e+00,  0.00000e+00,  0.00000e+00}
   simulated-tempering            = false
   swapcoords                     = no
   userint1                       = 0
   userint2                       = 0
   userint3                       = 0
   userint4                       = 0
   userreal1                      = 0
   userreal2                      = 0
   userreal3                      = 0
   userreal4                      = 0
   applied-forces:
     electric-field:
       x:
         E0                       = 0
         omega                    = 0
         t0                       = 0
         sigma                    = 0
       y:
         E0                       = 0
         omega                    = 0
         t0                       = 0
         sigma                    = 0
       z:
         E0                       = 0
         omega                    = 0
         t0                       = 0
         sigma                    = 0
grpopts:
   nrdf:     5839.77     70857.2
   ref-t:         300         300
   tau-t:         0.1         0.1
annealing:          No          No
annealing-npoints:           0           0
   acc:	           0           0           0
   nfreeze:           N           N           N
   energygrp-flags[  0]: 0

Changing nstlist from 20 to 80, rlist from 1.221 to 1.323


Initializing Domain Decomposition on 28 ranks
Dynamic load balancing: locked
Initial maximum inter charge-group distances:
    two-body bonded interactions: 0.408 nm, LJ-14, atoms 1172 1180
  multi-body bonded interactions: 0.489 nm, CMAP Dih., atoms 1006 1015
Minimum cell size due to bonded interactions: 0.538 nm
Maximum distance for 5 constraints, at 120 deg. angles, all-trans: 0.222 nm
Estimated maximum distance required for P-LINCS: 0.222 nm
Guess for relative PME load: 0.13
Will use 24 particle-particle and 4 PME only ranks
This is a guess, check the performance at the end of the log file
Using 4 separate PME ranks, as guessed by mdrun
Scaling the initial minimum size with 1/0.8 (option -dds) = 1.25
Optimizing the DD grid for 24 cells with a minimum initial size of 0.672 nm
The maximum allowed number of cells is: X 10 Y 10 Z 10
Domain decomposition grid 4 x 3 x 2, separate PME ranks 4
PME domain decomposition: 4 x 1 x 1
Interleaving PP and PME ranks
This rank does only particle-particle work.

Domain decomposition rank 0, coordinates 0 0 0

The initial number of communication pulses is: X 1 Y 1 Z 1
The initial domain decomposition cell size is: X 1.82 nm Y 2.43 nm Z 3.65 nm

The maximum allowed distance for charge groups involved in interactions is:
                 non-bonded interactions           1.323 nm
(the following are initial values, they could change due to box deformation)
            two-body bonded interactions  (-rdd)   1.323 nm
          multi-body bonded interactions  (-rdd)   1.323 nm
  atoms separated by up to 5 constraints  (-rcon)  1.823 nm

When dynamic load balancing gets turned on, these settings will change to:
The maximum number of communication pulses is: X 1 Y 1 Z 1
The minimum size for domain decomposition cells is 1.323 nm
The requested allowed shrink of DD cells (option -dds) is: 0.80
The allowed shrink of domain decomposition cells is: X 0.73 Y 0.54 Z 0.36
The maximum allowed distance for charge groups involved in interactions is:
                 non-bonded interactions           1.323 nm
            two-body bonded interactions  (-rdd)   1.323 nm
          multi-body bonded interactions  (-rdd)   1.323 nm
  atoms separated by up to 5 constraints  (-rcon)  1.323 nm

Using 28 MPI threads
Using 1 OpenMP thread per tMPI thread

Pinning threads with an auto-selected logical core stride of 1
System total charge: 0.000
Will do PME sum in reciprocal space for electrostatic interactions.

++++ PLEASE READ AND CITE THE FOLLOWING REFERENCE ++++
U. Essmann, L. Perera, M. L. Berkowitz, T. Darden, H. Lee and L. G. Pedersen 
A smooth particle mesh Ewald method
J. Chem. Phys. 103 (1995) pp. 8577-8592
-------- -------- --- Thank You --- -------- --------

Using a Gaussian width (1/beta) of 0.384195 nm for Ewald
Potential shift: LJ r^-12: -2.648e-01 r^-6: -5.349e-01, Ewald -8.333e-06
Initialized non-bonded Ewald correction tables, spacing: 1.02e-03 size: 1176

Generated table with 1161 data points for 1-4 COUL.
Tabscale = 500 points/nm
Generated table with 1161 data points for 1-4 LJ6.
Tabscale = 500 points/nm
Generated table with 1161 data points for 1-4 LJ12.
Tabscale = 500 points/nm

Using SIMD 4x8 nonbonded short-range kernels

Using a dual 4x8 pair-list setup updated with dynamic pruning:
  outer list: updated every 80 steps, buffer 0.123 nm, rlist 1.323 nm
  inner list: updated every 13 steps, buffer 0.001 nm, rlist 1.201 nm
At tolerance 0.005 kJ/mol/ps per atom, equivalent classical 1x1 list would be:
  outer list: updated every 80 steps, buffer 0.272 nm, rlist 1.472 nm
  inner list: updated every 13 steps, buffer 0.051 nm, rlist 1.251 nm


Initializing Parallel LINear Constraint Solver

++++ PLEASE READ AND CITE THE FOLLOWING REFERENCE ++++
B. Hess
P-LINCS: A Parallel Linear Constraint Solver for molecular simulation
J. Chem. Theory Comput. 4 (2008) pp. 116-122
-------- -------- --- Thank You --- -------- --------

The number of constraints is 1174
There are inter charge-group constraints,
will communicate selected coordinates each lincs iteration

++++ PLEASE READ AND CITE THE FOLLOWING REFERENCE ++++
S. Miyamoto and P. A. Kollman
SETTLE: An Analytical Version of the SHAKE and RATTLE Algorithms for Rigid
Water Models
J. Comp. Chem. 13 (1992) pp. 952-962
-------- -------- --- Thank You --- -------- --------


Linking all bonded interactions to atoms


Intra-simulation communication will occur every 20 steps.
Center of mass motion removal mode is Linear
We have the following groups for center of mass motion removal:
  0:  rest

++++ PLEASE READ AND CITE THE FOLLOWING REFERENCE ++++
G. Bussi, D. Donadio and M. Parrinello
Canonical sampling through velocity rescaling
J. Chem. Phys. 126 (2007) pp. 014101
-------- -------- --- Thank You --- -------- --------

There are: 37765 Atoms
Atom distribution over 24 domains: av 1573 stddev 48 min 1543 max 1643

Started mdrun on rank 0 Thu Sep 26 14:33:02 2024
           Step           Time
              0        0.00000

   Energies (kJ/mol)
           Bond            U-B    Proper Dih.  Improper Dih.      CMAP Dih.
    1.95018e+03    5.29958e+03    5.63636e+03    2.93056e+02   -3.39154e+02
          LJ-14     Coulomb-14        LJ (SR)   Coulomb (SR)   Coul. recip.
    1.79352e+03    3.23975e+04    8.00521e+04   -6.25985e+05    1.80449e+03
 Position Rest.      Potential    Kinetic En.   Total Energy  Conserved En.
    1.45116e-01   -4.97097e+05    9.54856e+04   -4.01612e+05   -4.01609e+05
    Temperature Pressure (bar)   Constr. rmsd
    2.99472e+02   -4.91390e+01    2.73746e-06

DD  step 79 load imb.: force 20.9%  pme mesh/force 0.626


step 240 Turning on dynamic load balancing, because the performance loss due to load imbalance is 15.2 %.

           Step           Time
            500        1.00000

   Energies (kJ/mol)
           Bond            U-B    Proper Dih.  Improper Dih.      CMAP Dih.
    1.82436e+03    5.36422e+03    5.61640e+03    3.51233e+02   -3.75298e+02
          LJ-14     Coulomb-14        LJ (SR)   Coulomb (SR)   Coul. recip.
    1.76322e+03    3.26522e+04    7.99621e+04   -6.27072e+05    1.78392e+03
 Position Rest.      Potential    Kinetic En.   Total Energy  Conserved En.
    5.88029e+02   -4.97542e+05    9.55750e+04   -4.01966e+05   -4.01610e+05
    Temperature Pressure (bar)   Constr. rmsd
    2.99752e+02   -9.43251e+01    2.87686e-06

           Step           Time
           1000        2.00000

   Energies (kJ/mol)
           Bond            U-B    Proper Dih.  Improper Dih.      CMAP Dih.
    1.88498e+03    5.10296e+03    5.63915e+03    3.73510e+02   -3.42955e+02
          LJ-14     Coulomb-14        LJ (SR)   Coulomb (SR)   Coul. recip.
    1.73417e+03    3.28623e+04    7.97964e+04   -6.26962e+05    1.88596e+03
 Position Rest.      Potential    Kinetic En.   Total Energy  Conserved En.
    5.74666e+02   -4.97451e+05    9.58425e+04   -4.01608e+05   -4.01602e+05
    Temperature Pressure (bar)   Constr. rmsd
    3.00591e+02   -1.14597e+02    2.90973e-06

           Step           Time
           1500        3.00000

   Energies (kJ/mol)
           Bond            U-B    Proper Dih.  Improper Dih.      CMAP Dih.
    2.00305e+03    5.15523e+03    5.66505e+03    2.83673e+02   -3.52554e+02
          LJ-14     Coulomb-14        LJ (SR)   Coulomb (SR)   Coul. recip.
    1.73933e+03    3.27654e+04    7.91161e+04   -6.25888e+05    1.75655e+03
 Position Rest.      Potential    Kinetic En.   Total Energy  Conserved En.
    5.73828e+02   -4.97182e+05    9.56864e+04   -4.01495e+05   -4.01609e+05
    Temperature Pressure (bar)   Constr. rmsd
    3.00101e+02   -8.19678e+01    3.00409e-06

DD  step 1999  vol min/aver 0.814  load imb.: force  2.4%  pme mesh/force 0.682

           Step           Time
           2000        4.00000

   Energies (kJ/mol)
           Bond            U-B    Proper Dih.  Improper Dih.      CMAP Dih.
    1.93958e+03    5.31585e+03    5.75828e+03    2.59786e+02   -3.50553e+02
          LJ-14     Coulomb-14        LJ (SR)   Coulomb (SR)   Coul. recip.
    1.76478e+03    3.26981e+04    7.99783e+04   -6.26272e+05    1.79862e+03
 Position Rest.      Potential    Kinetic En.   Total Energy  Conserved En.
    6.06814e+02   -4.96503e+05    9.55665e+04   -4.00936e+05   -4.01612e+05
    Temperature Pressure (bar)   Constr. rmsd
    2.99725e+02    1.76425e+01    2.98057e-06

           Step           Time
           2500        5.00000

   Energies (kJ/mol)
           Bond            U-B    Proper Dih.  Improper Dih.      CMAP Dih.
    1.90565e+03    5.16586e+03    5.70606e+03    3.18499e+02   -3.91287e+02
          LJ-14     Coulomb-14        LJ (SR)   Coulomb (SR)   Coul. recip.
    1.85802e+03    3.26613e+04    7.88870e+04   -6.24647e+05    1.80556e+03
 Position Rest.      Potential    Kinetic En.   Total Energy  Conserved En.
    6.55119e+02   -4.96076e+05    9.68790e+04   -3.99196e+05   -4.01618e+05
    Temperature Pressure (bar)   Constr. rmsd
    3.03842e+02   -1.11304e+01    3.10456e-06

           Step           Time
           3000        6.00000

   Energies (kJ/mol)
           Bond            U-B    Proper Dih.  Improper Dih.      CMAP Dih.
    1.96703e+03    5.16409e+03    5.73190e+03    2.89879e+02   -3.91901e+02
          LJ-14     Coulomb-14        LJ (SR)   Coulomb (SR)   Coul. recip.
    1.71084e+03    3.25755e+04    8.14592e+04   -6.28446e+05    1.76874e+03
 Position Rest.      Potential    Kinetic En.   Total Energy  Conserved En.
    5.72826e+02   -4.97598e+05    9.52786e+04   -4.02320e+05   -4.01606e+05
    Temperature Pressure (bar)   Constr. rmsd
    2.98822e+02   -3.74993e+01    2.71730e-06

           Step           Time
           3500        7.00000

   Energies (kJ/mol)
           Bond            U-B    Proper Dih.  Improper Dih.      CMAP Dih.
    1.89243e+03    5.33580e+03    5.66499e+03    3.26460e+02   -3.82317e+02
          LJ-14     Coulomb-14        LJ (SR)   Coulomb (SR)   Coul. recip.
    1.75453e+03    3.26709e+04    7.91741e+04   -6.25413e+05    1.83738e+03
 Position Rest.      Potential    Kinetic En.   Total Energy  Conserved En.
    5.32514e+02   -4.96606e+05    9.57691e+04   -4.00837e+05   -4.01591e+05
    Temperature Pressure (bar)   Constr. rmsd
    3.00361e+02   -6.01006e+01    2.86031e-06

DD  step 3999  vol min/aver 0.791  load imb.: force  1.4%  pme mesh/force 0.675

           Step           Time
           4000        8.00000

   Energies (kJ/mol)
           Bond            U-B    Proper Dih.  Improper Dih.      CMAP Dih.
    1.74202e+03    5.16559e+03    5.59935e+03    3.03298e+02   -3.77694e+02
          LJ-14     Coulomb-14        LJ (SR)   Coulomb (SR)   Coul. recip.
    1.87113e+03    3.28710e+04    8.11324e+04   -6.29661e+05    1.79576e+03
 Position Rest.      Potential    Kinetic En.   Total Energy  Conserved En.
    5.78270e+02   -4.98980e+05    9.46763e+04   -4.04304e+05   -4.01591e+05
    Temperature Pressure (bar)   Constr. rmsd
    2.96933e+02    1.57660e+02    2.64227e-06

           Step           Time
           4500        9.00000

   Energies (kJ/mol)
           Bond            U-B    Proper Dih.  Improper Dih.      CMAP Dih.
    1.81274e+03    5.31500e+03    5.75704e+03    3.21146e+02   -3.83463e+02
          LJ-14     Coulomb-14        LJ (SR)   Coulomb (SR)   Coul. recip.
    1.84383e+03    3.26340e+04    7.96073e+04   -6.27639e+05    1.85205e+03
 Position Rest.      Potential    Kinetic En.   Total Energy  Conserved En.
    6.13896e+02   -4.98266e+05    9.60024e+04   -4.02263e+05   -4.01573e+05
    Temperature Pressure (bar)   Constr. rmsd
    3.01092e+02   -1.26087e+02    2.60446e-06

           Step           Time
           5000       10.00000

   Energies (kJ/mol)
           Bond            U-B    Proper Dih.  Improper Dih.      CMAP Dih.
    1.83041e+03    5.10054e+03    5.72043e+03    2.88050e+02   -3.92888e+02
          LJ-14     Coulomb-14        LJ (SR)   Coulomb (SR)   Coul. recip.
    1.79867e+03    3.28624e+04    7.98919e+04   -6.26634e+05    1.84690e+03
 Position Rest.      Potential    Kinetic En.   Total Energy  Conserved En.
    5.96964e+02   -4.97091e+05    9.54738e+04   -4.01617e+05   -4.01576e+05
    Temperature Pressure (bar)   Constr. rmsd
    2.99434e+02    1.55105e+00    2.55389e-06

           Step           Time
           5500       11.00000

   Energies (kJ/mol)
           Bond            U-B    Proper Dih.  Improper Dih.      CMAP Dih.
    1.81572e+03    5.17399e+03    5.69377e+03    3.27017e+02   -3.74046e+02
          LJ-14     Coulomb-14        LJ (SR)   Coulomb (SR)   Coul. recip.
    1.79802e+03    3.28601e+04    7.95189e+04   -6.26626e+05    1.82156e+03
 Position Rest.      Potential    Kinetic En.   Total Energy  Conserved En.
    5.39012e+02   -4.97452e+05    9.64009e+04   -4.01051e+05   -4.01588e+05
    Temperature Pressure (bar)   Constr. rmsd
    3.02342e+02   -4.36099e+01    2.93920e-06

DD  step 5999  vol min/aver 0.801  load imb.: force  1.8%  pme mesh/force 0.668

           Step           Time
           6000       12.00000

   Energies (kJ/mol)
           Bond            U-B    Proper Dih.  Improper Dih.      CMAP Dih.
    1.95453e+03    5.11711e+03    5.73114e+03    2.97429e+02   -3.48294e+02
          LJ-14     Coulomb-14        LJ (SR)   Coulomb (SR)   Coul. recip.
    1.80955e+03    3.27696e+04    8.08761e+04   -6.27793e+05    1.78240e+03
 Position Rest.      Potential    Kinetic En.   Total Energy  Conserved En.
    6.38666e+02   -4.97165e+05    9.53524e+04   -4.01812e+05   -4.01585e+05
    Temperature Pressure (bar)   Constr. rmsd
    2.99054e+02    1.31852e+02    2.73643e-06

           Step           Time
           6500       13.00000

   Energies (kJ/mol)
           Bond            U-B    Proper Dih.  Improper Dih.      CMAP Dih.
    1.78999e+03    5.38093e+03    5.71787e+03    3.05109e+02   -4.18659e+02
          LJ-14     Coulomb-14        LJ (SR)   Coulomb (SR)   Coul. recip.
    1.79212e+03    3.27056e+04    8.07444e+04   -6.28092e+05    1.75372e+03
 Position Rest.      Potential    Kinetic En.   Total Energy  Conserved En.
    6.09420e+02   -4.97712e+05    9.62127e+04   -4.01499e+05   -4.01568e+05
    Temperature Pressure (bar)   Constr. rmsd
    3.01752e+02    2.75564e+01    2.86906e-06

           Step           Time
           7000       14.00000

   Energies (kJ/mol)
           Bond            U-B    Proper Dih.  Improper Dih.      CMAP Dih.
    1.83300e+03    4.97017e+03    5.62250e+03    3.17991e+02   -3.60150e+02
          LJ-14     Coulomb-14        LJ (SR)   Coulomb (SR)   Coul. recip.
    1.81917e+03    3.28792e+04    8.01648e+04   -6.27980e+05    1.76416e+03
 Position Rest.      Potential    Kinetic En.   Total Energy  Conserved En.
    5.61323e+02   -4.98408e+05    9.61705e+04   -4.02237e+05   -4.01575e+05
    Temperature Pressure (bar)   Constr. rmsd
    3.01619e+02   -5.32790e+01    2.68228e-06

           Step           Time
           7500       15.00000

   Energies (kJ/mol)
           Bond            U-B    Proper Dih.  Improper Dih.      CMAP Dih.
    1.84314e+03    5.29312e+03    5.68307e+03    3.02331e+02   -4.03666e+02
          LJ-14     Coulomb-14        LJ (SR)   Coulomb (SR)   Coul. recip.
    1.79372e+03    3.25864e+04    7.94790e+04   -6.26442e+05    1.82936e+03
 Position Rest.      Potential    Kinetic En.   Total Energy  Conserved En.
    5.89313e+02   -4.97446e+05    9.61049e+04   -4.01341e+05   -4.01559e+05
    Temperature Pressure (bar)   Constr. rmsd
    3.01414e+02   -1.36914e+02    2.76270e-06

DD  step 7999  vol min/aver 0.800  load imb.: force  2.8%  pme mesh/force 0.674

           Step           Time
           8000       16.00000

   Energies (kJ/mol)
           Bond            U-B    Proper Dih.  Improper Dih.      CMAP Dih.
    1.96924e+03    5.15031e+03    5.65546e+03    2.63545e+02   -3.87534e+02
          LJ-14     Coulomb-14        LJ (SR)   Coulomb (SR)   Coul. recip.
    1.77893e+03    3.27157e+04    7.97926e+04   -6.26068e+05    1.80575e+03
 Position Rest.      Potential    Kinetic En.   Total Energy  Conserved En.
    6.23032e+02   -4.96701e+05    9.55579e+04   -4.01144e+05   -4.01568e+05
    Temperature Pressure (bar)   Constr. rmsd
    2.99698e+02   -5.34902e+01    3.49298e-06

           Step           Time
           8500       17.00000

   Energies (kJ/mol)
           Bond            U-B    Proper Dih.  Improper Dih.      CMAP Dih.
    2.02382e+03    5.11821e+03    5.72632e+03    2.72562e+02   -3.71825e+02
          LJ-14     Coulomb-14        LJ (SR)   Coulomb (SR)   Coul. recip.
    1.67146e+03    3.25931e+04    7.98441e+04   -6.27147e+05    1.82324e+03
 Position Rest.      Potential    Kinetic En.   Total Energy  Conserved En.
    5.71940e+02   -4.97874e+05    9.45611e+04   -4.03313e+05   -4.01543e+05
    Temperature Pressure (bar)   Constr. rmsd
    2.96572e+02   -1.79575e+02    2.96894e-06

           Step           Time
           9000       18.00000

   Energies (kJ/mol)
           Bond            U-B    Proper Dih.  Improper Dih.      CMAP Dih.
    1.96883e+03    5.37088e+03    5.59736e+03    2.83614e+02   -3.88521e+02
          LJ-14     Coulomb-14        LJ (SR)   Coulomb (SR)   Coul. recip.
    1.75628e+03    3.26618e+04    8.02863e+04   -6.27559e+05    1.77529e+03
 Position Rest.      Potential    Kinetic En.   Total Energy  Conserved En.
    5.99916e+02   -4.97647e+05    9.63465e+04   -4.01301e+05   -4.01569e+05
    Temperature Pressure (bar)   Constr. rmsd
    3.02172e+02    1.72862e+00    3.02849e-06

           Step           Time
           9500       19.00000

   Energies (kJ/mol)
           Bond            U-B    Proper Dih.  Improper Dih.      CMAP Dih.
    1.95091e+03    4.92517e+03    5.67334e+03    3.27684e+02   -3.61236e+02
          LJ-14     Coulomb-14        LJ (SR)   Coulomb (SR)   Coul. recip.
    1.85253e+03    3.27626e+04    8.04108e+04   -6.27444e+05    1.78188e+03
 Position Rest.      Potential    Kinetic En.   Total Energy  Conserved En.
    6.09803e+02   -4.97511e+05    9.56318e+04   -4.01879e+05   -4.01574e+05
    Temperature Pressure (bar)   Constr. rmsd
    2.99930e+02    1.14944e+02    2.91482e-06

DD  step 9999  vol min/aver 0.800  load imb.: force  2.0%  pme mesh/force 0.668

           Step           Time
          10000       20.00000

   Energies (kJ/mol)
           Bond            U-B    Proper Dih.  Improper Dih.      CMAP Dih.
    2.00389e+03    5.31675e+03    5.69969e+03    3.45581e+02   -3.60434e+02
          LJ-14     Coulomb-14        LJ (SR)   Coulomb (SR)   Coul. recip.
    1.67645e+03    3.26122e+04    8.02746e+04   -6.28061e+05    1.78105e+03
 Position Rest.      Potential    Kinetic En.   Total Energy  Conserved En.
    5.41546e+02   -4.98170e+05    9.57863e+04   -4.02384e+05   -4.01544e+05
    Temperature Pressure (bar)   Constr. rmsd
    3.00415e+02   -1.94142e+02    2.75774e-06

           Step           Time
          10500       21.00000

   Energies (kJ/mol)
           Bond            U-B    Proper Dih.  Improper Dih.      CMAP Dih.
    1.84064e+03    5.03678e+03    5.60616e+03    3.10698e+02   -3.55840e+02
          LJ-14     Coulomb-14        LJ (SR)   Coulomb (SR)   Coul. recip.
    1.87058e+03    3.27270e+04    8.00996e+04   -6.27429e+05    1.69180e+03
 Position Rest.      Potential    Kinetic En.   Total Energy  Conserved En.
    5.74908e+02   -4.98027e+05    9.50956e+04   -4.02931e+05   -4.01537e+05
    Temperature Pressure (bar)   Constr. rmsd
    2.98248e+02    8.03538e+01    2.90354e-06

           Step           Time
          11000       22.00000

   Energies (kJ/mol)
           Bond            U-B    Proper Dih.  Improper Dih.      CMAP Dih.
    2.07431e+03    5.41085e+03    5.68797e+03    3.18081e+02   -3.36624e+02
          LJ-14     Coulomb-14        LJ (SR)   Coulomb (SR)   Coul. recip.
    1.72006e+03    3.26012e+04    7.89497e+04   -6.25285e+05    1.82491e+03
 Position Rest.      Potential    Kinetic En.   Total Energy  Conserved En.
    6.15185e+02   -4.96419e+05    9.68204e+04   -3.99599e+05   -4.01541e+05
    Temperature Pressure (bar)   Constr. rmsd
    3.03658e+02   -8.09178e+01    2.79883e-06

           Step           Time
          11500       23.00000

   Energies (kJ/mol)
           Bond            U-B    Proper Dih.  Improper Dih.      CMAP Dih.
    2.03542e+03    4.92949e+03    5.67041e+03    2.72559e+02   -4.06387e+02
          LJ-14     Coulomb-14        LJ (SR)   Coulomb (SR)   Coul. recip.
    1.77611e+03    3.27239e+04    8.19020e+04   -6.30642e+05    1.83902e+03
 Position Rest.      Potential    Kinetic En.   Total Energy  Conserved En.
    5.50953e+02   -4.99348e+05    9.53230e+04   -4.04025e+05   -4.01535e+05
    Temperature Pressure (bar)   Constr. rmsd
    2.98961e+02    1.51466e+02    2.70739e-06

DD  step 11999  vol min/aver 0.821  load imb.: force  1.7%  pme mesh/force 0.669

           Step           Time
          12000       24.00000

   Energies (kJ/mol)
           Bond            U-B    Proper Dih.  Improper Dih.      CMAP Dih.
    1.94482e+03    5.15393e+03    5.66789e+03    3.11068e+02   -3.86645e+02
          LJ-14     Coulomb-14        LJ (SR)   Coulomb (SR)   Coul. recip.
    1.76002e+03    3.26556e+04    7.93130e+04   -6.27304e+05    1.83738e+03
 Position Rest.      Potential    Kinetic En.   Total Energy  Conserved En.
    5.65763e+02   -4.98481e+05    9.54219e+04   -4.03059e+05   -4.01505e+05
    Temperature Pressure (bar)   Constr. rmsd
    2.99272e+02   -3.22515e+02    2.94953e-06

           Step           Time
          12500       25.00000

   Energies (kJ/mol)
           Bond            U-B    Proper Dih.  Improper Dih.      CMAP Dih.
    1.88609e+03    5.24406e+03    5.61647e+03    2.36514e+02   -3.79963e+02
          LJ-14     Coulomb-14        LJ (SR)   Coulomb (SR)   Coul. recip.
    1.73490e+03    3.26177e+04    8.05154e+04   -6.28501e+05    1.77503e+03
 Position Rest.      Potential    Kinetic En.   Total Energy  Conserved En.
    6.13926e+02   -4.98641e+05    9.49558e+04   -4.03685e+05   -4.01530e+05
    Temperature Pressure (bar)   Constr. rmsd
    2.97810e+02   -2.65825e+01    2.68797e-06

           Step           Time
          13000       26.00000

   Energies (kJ/mol)
           Bond            U-B    Proper Dih.  Improper Dih.      CMAP Dih.
    1.87532e+03    5.05639e+03    5.57146e+03    2.86031e+02   -3.67736e+02
          LJ-14     Coulomb-14        LJ (SR)   Coulomb (SR)   Coul. recip.
    1.77314e+03    3.25224e+04    8.01312e+04   -6.29169e+05    1.82331e+03
 Position Rest.      Potential    Kinetic En.   Total Energy  Conserved En.
    5.93007e+02   -4.99904e+05    9.49194e+04   -4.04985e+05   -4.01530e+05
    Temperature Pressure (bar)   Constr. rmsd
    2.97696e+02   -1.24200e+02    2.76116e-06

           Step           Time
          13500       27.00000

   Energies (kJ/mol)
           Bond            U-B    Proper Dih.  Improper Dih.      CMAP Dih.
    1.86307e+03    5.30223e+03    5.66255e+03    2.66203e+02   -4.03442e+02
          LJ-14     Coulomb-14        LJ (SR)   Coulomb (SR)   Coul. recip.
    1.75429e+03    3.27214e+04    8.11416e+04   -6.28068e+05    1.80596e+03
 Position Rest.      Potential    Kinetic En.   Total Energy  Conserved En.
    6.07491e+02   -4.97346e+05    9.55141e+04   -4.01832e+05   -4.01514e+05
    Temperature Pressure (bar)   Constr. rmsd
    2.99561e+02    7.20018e+01    2.82311e-06

DD  step 13999  vol min/aver 0.810  load imb.: force  2.3%  pme mesh/force 0.663

           Step           Time
          14000       28.00000

   Energies (kJ/mol)
           Bond            U-B    Proper Dih.  Improper Dih.      CMAP Dih.
    1.86736e+03    5.09411e+03    5.67038e+03    2.99760e+02   -3.64479e+02
          LJ-14     Coulomb-14        LJ (SR)   Coulomb (SR)   Coul. recip.
    1.78822e+03    3.28259e+04    8.06132e+04   -6.27933e+05    1.84578e+03
 Position Rest.      Potential    Kinetic En.   Total Energy  Conserved En.
    6.04040e+02   -4.97689e+05    9.56502e+04   -4.02039e+05   -4.01525e+05
    Temperature Pressure (bar)   Constr. rmsd
    2.99988e+02   -3.14759e+00    2.96778e-06

           Step           Time
          14500       29.00000

   Energies (kJ/mol)
           Bond            U-B    Proper Dih.  Improper Dih.      CMAP Dih.
    1.76931e+03    5.32338e+03    5.72815e+03    2.96825e+02   -3.86764e+02
          LJ-14     Coulomb-14        LJ (SR)   Coulomb (SR)   Coul. recip.
    1.76310e+03    3.26899e+04    7.98403e+04   -6.26116e+05    1.85157e+03
 Position Rest.      Potential    Kinetic En.   Total Energy  Conserved En.
    5.87990e+02   -4.96652e+05    9.58829e+04   -4.00769e+05   -4.01514e+05
    Temperature Pressure (bar)   Constr. rmsd
    3.00717e+02   -3.97735e+01    3.12053e-06

           Step           Time
          15000       30.00000

   Energies (kJ/mol)
           Bond            U-B    Proper Dih.  Improper Dih.      CMAP Dih.
    1.85405e+03    5.08635e+03    5.64938e+03    2.89058e+02   -3.56906e+02
          LJ-14     Coulomb-14        LJ (SR)   Coulomb (SR)   Coul. recip.
    1.79157e+03    3.27583e+04    7.94756e+04   -6.27006e+05    1.80411e+03
 Position Rest.      Potential    Kinetic En.   Total Energy  Conserved En.
    5.69515e+02   -4.98085e+05    9.55818e+04   -4.02503e+05   -4.01507e+05
    Temperature Pressure (bar)   Constr. rmsd
    2.99773e+02   -1.09097e+02    2.87727e-06

           Step           Time
          15500       31.00000

   Energies (kJ/mol)
           Bond            U-B    Proper Dih.  Improper Dih.      CMAP Dih.
    1.83271e+03    5.20378e+03    5.68468e+03    2.79286e+02   -3.76734e+02
          LJ-14     Coulomb-14        LJ (SR)   Coulomb (SR)   Coul. recip.
    1.74301e+03    3.27258e+04    8.21734e+04   -6.30566e+05    1.83338e+03
 Position Rest.      Potential    Kinetic En.   Total Energy  Conserved En.
    5.70655e+02   -4.98896e+05    9.47470e+04   -4.04149e+05   -4.01486e+05
    Temperature Pressure (bar)   Constr. rmsd
    2.97155e+02    9.73036e+01    2.83040e-06

DD  step 15999  vol min/aver 0.782  load imb.: force  2.6%  pme mesh/force 0.669

           Step           Time
          16000       32.00000

   Energies (kJ/mol)
           Bond            U-B    Proper Dih.  Improper Dih.      CMAP Dih.
    1.95112e+03    5.13630e+03    5.63225e+03    2.77079e+02   -3.64461e+02
          LJ-14     Coulomb-14        LJ (SR)   Coulomb (SR)   Coul. recip.
    1.77189e+03    3.25015e+04    8.02530e+04   -6.27977e+05    1.80403e+03
 Position Rest.      Potential    Kinetic En.   Total Energy  Conserved En.
    5.70445e+02   -4.98444e+05    9.62425e+04   -4.02201e+05   -4.01509e+05
    Temperature Pressure (bar)   Constr. rmsd
    3.01845e+02   -3.75676e+01    2.93201e-06

           Step           Time
          16500       33.00000

   Energies (kJ/mol)
           Bond            U-B    Proper Dih.  Improper Dih.      CMAP Dih.
    1.88511e+03    5.35933e+03    5.67415e+03    2.87541e+02   -3.83864e+02
          LJ-14     Coulomb-14        LJ (SR)   Coulomb (SR)   Coul. recip.
    1.79075e+03    3.26612e+04    8.02114e+04   -6.27883e+05    1.79630e+03
 Position Rest.      Potential    Kinetic En.   Total Energy  Conserved En.
    6.07475e+02   -4.97994e+05    9.64650e+04   -4.01529e+05   -4.01490e+05
    Temperature Pressure (bar)   Constr. rmsd
    3.02543e+02   -1.40780e+02    2.82422e-06

           Step           Time
          17000       34.00000

   Energies (kJ/mol)
           Bond            U-B    Proper Dih.  Improper Dih.      CMAP Dih.
    1.84737e+03    5.05405e+03    5.71931e+03    3.51505e+02   -4.00705e+02
          LJ-14     Coulomb-14        LJ (SR)   Coulomb (SR)   Coul. recip.
    1.73636e+03    3.28615e+04    8.02372e+04   -6.29008e+05    1.73463e+03
 Position Rest.      Potential    Kinetic En.   Total Energy  Conserved En.
    5.73992e+02   -4.99293e+05    9.59728e+04   -4.03320e+05   -4.01494e+05
    Temperature Pressure (bar)   Constr. rmsd
    3.00999e+02   -4.55970e+01    2.80923e-06

           Step           Time
          17500       35.00000

   Energies (kJ/mol)
           Bond            U-B    Proper Dih.  Improper Dih.      CMAP Dih.
    1.83784e+03    5.04687e+03    5.73911e+03    3.21238e+02   -3.83448e+02
          LJ-14     Coulomb-14        LJ (SR)   Coulomb (SR)   Coul. recip.
    1.81797e+03    3.28378e+04    8.05532e+04   -6.27651e+05    1.79737e+03
 Position Rest.      Potential    Kinetic En.   Total Energy  Conserved En.
    6.18466e+02   -4.97465e+05    9.47075e+04   -4.02757e+05   -4.01484e+05
    Temperature Pressure (bar)   Constr. rmsd
    2.97031e+02    1.32713e+02    2.69109e-06

DD  step 17999  vol min/aver 0.808  load imb.: force  3.5%  pme mesh/force 0.668

           Step           Time
          18000       36.00000

   Energies (kJ/mol)
           Bond            U-B    Proper Dih.  Improper Dih.      CMAP Dih.
    1.97812e+03    5.08082e+03    5.62402e+03    2.97376e+02   -3.96406e+02
          LJ-14     Coulomb-14        LJ (SR)   Coulomb (SR)   Coul. recip.
    1.75614e+03    3.29289e+04    8.09371e+04   -6.29253e+05    1.75408e+03
 Position Rest.      Potential    Kinetic En.   Total Energy  Conserved En.
    6.32386e+02   -4.98660e+05    9.51816e+04   -4.03479e+05   -4.01480e+05
    Temperature Pressure (bar)   Constr. rmsd
    2.98518e+02    3.90742e+01    2.78068e-06

           Step           Time
          18500       37.00000

   Energies (kJ/mol)
           Bond            U-B    Proper Dih.  Improper Dih.      CMAP Dih.
    1.96961e+03    5.19394e+03    5.69437e+03    3.03774e+02   -3.73749e+02
          LJ-14     Coulomb-14        LJ (SR)   Coulomb (SR)   Coul. recip.
    1.72728e+03    3.27682e+04    8.09125e+04   -6.27655e+05    1.82705e+03
 Position Rest.      Potential    Kinetic En.   Total Energy  Conserved En.
    5.85575e+02   -4.97046e+05    9.52949e+04   -4.01751e+05   -4.01461e+05
    Temperature Pressure (bar)   Constr. rmsd
    2.98873e+02    7.05272e+01    2.64396e-06

           Step           Time
          19000       38.00000

   Energies (kJ/mol)
           Bond            U-B    Proper Dih.  Improper Dih.      CMAP Dih.
    1.85637e+03    5.18586e+03    5.69119e+03    3.16184e+02   -3.86139e+02
          LJ-14     Coulomb-14        LJ (SR)   Coulomb (SR)   Coul. recip.
    1.78597e+03    3.27034e+04    7.90124e+04   -6.25053e+05    1.79177e+03
 Position Rest.      Potential    Kinetic En.   Total Energy  Conserved En.
    5.76423e+02   -4.96520e+05    9.62718e+04   -4.00248e+05   -4.01484e+05
    Temperature Pressure (bar)   Constr. rmsd
    3.01937e+02   -1.02631e+02    3.20685e-06

           Step           Time
          19500       39.00000

   Energies (kJ/mol)
           Bond            U-B    Proper Dih.  Improper Dih.      CMAP Dih.
    1.82229e+03    5.10086e+03    5.65212e+03    3.06249e+02   -3.60187e+02
          LJ-14     Coulomb-14        LJ (SR)   Coulomb (SR)   Coul. recip.
    1.78189e+03    3.27505e+04    8.12604e+04   -6.29166e+05    1.75913e+03
 Position Rest.      Potential    Kinetic En.   Total Energy  Conserved En.
    5.64897e+02   -4.98528e+05    9.54582e+04   -4.03069e+05   -4.01479e+05
    Temperature Pressure (bar)   Constr. rmsd
    2.99386e+02    1.59408e+02    2.64064e-06

DD  step 19999  vol min/aver 0.800  load imb.: force  1.6%  pme mesh/force 0.672

           Step           Time
          20000       40.00000

   Energies (kJ/mol)
           Bond            U-B    Proper Dih.  Improper Dih.      CMAP Dih.
    1.94924e+03    5.13071e+03    5.72884e+03    2.69439e+02   -3.70695e+02
          LJ-14     Coulomb-14        LJ (SR)   Coulomb (SR)   Coul. recip.
    1.73907e+03    3.26662e+04    8.10036e+04   -6.29731e+05    1.68435e+03
 Position Rest.      Potential    Kinetic En.   Total Energy  Conserved En.
    5.91321e+02   -4.99339e+05    9.55509e+04   -4.03788e+05   -4.01443e+05
    Temperature Pressure (bar)   Constr. rmsd
    2.99676e+02   -1.24680e+02    2.84806e-06

           Step           Time
          20500       41.00000

   Energies (kJ/mol)
           Bond            U-B    Proper Dih.  Improper Dih.      CMAP Dih.
    1.79197e+03    5.24550e+03    5.66135e+03    3.08634e+02   -3.92212e+02
          LJ-14     Coulomb-14        LJ (SR)   Coulomb (SR)   Coul. recip.
    1.78131e+03    3.27080e+04    8.03924e+04   -6.28686e+05    1.73618e+03
 Position Rest.      Potential    Kinetic En.   Total Energy  Conserved En.
    5.91578e+02   -4.98861e+05    9.58561e+04   -4.03005e+05   -4.01449e+05
    Temperature Pressure (bar)   Constr. rmsd
    3.00633e+02   -1.67572e+01    2.96156e-06

           Step           Time
          21000       42.00000

   Energies (kJ/mol)
           Bond            U-B    Proper Dih.  Improper Dih.      CMAP Dih.
    1.94667e+03    5.26979e+03    5.66147e+03    3.02202e+02   -3.72497e+02
          LJ-14     Coulomb-14        LJ (SR)   Coulomb (SR)   Coul. recip.
    1.74305e+03    3.27131e+04    8.01032e+04   -6.27838e+05    1.75649e+03
 Position Rest.      Potential    Kinetic En.   Total Energy  Conserved En.
    5.97860e+02   -4.98116e+05    9.62749e+04   -4.01841e+05   -4.01443e+05
    Temperature Pressure (bar)   Constr. rmsd
    3.01947e+02   -2.68460e+01    3.08206e-06

           Step           Time
          21500       43.00000

   Energies (kJ/mol)
           Bond            U-B    Proper Dih.  Improper Dih.      CMAP Dih.
    1.89805e+03    5.21433e+03    5.58248e+03    3.09274e+02   -3.34205e+02
          LJ-14     Coulomb-14        LJ (SR)   Coulomb (SR)   Coul. recip.
    1.75466e+03    3.28490e+04    7.96911e+04   -6.27622e+05    1.80183e+03
 Position Rest.      Potential    Kinetic En.   Total Energy  Conserved En.
    5.70424e+02   -4.98285e+05    9.58660e+04   -4.02419e+05   -4.01436e+05
    Temperature Pressure (bar)   Constr. rmsd
    3.00664e+02   -1.49900e+02    3.29274e-06

DD  step 21999  vol min/aver 0.798  load imb.: force  2.5%  pme mesh/force 0.683

           Step           Time
          22000       44.00000

   Energies (kJ/mol)
           Bond            U-B    Proper Dih.  Improper Dih.      CMAP Dih.
    1.89668e+03    5.13183e+03    5.60208e+03    3.54945e+02   -3.83821e+02
          LJ-14     Coulomb-14        LJ (SR)   Coulomb (SR)   Coul. recip.
    1.79190e+03    3.25730e+04    8.08340e+04   -6.26630e+05    1.82634e+03
 Position Rest.      Potential    Kinetic En.   Total Energy  Conserved En.
    5.32381e+02   -4.96471e+05    9.62141e+04   -4.00257e+05   -4.01457e+05
    Temperature Pressure (bar)   Constr. rmsd
    3.01756e+02    1.63558e+02    3.05450e-06

           Step           Time
          22500       45.00000

   Energies (kJ/mol)
           Bond            U-B    Proper Dih.  Improper Dih.      CMAP Dih.
    1.83818e+03    5.12658e+03    5.65551e+03    3.03342e+02   -4.18025e+02
          LJ-14     Coulomb-14        LJ (SR)   Coulomb (SR)   Coul. recip.
    1.82404e+03    3.28476e+04    8.02135e+04   -6.27328e+05    1.81354e+03
 Position Rest.      Potential    Kinetic En.   Total Energy  Conserved En.
    5.53639e+02   -4.97570e+05    9.57460e+04   -4.01824e+05   -4.01442e+05
    Temperature Pressure (bar)   Constr. rmsd
    3.00288e+02    8.30137e+00    2.92209e-06

           Step           Time
          23000       46.00000

   Energies (kJ/mol)
           Bond            U-B    Proper Dih.  Improper Dih.      CMAP Dih.
    1.80536e+03    5.21512e+03    5.62265e+03    2.85344e+02   -3.58531e+02
          LJ-14     Coulomb-14        LJ (SR)   Coulomb (SR)   Coul. recip.
    1.78490e+03    3.27071e+04    7.97021e+04   -6.25871e+05    1.82104e+03
 Position Rest.      Potential    Kinetic En.   Total Energy  Conserved En.
    5.42123e+02   -4.96743e+05    9.48281e+04   -4.01915e+05   -4.01418e+05
    Temperature Pressure (bar)   Constr. rmsd
    2.97409e+02    1.84189e+01    2.73860e-06

           Step           Time
          23500       47.00000

   Energies (kJ/mol)
           Bond            U-B    Proper Dih.  Improper Dih.      CMAP Dih.
    1.85716e+03    5.03015e+03    5.66490e+03    2.98240e+02   -3.59918e+02
          LJ-14     Coulomb-14        LJ (SR)   Coulomb (SR)   Coul. recip.
    1.82091e+03    3.28740e+04    8.00278e+04   -6.27392e+05    1.73677e+03
 Position Rest.      Potential    Kinetic En.   Total Energy  Conserved En.
    5.64599e+02   -4.97877e+05    9.59008e+04   -4.01977e+05   -4.01424e+05
    Temperature Pressure (bar)   Constr. rmsd
    3.00773e+02   -9.13784e+01    3.11355e-06

DD  step 23999  vol min/aver 0.807  load imb.: force  3.4%  pme mesh/force 0.685

           Step           Time
          24000       48.00000

   Energies (kJ/mol)
           Bond            U-B    Proper Dih.  Improper Dih.      CMAP Dih.
    1.90039e+03    5.24242e+03    5.69737e+03    2.59706e+02   -3.83722e+02
          LJ-14     Coulomb-14        LJ (SR)   Coulomb (SR)   Coul. recip.
    1.81785e+03    3.27465e+04    8.05554e+04   -6.28369e+05    1.80768e+03
 Position Rest.      Potential    Kinetic En.   Total Energy  Conserved En.
    5.50082e+02   -4.98175e+05    9.63936e+04   -4.01782e+05   -4.01412e+05
    Temperature Pressure (bar)   Constr. rmsd
    3.02319e+02    1.87386e+01    2.67880e-06

           Step           Time
          24500       49.00000

   Energies (kJ/mol)
           Bond            U-B    Proper Dih.  Improper Dih.      CMAP Dih.
    1.87967e+03    5.18735e+03    5.72362e+03    2.89612e+02   -3.86395e+02
          LJ-14     Coulomb-14        LJ (SR)   Coulomb (SR)   Coul. recip.
    1.78011e+03    3.26313e+04    8.03765e+04   -6.28577e+05    1.76247e+03
 Position Rest.      Potential    Kinetic En.   Total Energy  Conserved En.
    5.69333e+02   -4.98764e+05    9.59380e+04   -4.02826e+05   -4.01434e+05
    Temperature Pressure (bar)   Constr. rmsd
    3.00890e+02   -1.64042e+01    2.97844e-06

           Step           Time
          25000       50.00000

   Energies (kJ/mol)
           Bond            U-B    Proper Dih.  Improper Dih.      CMAP Dih.
    1.84149e+03    5.05250e+03    5.72167e+03    3.04784e+02   -3.81241e+02
          LJ-14     Coulomb-14        LJ (SR)   Coulomb (SR)   Coul. recip.
    1.78288e+03    3.28695e+04    8.08647e+04   -6.30508e+05    1.82822e+03
 Position Rest.      Potential    Kinetic En.   Total Energy  Conserved En.
    5.68701e+02   -5.00054e+05    9.62363e+04   -4.03818e+05   -4.01421e+05
    Temperature Pressure (bar)   Constr. rmsd
    3.01826e+02   -1.02603e+02    2.82591e-06

           Step           Time
          25500       51.00000

   Energies (kJ/mol)
           Bond            U-B    Proper Dih.  Improper Dih.      CMAP Dih.
    1.77941e+03    5.09846e+03    5.74232e+03    3.10652e+02   -3.59519e+02
          LJ-14     Coulomb-14        LJ (SR)   Coulomb (SR)   Coul. recip.
    1.73099e+03    3.26143e+04    8.07775e+04   -6.28624e+05    1.78137e+03
 Position Rest.      Potential    Kinetic En.   Total Energy  Conserved En.
    5.54980e+02   -4.98593e+05    9.46016e+04   -4.03992e+05   -4.01406e+05
    Temperature Pressure (bar)   Constr. rmsd
    2.96699e+02    2.63362e+01    2.79300e-06

DD  step 25999  vol min/aver 0.806  load imb.: force  2.2%  pme mesh/force 0.686

           Step           Time
          26000       52.00000

   Energies (kJ/mol)
           Bond            U-B    Proper Dih.  Improper Dih.      CMAP Dih.
    1.79648e+03    5.24914e+03    5.72940e+03    3.14110e+02   -4.19739e+02
          LJ-14     Coulomb-14        LJ (SR)   Coulomb (SR)   Coul. recip.
    1.75695e+03    3.24624e+04    8.15201e+04   -6.29148e+05    1.74137e+03
 Position Rest.      Potential    Kinetic En.   Total Energy  Conserved En.
    6.14078e+02   -4.98384e+05    9.56649e+04   -4.02719e+05   -4.01438e+05
    Temperature Pressure (bar)   Constr. rmsd
    3.00034e+02    2.04280e+02    3.01867e-06

           Step           Time
          26500       53.00000

   Energies (kJ/mol)
           Bond            U-B    Proper Dih.  Improper Dih.      CMAP Dih.
    1.90148e+03    5.06302e+03    5.76723e+03    3.20706e+02   -3.43291e+02
          LJ-14     Coulomb-14        LJ (SR)   Coulomb (SR)   Coul. recip.
    1.76375e+03    3.28436e+04    8.04277e+04   -6.27923e+05    1.80301e+03
 Position Rest.      Potential    Kinetic En.   Total Energy  Conserved En.
    5.71344e+02   -4.97805e+05    9.49425e+04   -4.02862e+05   -4.01416e+05
    Temperature Pressure (bar)   Constr. rmsd
    2.97768e+02   -9.16878e+01    2.96363e-06

           Step           Time
          27000       54.00000

   Energies (kJ/mol)
           Bond            U-B    Proper Dih.  Improper Dih.      CMAP Dih.
    1.79650e+03    5.02685e+03    5.63420e+03    3.55880e+02   -3.67337e+02
          LJ-14     Coulomb-14        LJ (SR)   Coulomb (SR)   Coul. recip.
    1.86549e+03    3.28523e+04    8.07394e+04   -6.28544e+05    1.82810e+03
 Position Rest.      Potential    Kinetic En.   Total Energy  Conserved En.
    5.46257e+02   -4.98267e+05    9.64416e+04   -4.01825e+05   -4.01432e+05
    Temperature Pressure (bar)   Constr. rmsd
    3.02470e+02    1.57223e+02    3.35883e-06

           Step           Time
          27500       55.00000

   Energies (kJ/mol)
           Bond            U-B    Proper Dih.  Improper Dih.      CMAP Dih.
    1.99657e+03    5.05704e+03    5.62207e+03    2.87435e+02   -3.27760e+02
          LJ-14     Coulomb-14        LJ (SR)   Coulomb (SR)   Coul. recip.
    1.76080e+03    3.28643e+04    7.99044e+04   -6.27147e+05    1.77353e+03
 Position Rest.      Potential    Kinetic En.   Total Energy  Conserved En.
    5.65467e+02   -4.97643e+05    9.55014e+04   -4.02141e+05   -4.01413e+05
    Temperature Pressure (bar)   Constr. rmsd
    2.99521e+02   -3.67172e+01    2.73088e-06

DD  step 27999  vol min/aver 0.822  load imb.: force  3.0%  pme mesh/force 0.681

           Step           Time
          28000       56.00000

   Energies (kJ/mol)
           Bond            U-B    Proper Dih.  Improper Dih.      CMAP Dih.
    1.99732e+03    5.30152e+03    5.71863e+03    2.82743e+02   -3.85732e+02
          LJ-14     Coulomb-14        LJ (SR)   Coulomb (SR)   Coul. recip.
    1.70121e+03    3.24970e+04    8.06752e+04   -6.29576e+05    1.82444e+03
 Position Rest.      Potential    Kinetic En.   Total Energy  Conserved En.
    5.79435e+02   -4.99384e+05    9.63394e+04   -4.03044e+05   -4.01400e+05
    Temperature Pressure (bar)   Constr. rmsd
    3.02149e+02   -9.97538e+01    3.04187e-06

           Step           Time
          28500       57.00000

   Energies (kJ/mol)
           Bond            U-B    Proper Dih.  Improper Dih.      CMAP Dih.
    1.92573e+03    5.30857e+03    5.64937e+03    2.51134e+02   -3.74274e+02
          LJ-14     Coulomb-14        LJ (SR)   Coulomb (SR)   Coul. recip.
    1.79684e+03    3.27589e+04    7.98015e+04   -6.27759e+05    1.80329e+03
 Position Rest.      Potential    Kinetic En.   Total Energy  Conserved En.
    5.23209e+02   -4.98314e+05    9.69203e+04   -4.01394e+05   -4.01400e+05
    Temperature Pressure (bar)   Constr. rmsd
    3.03971e+02   -2.91681e+01    2.99042e-06

           Step           Time
          29000       58.00000

   Energies (kJ/mol)
           Bond            U-B    Proper Dih.  Improper Dih.      CMAP Dih.
    1.93724e+03    5.23541e+03    5.60638e+03    2.87242e+02   -3.74850e+02
          LJ-14     Coulomb-14        LJ (SR)   Coulomb (SR)   Coul. recip.
    1.76783e+03    3.27781e+04    8.01000e+04   -6.27595e+05    1.82097e+03
 Position Rest.      Potential    Kinetic En.   Total Energy  Conserved En.
    5.50941e+02   -4.97885e+05    9.62681e+04   -4.01617e+05   -4.01395e+05
    Temperature Pressure (bar)   Constr. rmsd
    3.01926e+02    5.28713e+01    3.17717e-06

           Step           Time
          29500       59.00000

   Energies (kJ/mol)
           Bond            U-B    Proper Dih.  Improper Dih.      CMAP Dih.
    1.99425e+03    5.12307e+03    5.58908e+03    2.78301e+02   -3.37281e+02
          LJ-14     Coulomb-14        LJ (SR)   Coulomb (SR)   Coul. recip.
    1.76398e+03    3.27272e+04    8.06847e+04   -6.28342e+05    1.77299e+03
 Position Rest.      Potential    Kinetic En.   Total Energy  Conserved En.
    5.69791e+02   -4.98176e+05    9.58231e+04   -4.02353e+05   -4.01385e+05
    Temperature Pressure (bar)   Constr. rmsd
    3.00530e+02   -2.45587e+00    2.89988e-06

DD  step 29999  vol min/aver 0.801  load imb.: force  2.1%  pme mesh/force 0.687

           Step           Time
          30000       60.00000

   Energies (kJ/mol)
           Bond            U-B    Proper Dih.  Improper Dih.      CMAP Dih.
    2.00713e+03    5.29864e+03    5.67851e+03    2.48945e+02   -3.65783e+02
          LJ-14     Coulomb-14        LJ (SR)   Coulomb (SR)   Coul. recip.
    1.77967e+03    3.27571e+04    8.10382e+04   -6.27690e+05    1.81061e+03
 Position Rest.      Potential    Kinetic En.   Total Energy  Conserved En.
    6.03971e+02   -4.96833e+05    9.57201e+04   -4.01113e+05   -4.01399e+05
    Temperature Pressure (bar)   Constr. rmsd
    3.00207e+02    1.01200e+02    3.13689e-06

           Step           Time
          30500       61.00000

   Energies (kJ/mol)
           Bond            U-B    Proper Dih.  Improper Dih.      CMAP Dih.
    1.82347e+03    5.46499e+03    5.55987e+03    3.25195e+02   -3.38462e+02
          LJ-14     Coulomb-14        LJ (SR)   Coulomb (SR)   Coul. recip.
    1.84048e+03    3.24902e+04    8.05914e+04   -6.27714e+05    1.73857e+03
 Position Rest.      Potential    Kinetic En.   Total Energy  Conserved En.
    5.98725e+02   -4.97619e+05    9.53520e+04   -4.02267e+05   -4.01368e+05
    Temperature Pressure (bar)   Constr. rmsd
    2.99052e+02    8.21193e+01    3.08547e-06

           Step           Time
          31000       62.00000

   Energies (kJ/mol)
           Bond            U-B    Proper Dih.  Improper Dih.      CMAP Dih.
    2.01458e+03    5.26045e+03    5.58588e+03    2.63810e+02   -4.04259e+02
          LJ-14     Coulomb-14        LJ (SR)   Coulomb (SR)   Coul. recip.
    1.68303e+03    3.26598e+04    8.00392e+04   -6.27713e+05    1.78378e+03
 Position Rest.      Potential    Kinetic En.   Total Energy  Conserved En.
    5.86874e+02   -4.98240e+05    9.61151e+04   -4.02125e+05   -4.01379e+05
    Temperature Pressure (bar)   Constr. rmsd
    3.01446e+02   -2.21408e+02    2.82020e-06

           Step           Time
          31500       63.00000

   Energies (kJ/mol)
           Bond            U-B    Proper Dih.  Improper Dih.      CMAP Dih.
    1.95589e+03    5.09178e+03    5.68401e+03    3.20637e+02   -3.74246e+02
          LJ-14     Coulomb-14        LJ (SR)   Coulomb (SR)   Coul. recip.
    1.75657e+03    3.27293e+04    8.09696e+04   -6.28006e+05    1.82648e+03
 Position Rest.      Potential    Kinetic En.   Total Energy  Conserved En.
    5.81348e+02   -4.97464e+05    9.65679e+04   -4.00896e+05   -4.01394e+05
    Temperature Pressure (bar)   Constr. rmsd
    3.02866e+02    6.31652e+01    3.17557e-06

DD  step 31999  vol min/aver 0.804  load imb.: force  1.8%  pme mesh/force 0.691

           Step           Time
          32000       64.00000

   Energies (kJ/mol)
           Bond            U-B    Proper Dih.  Improper Dih.      CMAP Dih.
    1.93230e+03    5.17134e+03    5.61685e+03    3.16981e+02   -3.30523e+02
          LJ-14     Coulomb-14        LJ (SR)   Coulomb (SR)   Coul. recip.
    1.77719e+03    3.27363e+04    8.05287e+04   -6.26916e+05    1.78719e+03
 Position Rest.      Potential    Kinetic En.   Total Energy  Conserved En.
    5.96353e+02   -4.96784e+05    9.50870e+04   -4.01697e+05   -4.01382e+05
    Temperature Pressure (bar)   Constr. rmsd
    2.98221e+02   -6.56806e+01    2.96085e-06

           Step           Time
          32500       65.00000

   Energies (kJ/mol)
           Bond            U-B    Proper Dih.  Improper Dih.      CMAP Dih.
    1.70707e+03    5.09901e+03    5.62302e+03    3.04373e+02   -3.66503e+02
          LJ-14     Coulomb-14        LJ (SR)   Coulomb (SR)   Coul. recip.
    1.74290e+03    3.27204e+04    7.99267e+04   -6.27166e+05    1.78404e+03
 Position Rest.      Potential    Kinetic En.   Total Energy  Conserved En.
    5.43758e+02   -4.98081e+05    9.39459e+04   -4.04135e+05   -4.01389e+05
    Temperature Pressure (bar)   Constr. rmsd
    2.94642e+02   -6.60461e+01    2.61120e-06

           Step           Time
          33000       66.00000

   Energies (kJ/mol)
           Bond            U-B    Proper Dih.  Improper Dih.      CMAP Dih.
    1.88917e+03    5.19048e+03    5.64103e+03    3.06139e+02   -4.05680e+02
          LJ-14     Coulomb-14        LJ (SR)   Coulomb (SR)   Coul. recip.
    1.74446e+03    3.28055e+04    8.04905e+04   -6.28635e+05    1.81241e+03
 Position Rest.      Potential    Kinetic En.   Total Energy  Conserved En.
    5.82064e+02   -4.98579e+05    9.59806e+04   -4.02598e+05   -4.01372e+05
    Temperature Pressure (bar)   Constr. rmsd
    3.01024e+02   -8.28346e+01    2.91923e-06

           Step           Time
          33500       67.00000

   Energies (kJ/mol)
           Bond            U-B    Proper Dih.  Improper Dih.      CMAP Dih.
    1.83353e+03    5.24734e+03    5.61454e+03    2.73511e+02   -4.02890e+02
          LJ-14     Coulomb-14        LJ (SR)   Coulomb (SR)   Coul. recip.
    1.77312e+03    3.28360e+04    8.13503e+04   -6.30294e+05    1.76711e+03
 Position Rest.      Potential    Kinetic En.   Total Energy  Conserved En.
    5.37194e+02   -4.99464e+05    9.53125e+04   -4.04151e+05   -4.01356e+05
    Temperature Pressure (bar)   Constr. rmsd
    2.98929e+02    7.45863e+01    3.01767e-06

DD  step 33999  vol min/aver 0.785  load imb.: force  2.2%  pme mesh/force 0.688

           Step           Time
          34000       68.00000

   Energies (kJ/mol)
           Bond            U-B    Proper Dih.  Improper Dih.      CMAP Dih.
    2.01595e+03    5.07158e+03    5.60846e+03    2.90807e+02   -4.29226e+02
          LJ-14     Coulomb-14        LJ (SR)   Coulomb (SR)   Coul. recip.
    1.79244e+03    3.27635e+04    8.01378e+04   -6.27551e+05    1.83467e+03
 Position Rest.      Potential    Kinetic En.   Total Energy  Conserved En.
    5.79504e+02   -4.97886e+05    9.56305e+04   -4.02255e+05   -4.01361e+05
    Temperature Pressure (bar)   Constr. rmsd
    2.99926e+02   -1.05618e+02    2.79810e-06

           Step           Time
          34500       69.00000

   Energies (kJ/mol)
           Bond            U-B    Proper Dih.  Improper Dih.      CMAP Dih.
    1.75003e+03    5.20851e+03    5.70476e+03    3.31149e+02   -4.01802e+02
          LJ-14     Coulomb-14        LJ (SR)   Coulomb (SR)   Coul. recip.
    1.86733e+03    3.27734e+04    8.13077e+04   -6.28453e+05    1.69730e+03
 Position Rest.      Potential    Kinetic En.   Total Energy  Conserved En.
    5.82444e+02   -4.97633e+05    9.58800e+04   -4.01752e+05   -4.01359e+05
    Temperature Pressure (bar)   Constr. rmsd
    3.00708e+02    1.49641e+02    2.60288e-06

           Step           Time
          35000       70.00000

   Energies (kJ/mol)
           Bond            U-B    Proper Dih.  Improper Dih.      CMAP Dih.
    1.93038e+03    5.28348e+03    5.69432e+03    3.24944e+02   -3.82686e+02
          LJ-14     Coulomb-14        LJ (SR)   Coulomb (SR)   Coul. recip.
    1.73149e+03    3.26805e+04    8.04504e+04   -6.26870e+05    1.86021e+03
 Position Rest.      Potential    Kinetic En.   Total Energy  Conserved En.
    6.00568e+02   -4.96696e+05    9.61214e+04   -4.00574e+05   -4.01373e+05
    Temperature Pressure (bar)   Constr. rmsd
    3.01465e+02   -2.58583e+01    3.03847e-06

           Step           Time
          35500       71.00000

   Energies (kJ/mol)
           Bond            U-B    Proper Dih.  Improper Dih.      CMAP Dih.
    1.93522e+03    5.04067e+03    5.76679e+03    3.08804e+02   -3.84750e+02
          LJ-14     Coulomb-14        LJ (SR)   Coulomb (SR)   Coul. recip.
    1.75388e+03    3.27177e+04    8.12649e+04   -6.28074e+05    1.77315e+03
 Position Rest.      Potential    Kinetic En.   Total Energy  Conserved En.
    5.34559e+02   -4.97363e+05    9.51585e+04   -4.02204e+05   -4.01348e+05
    Temperature Pressure (bar)   Constr. rmsd
    2.98445e+02    2.08628e+01    3.07810e-06

DD  step 35999  vol min/aver 0.807  load imb.: force  1.9%  pme mesh/force 0.687

           Step           Time
          36000       72.00000

   Energies (kJ/mol)
           Bond            U-B    Proper Dih.  Improper Dih.      CMAP Dih.
    1.87125e+03    5.17295e+03    5.69105e+03    2.82573e+02   -3.76915e+02
          LJ-14     Coulomb-14        LJ (SR)   Coulomb (SR)   Coul. recip.
    1.74657e+03    3.26468e+04    8.05769e+04   -6.27799e+05    1.77004e+03
 Position Rest.      Potential    Kinetic En.   Total Energy  Conserved En.
    5.55730e+02   -4.97862e+05    9.55374e+04   -4.02324e+05   -4.01337e+05
    Temperature Pressure (bar)   Constr. rmsd
    2.99634e+02   -3.77090e+01    2.59722e-06

           Step           Time
          36500       73.00000

   Energies (kJ/mol)
           Bond            U-B    Proper Dih.  Improper Dih.      CMAP Dih.
    1.82912e+03    5.08376e+03    5.62352e+03    3.01406e+02   -3.54010e+02
          LJ-14     Coulomb-14        LJ (SR)   Coulomb (SR)   Coul. recip.
    1.75290e+03    3.27960e+04    8.13856e+04   -6.29636e+05    1.79248e+03
 Position Rest.      Potential    Kinetic En.   Total Energy  Conserved En.
    5.79143e+02   -4.98846e+05    9.51434e+04   -4.03703e+05   -4.01340e+05
    Temperature Pressure (bar)   Constr. rmsd
    2.98398e+02   -1.28568e+00    2.79459e-06

           Step           Time
          37000       74.00000

   Energies (kJ/mol)
           Bond            U-B    Proper Dih.  Improper Dih.      CMAP Dih.
    1.91134e+03    5.32451e+03    5.73239e+03    2.87293e+02   -3.81082e+02
          LJ-14     Coulomb-14        LJ (SR)   Coulomb (SR)   Coul. recip.
    1.81406e+03    3.27678e+04    7.98198e+04   -6.25919e+05    1.89666e+03
 Position Rest.      Potential    Kinetic En.   Total Energy  Conserved En.
    5.60612e+02   -4.96185e+05    9.63846e+04   -3.99801e+05   -4.01339e+05
    Temperature Pressure (bar)   Constr. rmsd
    3.02291e+02    3.47103e+00    2.76943e-06

           Step           Time
          37500       75.00000

   Energies (kJ/mol)
           Bond            U-B    Proper Dih.  Improper Dih.      CMAP Dih.
    1.84374e+03    5.29458e+03    5.64799e+03    2.96480e+02   -3.72934e+02
          LJ-14     Coulomb-14        LJ (SR)   Coulomb (SR)   Coul. recip.
    1.78070e+03    3.28413e+04    8.01338e+04   -6.26952e+05    1.76975e+03
 Position Rest.      Potential    Kinetic En.   Total Energy  Conserved En.
    5.62252e+02   -4.97154e+05    9.64779e+04   -4.00677e+05   -4.01354e+05
    Temperature Pressure (bar)   Constr. rmsd
    3.02584e+02   -3.29011e+01    3.04376e-06

DD  step 37999  vol min/aver 0.806  load imb.: force  2.5%  pme mesh/force 0.684

           Step           Time
          38000       76.00000

   Energies (kJ/mol)
           Bond            U-B    Proper Dih.  Improper Dih.      CMAP Dih.
    1.90582e+03    5.30245e+03    5.64779e+03    2.94144e+02   -4.12333e+02
          LJ-14     Coulomb-14        LJ (SR)   Coulomb (SR)   Coul. recip.
    1.70169e+03    3.26243e+04    8.04457e+04   -6.28307e+05    1.80474e+03
 Position Rest.      Potential    Kinetic En.   Total Energy  Conserved En.
    5.75484e+02   -4.98417e+05    9.59013e+04   -4.02516e+05   -4.01322e+05
    Temperature Pressure (bar)   Constr. rmsd
    3.00775e+02   -1.50430e+02    2.73730e-06

           Step           Time
          38500       77.00000

   Energies (kJ/mol)
           Bond            U-B    Proper Dih.  Improper Dih.      CMAP Dih.
    1.93655e+03    5.01346e+03    5.72312e+03    3.31194e+02   -4.24699e+02
          LJ-14     Coulomb-14        LJ (SR)   Coulomb (SR)   Coul. recip.
    1.77446e+03    3.26253e+04    8.04926e+04   -6.28098e+05    1.85331e+03
 Position Rest.      Potential    Kinetic En.   Total Energy  Conserved En.
    5.97789e+02   -4.98175e+05    9.49361e+04   -4.03239e+05   -4.01318e+05
    Temperature Pressure (bar)   Constr. rmsd
    2.97748e+02   -6.95612e+01    2.75757e-06

           Step           Time
          39000       78.00000

   Energies (kJ/mol)
           Bond            U-B    Proper Dih.  Improper Dih.      CMAP Dih.
    1.85777e+03    5.02060e+03    5.65637e+03    3.42891e+02   -3.57129e+02
          LJ-14     Coulomb-14        LJ (SR)   Coulomb (SR)   Coul. recip.
    1.80801e+03    3.30554e+04    8.04991e+04   -6.27727e+05    1.86568e+03
 Position Rest.      Potential    Kinetic En.   Total Energy  Conserved En.
    5.49664e+02   -4.97429e+05    9.53412e+04   -4.02087e+05   -4.01316e+05
    Temperature Pressure (bar)   Constr. rmsd
    2.99018e+02   -1.30231e+02    2.75326e-06

           Step           Time
          39500       79.00000

   Energies (kJ/mol)
           Bond            U-B    Proper Dih.  Improper Dih.      CMAP Dih.
    1.96443e+03    5.30577e+03    5.72689e+03    3.08438e+02   -3.51362e+02
          LJ-14     Coulomb-14        LJ (SR)   Coulomb (SR)   Coul. recip.
    1.74968e+03    3.27802e+04    8.13098e+04   -6.28791e+05    1.81457e+03
 Position Rest.      Potential    Kinetic En.   Total Energy  Conserved En.
    5.81038e+02   -4.97602e+05    9.54795e+04   -4.02122e+05   -4.01300e+05
    Temperature Pressure (bar)   Constr. rmsd
    2.99452e+02    4.30647e+01    2.86311e-06

DD  step 39999  vol min/aver 0.794  load imb.: force  4.4%  pme mesh/force 0.669

           Step           Time
          40000       80.00000

   Energies (kJ/mol)
           Bond            U-B    Proper Dih.  Improper Dih.      CMAP Dih.
    2.05623e+03    5.11110e+03    5.63700e+03    2.85318e+02   -3.76325e+02
          LJ-14     Coulomb-14        LJ (SR)   Coulomb (SR)   Coul. recip.
    1.78545e+03    3.26768e+04    8.11129e+04   -6.29267e+05    1.76152e+03
 Position Rest.      Potential    Kinetic En.   Total Energy  Conserved En.
    5.86538e+02   -4.98631e+05    9.55350e+04   -4.03096e+05   -4.01294e+05
    Temperature Pressure (bar)   Constr. rmsd
    2.99626e+02   -1.59698e+01    2.78115e-06

           Step           Time
          40500       81.00000

   Energies (kJ/mol)
           Bond            U-B    Proper Dih.  Improper Dih.      CMAP Dih.
    1.81905e+03    5.06228e+03    5.63081e+03    3.07446e+02   -3.71493e+02
          LJ-14     Coulomb-14        LJ (SR)   Coulomb (SR)   Coul. recip.
    1.80726e+03    3.28748e+04    8.14265e+04   -6.28957e+05    1.87457e+03
 Position Rest.      Potential    Kinetic En.   Total Energy  Conserved En.
    5.63267e+02   -4.97962e+05    9.56266e+04   -4.02336e+05   -4.01335e+05
    Temperature Pressure (bar)   Constr. rmsd
    2.99914e+02    1.37452e+02    3.10196e-06

           Step           Time
          41000       82.00000

   Energies (kJ/mol)
           Bond            U-B    Proper Dih.  Improper Dih.      CMAP Dih.
    1.89162e+03    5.11805e+03    5.65576e+03    3.02050e+02   -3.77872e+02
          LJ-14     Coulomb-14        LJ (SR)   Coulomb (SR)   Coul. recip.
    1.76053e+03    3.29722e+04    8.01272e+04   -6.26650e+05    1.81977e+03
 Position Rest.      Potential    Kinetic En.   Total Energy  Conserved En.
    5.75414e+02   -4.96806e+05    9.54909e+04   -4.01315e+05   -4.01309e+05
    Temperature Pressure (bar)   Constr. rmsd
    2.99488e+02   -3.04700e+01    2.72873e-06

           Step           Time
          41500       83.00000

   Energies (kJ/mol)
           Bond            U-B    Proper Dih.  Improper Dih.      CMAP Dih.
    1.88087e+03    5.17539e+03    5.59891e+03    2.90283e+02   -3.38649e+02
          LJ-14     Coulomb-14        LJ (SR)   Coulomb (SR)   Coul. recip.
    1.74220e+03    3.28369e+04    8.07963e+04   -6.27371e+05    1.78320e+03
 Position Rest.      Potential    Kinetic En.   Total Energy  Conserved En.
    5.49745e+02   -4.97056e+05    9.63132e+04   -4.00743e+05   -4.01329e+05
    Temperature Pressure (bar)   Constr. rmsd
    3.02067e+02    1.51432e+02    2.66107e-06

DD  step 41999  vol min/aver 0.783  load imb.: force  1.4%  pme mesh/force 0.690

           Step           Time
          42000       84.00000

   Energies (kJ/mol)
           Bond            U-B    Proper Dih.  Improper Dih.      CMAP Dih.
    1.97921e+03    5.09284e+03    5.63267e+03    3.24092e+02   -3.62483e+02
          LJ-14     Coulomb-14        LJ (SR)   Coulomb (SR)   Coul. recip.
    1.73241e+03    3.28261e+04    8.09668e+04   -6.29576e+05    1.78375e+03
 Position Rest.      Potential    Kinetic En.   Total Energy  Conserved En.
    5.45313e+02   -4.99056e+05    9.58213e+04   -4.03234e+05   -4.01300e+05
    Temperature Pressure (bar)   Constr. rmsd
    3.00524e+02   -2.58476e+01    2.70285e-06

           Step           Time
          42500       85.00000

   Energies (kJ/mol)
           Bond            U-B    Proper Dih.  Improper Dih.      CMAP Dih.
    1.91831e+03    5.35967e+03    5.75954e+03    2.92602e+02   -4.21054e+02
          LJ-14     Coulomb-14        LJ (SR)   Coulomb (SR)   Coul. recip.
    1.79819e+03    3.27584e+04    8.04856e+04   -6.27705e+05    1.79021e+03
 Position Rest.      Potential    Kinetic En.   Total Energy  Conserved En.
    5.89130e+02   -4.97375e+05    9.61059e+04   -4.01269e+05   -4.01290e+05
    Temperature Pressure (bar)   Constr. rmsd
    3.01417e+02    1.25831e+02    2.96002e-06

           Step           Time
          43000       86.00000

   Energies (kJ/mol)
           Bond            U-B    Proper Dih.  Improper Dih.      CMAP Dih.
    1.88239e+03    5.26352e+03    5.65241e+03    3.10643e+02   -3.80259e+02
          LJ-14     Coulomb-14        LJ (SR)   Coulomb (SR)   Coul. recip.
    1.72091e+03    3.28294e+04    7.97846e+04   -6.27274e+05    1.83241e+03
 Position Rest.      Potential    Kinetic En.   Total Energy  Conserved En.
    5.25603e+02   -4.97853e+05    9.59660e+04   -4.01887e+05   -4.01294e+05
    Temperature Pressure (bar)   Constr. rmsd
    3.00978e+02   -4.12790e+01    2.79411e-06

           Step           Time
          43500       87.00000

   Energies (kJ/mol)
           Bond            U-B    Proper Dih.  Improper Dih.      CMAP Dih.
    1.92232e+03    5.05023e+03    5.62534e+03    2.58900e+02   -3.78287e+02
          LJ-14     Coulomb-14        LJ (SR)   Coulomb (SR)   Coul. recip.
    1.76454e+03    3.26597e+04    7.99510e+04   -6.27548e+05    1.84153e+03
 Position Rest.      Potential    Kinetic En.   Total Energy  Conserved En.
    5.36887e+02   -4.98316e+05    9.53823e+04   -4.02934e+05   -4.01298e+05
    Temperature Pressure (bar)   Constr. rmsd
    2.99147e+02   -1.35212e+02    2.88671e-06

DD  step 43999  vol min/aver 0.808  load imb.: force  2.0%  pme mesh/force 0.687

           Step           Time
          44000       88.00000

   Energies (kJ/mol)
           Bond            U-B    Proper Dih.  Improper Dih.      CMAP Dih.
    1.91703e+03    5.14202e+03    5.55872e+03    3.00686e+02   -3.53164e+02
          LJ-14     Coulomb-14        LJ (SR)   Coulomb (SR)   Coul. recip.
    1.75225e+03    3.27882e+04    8.01535e+04   -6.27620e+05    1.76130e+03
 Position Rest.      Potential    Kinetic En.   Total Energy  Conserved En.
    5.07831e+02   -4.98091e+05    9.65102e+04   -4.01581e+05   -4.01267e+05
    Temperature Pressure (bar)   Constr. rmsd
    3.02685e+02   -2.23103e+02    2.95241e-06

           Step           Time
          44500       89.00000

   Energies (kJ/mol)
           Bond            U-B    Proper Dih.  Improper Dih.      CMAP Dih.
    1.86738e+03    5.20007e+03    5.67215e+03    3.20680e+02   -3.92035e+02
          LJ-14     Coulomb-14        LJ (SR)   Coulomb (SR)   Coul. recip.
    1.78773e+03    3.27117e+04    8.08824e+04   -6.29061e+05    1.81661e+03
 Position Rest.      Potential    Kinetic En.   Total Energy  Conserved En.
    5.28883e+02   -4.98665e+05    9.56386e+04   -4.03027e+05   -4.01277e+05
    Temperature Pressure (bar)   Constr. rmsd
    2.99951e+02    4.17528e+01    3.14298e-06

           Step           Time
          45000       90.00000

   Energies (kJ/mol)
           Bond            U-B    Proper Dih.  Improper Dih.      CMAP Dih.
    1.94657e+03    5.25521e+03    5.66499e+03    3.16884e+02   -3.69733e+02
          LJ-14     Coulomb-14        LJ (SR)   Coulomb (SR)   Coul. recip.
    1.75533e+03    3.25937e+04    7.94285e+04   -6.26487e+05    1.77993e+03
 Position Rest.      Potential    Kinetic En.   Total Energy  Conserved En.
    5.95260e+02   -4.97520e+05    9.60644e+04   -4.01456e+05   -4.01264e+05
    Temperature Pressure (bar)   Constr. rmsd
    3.01287e+02    2.84272e+00    3.06575e-06

           Step           Time
          45500       91.00000

   Energies (kJ/mol)
           Bond            U-B    Proper Dih.  Improper Dih.      CMAP Dih.
    1.90885e+03    5.13916e+03    5.66145e+03    2.72785e+02   -3.59253e+02
          LJ-14     Coulomb-14        LJ (SR)   Coulomb (SR)   Coul. recip.
    1.73886e+03    3.27356e+04    8.00161e+04   -6.26748e+05    1.74703e+03
 Position Rest.      Potential    Kinetic En.   Total Energy  Conserved En.
    6.07922e+02   -4.97280e+05    9.64870e+04   -4.00793e+05   -4.01293e+05
    Temperature Pressure (bar)   Constr. rmsd
    3.02612e+02   -2.03420e+01    3.01674e-06

DD  step 45999  vol min/aver 0.799  load imb.: force  2.1%  pme mesh/force 0.686

           Step           Time
          46000       92.00000

   Energies (kJ/mol)
           Bond            U-B    Proper Dih.  Improper Dih.      CMAP Dih.
    1.82875e+03    5.19211e+03    5.64295e+03    2.89974e+02   -3.82468e+02
          LJ-14     Coulomb-14        LJ (SR)   Coulomb (SR)   Coul. recip.
    1.77638e+03    3.27572e+04    8.14577e+04   -6.29701e+05    1.79573e+03
 Position Rest.      Potential    Kinetic En.   Total Energy  Conserved En.
    5.78940e+02   -4.98764e+05    9.56256e+04   -4.03138e+05   -4.01275e+05
    Temperature Pressure (bar)   Constr. rmsd
    2.99911e+02    7.10129e+01    3.12193e-06

           Step           Time
          46500       93.00000

   Energies (kJ/mol)
           Bond            U-B    Proper Dih.  Improper Dih.      CMAP Dih.
    1.88209e+03    5.25108e+03    5.76235e+03    3.21256e+02   -3.60731e+02
          LJ-14     Coulomb-14        LJ (SR)   Coulomb (SR)   Coul. recip.
    1.76574e+03    3.26767e+04    8.07816e+04   -6.27687e+05    1.90806e+03
 Position Rest.      Potential    Kinetic En.   Total Energy  Conserved En.
    5.19267e+02   -4.97180e+05    9.54865e+04   -4.01693e+05   -4.01251e+05
    Temperature Pressure (bar)   Constr. rmsd
    2.99474e+02    7.12884e+01    2.71708e-06

           Step           Time
          47000       94.00000

   Energies (kJ/mol)
           Bond            U-B    Proper Dih.  Improper Dih.      CMAP Dih.
    1.82868e+03    5.03582e+03    5.64817e+03    2.87728e+02   -3.64016e+02
          LJ-14     Coulomb-14        LJ (SR)   Coulomb (SR)   Coul. recip.
    1.79798e+03    3.28500e+04    8.10872e+04   -6.28126e+05    1.72558e+03
 Position Rest.      Potential    Kinetic En.   Total Energy  Conserved En.
    5.51258e+02   -4.97678e+05    9.53642e+04   -4.02313e+05   -4.01262e+05
    Temperature Pressure (bar)   Constr. rmsd
    2.99091e+02    1.92010e+02    2.62346e-06

           Step           Time
          47500       95.00000

   Energies (kJ/mol)
           Bond            U-B    Proper Dih.  Improper Dih.      CMAP Dih.
    1.86866e+03    5.21019e+03    5.71465e+03    3.01238e+02   -3.53884e+02
          LJ-14     Coulomb-14        LJ (SR)   Coulomb (SR)   Coul. recip.
    1.78818e+03    3.28050e+04    8.00344e+04   -6.27712e+05    1.80806e+03
 Position Rest.      Potential    Kinetic En.   Total Energy  Conserved En.
    5.75644e+02   -4.97959e+05    9.55235e+04   -4.02436e+05   -4.01244e+05
    Temperature Pressure (bar)   Constr. rmsd
    2.99590e+02   -1.35723e+02    2.63761e-06

DD  step 47999  vol min/aver 0.799  load imb.: force  2.9%  pme mesh/force 0.683

           Step           Time
          48000       96.00000

   Energies (kJ/mol)
           Bond            U-B    Proper Dih.  Improper Dih.      CMAP Dih.
    1.87514e+03    5.18352e+03    5.61693e+03    2.81346e+02   -3.93446e+02
          LJ-14     Coulomb-14        LJ (SR)   Coulomb (SR)   Coul. recip.
    1.70218e+03    3.26091e+04    8.01702e+04   -6.28023e+05    1.88457e+03
 Position Rest.      Potential    Kinetic En.   Total Energy  Conserved En.
    5.61181e+02   -4.98532e+05    9.45938e+04   -4.03938e+05   -4.01230e+05
    Temperature Pressure (bar)   Constr. rmsd
    2.96675e+02   -2.20984e+02    2.81909e-06

           Step           Time
          48500       97.00000

   Energies (kJ/mol)
           Bond            U-B    Proper Dih.  Improper Dih.      CMAP Dih.
    1.89918e+03    5.19918e+03    5.68778e+03    3.10996e+02   -3.25203e+02
          LJ-14     Coulomb-14        LJ (SR)   Coulomb (SR)   Coul. recip.
    1.75245e+03    3.24597e+04    8.07549e+04   -6.27767e+05    1.69008e+03
 Position Rest.      Potential    Kinetic En.   Total Energy  Conserved En.
    5.97652e+02   -4.97741e+05    9.57707e+04   -4.01970e+05   -4.01239e+05
    Temperature Pressure (bar)   Constr. rmsd
    3.00366e+02    1.22218e+01    2.82687e-06

           Step           Time
          49000       98.00000

   Energies (kJ/mol)
           Bond            U-B    Proper Dih.  Improper Dih.      CMAP Dih.
    1.93423e+03    5.12456e+03    5.65412e+03    3.13933e+02   -3.90948e+02
          LJ-14     Coulomb-14        LJ (SR)   Coulomb (SR)   Coul. recip.
    1.72372e+03    3.29201e+04    8.00385e+04   -6.27778e+05    1.79925e+03
 Position Rest.      Potential    Kinetic En.   Total Energy  Conserved En.
    5.11541e+02   -4.98149e+05    9.61359e+04   -4.02013e+05   -4.01250e+05
    Temperature Pressure (bar)   Constr. rmsd
    3.01511e+02   -3.35556e+01    3.06608e-06

           Step           Time
          49500       99.00000

   Energies (kJ/mol)
           Bond            U-B    Proper Dih.  Improper Dih.      CMAP Dih.
    1.88516e+03    5.06399e+03    5.71724e+03    3.00378e+02   -3.25025e+02
          LJ-14     Coulomb-14        LJ (SR)   Coulomb (SR)   Coul. recip.
    1.82024e+03    3.27613e+04    8.08993e+04   -6.28707e+05    1.75791e+03
 Position Rest.      Potential    Kinetic En.   Total Energy  Conserved En.
    5.70039e+02   -4.98257e+05    9.63632e+04   -4.01893e+05   -4.01243e+05
    Temperature Pressure (bar)   Constr. rmsd
    3.02224e+02   -4.48465e+01    2.96714e-06

DD  step 49999  vol min/aver 0.776  load imb.: force  2.6%  pme mesh/force 0.682

           Step           Time
          50000      100.00000

Writing checkpoint, step 50000 at Thu Sep 26 14:35:34 2024


   Energies (kJ/mol)
           Bond            U-B    Proper Dih.  Improper Dih.      CMAP Dih.
    2.07251e+03    5.38518e+03    5.63647e+03    2.96352e+02   -3.76656e+02
          LJ-14     Coulomb-14        LJ (SR)   Coulomb (SR)   Coul. recip.
    1.72414e+03    3.25566e+04    8.03502e+04   -6.27963e+05    1.74977e+03
 Position Rest.      Potential    Kinetic En.   Total Energy  Conserved En.
    6.24079e+02   -4.97944e+05    9.66273e+04   -4.01317e+05   -4.01222e+05
    Temperature Pressure (bar)   Constr. rmsd
    3.03052e+02   -1.28521e+02    2.66679e-06

	<======  ###############  ==>
	<====  A V E R A G E S  ====>
	<==  ###############  ======>

	Statistics over 50001 steps using 501 frames

   Energies (kJ/mol)
           Bond            U-B    Proper Dih.  Improper Dih.      CMAP Dih.
    1.88503e+03    5.18804e+03    5.66324e+03    3.01637e+02   -3.71243e+02
          LJ-14     Coulomb-14        LJ (SR)   Coulomb (SR)   Coul. recip.
    1.77269e+03    3.27231e+04    8.05162e+04   -6.27945e+05    1.80167e+03
 Position Rest.      Potential    Kinetic En.   Total Energy  Conserved En.
    5.75651e+02   -4.97889e+05    9.56998e+04   -4.02189e+05   -4.01429e+05
    Temperature Pressure (bar)   Constr. rmsd
    3.00143e+02   -1.85690e+00    0.00000e+00

          Box-X          Box-Y          Box-Z
    7.27258e+00    7.27258e+00    7.27258e+00

   Total Virial (kJ/mol)
    3.20703e+04    5.08313e+01    1.05817e+02
    5.05673e+01    3.18986e+04    1.01040e+02
    1.04844e+02    1.00958e+02    3.17960e+04

   Pressure (bar)
   -1.47421e+01   -5.33437e+00   -8.05111e+00
   -5.31183e+00   -2.95620e+00   -5.28532e+00
   -7.96723e+00   -5.27819e+00    1.21276e+01

 T-Protein_UNK1T-Water_and_ions
    3.00578e+02    3.00107e+02


	M E G A - F L O P S   A C C O U N T I N G

 NB=Group-cutoff nonbonded kernels    NxN=N-by-N cluster Verlet kernels
 RF=Reaction-Field  VdW=Van der Waals  QSTab=quadratic-spline table
 W3=SPC/TIP3p  W4=TIP4p (single or pairs)
 V&F=Potential and force  V=Potential only  F=Force only

 Computing:                               M-Number         M-Flops  % Flops
-----------------------------------------------------------------------------
 Pair Search distance check           13247.382572      119226.443     0.1
 NxN Ewald Elec. + LJ [F]            919607.008400    71729346.655    57.6
 NxN Ewald Elec. + LJ [V&F]            9307.565824     1200675.991     1.0
 NxN LJ [F]                              37.189952        1673.548     0.0
 NxN LJ [V&F]                             0.367808          23.908     0.0
 NxN Ewald Elec. [F]                 784234.282096    47838291.208    38.4
 NxN Ewald Elec. [V&F]                 7937.464416      666747.011     0.5
 1,4 nonbonded interactions             307.256145       27653.053     0.0
 Calc Weights                          5664.863295      203935.079     0.2
 Spread Q Bspline                    120850.416960      241700.834     0.2
 Gather F Bspline                    120850.416960      725102.502     0.6
 3D-FFT                              185299.305912     1482394.447     1.2
 Solve PME                              115.202304        7372.947     0.0
 Reset In Box                            23.603125          70.809     0.0
 CG-CoM                                  23.640890          70.923     0.0
 Bonds                                   59.601192        3516.470     0.0
 Propers                                299.755995       68644.123     0.1
 Impropers                               18.150363        3775.276     0.0
 Pos. Restr.                             58.201164        2910.058     0.0
 Virial                                  97.151345        1748.724     0.0
 Stop-CM                                 18.920265         189.203     0.0
 P-Coupling                              94.450265         566.702     0.0
 Calc-Ekin                              188.900530        5100.314     0.0
 Lincs                                   66.991826        4019.510     0.0
 Lincs-Mat                              379.848960        1519.396     0.0
 Constraint-V                          2100.108169       16800.865     0.0
 Constraint-Vir                         101.694371        2440.665     0.0
 Settle                                 655.374839      211686.073     0.2
 CMAP                                     7.400148       12580.252     0.0
 Urey-Bradley                           214.354287       39226.835     0.0
-----------------------------------------------------------------------------
 Total                                               124619009.822   100.0
-----------------------------------------------------------------------------


    D O M A I N   D E C O M P O S I T I O N   S T A T I S T I C S

 av. #atoms communicated per step for force:  2 x 91554.3
 av. #atoms communicated per step for LINCS:  2 x 4276.2


 Dynamic load balancing report:
 DLB was turned on during the run due to measured imbalance.
 Average load imbalance: 2.5%.
 The balanceable part of the MD step is 91%, load imbalance is computed from this.
 Part of the total run time spent waiting due to load imbalance: 2.3%.
 Steps where the load balancing was limited by -rdd, -rcon and/or -dds: X 0 % Y 0 % Z 0 %
 Average PME mesh/force load: 0.679
 Part of the total run time spent waiting due to PP/PME imbalance: 4.3 %


     R E A L   C Y C L E   A N D   T I M E   A C C O U N T I N G

On 24 MPI ranks doing PP, and
on 4 MPI ranks doing PME

 Computing:          Num   Num      Call    Wall time         Giga-Cycles
                     Ranks Threads  Count      (s)         total sum    %
-----------------------------------------------------------------------------
 Domain decomp.        24    1        625       0.834         47.976   0.5
 DD comm. load         24    1        624       0.003          0.152   0.0
 DD comm. bounds       24    1        623       0.022          1.242   0.0
 Send X to PME         24    1      50001       0.514         29.552   0.3
 Neighbor search       24    1        626       2.073        119.291   1.2
 Comm. coord.          24    1      49375       2.125        122.273   1.2
 Force                 24    1      50001     136.309       7842.296  76.4
 Wait + Comm. F        24    1      50001       5.914        340.246   3.3
 PME mesh *             4    1      50001      97.359        933.556   9.1
 PME wait for PP *                             55.480        531.987   5.2
 Wait + Recv. PME F    24    1      50001       0.353         20.336   0.2
 NB X/F buffer ops.    24    1     148751       1.299         74.763   0.7
 Write traj.           24    1        101       0.036          2.052   0.0
 Update                24    1      50001       0.297         17.091   0.2
 Constraints           24    1      50001       2.625        150.996   1.5
 Comm. energies        24    1       2501       0.161          9.251   0.1
 Rest                                           0.274         15.783   0.2
-----------------------------------------------------------------------------
 Total                                        152.839      10258.851 100.0
-----------------------------------------------------------------------------
(*) Note that with separate PME ranks, the walltime column actually sums to
    twice the total reported, but the cycle count total and % are correct.
-----------------------------------------------------------------------------
 Breakdown of PME mesh computation
-----------------------------------------------------------------------------
 PME redist. X/F        4    1     100002       5.862         56.213   0.5
 PME spread             4    1      50001      27.508        263.769   2.6
 PME gather             4    1      50001      21.102        202.344   2.0
 PME 3D-FFT             4    1     100002      38.745        371.524   3.6
 PME 3D-FFT Comm.       4    1     100002       1.839         17.633   0.2
 PME solve Elec         4    1      50001       2.245         21.526   0.2
-----------------------------------------------------------------------------

               Core t (s)   Wall t (s)        (%)
       Time:     4279.495      152.839     2800.0
                 (ns/day)    (hour/ns)
Performance:       56.531        0.425
Finished mdrun on rank 0 Thu Sep 26 14:35:34 2024
