Log file opened on Thu Sep 26 14:30:05 2024
Host: login.local  pid: 14091  rank ID: 0  number of ranks:  1
                       :-) GROMACS - gmx mdrun, 2018 (-:

                            GROMACS is written by:
     Emile Apol      Rossen Apostolov  Herman J.C. Berendsen    Par Bjelkmar   
 Aldert van Buuren   Rudi van Drunen     Anton Feenstra    Gerrit Groenhof  
 Christoph Junghans   Anca Hamuraru    Vincent Hindriksen Dimitrios Karkoulis
    Peter Kasson        Jiri Kraus      Carsten Kutzner      Per Larsson    
  Justin A. Lemkul    Viveca Lindahl    Magnus Lundborg   Pieter Meulenhoff 
   Erik Marklund      Teemu Murtola       Szilard Pall       Sander Pronk   
   Roland Schulz     Alexey Shvetsov     Michael Shirts     Alfons Sijbers  
   Peter Tieleman    Teemu Virolainen  Christian Wennberg    Maarten Wolf   
                           and the project leaders:
        Mark Abraham, Berk Hess, Erik Lindahl, and David van der Spoel

Copyright (c) 1991-2000, University of Groningen, The Netherlands.
Copyright (c) 2001-2017, The GROMACS development team at
Uppsala University, Stockholm University and
the Royal Institute of Technology, Sweden.
check out http://www.gromacs.org for more information.

GROMACS is free software; you can redistribute it and/or modify it
under the terms of the GNU Lesser General Public License
as published by the Free Software Foundation; either version 2.1
of the License, or (at your option) any later version.

GROMACS:      gmx mdrun, version 2018
Executable:   /opt/apps/gromacs-2018/bin/gmx
Data prefix:  /opt/apps/gromacs-2018
Working dir:  /home/bismark01/Hanson/2fom/344
Command line:
  gmx mdrun -v -deffnm nvt

GROMACS version:    2018
Precision:          single
Memory model:       64 bit
MPI library:        thread_mpi
OpenMP support:     enabled (GMX_OPENMP_MAX_THREADS = 64)
GPU support:        disabled
SIMD instructions:  AVX2_256
FFT library:        fftpack (built-in)
RDTSCP usage:       enabled
TNG support:        enabled
Hwloc support:      disabled
Tracing support:    disabled
Built on:           2018-10-17 09:11:04
Built by:           vappiah@login.local [CMAKE]
Build OS/arch:      Linux 3.10.0-693.el7.x86_64 x86_64
Build CPU vendor:   Intel
Build CPU brand:    Intel(R) Xeon(R) CPU E5-2680 v4 @ 2.40GHz
Build CPU family:   6   Model: 79   Stepping: 1
Build CPU features: aes apic avx avx2 clfsh cmov cx8 cx16 f16c fma hle htt intel lahf mmx msr nonstop_tsc pcid pclmuldq pdcm pdpe1gb popcnt pse rdrnd rdtscp rtm sse2 sse3 sse4.1 sse4.2 ssse3 tdt x2apic
C compiler:         /usr/bin/cc GNU 4.8.5
C compiler flags:    -march=core-avx2     -O3 -DNDEBUG -funroll-all-loops -fexcess-precision=fast  
C++ compiler:       /usr/bin/c++ GNU 4.8.5
C++ compiler flags:  -march=core-avx2    -std=c++11   -O3 -DNDEBUG -funroll-all-loops -fexcess-precision=fast  


Running on 1 node with total 28 cores, 28 logical cores
Hardware detected:
  CPU info:
    Vendor: Intel
    Brand:  Intel(R) Xeon(R) CPU E5-2680 v4 @ 2.40GHz
    Family: 6   Model: 79   Stepping: 1
    Features: aes apic avx avx2 clfsh cmov cx8 cx16 f16c fma hle htt intel lahf mmx msr nonstop_tsc pcid pclmuldq pdcm pdpe1gb popcnt pse rdrnd rdtscp rtm sse2 sse3 sse4.1 sse4.2 ssse3 tdt x2apic
  Hardware topology: Basic
    Sockets, cores, and logical processors:
      Socket  0: [   0] [   2] [   4] [   6] [   8] [  10] [  12] [  14] [  16] [  18] [  20] [  22] [  24] [  26]
      Socket  1: [   1] [   3] [   5] [   7] [   9] [  11] [  13] [  15] [  17] [  19] [  21] [  23] [  25] [  27]


++++ PLEASE READ AND CITE THE FOLLOWING REFERENCE ++++
M. J. Abraham, T. Murtola, R. Schulz, S. Páll, J. C. Smith, B. Hess, E.
Lindahl
GROMACS: High performance molecular simulations through multi-level
parallelism from laptops to supercomputers
SoftwareX 1 (2015) pp. 19-25
-------- -------- --- Thank You --- -------- --------


++++ PLEASE READ AND CITE THE FOLLOWING REFERENCE ++++
S. Páll, M. J. Abraham, C. Kutzner, B. Hess, E. Lindahl
Tackling Exascale Software Challenges in Molecular Dynamics Simulations with
GROMACS
In S. Markidis & E. Laure (Eds.), Solving Software Challenges for Exascale 8759 (2015) pp. 3-27
-------- -------- --- Thank You --- -------- --------


++++ PLEASE READ AND CITE THE FOLLOWING REFERENCE ++++
S. Pronk, S. Páll, R. Schulz, P. Larsson, P. Bjelkmar, R. Apostolov, M. R.
Shirts, J. C. Smith, P. M. Kasson, D. van der Spoel, B. Hess, and E. Lindahl
GROMACS 4.5: a high-throughput and highly parallel open source molecular
simulation toolkit
Bioinformatics 29 (2013) pp. 845-54
-------- -------- --- Thank You --- -------- --------


++++ PLEASE READ AND CITE THE FOLLOWING REFERENCE ++++
B. Hess and C. Kutzner and D. van der Spoel and E. Lindahl
GROMACS 4: Algorithms for highly efficient, load-balanced, and scalable
molecular simulation
J. Chem. Theory Comput. 4 (2008) pp. 435-447
-------- -------- --- Thank You --- -------- --------


++++ PLEASE READ AND CITE THE FOLLOWING REFERENCE ++++
D. van der Spoel, E. Lindahl, B. Hess, G. Groenhof, A. E. Mark and H. J. C.
Berendsen
GROMACS: Fast, Flexible and Free
J. Comp. Chem. 26 (2005) pp. 1701-1719
-------- -------- --- Thank You --- -------- --------


++++ PLEASE READ AND CITE THE FOLLOWING REFERENCE ++++
E. Lindahl and B. Hess and D. van der Spoel
GROMACS 3.0: A package for molecular simulation and trajectory analysis
J. Mol. Mod. 7 (2001) pp. 306-317
-------- -------- --- Thank You --- -------- --------


++++ PLEASE READ AND CITE THE FOLLOWING REFERENCE ++++
H. J. C. Berendsen, D. van der Spoel and R. van Drunen
GROMACS: A message-passing parallel molecular dynamics implementation
Comp. Phys. Comm. 91 (1995) pp. 43-56
-------- -------- --- Thank You --- -------- --------

Input Parameters:
   integrator                     = md
   tinit                          = 0
   dt                             = 0.002
   nsteps                         = 50000
   init-step                      = 0
   simulation-part                = 1
   comm-mode                      = Linear
   nstcomm                        = 100
   bd-fric                        = 0
   ld-seed                        = 1102098362
   emtol                          = 10
   emstep                         = 0.01
   niter                          = 20
   fcstep                         = 0
   nstcgsteep                     = 1000
   nbfgscorr                      = 10
   rtpi                           = 0.05
   nstxout                        = 0
   nstvout                        = 0
   nstfout                        = 0
   nstlog                         = 500
   nstcalcenergy                  = 100
   nstenergy                      = 500
   nstxout-compressed             = 500
   compressed-x-precision         = 1000
   cutoff-scheme                  = Verlet
   nstlist                        = 20
   ns-type                        = Grid
   pbc                            = xyz
   periodic-molecules             = false
   verlet-buffer-tolerance        = 0.005
   rlist                          = 1.221
   coulombtype                    = PME
   coulomb-modifier               = Potential-shift
   rcoulomb-switch                = 0
   rcoulomb                       = 1.2
   epsilon-r                      = 1
   epsilon-rf                     = inf
   vdw-type                       = Cut-off
   vdw-modifier                   = Force-switch
   rvdw-switch                    = 1
   rvdw                           = 1.2
   DispCorr                       = No
   table-extension                = 1
   fourierspacing                 = 0.16
   fourier-nx                     = 48
   fourier-ny                     = 48
   fourier-nz                     = 48
   pme-order                      = 4
   ewald-rtol                     = 1e-05
   ewald-rtol-lj                  = 0.001
   lj-pme-comb-rule               = Geometric
   ewald-geometry                 = 0
   epsilon-surface                = 0
   implicit-solvent               = No
   gb-algorithm                   = Still
   nstgbradii                     = 1
   rgbradii                       = 1
   gb-epsilon-solvent             = 80
   gb-saltconc                    = 0
   gb-obc-alpha                   = 1
   gb-obc-beta                    = 0.8
   gb-obc-gamma                   = 4.85
   gb-dielectric-offset           = 0.009
   sa-algorithm                   = Ace-approximation
   sa-surface-tension             = 2.05016
   tcoupl                         = V-rescale
   nsttcouple                     = 20
   nh-chain-length                = 0
   print-nose-hoover-chain-variables = false
   pcoupl                         = No
   pcoupltype                     = Isotropic
   nstpcouple                     = -1
   tau-p                          = 1
   compressibility (3x3):
      compressibility[    0]={ 0.00000e+00,  0.00000e+00,  0.00000e+00}
      compressibility[    1]={ 0.00000e+00,  0.00000e+00,  0.00000e+00}
      compressibility[    2]={ 0.00000e+00,  0.00000e+00,  0.00000e+00}
   ref-p (3x3):
      ref-p[    0]={ 0.00000e+00,  0.00000e+00,  0.00000e+00}
      ref-p[    1]={ 0.00000e+00,  0.00000e+00,  0.00000e+00}
      ref-p[    2]={ 0.00000e+00,  0.00000e+00,  0.00000e+00}
   refcoord-scaling               = No
   posres-com (3):
      posres-com[0]= 0.00000e+00
      posres-com[1]= 0.00000e+00
      posres-com[2]= 0.00000e+00
   posres-comB (3):
      posres-comB[0]= 0.00000e+00
      posres-comB[1]= 0.00000e+00
      posres-comB[2]= 0.00000e+00
   QMMM                           = false
   QMconstraints                  = 0
   QMMMscheme                     = 0
   MMChargeScaleFactor            = 1
qm-opts:
   ngQM                           = 0
   constraint-algorithm           = Lincs
   continuation                   = false
   Shake-SOR                      = false
   shake-tol                      = 0.0001
   lincs-order                    = 4
   lincs-iter                     = 1
   lincs-warnangle                = 30
   nwall                          = 0
   wall-type                      = 9-3
   wall-r-linpot                  = -1
   wall-atomtype[0]               = -1
   wall-atomtype[1]               = -1
   wall-density[0]                = 0
   wall-density[1]                = 0
   wall-ewald-zfac                = 3
   pull                           = false
   awh                            = false
   rotation                       = false
   interactiveMD                  = false
   disre                          = No
   disre-weighting                = Conservative
   disre-mixed                    = false
   dr-fc                          = 1000
   dr-tau                         = 0
   nstdisreout                    = 100
   orire-fc                       = 0
   orire-tau                      = 0
   nstorireout                    = 100
   free-energy                    = no
   cos-acceleration               = 0
   deform (3x3):
      deform[    0]={ 0.00000e+00,  0.00000e+00,  0.00000e+00}
      deform[    1]={ 0.00000e+00,  0.00000e+00,  0.00000e+00}
      deform[    2]={ 0.00000e+00,  0.00000e+00,  0.00000e+00}
   simulated-tempering            = false
   swapcoords                     = no
   userint1                       = 0
   userint2                       = 0
   userint3                       = 0
   userint4                       = 0
   userreal1                      = 0
   userreal2                      = 0
   userreal3                      = 0
   userreal4                      = 0
   applied-forces:
     electric-field:
       x:
         E0                       = 0
         omega                    = 0
         t0                       = 0
         sigma                    = 0
       y:
         E0                       = 0
         omega                    = 0
         t0                       = 0
         sigma                    = 0
       z:
         E0                       = 0
         omega                    = 0
         t0                       = 0
         sigma                    = 0
grpopts:
   nrdf:     5839.77     70857.2
   ref-t:         300         300
   tau-t:         0.1         0.1
annealing:          No          No
annealing-npoints:           0           0
   acc:	           0           0           0
   nfreeze:           N           N           N
   energygrp-flags[  0]: 0

Changing nstlist from 20 to 80, rlist from 1.221 to 1.323


Initializing Domain Decomposition on 28 ranks
Dynamic load balancing: locked
Initial maximum inter charge-group distances:
    two-body bonded interactions: 0.403 nm, LJ-14, atoms 1172 1180
  multi-body bonded interactions: 0.484 nm, CMAP Dih., atoms 1006 1015
Minimum cell size due to bonded interactions: 0.533 nm
Maximum distance for 5 constraints, at 120 deg. angles, all-trans: 0.222 nm
Estimated maximum distance required for P-LINCS: 0.222 nm
Guess for relative PME load: 0.13
Will use 24 particle-particle and 4 PME only ranks
This is a guess, check the performance at the end of the log file
Using 4 separate PME ranks, as guessed by mdrun
Scaling the initial minimum size with 1/0.8 (option -dds) = 1.25
Optimizing the DD grid for 24 cells with a minimum initial size of 0.666 nm
The maximum allowed number of cells is: X 10 Y 10 Z 10
Domain decomposition grid 4 x 3 x 2, separate PME ranks 4
PME domain decomposition: 4 x 1 x 1
Interleaving PP and PME ranks
This rank does only particle-particle work.

Domain decomposition rank 0, coordinates 0 0 0

The initial number of communication pulses is: X 1 Y 1 Z 1
The initial domain decomposition cell size is: X 1.82 nm Y 2.43 nm Z 3.65 nm

The maximum allowed distance for charge groups involved in interactions is:
                 non-bonded interactions           1.323 nm
            two-body bonded interactions  (-rdd)   1.323 nm
          multi-body bonded interactions  (-rdd)   1.323 nm
  atoms separated by up to 5 constraints  (-rcon)  1.823 nm

When dynamic load balancing gets turned on, these settings will change to:
The maximum number of communication pulses is: X 1 Y 1 Z 1
The minimum size for domain decomposition cells is 1.323 nm
The requested allowed shrink of DD cells (option -dds) is: 0.80
The allowed shrink of domain decomposition cells is: X 0.73 Y 0.54 Z 0.36
The maximum allowed distance for charge groups involved in interactions is:
                 non-bonded interactions           1.323 nm
            two-body bonded interactions  (-rdd)   1.323 nm
          multi-body bonded interactions  (-rdd)   1.323 nm
  atoms separated by up to 5 constraints  (-rcon)  1.323 nm

Using 28 MPI threads
Using 1 OpenMP thread per tMPI thread

Pinning threads with an auto-selected logical core stride of 1
System total charge: 0.000
Will do PME sum in reciprocal space for electrostatic interactions.

++++ PLEASE READ AND CITE THE FOLLOWING REFERENCE ++++
U. Essmann, L. Perera, M. L. Berkowitz, T. Darden, H. Lee and L. G. Pedersen 
A smooth particle mesh Ewald method
J. Chem. Phys. 103 (1995) pp. 8577-8592
-------- -------- --- Thank You --- -------- --------

Using a Gaussian width (1/beta) of 0.384195 nm for Ewald
Potential shift: LJ r^-12: -2.648e-01 r^-6: -5.349e-01, Ewald -8.333e-06
Initialized non-bonded Ewald correction tables, spacing: 1.02e-03 size: 1176

Generated table with 1161 data points for 1-4 COUL.
Tabscale = 500 points/nm
Generated table with 1161 data points for 1-4 LJ6.
Tabscale = 500 points/nm
Generated table with 1161 data points for 1-4 LJ12.
Tabscale = 500 points/nm

Using SIMD 4x8 nonbonded short-range kernels

Using a dual 4x8 pair-list setup updated with dynamic pruning:
  outer list: updated every 80 steps, buffer 0.123 nm, rlist 1.323 nm
  inner list: updated every 13 steps, buffer 0.001 nm, rlist 1.201 nm
At tolerance 0.005 kJ/mol/ps per atom, equivalent classical 1x1 list would be:
  outer list: updated every 80 steps, buffer 0.272 nm, rlist 1.472 nm
  inner list: updated every 13 steps, buffer 0.051 nm, rlist 1.251 nm

Removing pbc first time

Initializing Parallel LINear Constraint Solver

++++ PLEASE READ AND CITE THE FOLLOWING REFERENCE ++++
B. Hess
P-LINCS: A Parallel Linear Constraint Solver for molecular simulation
J. Chem. Theory Comput. 4 (2008) pp. 116-122
-------- -------- --- Thank You --- -------- --------

The number of constraints is 1174
There are inter charge-group constraints,
will communicate selected coordinates each lincs iteration

++++ PLEASE READ AND CITE THE FOLLOWING REFERENCE ++++
S. Miyamoto and P. A. Kollman
SETTLE: An Analytical Version of the SHAKE and RATTLE Algorithms for Rigid
Water Models
J. Comp. Chem. 13 (1992) pp. 952-962
-------- -------- --- Thank You --- -------- --------


Linking all bonded interactions to atoms


Intra-simulation communication will occur every 20 steps.
Center of mass motion removal mode is Linear
We have the following groups for center of mass motion removal:
  0:  rest

++++ PLEASE READ AND CITE THE FOLLOWING REFERENCE ++++
G. Bussi, D. Donadio and M. Parrinello
Canonical sampling through velocity rescaling
J. Chem. Phys. 126 (2007) pp. 014101
-------- -------- --- Thank You --- -------- --------

There are: 37765 Atoms
Atom distribution over 24 domains: av 1573 stddev 55 min 1515 max 1650

Constraining the starting coordinates (step 0)

Constraining the coordinates at t0-dt (step 0)
RMS relative constraint deviation after constraining: 0.00e+00
Initial temperature: 299.947 K

Started mdrun on rank 0 Thu Sep 26 14:30:06 2024
           Step           Time
              0        0.00000

   Energies (kJ/mol)
           Bond            U-B    Proper Dih.  Improper Dih.      CMAP Dih.
    5.21897e+02    1.67664e+03    5.27453e+03    8.46884e+01   -3.74741e+02
          LJ-14     Coulomb-14        LJ (SR)   Coulomb (SR)   Coul. recip.
    1.67344e+03    3.29264e+04    8.06231e+04   -6.65844e+05    2.85479e+03
 Position Rest.      Potential    Kinetic En.   Total Energy  Conserved En.
    1.09973e-03   -5.40583e+05    9.59019e+04   -4.44681e+05   -4.44681e+05
    Temperature Pressure (bar)   Constr. rmsd
    3.00777e+02   -2.35450e+03    2.89496e-06

DD  step 79 load imb.: force 22.7%  pme mesh/force 0.646


step 160 Turning on dynamic load balancing, because the performance loss due to load imbalance is 15.3 %.

           Step           Time
            500        1.00000

   Energies (kJ/mol)
           Bond            U-B    Proper Dih.  Improper Dih.      CMAP Dih.
    1.82709e+03    4.99808e+03    5.64524e+03    3.55123e+02   -3.46393e+02
          LJ-14     Coulomb-14        LJ (SR)   Coulomb (SR)   Coul. recip.
    1.75048e+03    3.27325e+04    8.01082e+04   -6.25712e+05    1.89809e+03
 Position Rest.      Potential    Kinetic En.   Total Energy  Conserved En.
    7.46120e+02   -4.95997e+05    9.48259e+04   -4.01171e+05   -4.43904e+05
    Temperature Pressure (bar)   Constr. rmsd
    2.97402e+02   -4.50728e+02    2.57892e-06

           Step           Time
           1000        2.00000

   Energies (kJ/mol)
           Bond            U-B    Proper Dih.  Improper Dih.      CMAP Dih.
    1.75655e+03    4.91139e+03    5.73103e+03    2.90237e+02   -3.63715e+02
          LJ-14     Coulomb-14        LJ (SR)   Coulomb (SR)   Coul. recip.
    1.77735e+03    3.26380e+04    8.03049e+04   -6.26369e+05    1.85539e+03
 Position Rest.      Potential    Kinetic En.   Total Energy  Conserved En.
    7.24768e+02   -4.96743e+05    9.55593e+04   -4.01184e+05   -4.43896e+05
    Temperature Pressure (bar)   Constr. rmsd
    2.99703e+02   -3.48079e+01    3.20613e-06

           Step           Time
           1500        3.00000

   Energies (kJ/mol)
           Bond            U-B    Proper Dih.  Improper Dih.      CMAP Dih.
    1.93542e+03    5.23876e+03    5.69437e+03    2.93639e+02   -3.60086e+02
          LJ-14     Coulomb-14        LJ (SR)   Coulomb (SR)   Coul. recip.
    1.75064e+03    3.28661e+04    8.02533e+04   -6.25241e+05    1.79284e+03
 Position Rest.      Potential    Kinetic En.   Total Energy  Conserved En.
    7.20339e+02   -4.95056e+05    9.65034e+04   -3.98552e+05   -4.43869e+05
    Temperature Pressure (bar)   Constr. rmsd
    3.02663e+02    1.89560e+00    2.54112e-06

DD  step 1999  vol min/aver 0.796  load imb.: force  2.1%  pme mesh/force 0.690

           Step           Time
           2000        4.00000

   Energies (kJ/mol)
           Bond            U-B    Proper Dih.  Improper Dih.      CMAP Dih.
    1.80805e+03    5.12042e+03    5.71835e+03    3.06872e+02   -4.03753e+02
          LJ-14     Coulomb-14        LJ (SR)   Coulomb (SR)   Coul. recip.
    1.75874e+03    3.28180e+04    7.96958e+04   -6.25434e+05    1.81440e+03
 Position Rest.      Potential    Kinetic En.   Total Energy  Conserved En.
    6.83598e+02   -4.96113e+05    9.59306e+04   -4.00183e+05   -4.43872e+05
    Temperature Pressure (bar)   Constr. rmsd
    3.00867e+02   -1.91675e+02    2.81780e-06

           Step           Time
           2500        5.00000

   Energies (kJ/mol)
           Bond            U-B    Proper Dih.  Improper Dih.      CMAP Dih.
    1.91789e+03    5.15454e+03    5.59356e+03    2.84822e+02   -3.26987e+02
          LJ-14     Coulomb-14        LJ (SR)   Coulomb (SR)   Coul. recip.
    1.75746e+03    3.26541e+04    7.90385e+04   -6.25166e+05    1.83393e+03
 Position Rest.      Potential    Kinetic En.   Total Energy  Conserved En.
    6.56225e+02   -4.96602e+05    9.58327e+04   -4.00769e+05   -4.43876e+05
    Temperature Pressure (bar)   Constr. rmsd
    3.00560e+02   -8.10340e+01    2.71659e-06

           Step           Time
           3000        6.00000

   Energies (kJ/mol)
           Bond            U-B    Proper Dih.  Improper Dih.      CMAP Dih.
    1.71083e+03    4.98274e+03    5.60121e+03    2.72665e+02   -3.60558e+02
          LJ-14     Coulomb-14        LJ (SR)   Coulomb (SR)   Coul. recip.
    1.78871e+03    3.29715e+04    8.01902e+04   -6.26733e+05    1.86788e+03
 Position Rest.      Potential    Kinetic En.   Total Energy  Conserved En.
    6.15651e+02   -4.97092e+05    9.48845e+04   -4.02208e+05   -4.43872e+05
    Temperature Pressure (bar)   Constr. rmsd
    2.97586e+02   -1.99632e+02    2.97240e-06

           Step           Time
           3500        7.00000

   Energies (kJ/mol)
           Bond            U-B    Proper Dih.  Improper Dih.      CMAP Dih.
    1.83759e+03    5.32080e+03    5.66665e+03    3.40645e+02   -3.85314e+02
          LJ-14     Coulomb-14        LJ (SR)   Coulomb (SR)   Coul. recip.
    1.81642e+03    3.26268e+04    7.94968e+04   -6.25424e+05    1.83230e+03
 Position Rest.      Potential    Kinetic En.   Total Energy  Conserved En.
    5.95740e+02   -4.96276e+05    9.62676e+04   -4.00008e+05   -4.43850e+05
    Temperature Pressure (bar)   Constr. rmsd
    3.01924e+02   -2.20599e+02    3.12397e-06

DD  step 3999  vol min/aver 0.815  load imb.: force  1.6%  pme mesh/force 0.692

           Step           Time
           4000        8.00000

   Energies (kJ/mol)
           Bond            U-B    Proper Dih.  Improper Dih.      CMAP Dih.
    1.85305e+03    5.23771e+03    5.68916e+03    2.76366e+02   -3.85405e+02
          LJ-14     Coulomb-14        LJ (SR)   Coulomb (SR)   Coul. recip.
    1.81033e+03    3.28278e+04    7.96188e+04   -6.25822e+05    1.82615e+03
 Position Rest.      Potential    Kinetic En.   Total Energy  Conserved En.
    6.10103e+02   -4.96458e+05    9.54585e+04   -4.01000e+05   -4.43850e+05
    Temperature Pressure (bar)   Constr. rmsd
    2.99386e+02    1.72061e+02    3.14904e-06

           Step           Time
           4500        9.00000

   Energies (kJ/mol)
           Bond            U-B    Proper Dih.  Improper Dih.      CMAP Dih.
    1.84897e+03    5.19810e+03    5.71514e+03    2.86007e+02   -3.84437e+02
          LJ-14     Coulomb-14        LJ (SR)   Coulomb (SR)   Coul. recip.
    1.79988e+03    3.26955e+04    8.09672e+04   -6.27446e+05    1.81419e+03
 Position Rest.      Potential    Kinetic En.   Total Energy  Conserved En.
    6.29777e+02   -4.96875e+05    9.58015e+04   -4.01074e+05   -4.43852e+05
    Temperature Pressure (bar)   Constr. rmsd
    3.00462e+02    1.92203e+02    3.00458e-06

           Step           Time
           5000       10.00000

   Energies (kJ/mol)
           Bond            U-B    Proper Dih.  Improper Dih.      CMAP Dih.
    2.01004e+03    5.27640e+03    5.68028e+03    2.57236e+02   -3.84817e+02
          LJ-14     Coulomb-14        LJ (SR)   Coulomb (SR)   Coul. recip.
    1.68167e+03    3.27267e+04    7.97963e+04   -6.26354e+05    1.79130e+03
 Position Rest.      Potential    Kinetic En.   Total Energy  Conserved En.
    5.89505e+02   -4.96930e+05    9.49011e+04   -4.02029e+05   -4.43823e+05
    Temperature Pressure (bar)   Constr. rmsd
    2.97638e+02   -3.66103e+02    2.97712e-06

           Step           Time
           5500       11.00000

   Energies (kJ/mol)
           Bond            U-B    Proper Dih.  Improper Dih.      CMAP Dih.
    1.85714e+03    5.09863e+03    5.70438e+03    2.72335e+02   -3.67581e+02
          LJ-14     Coulomb-14        LJ (SR)   Coulomb (SR)   Coul. recip.
    1.82826e+03    3.27020e+04    8.01179e+04   -6.26002e+05    1.84502e+03
 Position Rest.      Potential    Kinetic En.   Total Energy  Conserved En.
    6.25982e+02   -4.96318e+05    9.68288e+04   -3.99489e+05   -4.43847e+05
    Temperature Pressure (bar)   Constr. rmsd
    3.03684e+02   -5.97041e+01    2.97871e-06

DD  step 5999  vol min/aver 0.789  load imb.: force  3.0%  pme mesh/force 0.688

           Step           Time
           6000       12.00000

   Energies (kJ/mol)
           Bond            U-B    Proper Dih.  Improper Dih.      CMAP Dih.
    1.87046e+03    5.00930e+03    5.63730e+03    3.00067e+02   -3.14260e+02
          LJ-14     Coulomb-14        LJ (SR)   Coulomb (SR)   Coul. recip.
    1.83111e+03    3.30736e+04    8.07037e+04   -6.25845e+05    1.81393e+03
 Position Rest.      Potential    Kinetic En.   Total Energy  Conserved En.
    5.98766e+02   -4.95321e+05    9.57165e+04   -3.99605e+05   -4.43850e+05
    Temperature Pressure (bar)   Constr. rmsd
    3.00195e+02    1.89693e+02    2.87584e-06

           Step           Time
           6500       13.00000

   Energies (kJ/mol)
           Bond            U-B    Proper Dih.  Improper Dih.      CMAP Dih.
    1.90103e+03    5.25729e+03    5.57276e+03    2.71640e+02   -3.28030e+02
          LJ-14     Coulomb-14        LJ (SR)   Coulomb (SR)   Coul. recip.
    1.77757e+03    3.27089e+04    7.95026e+04   -6.25631e+05    1.92430e+03
 Position Rest.      Potential    Kinetic En.   Total Energy  Conserved En.
    6.53983e+02   -4.96389e+05    9.47614e+04   -4.01628e+05   -4.43810e+05
    Temperature Pressure (bar)   Constr. rmsd
    2.97200e+02   -2.53555e+02    2.50535e-06

           Step           Time
           7000       14.00000

   Energies (kJ/mol)
           Bond            U-B    Proper Dih.  Improper Dih.      CMAP Dih.
    1.84318e+03    4.96375e+03    5.71455e+03    3.32938e+02   -3.74291e+02
          LJ-14     Coulomb-14        LJ (SR)   Coulomb (SR)   Coul. recip.
    1.78230e+03    3.27355e+04    8.09369e+04   -6.28837e+05    1.80765e+03
 Position Rest.      Potential    Kinetic En.   Total Energy  Conserved En.
    5.91397e+02   -4.98503e+05    9.65140e+04   -4.01989e+05   -4.43857e+05
    Temperature Pressure (bar)   Constr. rmsd
    3.02697e+02   -1.46064e+02    3.09026e-06

           Step           Time
           7500       15.00000

   Energies (kJ/mol)
           Bond            U-B    Proper Dih.  Improper Dih.      CMAP Dih.
    1.87113e+03    4.94169e+03    5.64308e+03    3.07607e+02   -3.50800e+02
          LJ-14     Coulomb-14        LJ (SR)   Coulomb (SR)   Coul. recip.
    1.78102e+03    3.27771e+04    8.02318e+04   -6.27378e+05    1.81107e+03
 Position Rest.      Potential    Kinetic En.   Total Energy  Conserved En.
    6.28550e+02   -4.97736e+05    9.57252e+04   -4.02011e+05   -4.43839e+05
    Temperature Pressure (bar)   Constr. rmsd
    3.00223e+02   -2.51085e+02    2.80568e-06

DD  step 7999  vol min/aver 0.794  load imb.: force  3.7%  pme mesh/force 0.674

           Step           Time
           8000       16.00000

   Energies (kJ/mol)
           Bond            U-B    Proper Dih.  Improper Dih.      CMAP Dih.
    2.02454e+03    5.02109e+03    5.70165e+03    3.23206e+02   -3.47629e+02
          LJ-14     Coulomb-14        LJ (SR)   Coulomb (SR)   Coul. recip.
    1.75873e+03    3.26909e+04    8.05866e+04   -6.26651e+05    1.84918e+03
 Position Rest.      Potential    Kinetic En.   Total Energy  Conserved En.
    5.89172e+02   -4.96453e+05    9.57203e+04   -4.00733e+05   -4.43829e+05
    Temperature Pressure (bar)   Constr. rmsd
    3.00207e+02    9.08516e+01    2.78223e-06

           Step           Time
           8500       17.00000

   Energies (kJ/mol)
           Bond            U-B    Proper Dih.  Improper Dih.      CMAP Dih.
    1.80983e+03    5.04614e+03    5.67682e+03    2.93552e+02   -3.94947e+02
          LJ-14     Coulomb-14        LJ (SR)   Coulomb (SR)   Coul. recip.
    1.78785e+03    3.28385e+04    7.99933e+04   -6.26454e+05    1.85771e+03
 Position Rest.      Potential    Kinetic En.   Total Energy  Conserved En.
    6.09181e+02   -4.96936e+05    9.51405e+04   -4.01795e+05   -4.43812e+05
    Temperature Pressure (bar)   Constr. rmsd
    2.98389e+02   -2.62073e+02    2.84840e-06

           Step           Time
           9000       18.00000

   Energies (kJ/mol)
           Bond            U-B    Proper Dih.  Improper Dih.      CMAP Dih.
    1.87025e+03    4.92028e+03    5.64467e+03    3.01917e+02   -3.62751e+02
          LJ-14     Coulomb-14        LJ (SR)   Coulomb (SR)   Coul. recip.
    1.78876e+03    3.28350e+04    8.11735e+04   -6.27213e+05    1.87348e+03
 Position Rest.      Potential    Kinetic En.   Total Energy  Conserved En.
    6.07403e+02   -4.96561e+05    9.49644e+04   -4.01596e+05   -4.43832e+05
    Temperature Pressure (bar)   Constr. rmsd
    2.97837e+02   -1.42340e+02    3.00076e-06

           Step           Time
           9500       19.00000

   Energies (kJ/mol)
           Bond            U-B    Proper Dih.  Improper Dih.      CMAP Dih.
    1.89179e+03    5.04799e+03    5.67543e+03    3.48491e+02   -3.40438e+02
          LJ-14     Coulomb-14        LJ (SR)   Coulomb (SR)   Coul. recip.
    1.79710e+03    3.29865e+04    7.92931e+04   -6.24975e+05    1.76759e+03
 Position Rest.      Potential    Kinetic En.   Total Energy  Conserved En.
    5.89148e+02   -4.95918e+05    9.44875e+04   -4.01431e+05   -4.43806e+05
    Temperature Pressure (bar)   Constr. rmsd
    2.96341e+02   -3.98088e+02    2.77965e-06

DD  step 9999  vol min/aver 0.807  load imb.: force  1.9%  pme mesh/force 0.691

           Step           Time
          10000       20.00000

   Energies (kJ/mol)
           Bond            U-B    Proper Dih.  Improper Dih.      CMAP Dih.
    1.87986e+03    5.16977e+03    5.67430e+03    3.39434e+02   -3.84984e+02
          LJ-14     Coulomb-14        LJ (SR)   Coulomb (SR)   Coul. recip.
    1.80296e+03    3.28282e+04    7.95790e+04   -6.26208e+05    1.82326e+03
 Position Rest.      Potential    Kinetic En.   Total Energy  Conserved En.
    5.96844e+02   -4.96899e+05    9.59308e+04   -4.00969e+05   -4.43817e+05
    Temperature Pressure (bar)   Constr. rmsd
    3.00868e+02   -2.26431e+02    2.97491e-06

           Step           Time
          10500       21.00000

   Energies (kJ/mol)
           Bond            U-B    Proper Dih.  Improper Dih.      CMAP Dih.
    1.82169e+03    5.10634e+03    5.68496e+03    3.21740e+02   -3.05642e+02
          LJ-14     Coulomb-14        LJ (SR)   Coulomb (SR)   Coul. recip.
    1.72897e+03    3.28010e+04    8.01690e+04   -6.26233e+05    1.84699e+03
 Position Rest.      Potential    Kinetic En.   Total Energy  Conserved En.
    6.15738e+02   -4.96443e+05    9.56274e+04   -4.00815e+05   -4.43813e+05
    Temperature Pressure (bar)   Constr. rmsd
    2.99916e+02   -1.14132e+02    2.95002e-06

           Step           Time
          11000       22.00000

   Energies (kJ/mol)
           Bond            U-B    Proper Dih.  Improper Dih.      CMAP Dih.
    1.97080e+03    5.00735e+03    5.64461e+03    3.05135e+02   -3.44765e+02
          LJ-14     Coulomb-14        LJ (SR)   Coulomb (SR)   Coul. recip.
    1.72490e+03    3.26999e+04    8.03303e+04   -6.27103e+05    1.82214e+03
 Position Rest.      Potential    Kinetic En.   Total Energy  Conserved En.
    6.30753e+02   -4.97312e+05    9.49772e+04   -4.02334e+05   -4.43800e+05
    Temperature Pressure (bar)   Constr. rmsd
    2.97877e+02   -1.81909e+02    3.10025e-06

           Step           Time
          11500       23.00000

   Energies (kJ/mol)
           Bond            U-B    Proper Dih.  Improper Dih.      CMAP Dih.
    1.84947e+03    5.16863e+03    5.78481e+03    3.52196e+02   -4.05270e+02
          LJ-14     Coulomb-14        LJ (SR)   Coulomb (SR)   Coul. recip.
    1.74320e+03    3.29138e+04    7.89943e+04   -6.25466e+05    1.84974e+03
 Position Rest.      Potential    Kinetic En.   Total Energy  Conserved En.
    5.94911e+02   -4.96620e+05    9.60628e+04   -4.00557e+05   -4.43809e+05
    Temperature Pressure (bar)   Constr. rmsd
    3.01282e+02   -1.07459e+02    3.00995e-06

DD  step 11999  vol min/aver 0.789  load imb.: force  2.1%  pme mesh/force 0.691

           Step           Time
          12000       24.00000

   Energies (kJ/mol)
           Bond            U-B    Proper Dih.  Improper Dih.      CMAP Dih.
    1.70866e+03    5.15930e+03    5.82542e+03    2.70690e+02   -4.01687e+02
          LJ-14     Coulomb-14        LJ (SR)   Coulomb (SR)   Coul. recip.
    1.90320e+03    3.28645e+04    8.04625e+04   -6.28032e+05    1.72099e+03
 Position Rest.      Potential    Kinetic En.   Total Energy  Conserved En.
    5.74447e+02   -4.97944e+05    9.52193e+04   -4.02724e+05   -4.43794e+05
    Temperature Pressure (bar)   Constr. rmsd
    2.98636e+02   -7.84577e+00    2.86623e-06

           Step           Time
          12500       25.00000

   Energies (kJ/mol)
           Bond            U-B    Proper Dih.  Improper Dih.      CMAP Dih.
    1.98859e+03    5.04750e+03    5.69892e+03    2.89169e+02   -4.22889e+02
          LJ-14     Coulomb-14        LJ (SR)   Coulomb (SR)   Coul. recip.
    1.82036e+03    3.24947e+04    8.00095e+04   -6.26235e+05    1.85122e+03
 Position Rest.      Potential    Kinetic En.   Total Energy  Conserved En.
    5.96408e+02   -4.96861e+05    9.56342e+04   -4.01227e+05   -4.43807e+05
    Temperature Pressure (bar)   Constr. rmsd
    2.99938e+02    6.98404e+01    2.51021e-06

           Step           Time
          13000       26.00000

   Energies (kJ/mol)
           Bond            U-B    Proper Dih.  Improper Dih.      CMAP Dih.
    1.81480e+03    5.33925e+03    5.71639e+03    2.98012e+02   -3.35221e+02
          LJ-14     Coulomb-14        LJ (SR)   Coulomb (SR)   Coul. recip.
    1.76741e+03    3.27197e+04    8.01670e+04   -6.25760e+05    1.85387e+03
 Position Rest.      Potential    Kinetic En.   Total Energy  Conserved En.
    5.66278e+02   -4.95853e+05    9.60025e+04   -3.99850e+05   -4.43800e+05
    Temperature Pressure (bar)   Constr. rmsd
    3.01093e+02    1.12349e+02    3.09146e-06

           Step           Time
          13500       27.00000

   Energies (kJ/mol)
           Bond            U-B    Proper Dih.  Improper Dih.      CMAP Dih.
    1.91791e+03    5.27141e+03    5.72192e+03    3.26277e+02   -3.70025e+02
          LJ-14     Coulomb-14        LJ (SR)   Coulomb (SR)   Coul. recip.
    1.74290e+03    3.27191e+04    7.95583e+04   -6.25668e+05    1.83656e+03
 Position Rest.      Potential    Kinetic En.   Total Energy  Conserved En.
    5.64324e+02   -4.96379e+05    9.62115e+04   -4.00168e+05   -4.43789e+05
    Temperature Pressure (bar)   Constr. rmsd
    3.01748e+02   -5.23677e+01    2.68033e-06

DD  step 13999  vol min/aver 0.793  load imb.: force  2.9%  pme mesh/force 0.689

           Step           Time
          14000       28.00000

   Energies (kJ/mol)
           Bond            U-B    Proper Dih.  Improper Dih.      CMAP Dih.
    1.92217e+03    5.00726e+03    5.77606e+03    3.07599e+02   -4.10401e+02
          LJ-14     Coulomb-14        LJ (SR)   Coulomb (SR)   Coul. recip.
    1.80748e+03    3.28820e+04    8.00107e+04   -6.25777e+05    1.84137e+03
 Position Rest.      Potential    Kinetic En.   Total Energy  Conserved En.
    6.24362e+02   -4.96008e+05    9.55312e+04   -4.00477e+05   -4.43801e+05
    Temperature Pressure (bar)   Constr. rmsd
    2.99614e+02   -1.79204e+02    3.15592e-06

           Step           Time
          14500       29.00000

   Energies (kJ/mol)
           Bond            U-B    Proper Dih.  Improper Dih.      CMAP Dih.
    1.90636e+03    5.31515e+03    5.67238e+03    2.87132e+02   -3.69863e+02
          LJ-14     Coulomb-14        LJ (SR)   Coulomb (SR)   Coul. recip.
    1.72500e+03    3.28048e+04    8.06239e+04   -6.26613e+05    1.85840e+03
 Position Rest.      Potential    Kinetic En.   Total Energy  Conserved En.
    6.32458e+02   -4.96157e+05    9.61576e+04   -4.00000e+05   -4.43784e+05
    Temperature Pressure (bar)   Constr. rmsd
    3.01579e+02    6.48842e+00    2.90536e-06

           Step           Time
          15000       30.00000

   Energies (kJ/mol)
           Bond            U-B    Proper Dih.  Improper Dih.      CMAP Dih.
    1.79186e+03    5.11167e+03    5.64414e+03    2.71912e+02   -3.88224e+02
          LJ-14     Coulomb-14        LJ (SR)   Coulomb (SR)   Coul. recip.
    1.79549e+03    3.29573e+04    7.95548e+04   -6.26945e+05    1.81503e+03
 Position Rest.      Potential    Kinetic En.   Total Energy  Conserved En.
    6.32334e+02   -4.97758e+05    9.56317e+04   -4.02127e+05   -4.43799e+05
    Temperature Pressure (bar)   Constr. rmsd
    2.99930e+02   -1.87534e+02    2.84123e-06

           Step           Time
          15500       31.00000

   Energies (kJ/mol)
           Bond            U-B    Proper Dih.  Improper Dih.      CMAP Dih.
    1.92782e+03    5.01785e+03    5.73812e+03    3.01516e+02   -3.38475e+02
          LJ-14     Coulomb-14        LJ (SR)   Coulomb (SR)   Coul. recip.
    1.80508e+03    3.28709e+04    7.96341e+04   -6.25509e+05    1.85142e+03
 Position Rest.      Potential    Kinetic En.   Total Energy  Conserved En.
    6.16615e+02   -4.96084e+05    9.58020e+04   -4.00282e+05   -4.43789e+05
    Temperature Pressure (bar)   Constr. rmsd
    3.00464e+02   -3.29010e+02    2.95295e-06

DD  step 15999  vol min/aver 0.797  load imb.: force  2.2%  pme mesh/force 0.691

           Step           Time
          16000       32.00000

   Energies (kJ/mol)
           Bond            U-B    Proper Dih.  Improper Dih.      CMAP Dih.
    1.82866e+03    5.07603e+03    5.69641e+03    2.65870e+02   -3.60845e+02
          LJ-14     Coulomb-14        LJ (SR)   Coulomb (SR)   Coul. recip.
    1.80142e+03    3.27565e+04    8.04280e+04   -6.27547e+05    1.84686e+03
 Position Rest.      Potential    Kinetic En.   Total Energy  Conserved En.
    6.31070e+02   -4.97577e+05    9.50362e+04   -4.02541e+05   -4.43770e+05
    Temperature Pressure (bar)   Constr. rmsd
    2.98062e+02   -2.49013e+00    2.61453e-06

           Step           Time
          16500       33.00000

   Energies (kJ/mol)
           Bond            U-B    Proper Dih.  Improper Dih.      CMAP Dih.
    1.79574e+03    5.01325e+03    5.66251e+03    3.11081e+02   -3.32855e+02
          LJ-14     Coulomb-14        LJ (SR)   Coulomb (SR)   Coul. recip.
    1.78650e+03    3.29778e+04    8.03368e+04   -6.27980e+05    1.81854e+03
 Position Rest.      Potential    Kinetic En.   Total Energy  Conserved En.
    6.15329e+02   -4.97995e+05    9.49378e+04   -4.03057e+05   -4.43780e+05
    Temperature Pressure (bar)   Constr. rmsd
    2.97753e+02   -1.52993e+02    2.67991e-06

           Step           Time
          17000       34.00000

   Energies (kJ/mol)
           Bond            U-B    Proper Dih.  Improper Dih.      CMAP Dih.
    1.88217e+03    5.12189e+03    5.73416e+03    2.90142e+02   -3.69782e+02
          LJ-14     Coulomb-14        LJ (SR)   Coulomb (SR)   Coul. recip.
    1.77423e+03    3.27297e+04    8.14350e+04   -6.28413e+05    1.79930e+03
 Position Rest.      Potential    Kinetic En.   Total Energy  Conserved En.
    6.30256e+02   -4.97386e+05    9.56817e+04   -4.01704e+05   -4.43770e+05
    Temperature Pressure (bar)   Constr. rmsd
    3.00086e+02    1.64179e+02    2.99337e-06

           Step           Time
          17500       35.00000

   Energies (kJ/mol)
           Bond            U-B    Proper Dih.  Improper Dih.      CMAP Dih.
    1.88675e+03    5.29292e+03    5.62805e+03    3.10810e+02   -3.77599e+02
          LJ-14     Coulomb-14        LJ (SR)   Coulomb (SR)   Coul. recip.
    1.69120e+03    3.31208e+04    8.03865e+04   -6.27480e+05    1.79241e+03
 Position Rest.      Potential    Kinetic En.   Total Energy  Conserved En.
    5.62651e+02   -4.97185e+05    9.58480e+04   -4.01337e+05   -4.43776e+05
    Temperature Pressure (bar)   Constr. rmsd
    3.00608e+02   -1.39797e+01    2.71345e-06

DD  step 17999  vol min/aver 0.794  load imb.: force  2.1%  pme mesh/force 0.691

           Step           Time
          18000       36.00000

   Energies (kJ/mol)
           Bond            U-B    Proper Dih.  Improper Dih.      CMAP Dih.
    1.94472e+03    5.23359e+03    5.73293e+03    3.00885e+02   -3.38802e+02
          LJ-14     Coulomb-14        LJ (SR)   Coulomb (SR)   Coul. recip.
    1.73049e+03    3.28426e+04    7.96854e+04   -6.25922e+05    1.77254e+03
 Position Rest.      Potential    Kinetic En.   Total Energy  Conserved En.
    5.96258e+02   -4.96422e+05    9.64097e+04   -4.00012e+05   -4.43784e+05
    Temperature Pressure (bar)   Constr. rmsd
    3.02370e+02   -2.73979e+02    2.97003e-06

           Step           Time
          18500       37.00000

   Energies (kJ/mol)
           Bond            U-B    Proper Dih.  Improper Dih.      CMAP Dih.
    1.82928e+03    5.18747e+03    5.66294e+03    3.17472e+02   -3.61956e+02
          LJ-14     Coulomb-14        LJ (SR)   Coulomb (SR)   Coul. recip.
    1.75067e+03    3.28036e+04    8.00164e+04   -6.27168e+05    1.78344e+03
 Position Rest.      Potential    Kinetic En.   Total Energy  Conserved En.
    5.62534e+02   -4.97616e+05    9.51724e+04   -4.02443e+05   -4.43772e+05
    Temperature Pressure (bar)   Constr. rmsd
    2.98489e+02   -3.17169e+02    2.64090e-06

           Step           Time
          19000       38.00000

   Energies (kJ/mol)
           Bond            U-B    Proper Dih.  Improper Dih.      CMAP Dih.
    1.79901e+03    5.11163e+03    5.81900e+03    3.03598e+02   -3.98022e+02
          LJ-14     Coulomb-14        LJ (SR)   Coulomb (SR)   Coul. recip.
    1.82236e+03    3.26580e+04    8.10356e+04   -6.28257e+05    1.81449e+03
 Position Rest.      Potential    Kinetic En.   Total Energy  Conserved En.
    5.90581e+02   -4.97700e+05    9.61671e+04   -4.01533e+05   -4.43771e+05
    Temperature Pressure (bar)   Constr. rmsd
    3.01609e+02    1.83063e+02    3.14050e-06

           Step           Time
          19500       39.00000

   Energies (kJ/mol)
           Bond            U-B    Proper Dih.  Improper Dih.      CMAP Dih.
    1.90887e+03    5.31432e+03    5.70022e+03    3.05423e+02   -3.57602e+02
          LJ-14     Coulomb-14        LJ (SR)   Coulomb (SR)   Coul. recip.
    1.79115e+03    3.29537e+04    7.86045e+04   -6.24134e+05    1.83109e+03
 Position Rest.      Potential    Kinetic En.   Total Energy  Conserved En.
    5.80975e+02   -4.95501e+05    9.59002e+04   -3.99601e+05   -4.43753e+05
    Temperature Pressure (bar)   Constr. rmsd
    3.00772e+02   -2.49036e+02    2.94685e-06

DD  step 19999  vol min/aver 0.803  load imb.: force  3.2%  pme mesh/force 0.684

           Step           Time
          20000       40.00000

   Energies (kJ/mol)
           Bond            U-B    Proper Dih.  Improper Dih.      CMAP Dih.
    1.90297e+03    5.20469e+03    5.67040e+03    2.68097e+02   -3.77436e+02
          LJ-14     Coulomb-14        LJ (SR)   Coulomb (SR)   Coul. recip.
    1.77761e+03    3.26824e+04    8.12362e+04   -6.28235e+05    1.81437e+03
 Position Rest.      Potential    Kinetic En.   Total Energy  Conserved En.
    5.95260e+02   -4.97460e+05    9.49862e+04   -4.02474e+05   -4.43746e+05
    Temperature Pressure (bar)   Constr. rmsd
    2.97905e+02   -2.47843e+02    2.94417e-06

           Step           Time
          20500       41.00000

   Energies (kJ/mol)
           Bond            U-B    Proper Dih.  Improper Dih.      CMAP Dih.
    1.90874e+03    5.29205e+03    5.74321e+03    2.97128e+02   -3.51936e+02
          LJ-14     Coulomb-14        LJ (SR)   Coulomb (SR)   Coul. recip.
    1.73163e+03    3.27232e+04    8.02647e+04   -6.26995e+05    1.78153e+03
 Position Rest.      Potential    Kinetic En.   Total Energy  Conserved En.
    5.98268e+02   -4.97006e+05    9.57980e+04   -4.01208e+05   -4.43757e+05
    Temperature Pressure (bar)   Constr. rmsd
    3.00451e+02    1.59231e+02    2.77207e-06

           Step           Time
          21000       42.00000

   Energies (kJ/mol)
           Bond            U-B    Proper Dih.  Improper Dih.      CMAP Dih.
    1.83302e+03    5.04513e+03    5.70691e+03    3.09379e+02   -4.05052e+02
          LJ-14     Coulomb-14        LJ (SR)   Coulomb (SR)   Coul. recip.
    1.81123e+03    3.27669e+04    7.96448e+04   -6.26815e+05    1.82557e+03
 Position Rest.      Potential    Kinetic En.   Total Energy  Conserved En.
    6.48652e+02   -4.97628e+05    9.62583e+04   -4.01370e+05   -4.43758e+05
    Temperature Pressure (bar)   Constr. rmsd
    3.01895e+02   -1.89017e+02    2.83859e-06

           Step           Time
          21500       43.00000

   Energies (kJ/mol)
           Bond            U-B    Proper Dih.  Improper Dih.      CMAP Dih.
    1.79111e+03    5.21674e+03    5.73419e+03    2.93966e+02   -3.56412e+02
          LJ-14     Coulomb-14        LJ (SR)   Coulomb (SR)   Coul. recip.
    1.80150e+03    3.28538e+04    8.10335e+04   -6.27879e+05    1.83641e+03
 Position Rest.      Potential    Kinetic En.   Total Energy  Conserved En.
    6.03718e+02   -4.97071e+05    9.59651e+04   -4.01106e+05   -4.43745e+05
    Temperature Pressure (bar)   Constr. rmsd
    3.00975e+02    1.67695e+02    2.82858e-06

DD  step 21999  vol min/aver 0.805  load imb.: force  1.8%  pme mesh/force 0.696

           Step           Time
          22000       44.00000

   Energies (kJ/mol)
           Bond            U-B    Proper Dih.  Improper Dih.      CMAP Dih.
    1.78615e+03    5.35659e+03    5.68376e+03    2.97559e+02   -3.75811e+02
          LJ-14     Coulomb-14        LJ (SR)   Coulomb (SR)   Coul. recip.
    1.74030e+03    3.26077e+04    7.92790e+04   -6.25977e+05    1.80123e+03
 Position Rest.      Potential    Kinetic En.   Total Energy  Conserved En.
    5.79999e+02   -4.97221e+05    9.52415e+04   -4.01979e+05   -4.43744e+05
    Temperature Pressure (bar)   Constr. rmsd
    2.98706e+02   -1.84719e+02    2.96982e-06

           Step           Time
          22500       45.00000

   Energies (kJ/mol)
           Bond            U-B    Proper Dih.  Improper Dih.      CMAP Dih.
    1.91996e+03    5.18804e+03    5.74060e+03    2.78992e+02   -3.83948e+02
          LJ-14     Coulomb-14        LJ (SR)   Coulomb (SR)   Coul. recip.
    1.78718e+03    3.27465e+04    7.98604e+04   -6.26493e+05    1.85028e+03
 Position Rest.      Potential    Kinetic En.   Total Energy  Conserved En.
    6.20345e+02   -4.96885e+05    9.55829e+04   -4.01302e+05   -4.43737e+05
    Temperature Pressure (bar)   Constr. rmsd
    2.99776e+02   -2.56075e+02    2.99778e-06

           Step           Time
          23000       46.00000

   Energies (kJ/mol)
           Bond            U-B    Proper Dih.  Improper Dih.      CMAP Dih.
    1.87419e+03    5.08641e+03    5.80405e+03    3.50853e+02   -3.53501e+02
          LJ-14     Coulomb-14        LJ (SR)   Coulomb (SR)   Coul. recip.
    1.81874e+03    3.26646e+04    7.84377e+04   -6.24798e+05    1.85956e+03
 Position Rest.      Potential    Kinetic En.   Total Energy  Conserved En.
    6.27319e+02   -4.96628e+05    9.60020e+04   -4.00626e+05   -4.43738e+05
    Temperature Pressure (bar)   Constr. rmsd
    3.01091e+02   -5.13332e+02    2.81105e-06

           Step           Time
          23500       47.00000

   Energies (kJ/mol)
           Bond            U-B    Proper Dih.  Improper Dih.      CMAP Dih.
    1.78578e+03    5.19448e+03    5.64180e+03    2.91262e+02   -3.07061e+02
          LJ-14     Coulomb-14        LJ (SR)   Coulomb (SR)   Coul. recip.
    1.76343e+03    3.27771e+04    8.05636e+04   -6.27782e+05    1.82857e+03
 Position Rest.      Potential    Kinetic En.   Total Energy  Conserved En.
    6.09082e+02   -4.97634e+05    9.52481e+04   -4.02386e+05   -4.43713e+05
    Temperature Pressure (bar)   Constr. rmsd
    2.98727e+02    8.54751e+01    3.13190e-06

DD  step 23999  vol min/aver 0.788  load imb.: force  1.7%  pme mesh/force 0.691

           Step           Time
          24000       48.00000

   Energies (kJ/mol)
           Bond            U-B    Proper Dih.  Improper Dih.      CMAP Dih.
    1.84064e+03    5.19157e+03    5.66066e+03    2.91029e+02   -3.94005e+02
          LJ-14     Coulomb-14        LJ (SR)   Coulomb (SR)   Coul. recip.
    1.80369e+03    3.28932e+04    7.97558e+04   -6.27432e+05    1.81411e+03
 Position Rest.      Potential    Kinetic En.   Total Energy  Conserved En.
    5.73528e+02   -4.98001e+05    9.59809e+04   -4.02020e+05   -4.43730e+05
    Temperature Pressure (bar)   Constr. rmsd
    3.01025e+02   -5.03307e+02    3.46568e-06

           Step           Time
          24500       49.00000

   Energies (kJ/mol)
           Bond            U-B    Proper Dih.  Improper Dih.      CMAP Dih.
    1.78599e+03    5.28282e+03    5.71093e+03    3.18717e+02   -3.90821e+02
          LJ-14     Coulomb-14        LJ (SR)   Coulomb (SR)   Coul. recip.
    1.87041e+03    3.27915e+04    7.93998e+04   -6.25675e+05    1.83954e+03
 Position Rest.      Potential    Kinetic En.   Total Energy  Conserved En.
    5.85978e+02   -4.96480e+05    9.55838e+04   -4.00897e+05   -4.43713e+05
    Temperature Pressure (bar)   Constr. rmsd
    2.99779e+02   -5.20558e+01    2.88293e-06

           Step           Time
          25000       50.00000

   Energies (kJ/mol)
           Bond            U-B    Proper Dih.  Improper Dih.      CMAP Dih.
    1.85400e+03    5.06040e+03    5.60444e+03    2.84770e+02   -3.61822e+02
          LJ-14     Coulomb-14        LJ (SR)   Coulomb (SR)   Coul. recip.
    1.77045e+03    3.27426e+04    8.05383e+04   -6.27131e+05    1.82604e+03
 Position Rest.      Potential    Kinetic En.   Total Energy  Conserved En.
    5.68627e+02   -4.97243e+05    9.51931e+04   -4.02050e+05   -4.43717e+05
    Temperature Pressure (bar)   Constr. rmsd
    2.98554e+02   -1.65498e+01    2.99215e-06

           Step           Time
          25500       51.00000

   Energies (kJ/mol)
           Bond            U-B    Proper Dih.  Improper Dih.      CMAP Dih.
    2.03472e+03    5.12690e+03    5.66367e+03    3.18965e+02   -3.40687e+02
          LJ-14     Coulomb-14        LJ (SR)   Coulomb (SR)   Coul. recip.
    1.75128e+03    3.27215e+04    8.06942e+04   -6.26765e+05    1.82791e+03
 Position Rest.      Potential    Kinetic En.   Total Energy  Conserved En.
    5.74221e+02   -4.96393e+05    9.67955e+04   -3.99597e+05   -4.43712e+05
    Temperature Pressure (bar)   Constr. rmsd
    3.03580e+02   -1.40843e+02    2.88758e-06

DD  step 25999  vol min/aver 0.798  load imb.: force  2.8%  pme mesh/force 0.688

           Step           Time
          26000       52.00000

   Energies (kJ/mol)
           Bond            U-B    Proper Dih.  Improper Dih.      CMAP Dih.
    1.91133e+03    5.08475e+03    5.65626e+03    3.28605e+02   -3.84520e+02
          LJ-14     Coulomb-14        LJ (SR)   Coulomb (SR)   Coul. recip.
    1.83141e+03    3.28162e+04    7.98100e+04   -6.25658e+05    1.91039e+03
 Position Rest.      Potential    Kinetic En.   Total Energy  Conserved En.
    6.20740e+02   -4.96073e+05    9.61494e+04   -3.99924e+05   -4.43718e+05
    Temperature Pressure (bar)   Constr. rmsd
    3.01553e+02   -4.96966e+01    2.52694e-06

           Step           Time
          26500       53.00000

   Energies (kJ/mol)
           Bond            U-B    Proper Dih.  Improper Dih.      CMAP Dih.
    1.89294e+03    5.01391e+03    5.59999e+03    2.98738e+02   -3.90310e+02
          LJ-14     Coulomb-14        LJ (SR)   Coulomb (SR)   Coul. recip.
    1.76999e+03    3.27908e+04    7.92656e+04   -6.25438e+05    1.82822e+03
 Position Rest.      Potential    Kinetic En.   Total Energy  Conserved En.
    5.95905e+02   -4.96773e+05    9.53370e+04   -4.01436e+05   -4.43718e+05
    Temperature Pressure (bar)   Constr. rmsd
    2.99005e+02   -4.28166e+02    2.95895e-06

           Step           Time
          27000       54.00000

   Energies (kJ/mol)
           Bond            U-B    Proper Dih.  Improper Dih.      CMAP Dih.
    1.91815e+03    4.92988e+03    5.65371e+03    3.03442e+02   -3.89587e+02
          LJ-14     Coulomb-14        LJ (SR)   Coulomb (SR)   Coul. recip.
    1.77705e+03    3.30048e+04    7.94716e+04   -6.25437e+05    1.85780e+03
 Position Rest.      Potential    Kinetic En.   Total Energy  Conserved En.
    6.12615e+02   -4.96298e+05    9.44064e+04   -4.01891e+05   -4.43702e+05
    Temperature Pressure (bar)   Constr. rmsd
    2.96087e+02   -1.55204e+02    2.84393e-06

           Step           Time
          27500       55.00000

   Energies (kJ/mol)
           Bond            U-B    Proper Dih.  Improper Dih.      CMAP Dih.
    1.86344e+03    5.19367e+03    5.61024e+03    2.95587e+02   -3.82205e+02
          LJ-14     Coulomb-14        LJ (SR)   Coulomb (SR)   Coul. recip.
    1.80698e+03    3.27657e+04    7.93049e+04   -6.25893e+05    1.80389e+03
 Position Rest.      Potential    Kinetic En.   Total Energy  Conserved En.
    5.93225e+02   -4.97037e+05    9.63477e+04   -4.00690e+05   -4.43710e+05
    Temperature Pressure (bar)   Constr. rmsd
    3.02175e+02   -4.17861e+01    2.83821e-06

DD  step 27999  vol min/aver 0.792  load imb.: force  2.1%  pme mesh/force 0.674

           Step           Time
          28000       56.00000

   Energies (kJ/mol)
           Bond            U-B    Proper Dih.  Improper Dih.      CMAP Dih.
    1.84264e+03    5.16796e+03    5.68719e+03    3.03568e+02   -2.98964e+02
          LJ-14     Coulomb-14        LJ (SR)   Coulomb (SR)   Coul. recip.
    1.77891e+03    3.28716e+04    8.03235e+04   -6.26756e+05    1.76780e+03
 Position Rest.      Potential    Kinetic En.   Total Energy  Conserved En.
    5.86363e+02   -4.96725e+05    9.52940e+04   -4.01431e+05   -4.43700e+05
    Temperature Pressure (bar)   Constr. rmsd
    2.98870e+02    2.03745e+01    2.92972e-06

           Step           Time
          28500       57.00000

   Energies (kJ/mol)
           Bond            U-B    Proper Dih.  Improper Dih.      CMAP Dih.
    1.84210e+03    5.26688e+03    5.63149e+03    2.83646e+02   -3.83276e+02
          LJ-14     Coulomb-14        LJ (SR)   Coulomb (SR)   Coul. recip.
    1.73982e+03    3.27419e+04    8.09084e+04   -6.27904e+05    1.86010e+03
 Position Rest.      Potential    Kinetic En.   Total Energy  Conserved En.
    5.95369e+02   -4.97417e+05    9.58066e+04   -4.01610e+05   -4.43696e+05
    Temperature Pressure (bar)   Constr. rmsd
    3.00478e+02   -4.10656e+02    2.94033e-06

           Step           Time
          29000       58.00000

   Energies (kJ/mol)
           Bond            U-B    Proper Dih.  Improper Dih.      CMAP Dih.
    1.72449e+03    5.08974e+03    5.67466e+03    3.03267e+02   -3.02850e+02
          LJ-14     Coulomb-14        LJ (SR)   Coulomb (SR)   Coul. recip.
    1.85569e+03    3.27342e+04    7.99942e+04   -6.26291e+05    1.81707e+03
 Position Rest.      Potential    Kinetic En.   Total Energy  Conserved En.
    6.11341e+02   -4.96790e+05    9.55227e+04   -4.01267e+05   -4.43704e+05
    Temperature Pressure (bar)   Constr. rmsd
    2.99588e+02   -1.74827e+02    2.82069e-06

           Step           Time
          29500       59.00000

   Energies (kJ/mol)
           Bond            U-B    Proper Dih.  Improper Dih.      CMAP Dih.
    1.80545e+03    5.10628e+03    5.67371e+03    3.26403e+02   -3.54739e+02
          LJ-14     Coulomb-14        LJ (SR)   Coulomb (SR)   Coul. recip.
    1.81949e+03    3.28767e+04    7.98787e+04   -6.26725e+05    1.79160e+03
 Position Rest.      Potential    Kinetic En.   Total Energy  Conserved En.
    5.73188e+02   -4.97228e+05    9.55816e+04   -4.01646e+05   -4.43681e+05
    Temperature Pressure (bar)   Constr. rmsd
    2.99773e+02   -1.18772e+02    2.77189e-06

DD  step 29999  vol min/aver 0.795  load imb.: force  3.6%  pme mesh/force 0.669

           Step           Time
          30000       60.00000

   Energies (kJ/mol)
           Bond            U-B    Proper Dih.  Improper Dih.      CMAP Dih.
    1.78379e+03    5.10578e+03    5.71499e+03    3.06375e+02   -3.67956e+02
          LJ-14     Coulomb-14        LJ (SR)   Coulomb (SR)   Coul. recip.
    1.77555e+03    3.26747e+04    8.13647e+04   -6.27228e+05    1.82907e+03
 Position Rest.      Potential    Kinetic En.   Total Energy  Conserved En.
    5.93826e+02   -4.96447e+05    9.58488e+04   -4.00599e+05   -4.43712e+05
    Temperature Pressure (bar)   Constr. rmsd
    3.00610e+02    1.51578e+01    3.04411e-06

           Step           Time
          30500       61.00000

   Energies (kJ/mol)
           Bond            U-B    Proper Dih.  Improper Dih.      CMAP Dih.
    1.96648e+03    5.22378e+03    5.67915e+03    2.95789e+02   -4.21415e+02
          LJ-14     Coulomb-14        LJ (SR)   Coulomb (SR)   Coul. recip.
    1.78064e+03    3.28910e+04    8.03360e+04   -6.26408e+05    1.84284e+03
 Position Rest.      Potential    Kinetic En.   Total Energy  Conserved En.
    6.36527e+02   -4.96178e+05    9.59701e+04   -4.00208e+05   -4.43680e+05
    Temperature Pressure (bar)   Constr. rmsd
    3.00991e+02    1.17379e+02    3.06572e-06

           Step           Time
          31000       62.00000

   Energies (kJ/mol)
           Bond            U-B    Proper Dih.  Improper Dih.      CMAP Dih.
    1.95439e+03    4.94573e+03    5.63646e+03    3.00449e+02   -3.22563e+02
          LJ-14     Coulomb-14        LJ (SR)   Coulomb (SR)   Coul. recip.
    1.75170e+03    3.28474e+04    8.03404e+04   -6.26629e+05    1.83691e+03
 Position Rest.      Potential    Kinetic En.   Total Energy  Conserved En.
    6.37708e+02   -4.96701e+05    9.59281e+04   -4.00772e+05   -4.43683e+05
    Temperature Pressure (bar)   Constr. rmsd
    3.00859e+02   -2.64660e+02    2.95650e-06

           Step           Time
          31500       63.00000

   Energies (kJ/mol)
           Bond            U-B    Proper Dih.  Improper Dih.      CMAP Dih.
    1.78820e+03    5.16102e+03    5.58857e+03    2.96816e+02   -3.81156e+02
          LJ-14     Coulomb-14        LJ (SR)   Coulomb (SR)   Coul. recip.
    1.79447e+03    3.28930e+04    7.91491e+04   -6.25348e+05    1.85205e+03
 Position Rest.      Potential    Kinetic En.   Total Energy  Conserved En.
    6.08929e+02   -4.96597e+05    9.61089e+04   -4.00488e+05   -4.43694e+05
    Temperature Pressure (bar)   Constr. rmsd
    3.01426e+02   -1.75153e+02    2.79892e-06

DD  step 31999  vol min/aver 0.803  load imb.: force  3.1%  pme mesh/force 0.696

           Step           Time
          32000       64.00000

   Energies (kJ/mol)
           Bond            U-B    Proper Dih.  Improper Dih.      CMAP Dih.
    2.00217e+03    5.13557e+03    5.69809e+03    2.68804e+02   -3.97827e+02
          LJ-14     Coulomb-14        LJ (SR)   Coulomb (SR)   Coul. recip.
    1.73450e+03    3.27839e+04    8.02190e+04   -6.26838e+05    1.86656e+03
 Position Rest.      Potential    Kinetic En.   Total Energy  Conserved En.
    6.04856e+02   -4.96923e+05    9.56932e+04   -4.01230e+05   -4.43671e+05
    Temperature Pressure (bar)   Constr. rmsd
    3.00122e+02   -1.29406e+02    2.89219e-06

           Step           Time
          32500       65.00000

   Energies (kJ/mol)
           Bond            U-B    Proper Dih.  Improper Dih.      CMAP Dih.
    1.84890e+03    5.05586e+03    5.66021e+03    3.42865e+02   -4.00647e+02
          LJ-14     Coulomb-14        LJ (SR)   Coulomb (SR)   Coul. recip.
    1.75396e+03    3.27354e+04    7.88154e+04   -6.25621e+05    1.85062e+03
 Position Rest.      Potential    Kinetic En.   Total Energy  Conserved En.
    6.08595e+02   -4.97350e+05    9.56726e+04   -4.01677e+05   -4.43689e+05
    Temperature Pressure (bar)   Constr. rmsd
    3.00058e+02   -3.67951e+02    2.63246e-06

           Step           Time
          33000       66.00000

   Energies (kJ/mol)
           Bond            U-B    Proper Dih.  Improper Dih.      CMAP Dih.
    1.94947e+03    5.11973e+03    5.68368e+03    3.26529e+02   -3.88585e+02
          LJ-14     Coulomb-14        LJ (SR)   Coulomb (SR)   Coul. recip.
    1.83236e+03    3.27981e+04    8.01588e+04   -6.27005e+05    1.85092e+03
 Position Rest.      Potential    Kinetic En.   Total Energy  Conserved En.
    6.14707e+02   -4.97059e+05    9.50993e+04   -4.01960e+05   -4.43674e+05
    Temperature Pressure (bar)   Constr. rmsd
    2.98260e+02   -1.07819e+02    2.67228e-06

           Step           Time
          33500       67.00000

   Energies (kJ/mol)
           Bond            U-B    Proper Dih.  Improper Dih.      CMAP Dih.
    1.77393e+03    5.09142e+03    5.59259e+03    3.28340e+02   -3.88083e+02
          LJ-14     Coulomb-14        LJ (SR)   Coulomb (SR)   Coul. recip.
    1.80252e+03    3.28550e+04    8.07959e+04   -6.27422e+05    1.81525e+03
 Position Rest.      Potential    Kinetic En.   Total Energy  Conserved En.
    5.77653e+02   -4.97177e+05    9.66127e+04   -4.00564e+05   -4.43696e+05
    Temperature Pressure (bar)   Constr. rmsd
    3.03006e+02   -4.24851e+01    3.42202e-06

DD  step 33999  vol min/aver 0.804  load imb.: force  1.6%  pme mesh/force 0.677

           Step           Time
          34000       68.00000

   Energies (kJ/mol)
           Bond            U-B    Proper Dih.  Improper Dih.      CMAP Dih.
    1.88042e+03    5.32615e+03    5.62515e+03    2.61044e+02   -3.45019e+02
          LJ-14     Coulomb-14        LJ (SR)   Coulomb (SR)   Coul. recip.
    1.79883e+03    3.29150e+04    7.95093e+04   -6.24869e+05    1.80654e+03
 Position Rest.      Potential    Kinetic En.   Total Energy  Conserved En.
    6.23089e+02   -4.95468e+05    9.55768e+04   -3.99891e+05   -4.43667e+05
    Temperature Pressure (bar)   Constr. rmsd
    2.99757e+02    1.18550e+02    3.03813e-06

           Step           Time
          34500       69.00000

   Energies (kJ/mol)
           Bond            U-B    Proper Dih.  Improper Dih.      CMAP Dih.
    1.83087e+03    5.18939e+03    5.65158e+03    2.71885e+02   -3.67355e+02
          LJ-14     Coulomb-14        LJ (SR)   Coulomb (SR)   Coul. recip.
    1.72847e+03    3.25768e+04    7.99385e+04   -6.27480e+05    1.80245e+03
 Position Rest.      Potential    Kinetic En.   Total Energy  Conserved En.
    6.19956e+02   -4.98237e+05    9.53153e+04   -4.02922e+05   -4.43681e+05
    Temperature Pressure (bar)   Constr. rmsd
    2.98937e+02   -3.56427e+02    2.84132e-06

           Step           Time
          35000       70.00000

   Energies (kJ/mol)
           Bond            U-B    Proper Dih.  Improper Dih.      CMAP Dih.
    1.80990e+03    5.35712e+03    5.74580e+03    2.99760e+02   -3.75430e+02
          LJ-14     Coulomb-14        LJ (SR)   Coulomb (SR)   Coul. recip.
    1.76928e+03    3.26673e+04    8.01306e+04   -6.25689e+05    1.77147e+03
 Position Rest.      Potential    Kinetic En.   Total Energy  Conserved En.
    5.74881e+02   -4.95938e+05    9.60241e+04   -3.99914e+05   -4.43662e+05
    Temperature Pressure (bar)   Constr. rmsd
    3.01160e+02   -1.24574e+01    2.72717e-06

           Step           Time
          35500       71.00000

   Energies (kJ/mol)
           Bond            U-B    Proper Dih.  Improper Dih.      CMAP Dih.
    1.94831e+03    5.22109e+03    5.65301e+03    3.13488e+02   -3.67427e+02
          LJ-14     Coulomb-14        LJ (SR)   Coulomb (SR)   Coul. recip.
    1.74281e+03    3.26212e+04    8.09637e+04   -6.27924e+05    1.78260e+03
 Position Rest.      Potential    Kinetic En.   Total Energy  Conserved En.
    5.98369e+02   -4.97447e+05    9.56065e+04   -4.01841e+05   -4.43676e+05
    Temperature Pressure (bar)   Constr. rmsd
    2.99851e+02   -1.79873e+02    3.11341e-06

DD  step 35999  vol min/aver 0.804  load imb.: force  2.2%  pme mesh/force 0.680

           Step           Time
          36000       72.00000

   Energies (kJ/mol)
           Bond            U-B    Proper Dih.  Improper Dih.      CMAP Dih.
    1.84871e+03    5.15471e+03    5.64200e+03    2.97971e+02   -3.75041e+02
          LJ-14     Coulomb-14        LJ (SR)   Coulomb (SR)   Coul. recip.
    1.75249e+03    3.29783e+04    8.07378e+04   -6.28446e+05    1.77232e+03
 Position Rest.      Potential    Kinetic En.   Total Energy  Conserved En.
    5.91219e+02   -4.98046e+05    9.49732e+04   -4.03072e+05   -4.43650e+05
    Temperature Pressure (bar)   Constr. rmsd
    2.97864e+02   -1.09860e+02    2.66686e-06

           Step           Time
          36500       73.00000

   Energies (kJ/mol)
           Bond            U-B    Proper Dih.  Improper Dih.      CMAP Dih.
    1.91447e+03    5.02864e+03    5.71572e+03    3.25811e+02   -3.38699e+02
          LJ-14     Coulomb-14        LJ (SR)   Coulomb (SR)   Coul. recip.
    1.72417e+03    3.28438e+04    8.04168e+04   -6.27168e+05    1.87488e+03
 Position Rest.      Potential    Kinetic En.   Total Energy  Conserved En.
    5.87915e+02   -4.97074e+05    9.56048e+04   -4.01470e+05   -4.43664e+05
    Temperature Pressure (bar)   Constr. rmsd
    2.99845e+02   -2.06786e+02    2.73991e-06

           Step           Time
          37000       74.00000

   Energies (kJ/mol)
           Bond            U-B    Proper Dih.  Improper Dih.      CMAP Dih.
    1.76867e+03    5.06666e+03    5.61436e+03    3.07737e+02   -3.62740e+02
          LJ-14     Coulomb-14        LJ (SR)   Coulomb (SR)   Coul. recip.
    1.81433e+03    3.30363e+04    8.03933e+04   -6.26901e+05    1.85768e+03
 Position Rest.      Potential    Kinetic En.   Total Energy  Conserved En.
    6.41695e+02   -4.96763e+05    9.52459e+04   -4.01517e+05   -4.43671e+05
    Temperature Pressure (bar)   Constr. rmsd
    2.98719e+02    5.76049e+01    2.99942e-06

           Step           Time
          37500       75.00000

   Energies (kJ/mol)
           Bond            U-B    Proper Dih.  Improper Dih.      CMAP Dih.
    1.85819e+03    5.09392e+03    5.60075e+03    2.81252e+02   -3.68898e+02
          LJ-14     Coulomb-14        LJ (SR)   Coulomb (SR)   Coul. recip.
    1.76772e+03    3.28423e+04    7.89114e+04   -6.25672e+05    1.90045e+03
 Position Rest.      Potential    Kinetic En.   Total Energy  Conserved En.
    6.17904e+02   -4.97167e+05    9.55566e+04   -4.01610e+05   -4.43660e+05
    Temperature Pressure (bar)   Constr. rmsd
    2.99694e+02   -4.12460e+02    2.96117e-06

DD  step 37999  vol min/aver 0.800  load imb.: force  2.1%  pme mesh/force 0.676

           Step           Time
          38000       76.00000

   Energies (kJ/mol)
           Bond            U-B    Proper Dih.  Improper Dih.      CMAP Dih.
    1.83914e+03    5.26683e+03    5.60885e+03    2.97169e+02   -3.67331e+02
          LJ-14     Coulomb-14        LJ (SR)   Coulomb (SR)   Coul. recip.
    1.77370e+03    3.27667e+04    7.85193e+04   -6.22945e+05    1.79461e+03
 Position Rest.      Potential    Kinetic En.   Total Energy  Conserved En.
    6.18278e+02   -4.94828e+05    9.57507e+04   -3.99077e+05   -4.43668e+05
    Temperature Pressure (bar)   Constr. rmsd
    3.00303e+02   -3.02162e+02    2.89011e-06

           Step           Time
          38500       77.00000

   Energies (kJ/mol)
           Bond            U-B    Proper Dih.  Improper Dih.      CMAP Dih.
    1.83182e+03    5.13735e+03    5.68463e+03    3.25775e+02   -3.68226e+02
          LJ-14     Coulomb-14        LJ (SR)   Coulomb (SR)   Coul. recip.
    1.84504e+03    3.28864e+04    8.05481e+04   -6.26988e+05    1.88679e+03
 Position Rest.      Potential    Kinetic En.   Total Energy  Conserved En.
    6.31740e+02   -4.96578e+05    9.60333e+04   -4.00545e+05   -4.43652e+05
    Temperature Pressure (bar)   Constr. rmsd
    3.01189e+02    1.60662e+02    2.87101e-06

           Step           Time
          39000       78.00000

   Energies (kJ/mol)
           Bond            U-B    Proper Dih.  Improper Dih.      CMAP Dih.
    1.76484e+03    5.31787e+03    5.67970e+03    3.12623e+02   -3.17876e+02
          LJ-14     Coulomb-14        LJ (SR)   Coulomb (SR)   Coul. recip.
    1.79176e+03    3.27345e+04    7.88276e+04   -6.24867e+05    1.79817e+03
 Position Rest.      Potential    Kinetic En.   Total Energy  Conserved En.
    5.96404e+02   -4.96362e+05    9.60946e+04   -4.00267e+05   -4.43664e+05
    Temperature Pressure (bar)   Constr. rmsd
    3.01381e+02   -2.90288e+02    2.72309e-06

           Step           Time
          39500       79.00000

   Energies (kJ/mol)
           Bond            U-B    Proper Dih.  Improper Dih.      CMAP Dih.
    1.78644e+03    5.05594e+03    5.75332e+03    2.70274e+02   -4.06844e+02
          LJ-14     Coulomb-14        LJ (SR)   Coulomb (SR)   Coul. recip.
    1.78091e+03    3.27147e+04    7.93356e+04   -6.25272e+05    1.83907e+03
 Position Rest.      Potential    Kinetic En.   Total Energy  Conserved En.
    5.89732e+02   -4.96553e+05    9.55381e+04   -4.01015e+05   -4.43664e+05
    Temperature Pressure (bar)   Constr. rmsd
    2.99636e+02   -1.32699e+02    2.94351e-06

DD  step 39999  vol min/aver 0.811  load imb.: force  1.7%  pme mesh/force 0.677

           Step           Time
          40000       80.00000

   Energies (kJ/mol)
           Bond            U-B    Proper Dih.  Improper Dih.      CMAP Dih.
    1.95277e+03    5.30319e+03    5.65462e+03    3.21990e+02   -4.11875e+02
          LJ-14     Coulomb-14        LJ (SR)   Coulomb (SR)   Coul. recip.
    1.77906e+03    3.26650e+04    8.03752e+04   -6.27001e+05    1.79057e+03
 Position Rest.      Potential    Kinetic En.   Total Energy  Conserved En.
    5.32330e+02   -4.97038e+05    9.54906e+04   -4.01548e+05   -4.43635e+05
    Temperature Pressure (bar)   Constr. rmsd
    2.99487e+02   -4.21642e+01    2.57803e-06

           Step           Time
          40500       81.00000

   Energies (kJ/mol)
           Bond            U-B    Proper Dih.  Improper Dih.      CMAP Dih.
    1.90248e+03    4.97631e+03    5.69866e+03    2.76809e+02   -3.51965e+02
          LJ-14     Coulomb-14        LJ (SR)   Coulomb (SR)   Coul. recip.
    1.81061e+03    3.29563e+04    8.08040e+04   -6.27968e+05    1.86081e+03
 Position Rest.      Potential    Kinetic En.   Total Energy  Conserved En.
    6.65145e+02   -4.97369e+05    9.47063e+04   -4.02662e+05   -4.43649e+05
    Temperature Pressure (bar)   Constr. rmsd
    2.97027e+02   -2.54900e+02    2.69985e-06

           Step           Time
          41000       82.00000

   Energies (kJ/mol)
           Bond            U-B    Proper Dih.  Improper Dih.      CMAP Dih.
    1.77329e+03    5.25552e+03    5.71988e+03    3.04837e+02   -3.88142e+02
          LJ-14     Coulomb-14        LJ (SR)   Coulomb (SR)   Coul. recip.
    1.79648e+03    3.28114e+04    7.95857e+04   -6.26093e+05    1.81178e+03
 Position Rest.      Potential    Kinetic En.   Total Energy  Conserved En.
    6.68095e+02   -4.96754e+05    9.54509e+04   -4.01303e+05   -4.43635e+05
    Temperature Pressure (bar)   Constr. rmsd
    2.99362e+02   -2.37728e+02    2.95267e-06

           Step           Time
          41500       83.00000

   Energies (kJ/mol)
           Bond            U-B    Proper Dih.  Improper Dih.      CMAP Dih.
    1.76851e+03    5.36363e+03    5.65834e+03    2.88164e+02   -3.75171e+02
          LJ-14     Coulomb-14        LJ (SR)   Coulomb (SR)   Coul. recip.
    1.80865e+03    3.28512e+04    7.90993e+04   -6.24311e+05    1.86313e+03
 Position Rest.      Potential    Kinetic En.   Total Energy  Conserved En.
    6.66442e+02   -4.95318e+05    9.54732e+04   -3.99845e+05   -4.43630e+05
    Temperature Pressure (bar)   Constr. rmsd
    2.99433e+02    1.04593e+02    3.06233e-06

DD  step 41999  vol min/aver 0.796  load imb.: force  3.3%  pme mesh/force 0.664

           Step           Time
          42000       84.00000

   Energies (kJ/mol)
           Bond            U-B    Proper Dih.  Improper Dih.      CMAP Dih.
    1.84076e+03    5.19183e+03    5.63382e+03    3.04590e+02   -3.60782e+02
          LJ-14     Coulomb-14        LJ (SR)   Coulomb (SR)   Coul. recip.
    1.78387e+03    3.26353e+04    7.89576e+04   -6.25310e+05    1.80899e+03
 Position Rest.      Potential    Kinetic En.   Total Energy  Conserved En.
    5.68084e+02   -4.96946e+05    9.54377e+04   -4.01508e+05   -4.43639e+05
    Temperature Pressure (bar)   Constr. rmsd
    2.99321e+02   -1.16290e+02    2.89191e-06

           Step           Time
          42500       85.00000

   Energies (kJ/mol)
           Bond            U-B    Proper Dih.  Improper Dih.      CMAP Dih.
    1.90930e+03    5.11595e+03    5.55746e+03    3.05060e+02   -3.76923e+02
          LJ-14     Coulomb-14        LJ (SR)   Coulomb (SR)   Coul. recip.
    1.79120e+03    3.28601e+04    7.98000e+04   -6.26364e+05    1.83060e+03
 Position Rest.      Potential    Kinetic En.   Total Energy  Conserved En.
    5.85934e+02   -4.96986e+05    9.60623e+04   -4.00923e+05   -4.43641e+05
    Temperature Pressure (bar)   Constr. rmsd
    3.01280e+02   -3.28124e+02    3.02874e-06

           Step           Time
          43000       86.00000

   Energies (kJ/mol)
           Bond            U-B    Proper Dih.  Improper Dih.      CMAP Dih.
    1.91121e+03    5.04233e+03    5.69886e+03    3.14482e+02   -4.12288e+02
          LJ-14     Coulomb-14        LJ (SR)   Coulomb (SR)   Coul. recip.
    1.74155e+03    3.28330e+04    8.08530e+04   -6.27945e+05    1.85742e+03
 Position Rest.      Potential    Kinetic En.   Total Energy  Conserved En.
    6.10815e+02   -4.97495e+05    9.55151e+04   -4.01980e+05   -4.43623e+05
    Temperature Pressure (bar)   Constr. rmsd
    2.99564e+02   -2.09738e+02    2.66807e-06

           Step           Time
          43500       87.00000

   Energies (kJ/mol)
           Bond            U-B    Proper Dih.  Improper Dih.      CMAP Dih.
    1.91725e+03    5.02033e+03    5.69832e+03    3.31656e+02   -3.76191e+02
          LJ-14     Coulomb-14        LJ (SR)   Coulomb (SR)   Coul. recip.
    1.82940e+03    3.28160e+04    7.89585e+04   -6.25978e+05    1.88868e+03
 Position Rest.      Potential    Kinetic En.   Total Energy  Conserved En.
    6.62347e+02   -4.97232e+05    9.59764e+04   -4.01256e+05   -4.43629e+05
    Temperature Pressure (bar)   Constr. rmsd
    3.01011e+02   -4.04187e+02    2.73762e-06

DD  step 43999  vol min/aver 0.802  load imb.: force  2.0%  pme mesh/force 0.695

           Step           Time
          44000       88.00000

   Energies (kJ/mol)
           Bond            U-B    Proper Dih.  Improper Dih.      CMAP Dih.
    1.96590e+03    5.11573e+03    5.61045e+03    2.94290e+02   -3.84908e+02
          LJ-14     Coulomb-14        LJ (SR)   Coulomb (SR)   Coul. recip.
    1.69080e+03    3.27094e+04    8.08285e+04   -6.28158e+05    1.83638e+03
 Position Rest.      Potential    Kinetic En.   Total Energy  Conserved En.
    6.57952e+02   -4.97833e+05    9.54366e+04   -4.02397e+05   -4.43639e+05
    Temperature Pressure (bar)   Constr. rmsd
    2.99318e+02   -5.20991e+02    2.93193e-06

           Step           Time
          44500       89.00000

   Energies (kJ/mol)
           Bond            U-B    Proper Dih.  Improper Dih.      CMAP Dih.
    1.91654e+03    5.00486e+03    5.66011e+03    3.12223e+02   -3.33676e+02
          LJ-14     Coulomb-14        LJ (SR)   Coulomb (SR)   Coul. recip.
    1.80768e+03    3.29134e+04    7.98649e+04   -6.25963e+05    1.79617e+03
 Position Rest.      Potential    Kinetic En.   Total Energy  Conserved En.
    6.34808e+02   -4.96386e+05    9.56838e+04   -4.00702e+05   -4.43632e+05
    Temperature Pressure (bar)   Constr. rmsd
    3.00093e+02    2.08343e+02    3.17494e-06

           Step           Time
          45000       90.00000

   Energies (kJ/mol)
           Bond            U-B    Proper Dih.  Improper Dih.      CMAP Dih.
    1.98106e+03    5.08713e+03    5.61722e+03    3.07321e+02   -3.86761e+02
          LJ-14     Coulomb-14        LJ (SR)   Coulomb (SR)   Coul. recip.
    1.78541e+03    3.27810e+04    7.93334e+04   -6.26687e+05    1.76304e+03
 Position Rest.      Potential    Kinetic En.   Total Energy  Conserved En.
    6.23213e+02   -4.97795e+05    9.53023e+04   -4.02493e+05   -4.43630e+05
    Temperature Pressure (bar)   Constr. rmsd
    2.98897e+02   -3.78571e+02    2.99098e-06

           Step           Time
          45500       91.00000

   Energies (kJ/mol)
           Bond            U-B    Proper Dih.  Improper Dih.      CMAP Dih.
    1.77608e+03    5.23681e+03    5.60026e+03    2.50021e+02   -4.05578e+02
          LJ-14     Coulomb-14        LJ (SR)   Coulomb (SR)   Coul. recip.
    1.78828e+03    3.27188e+04    7.96013e+04   -6.25682e+05    1.78812e+03
 Position Rest.      Potential    Kinetic En.   Total Energy  Conserved En.
    5.93458e+02   -4.96735e+05    9.49471e+04   -4.01788e+05   -4.43620e+05
    Temperature Pressure (bar)   Constr. rmsd
    2.97782e+02   -2.76332e+02    2.77811e-06

DD  step 45999  vol min/aver 0.806  load imb.: force  2.1%  pme mesh/force 0.687

           Step           Time
          46000       92.00000

   Energies (kJ/mol)
           Bond            U-B    Proper Dih.  Improper Dih.      CMAP Dih.
    1.91243e+03    5.20692e+03    5.76980e+03    2.85426e+02   -3.88987e+02
          LJ-14     Coulomb-14        LJ (SR)   Coulomb (SR)   Coul. recip.
    1.72093e+03    3.25808e+04    7.94071e+04   -6.25353e+05    1.76828e+03
 Position Rest.      Potential    Kinetic En.   Total Energy  Conserved En.
    6.49778e+02   -4.96440e+05    9.51054e+04   -4.01335e+05   -4.43622e+05
    Temperature Pressure (bar)   Constr. rmsd
    2.98279e+02   -2.17951e+02    2.94369e-06

           Step           Time
          46500       93.00000

   Energies (kJ/mol)
           Bond            U-B    Proper Dih.  Improper Dih.      CMAP Dih.
    1.82086e+03    5.00736e+03    5.72091e+03    2.95553e+02   -3.85018e+02
          LJ-14     Coulomb-14        LJ (SR)   Coulomb (SR)   Coul. recip.
    1.71317e+03    3.29914e+04    7.94478e+04   -6.25877e+05    1.70236e+03
 Position Rest.      Potential    Kinetic En.   Total Energy  Conserved En.
    6.35844e+02   -4.96927e+05    9.57343e+04   -4.01193e+05   -4.43632e+05
    Temperature Pressure (bar)   Constr. rmsd
    3.00251e+02   -4.04040e+02    2.79348e-06

           Step           Time
          47000       94.00000

   Energies (kJ/mol)
           Bond            U-B    Proper Dih.  Improper Dih.      CMAP Dih.
    1.87456e+03    5.19291e+03    5.71783e+03    3.15926e+02   -3.82348e+02
          LJ-14     Coulomb-14        LJ (SR)   Coulomb (SR)   Coul. recip.
    1.75935e+03    3.27012e+04    8.02004e+04   -6.26194e+05    1.77260e+03
 Position Rest.      Potential    Kinetic En.   Total Energy  Conserved En.
    6.24688e+02   -4.96417e+05    9.61372e+04   -4.00279e+05   -4.43632e+05
    Temperature Pressure (bar)   Constr. rmsd
    3.01515e+02   -2.69264e+02    3.09574e-06

           Step           Time
          47500       95.00000

   Energies (kJ/mol)
           Bond            U-B    Proper Dih.  Improper Dih.      CMAP Dih.
    1.77906e+03    5.18505e+03    5.70468e+03    3.37143e+02   -4.12786e+02
          LJ-14     Coulomb-14        LJ (SR)   Coulomb (SR)   Coul. recip.
    1.79220e+03    3.28207e+04    8.05586e+04   -6.27807e+05    1.78700e+03
 Position Rest.      Potential    Kinetic En.   Total Energy  Conserved En.
    5.92033e+02   -4.97663e+05    9.56561e+04   -4.02007e+05   -4.43621e+05
    Temperature Pressure (bar)   Constr. rmsd
    3.00006e+02   -3.08570e+02    3.10512e-06

DD  step 47999  vol min/aver 0.798  load imb.: force  2.1%  pme mesh/force 0.693

           Step           Time
          48000       96.00000

   Energies (kJ/mol)
           Bond            U-B    Proper Dih.  Improper Dih.      CMAP Dih.
    1.78686e+03    5.39260e+03    5.75256e+03    2.77449e+02   -3.40698e+02
          LJ-14     Coulomb-14        LJ (SR)   Coulomb (SR)   Coul. recip.
    1.76750e+03    3.25895e+04    7.96598e+04   -6.26315e+05    1.76682e+03
 Position Rest.      Potential    Kinetic En.   Total Energy  Conserved En.
    6.69839e+02   -4.96993e+05    9.65682e+04   -4.00424e+05   -4.43614e+05
    Temperature Pressure (bar)   Constr. rmsd
    3.02867e+02   -3.17781e+02    3.32538e-06

           Step           Time
          48500       97.00000

   Energies (kJ/mol)
           Bond            U-B    Proper Dih.  Improper Dih.      CMAP Dih.
    1.87577e+03    5.08025e+03    5.73594e+03    3.38420e+02   -3.66582e+02
          LJ-14     Coulomb-14        LJ (SR)   Coulomb (SR)   Coul. recip.
    1.79377e+03    3.27740e+04    8.07326e+04   -6.26931e+05    1.83512e+03
 Position Rest.      Potential    Kinetic En.   Total Energy  Conserved En.
    6.73753e+02   -4.96458e+05    9.46096e+04   -4.01848e+05   -4.43603e+05
    Temperature Pressure (bar)   Constr. rmsd
    2.96724e+02    1.12373e+01    2.58767e-06

           Step           Time
          49000       98.00000

   Energies (kJ/mol)
           Bond            U-B    Proper Dih.  Improper Dih.      CMAP Dih.
    1.88994e+03    5.15453e+03    5.73388e+03    3.06015e+02   -3.71986e+02
          LJ-14     Coulomb-14        LJ (SR)   Coulomb (SR)   Coul. recip.
    1.76300e+03    3.26111e+04    7.99315e+04   -6.26245e+05    1.76927e+03
 Position Rest.      Potential    Kinetic En.   Total Energy  Conserved En.
    6.35653e+02   -4.96822e+05    9.54192e+04   -4.01403e+05   -4.43600e+05
    Temperature Pressure (bar)   Constr. rmsd
    2.99263e+02   -1.26183e+02    2.88207e-06

           Step           Time
          49500       99.00000

   Energies (kJ/mol)
           Bond            U-B    Proper Dih.  Improper Dih.      CMAP Dih.
    1.91745e+03    5.06092e+03    5.64521e+03    2.79570e+02   -4.07424e+02
          LJ-14     Coulomb-14        LJ (SR)   Coulomb (SR)   Coul. recip.
    1.80204e+03    3.29136e+04    7.97865e+04   -6.27571e+05    1.85252e+03
 Position Rest.      Potential    Kinetic En.   Total Energy  Conserved En.
    5.73900e+02   -4.98147e+05    9.58685e+04   -4.02278e+05   -4.43625e+05
    Temperature Pressure (bar)   Constr. rmsd
    3.00672e+02   -5.03147e+02    2.79493e-06

DD  step 49999  vol min/aver 0.824  load imb.: force  2.9%  pme mesh/force 0.687

           Step           Time
          50000      100.00000

Writing checkpoint, step 50000 at Thu Sep 26 14:32:37 2024


   Energies (kJ/mol)
           Bond            U-B    Proper Dih.  Improper Dih.      CMAP Dih.
    1.95018e+03    5.29958e+03    5.63636e+03    2.93056e+02   -3.39154e+02
          LJ-14     Coulomb-14        LJ (SR)   Coulomb (SR)   Coul. recip.
    1.79352e+03    3.23975e+04    8.00521e+04   -6.25985e+05    1.80449e+03
 Position Rest.      Potential    Kinetic En.   Total Energy  Conserved En.
    6.19900e+02   -4.96477e+05    9.54871e+04   -4.00990e+05   -4.43595e+05
    Temperature Pressure (bar)   Constr. rmsd
    2.99476e+02   -3.83003e+02    2.81344e-06

	<======  ###############  ==>
	<====  A V E R A G E S  ====>
	<==  ###############  ======>

	Statistics over 50001 steps using 501 frames

   Energies (kJ/mol)
           Bond            U-B    Proper Dih.  Improper Dih.      CMAP Dih.
    1.86239e+03    5.14891e+03    5.67564e+03    3.03128e+02   -3.69561e+02
          LJ-14     Coulomb-14        LJ (SR)   Coulomb (SR)   Coul. recip.
    1.77643e+03    3.27831e+04    8.00490e+04   -6.26620e+05    1.82390e+03
 Position Rest.      Potential    Kinetic En.   Total Energy  Conserved En.
    6.14903e+02   -4.96952e+05    9.55828e+04   -4.01369e+05   -4.43732e+05
    Temperature Pressure (bar)   Constr. rmsd
    2.99776e+02   -1.53516e+02    0.00000e+00

   Total Virial (kJ/mol)
    3.34437e+04   -8.83775e+01   -8.73251e+01
   -8.94120e+01    3.38047e+04   -1.77563e+01
   -8.77500e+01   -1.74392e+01    3.37146e+04

   Pressure (bar)
   -1.34297e+02    6.91418e+00    7.53162e+00
    7.00274e+00   -1.68169e+02    5.69123e+00
    7.56800e+00    5.66408e+00   -1.58084e+02

 T-Protein_UNK1T-Water_and_ions
    2.99623e+02    2.99789e+02


	M E G A - F L O P S   A C C O U N T I N G

 NB=Group-cutoff nonbonded kernels    NxN=N-by-N cluster Verlet kernels
 RF=Reaction-Field  VdW=Van der Waals  QSTab=quadratic-spline table
 W3=SPC/TIP3p  W4=TIP4p (single or pairs)
 V&F=Potential and force  V=Potential only  F=Force only

 Computing:                               M-Number         M-Flops  % Flops
-----------------------------------------------------------------------------
 Pair Search distance check           13185.989686      118673.907     0.1
 NxN Ewald Elec. + LJ [F]            913235.772480    71232390.253    57.6
 NxN Ewald Elec. + LJ [V&F]            9243.529680     1192415.329     1.0
 NxN LJ [F]                              32.553504        1464.908     0.0
 NxN LJ [V&F]                             0.309216          20.099     0.0
 NxN Ewald Elec. [F]                 777986.059072    47457149.603    38.4
 NxN Ewald Elec. [V&F]                 7873.606032      661382.907     0.5
 1,4 nonbonded interactions             307.256145       27653.053     0.0
 Calc Weights                          5664.863295      203935.079     0.2
 Spread Q Bspline                    120850.416960      241700.834     0.2
 Gather F Bspline                    120850.416960      725102.502     0.6
 3D-FFT                              185299.305912     1482394.447     1.2
 Solve PME                              115.202304        7372.947     0.0
 Reset In Box                            23.640890          70.923     0.0
 CG-CoM                                  23.678655          71.036     0.0
 Bonds                                   59.601192        3516.470     0.0
 Propers                                299.755995       68644.123     0.1
 Impropers                               18.150363        3775.276     0.0
 Pos. Restr.                             58.201164        2910.058     0.0
 Virial                                  19.461345         350.304     0.0
 Stop-CM                                 18.958030         189.580     0.0
 Calc-Ekin                              188.900530        5100.314     0.0
 Lincs                                   66.934922        4016.095     0.0
 Lincs-Mat                              380.246196        1520.985     0.0
 Constraint-V                          2098.629819       16789.039     0.0
 Constraint-Vir                          20.356104         488.546     0.0
 Settle                                 654.933813      211543.622     0.2
 CMAP                                     7.400148       12580.252     0.0
 Urey-Bradley                           214.354287       39226.835     0.0
-----------------------------------------------------------------------------
 Total                                               123722449.325   100.0
-----------------------------------------------------------------------------


    D O M A I N   D E C O M P O S I T I O N   S T A T I S T I C S

 av. #atoms communicated per step for force:  2 x 91192.6
 av. #atoms communicated per step for LINCS:  2 x 4245.7


 Dynamic load balancing report:
 DLB was turned on during the run due to measured imbalance.
 Average load imbalance: 2.5%.
 The balanceable part of the MD step is 92%, load imbalance is computed from this.
 Part of the total run time spent waiting due to load imbalance: 2.3%.
 Steps where the load balancing was limited by -rdd, -rcon and/or -dds: X 0 % Y 0 % Z 0 %
 Average PME mesh/force load: 0.684
 Part of the total run time spent waiting due to PP/PME imbalance: 4.3 %


     R E A L   C Y C L E   A N D   T I M E   A C C O U N T I N G

On 24 MPI ranks doing PP, and
on 4 MPI ranks doing PME

 Computing:          Num   Num      Call    Wall time         Giga-Cycles
                     Ranks Threads  Count      (s)         total sum    %
-----------------------------------------------------------------------------
 Domain decomp.        24    1        626       0.821         47.228   0.5
 DD comm. load         24    1        625       0.003          0.157   0.0
 DD comm. bounds       24    1        624       0.016          0.909   0.0
 Send X to PME         24    1      50001       0.519         29.844   0.3
 Neighbor search       24    1        626       2.064        118.752   1.2
 Comm. coord.          24    1      49375       2.042        117.504   1.2
 Force                 24    1      50001     135.216       7779.384  76.7
 Wait + Comm. F        24    1      50001       5.613        322.961   3.2
 PME mesh *             4    1      50001      97.051        930.608   9.2
 PME wait for PP *                             54.133        519.074   5.1
 Wait + Recv. PME F    24    1      50001       0.333         19.130   0.2
 NB X/F buffer ops.    24    1     148751       1.302         74.934   0.7
 Write traj.           24    1        101       0.031          1.793   0.0
 Update                24    1      50001       0.303         17.438   0.2
 Constraints           24    1      50001       2.577        148.282   1.5
 Comm. energies        24    1       2501       0.141          8.097   0.1
 Rest                                           0.205         11.792   0.1
-----------------------------------------------------------------------------
 Total                                        151.186      10147.906 100.0
-----------------------------------------------------------------------------
(*) Note that with separate PME ranks, the walltime column actually sums to
    twice the total reported, but the cycle count total and % are correct.
-----------------------------------------------------------------------------
 Breakdown of PME mesh computation
-----------------------------------------------------------------------------
 PME redist. X/F        4    1     100002       5.909         56.660   0.6
 PME spread             4    1      50001      27.583        264.493   2.6
 PME gather             4    1      50001      21.088        202.211   2.0
 PME 3D-FFT             4    1     100002      38.865        372.671   3.7
 PME 3D-FFT Comm.       4    1     100002       1.756         16.840   0.2
 PME solve Elec         4    1      50001       1.791         17.172   0.2
-----------------------------------------------------------------------------

               Core t (s)   Wall t (s)        (%)
       Time:     4233.212      151.186     2800.0
                 (ns/day)    (hour/ns)
Performance:       57.149        0.420
Finished mdrun on rank 0 Thu Sep 26 14:32:37 2024
