Log file opened on Tue Sep 24 06:48:07 2024
Host: login.local  pid: 120535  rank ID: 0  number of ranks:  1
                       :-) GROMACS - gmx mdrun, 2018 (-:

                            GROMACS is written by:
     Emile Apol      Rossen Apostolov  Herman J.C. Berendsen    Par Bjelkmar   
 Aldert van Buuren   Rudi van Drunen     Anton Feenstra    Gerrit Groenhof  
 Christoph Junghans   Anca Hamuraru    Vincent Hindriksen Dimitrios Karkoulis
    Peter Kasson        Jiri Kraus      Carsten Kutzner      Per Larsson    
  Justin A. Lemkul    Viveca Lindahl    Magnus Lundborg   Pieter Meulenhoff 
   Erik Marklund      Teemu Murtola       Szilard Pall       Sander Pronk   
   Roland Schulz     Alexey Shvetsov     Michael Shirts     Alfons Sijbers  
   Peter Tieleman    Teemu Virolainen  Christian Wennberg    Maarten Wolf   
                           and the project leaders:
        Mark Abraham, Berk Hess, Erik Lindahl, and David van der Spoel

Copyright (c) 1991-2000, University of Groningen, The Netherlands.
Copyright (c) 2001-2017, The GROMACS development team at
Uppsala University, Stockholm University and
the Royal Institute of Technology, Sweden.
check out http://www.gromacs.org for more information.

GROMACS is free software; you can redistribute it and/or modify it
under the terms of the GNU Lesser General Public License
as published by the Free Software Foundation; either version 2.1
of the License, or (at your option) any later version.

GROMACS:      gmx mdrun, version 2018
Executable:   /opt/apps/gromacs-2018/bin/gmx
Data prefix:  /opt/apps/gromacs-2018
Working dir:  /home/bismark01/Hanson/2fom/lef
Command line:
  gmx mdrun -v -deffnm npt

GROMACS version:    2018
Precision:          single
Memory model:       64 bit
MPI library:        thread_mpi
OpenMP support:     enabled (GMX_OPENMP_MAX_THREADS = 64)
GPU support:        disabled
SIMD instructions:  AVX2_256
FFT library:        fftpack (built-in)
RDTSCP usage:       enabled
TNG support:        enabled
Hwloc support:      disabled
Tracing support:    disabled
Built on:           2018-10-17 09:11:04
Built by:           vappiah@login.local [CMAKE]
Build OS/arch:      Linux 3.10.0-693.el7.x86_64 x86_64
Build CPU vendor:   Intel
Build CPU brand:    Intel(R) Xeon(R) CPU E5-2680 v4 @ 2.40GHz
Build CPU family:   6   Model: 79   Stepping: 1
Build CPU features: aes apic avx avx2 clfsh cmov cx8 cx16 f16c fma hle htt intel lahf mmx msr nonstop_tsc pcid pclmuldq pdcm pdpe1gb popcnt pse rdrnd rdtscp rtm sse2 sse3 sse4.1 sse4.2 ssse3 tdt x2apic
C compiler:         /usr/bin/cc GNU 4.8.5
C compiler flags:    -march=core-avx2     -O3 -DNDEBUG -funroll-all-loops -fexcess-precision=fast  
C++ compiler:       /usr/bin/c++ GNU 4.8.5
C++ compiler flags:  -march=core-avx2    -std=c++11   -O3 -DNDEBUG -funroll-all-loops -fexcess-precision=fast  


Running on 1 node with total 28 cores, 28 logical cores
Hardware detected:
  CPU info:
    Vendor: Intel
    Brand:  Intel(R) Xeon(R) CPU E5-2680 v4 @ 2.40GHz
    Family: 6   Model: 79   Stepping: 1
    Features: aes apic avx avx2 clfsh cmov cx8 cx16 f16c fma hle htt intel lahf mmx msr nonstop_tsc pcid pclmuldq pdcm pdpe1gb popcnt pse rdrnd rdtscp rtm sse2 sse3 sse4.1 sse4.2 ssse3 tdt x2apic
  Hardware topology: Basic
    Sockets, cores, and logical processors:
      Socket  0: [   0] [   2] [   4] [   6] [   8] [  10] [  12] [  14] [  16] [  18] [  20] [  22] [  24] [  26]
      Socket  1: [   1] [   3] [   5] [   7] [   9] [  11] [  13] [  15] [  17] [  19] [  21] [  23] [  25] [  27]


++++ PLEASE READ AND CITE THE FOLLOWING REFERENCE ++++
M. J. Abraham, T. Murtola, R. Schulz, S. Páll, J. C. Smith, B. Hess, E.
Lindahl
GROMACS: High performance molecular simulations through multi-level
parallelism from laptops to supercomputers
SoftwareX 1 (2015) pp. 19-25
-------- -------- --- Thank You --- -------- --------


++++ PLEASE READ AND CITE THE FOLLOWING REFERENCE ++++
S. Páll, M. J. Abraham, C. Kutzner, B. Hess, E. Lindahl
Tackling Exascale Software Challenges in Molecular Dynamics Simulations with
GROMACS
In S. Markidis & E. Laure (Eds.), Solving Software Challenges for Exascale 8759 (2015) pp. 3-27
-------- -------- --- Thank You --- -------- --------


++++ PLEASE READ AND CITE THE FOLLOWING REFERENCE ++++
S. Pronk, S. Páll, R. Schulz, P. Larsson, P. Bjelkmar, R. Apostolov, M. R.
Shirts, J. C. Smith, P. M. Kasson, D. van der Spoel, B. Hess, and E. Lindahl
GROMACS 4.5: a high-throughput and highly parallel open source molecular
simulation toolkit
Bioinformatics 29 (2013) pp. 845-54
-------- -------- --- Thank You --- -------- --------


++++ PLEASE READ AND CITE THE FOLLOWING REFERENCE ++++
B. Hess and C. Kutzner and D. van der Spoel and E. Lindahl
GROMACS 4: Algorithms for highly efficient, load-balanced, and scalable
molecular simulation
J. Chem. Theory Comput. 4 (2008) pp. 435-447
-------- -------- --- Thank You --- -------- --------


++++ PLEASE READ AND CITE THE FOLLOWING REFERENCE ++++
D. van der Spoel, E. Lindahl, B. Hess, G. Groenhof, A. E. Mark and H. J. C.
Berendsen
GROMACS: Fast, Flexible and Free
J. Comp. Chem. 26 (2005) pp. 1701-1719
-------- -------- --- Thank You --- -------- --------


++++ PLEASE READ AND CITE THE FOLLOWING REFERENCE ++++
E. Lindahl and B. Hess and D. van der Spoel
GROMACS 3.0: A package for molecular simulation and trajectory analysis
J. Mol. Mod. 7 (2001) pp. 306-317
-------- -------- --- Thank You --- -------- --------


++++ PLEASE READ AND CITE THE FOLLOWING REFERENCE ++++
H. J. C. Berendsen, D. van der Spoel and R. van Drunen
GROMACS: A message-passing parallel molecular dynamics implementation
Comp. Phys. Comm. 91 (1995) pp. 43-56
-------- -------- --- Thank You --- -------- --------

Input Parameters:
   integrator                     = md
   tinit                          = 0
   dt                             = 0.002
   nsteps                         = 50000
   init-step                      = 0
   simulation-part                = 1
   comm-mode                      = Linear
   nstcomm                        = 100
   bd-fric                        = 0
   ld-seed                        = 1347036257
   emtol                          = 10
   emstep                         = 0.01
   niter                          = 20
   fcstep                         = 0
   nstcgsteep                     = 1000
   nbfgscorr                      = 10
   rtpi                           = 0.05
   nstxout                        = 0
   nstvout                        = 0
   nstfout                        = 0
   nstlog                         = 500
   nstcalcenergy                  = 100
   nstenergy                      = 500
   nstxout-compressed             = 500
   compressed-x-precision         = 1000
   cutoff-scheme                  = Verlet
   nstlist                        = 20
   ns-type                        = Grid
   pbc                            = xyz
   periodic-molecules             = false
   verlet-buffer-tolerance        = 0.005
   rlist                          = 1.221
   coulombtype                    = PME
   coulomb-modifier               = Potential-shift
   rcoulomb-switch                = 0
   rcoulomb                       = 1.2
   epsilon-r                      = 1
   epsilon-rf                     = inf
   vdw-type                       = Cut-off
   vdw-modifier                   = Force-switch
   rvdw-switch                    = 1
   rvdw                           = 1.2
   DispCorr                       = No
   table-extension                = 1
   fourierspacing                 = 0.16
   fourier-nx                     = 48
   fourier-ny                     = 48
   fourier-nz                     = 48
   pme-order                      = 4
   ewald-rtol                     = 1e-05
   ewald-rtol-lj                  = 0.001
   lj-pme-comb-rule               = Geometric
   ewald-geometry                 = 0
   epsilon-surface                = 0
   implicit-solvent               = No
   gb-algorithm                   = Still
   nstgbradii                     = 1
   rgbradii                       = 1
   gb-epsilon-solvent             = 80
   gb-saltconc                    = 0
   gb-obc-alpha                   = 1
   gb-obc-beta                    = 0.8
   gb-obc-gamma                   = 4.85
   gb-dielectric-offset           = 0.009
   sa-algorithm                   = Ace-approximation
   sa-surface-tension             = 2.05016
   tcoupl                         = V-rescale
   nsttcouple                     = 20
   nh-chain-length                = 0
   print-nose-hoover-chain-variables = false
   pcoupl                         = Berendsen
   pcoupltype                     = Isotropic
   nstpcouple                     = 20
   tau-p                          = 2
   compressibility (3x3):
      compressibility[    0]={ 4.50000e-05,  0.00000e+00,  0.00000e+00}
      compressibility[    1]={ 0.00000e+00,  4.50000e-05,  0.00000e+00}
      compressibility[    2]={ 0.00000e+00,  0.00000e+00,  4.50000e-05}
   ref-p (3x3):
      ref-p[    0]={ 1.00000e+00,  0.00000e+00,  0.00000e+00}
      ref-p[    1]={ 0.00000e+00,  1.00000e+00,  0.00000e+00}
      ref-p[    2]={ 0.00000e+00,  0.00000e+00,  1.00000e+00}
   refcoord-scaling               = COM
   posres-com (3):
      posres-com[0]= 4.99095e-01
      posres-com[1]= 5.00886e-01
      posres-com[2]= 4.98694e-01
   posres-comB (3):
      posres-comB[0]= 4.99095e-01
      posres-comB[1]= 5.00886e-01
      posres-comB[2]= 4.98694e-01
   QMMM                           = false
   QMconstraints                  = 0
   QMMMscheme                     = 0
   MMChargeScaleFactor            = 1
qm-opts:
   ngQM                           = 0
   constraint-algorithm           = Lincs
   continuation                   = true
   Shake-SOR                      = false
   shake-tol                      = 0.0001
   lincs-order                    = 4
   lincs-iter                     = 1
   lincs-warnangle                = 30
   nwall                          = 0
   wall-type                      = 9-3
   wall-r-linpot                  = -1
   wall-atomtype[0]               = -1
   wall-atomtype[1]               = -1
   wall-density[0]                = 0
   wall-density[1]                = 0
   wall-ewald-zfac                = 3
   pull                           = false
   awh                            = false
   rotation                       = false
   interactiveMD                  = false
   disre                          = No
   disre-weighting                = Conservative
   disre-mixed                    = false
   dr-fc                          = 1000
   dr-tau                         = 0
   nstdisreout                    = 100
   orire-fc                       = 0
   orire-tau                      = 0
   nstorireout                    = 100
   free-energy                    = no
   cos-acceleration               = 0
   deform (3x3):
      deform[    0]={ 0.00000e+00,  0.00000e+00,  0.00000e+00}
      deform[    1]={ 0.00000e+00,  0.00000e+00,  0.00000e+00}
      deform[    2]={ 0.00000e+00,  0.00000e+00,  0.00000e+00}
   simulated-tempering            = false
   swapcoords                     = no
   userint1                       = 0
   userint2                       = 0
   userint3                       = 0
   userint4                       = 0
   userreal1                      = 0
   userreal2                      = 0
   userreal3                      = 0
   userreal4                      = 0
   applied-forces:
     electric-field:
       x:
         E0                       = 0
         omega                    = 0
         t0                       = 0
         sigma                    = 0
       y:
         E0                       = 0
         omega                    = 0
         t0                       = 0
         sigma                    = 0
       z:
         E0                       = 0
         omega                    = 0
         t0                       = 0
         sigma                    = 0
grpopts:
   nrdf:     5776.77     70809.2
   ref-t:         300         300
   tau-t:         0.1         0.1
annealing:          No          No
annealing-npoints:           0           0
   acc:	           0           0           0
   nfreeze:           N           N           N
   energygrp-flags[  0]: 0

Changing nstlist from 20 to 80, rlist from 1.221 to 1.323


Initializing Domain Decomposition on 28 ranks
Dynamic load balancing: locked
Initial maximum inter charge-group distances:
    two-body bonded interactions: 0.409 nm, LJ-14, atoms 1531 1538
  multi-body bonded interactions: 0.491 nm, CMAP Dih., atoms 309 318
Minimum cell size due to bonded interactions: 0.540 nm
Maximum distance for 5 constraints, at 120 deg. angles, all-trans: 0.222 nm
Estimated maximum distance required for P-LINCS: 0.222 nm
Guess for relative PME load: 0.13
Will use 24 particle-particle and 4 PME only ranks
This is a guess, check the performance at the end of the log file
Using 4 separate PME ranks, as guessed by mdrun
Scaling the initial minimum size with 1/0.8 (option -dds) = 1.25
Optimizing the DD grid for 24 cells with a minimum initial size of 0.675 nm
The maximum allowed number of cells is: X 10 Y 10 Z 10
Domain decomposition grid 4 x 3 x 2, separate PME ranks 4
PME domain decomposition: 4 x 1 x 1
Interleaving PP and PME ranks
This rank does only particle-particle work.

Domain decomposition rank 0, coordinates 0 0 0

The initial number of communication pulses is: X 1 Y 1 Z 1
The initial domain decomposition cell size is: X 1.82 nm Y 2.43 nm Z 3.65 nm

The maximum allowed distance for charge groups involved in interactions is:
                 non-bonded interactions           1.323 nm
(the following are initial values, they could change due to box deformation)
            two-body bonded interactions  (-rdd)   1.323 nm
          multi-body bonded interactions  (-rdd)   1.323 nm
  atoms separated by up to 5 constraints  (-rcon)  1.823 nm

When dynamic load balancing gets turned on, these settings will change to:
The maximum number of communication pulses is: X 1 Y 1 Z 1
The minimum size for domain decomposition cells is 1.323 nm
The requested allowed shrink of DD cells (option -dds) is: 0.80
The allowed shrink of domain decomposition cells is: X 0.73 Y 0.54 Z 0.36
The maximum allowed distance for charge groups involved in interactions is:
                 non-bonded interactions           1.323 nm
            two-body bonded interactions  (-rdd)   1.323 nm
          multi-body bonded interactions  (-rdd)   1.323 nm
  atoms separated by up to 5 constraints  (-rcon)  1.323 nm

Using 28 MPI threads
Using 1 OpenMP thread per tMPI thread

Pinning threads with an auto-selected logical core stride of 1
System total charge: 0.000
Will do PME sum in reciprocal space for electrostatic interactions.

++++ PLEASE READ AND CITE THE FOLLOWING REFERENCE ++++
U. Essmann, L. Perera, M. L. Berkowitz, T. Darden, H. Lee and L. G. Pedersen 
A smooth particle mesh Ewald method
J. Chem. Phys. 103 (1995) pp. 8577-8592
-------- -------- --- Thank You --- -------- --------

Using a Gaussian width (1/beta) of 0.384195 nm for Ewald
Potential shift: LJ r^-12: -2.648e-01 r^-6: -5.349e-01, Ewald -8.333e-06
Initialized non-bonded Ewald correction tables, spacing: 1.02e-03 size: 1176

Generated table with 1161 data points for 1-4 COUL.
Tabscale = 500 points/nm
Generated table with 1161 data points for 1-4 LJ6.
Tabscale = 500 points/nm
Generated table with 1161 data points for 1-4 LJ12.
Tabscale = 500 points/nm

Using SIMD 4x8 nonbonded short-range kernels

Using a dual 4x8 pair-list setup updated with dynamic pruning:
  outer list: updated every 80 steps, buffer 0.123 nm, rlist 1.323 nm
  inner list: updated every 13 steps, buffer 0.001 nm, rlist 1.201 nm
At tolerance 0.005 kJ/mol/ps per atom, equivalent classical 1x1 list would be:
  outer list: updated every 80 steps, buffer 0.272 nm, rlist 1.472 nm
  inner list: updated every 13 steps, buffer 0.051 nm, rlist 1.251 nm


Initializing Parallel LINear Constraint Solver

++++ PLEASE READ AND CITE THE FOLLOWING REFERENCE ++++
B. Hess
P-LINCS: A Parallel Linear Constraint Solver for molecular simulation
J. Chem. Theory Comput. 4 (2008) pp. 116-122
-------- -------- --- Thank You --- -------- --------

The number of constraints is 1159
There are inter charge-group constraints,
will communicate selected coordinates each lincs iteration

++++ PLEASE READ AND CITE THE FOLLOWING REFERENCE ++++
S. Miyamoto and P. A. Kollman
SETTLE: An Analytical Version of the SHAKE and RATTLE Algorithms for Rigid
Water Models
J. Comp. Chem. 13 (1992) pp. 952-962
-------- -------- --- Thank You --- -------- --------


Linking all bonded interactions to atoms


Intra-simulation communication will occur every 20 steps.
Center of mass motion removal mode is Linear
We have the following groups for center of mass motion removal:
  0:  rest

++++ PLEASE READ AND CITE THE FOLLOWING REFERENCE ++++
G. Bussi, D. Donadio and M. Parrinello
Canonical sampling through velocity rescaling
J. Chem. Phys. 126 (2007) pp. 014101
-------- -------- --- Thank You --- -------- --------

There are: 37715 Atoms
Atom distribution over 24 domains: av 1571 stddev 52 min 1512 max 1653

Started mdrun on rank 0 Tue Sep 24 06:48:08 2024
           Step           Time
              0        0.00000

   Energies (kJ/mol)
           Bond            U-B    Proper Dih.  Improper Dih.      CMAP Dih.
    1.94877e+03    5.03778e+03    5.68182e+03    3.24353e+02   -3.87264e+02
          LJ-14     Coulomb-14        LJ (SR)   Coulomb (SR)   Coul. recip.
    1.61076e+03    3.18949e+04    8.05566e+04   -6.26752e+05    1.81191e+03
 Position Rest.      Potential    Kinetic En.   Total Energy  Conserved En.
    1.40555e-01   -4.98272e+05    9.57037e+04   -4.02568e+05   -4.02567e+05
    Temperature Pressure (bar)   Constr. rmsd
    3.00591e+02   -2.81319e+01    3.08488e-06

DD  step 79 load imb.: force 22.9%  pme mesh/force 0.630


step 240 Turning on dynamic load balancing, because the performance loss due to load imbalance is 16.3 %.

           Step           Time
            500        1.00000

   Energies (kJ/mol)
           Bond            U-B    Proper Dih.  Improper Dih.      CMAP Dih.
    1.76071e+03    4.97071e+03    5.76847e+03    2.92514e+02   -3.12525e+02
          LJ-14     Coulomb-14        LJ (SR)   Coulomb (SR)   Coul. recip.
    1.70881e+03    3.21211e+04    8.12605e+04   -6.27894e+05    1.74631e+03
 Position Rest.      Potential    Kinetic En.   Total Energy  Conserved En.
    5.69170e+02   -4.98009e+05    9.56631e+04   -4.02346e+05   -4.02576e+05
    Temperature Pressure (bar)   Constr. rmsd
    3.00463e+02    1.61679e+02    2.83142e-06

           Step           Time
           1000        2.00000

   Energies (kJ/mol)
           Bond            U-B    Proper Dih.  Improper Dih.      CMAP Dih.
    1.74371e+03    5.06027e+03    5.68225e+03    3.05429e+02   -3.06602e+02
          LJ-14     Coulomb-14        LJ (SR)   Coulomb (SR)   Coul. recip.
    1.56904e+03    3.19234e+04    8.12481e+04   -6.27946e+05    1.79939e+03
 Position Rest.      Potential    Kinetic En.   Total Energy  Conserved En.
    5.56977e+02   -4.98364e+05    9.63792e+04   -4.01985e+05   -4.02578e+05
    Temperature Pressure (bar)   Constr. rmsd
    3.02712e+02   -5.53069e+01    2.73894e-06

           Step           Time
           1500        3.00000

   Energies (kJ/mol)
           Bond            U-B    Proper Dih.  Improper Dih.      CMAP Dih.
    1.84366e+03    5.16251e+03    5.70859e+03    2.97835e+02   -3.54323e+02
          LJ-14     Coulomb-14        LJ (SR)   Coulomb (SR)   Coul. recip.
    1.63318e+03    3.18545e+04    8.00742e+04   -6.26359e+05    1.88142e+03
 Position Rest.      Potential    Kinetic En.   Total Energy  Conserved En.
    5.21308e+02   -4.97736e+05    9.52109e+04   -4.02525e+05   -4.02543e+05
    Temperature Pressure (bar)   Constr. rmsd
    2.99043e+02   -1.53282e+02    3.20757e-06

DD  step 1999  vol min/aver 0.802  load imb.: force  4.3%  pme mesh/force 0.674

           Step           Time
           2000        4.00000

   Energies (kJ/mol)
           Bond            U-B    Proper Dih.  Improper Dih.      CMAP Dih.
    1.86084e+03    5.06830e+03    5.70996e+03    2.84315e+02   -3.63100e+02
          LJ-14     Coulomb-14        LJ (SR)   Coulomb (SR)   Coul. recip.
    1.64835e+03    3.20379e+04    8.15546e+04   -6.28663e+05    1.80937e+03
 Position Rest.      Potential    Kinetic En.   Total Energy  Conserved En.
    5.34214e+02   -4.98518e+05    9.61914e+04   -4.02327e+05   -4.02573e+05
    Temperature Pressure (bar)   Constr. rmsd
    3.02122e+02    1.91702e+02    3.16564e-06

           Step           Time
           2500        5.00000

   Energies (kJ/mol)
           Bond            U-B    Proper Dih.  Improper Dih.      CMAP Dih.
    2.00709e+03    5.32781e+03    5.73562e+03    3.42525e+02   -4.46072e+02
          LJ-14     Coulomb-14        LJ (SR)   Coulomb (SR)   Coul. recip.
    1.54335e+03    3.18022e+04    8.12226e+04   -6.28153e+05    1.82689e+03
 Position Rest.      Potential    Kinetic En.   Total Energy  Conserved En.
    5.59709e+02   -4.98231e+05    9.58205e+04   -4.02411e+05   -4.02540e+05
    Temperature Pressure (bar)   Constr. rmsd
    3.00957e+02   -4.19785e+01    2.82646e-06

           Step           Time
           3000        6.00000

   Energies (kJ/mol)
           Bond            U-B    Proper Dih.  Improper Dih.      CMAP Dih.
    1.95474e+03    4.88565e+03    5.73731e+03    3.11637e+02   -3.40446e+02
          LJ-14     Coulomb-14        LJ (SR)   Coulomb (SR)   Coul. recip.
    1.68427e+03    3.18125e+04    7.89297e+04   -6.25603e+05    1.82868e+03
 Position Rest.      Potential    Kinetic En.   Total Energy  Conserved En.
    6.03104e+02   -4.98196e+05    9.52914e+04   -4.02905e+05   -4.02528e+05
    Temperature Pressure (bar)   Constr. rmsd
    2.99296e+02   -1.53973e+02    2.86862e-06

           Step           Time
           3500        7.00000

   Energies (kJ/mol)
           Bond            U-B    Proper Dih.  Improper Dih.      CMAP Dih.
    1.95148e+03    5.13310e+03    5.69337e+03    3.25815e+02   -3.85281e+02
          LJ-14     Coulomb-14        LJ (SR)   Coulomb (SR)   Coul. recip.
    1.63412e+03    3.17544e+04    8.01295e+04   -6.26744e+05    1.80603e+03
 Position Rest.      Potential    Kinetic En.   Total Energy  Conserved En.
    5.71687e+02   -4.98130e+05    9.61130e+04   -4.02016e+05   -4.02542e+05
    Temperature Pressure (bar)   Constr. rmsd
    3.01876e+02   -8.28594e+01    3.10425e-06

DD  step 3999  vol min/aver 0.800  load imb.: force  3.3%  pme mesh/force 0.681

           Step           Time
           4000        8.00000

   Energies (kJ/mol)
           Bond            U-B    Proper Dih.  Improper Dih.      CMAP Dih.
    1.93208e+03    5.33050e+03    5.61347e+03    2.55232e+02   -3.64895e+02
          LJ-14     Coulomb-14        LJ (SR)   Coulomb (SR)   Coul. recip.
    1.59772e+03    3.15268e+04    8.07700e+04   -6.27091e+05    1.81083e+03
 Position Rest.      Potential    Kinetic En.   Total Energy  Conserved En.
    5.50106e+02   -4.98069e+05    9.59104e+04   -4.02159e+05   -4.02540e+05
    Temperature Pressure (bar)   Constr. rmsd
    3.01240e+02   -2.88567e+01    2.72888e-06

           Step           Time
           4500        9.00000

   Energies (kJ/mol)
           Bond            U-B    Proper Dih.  Improper Dih.      CMAP Dih.
    1.92130e+03    5.13333e+03    5.70011e+03    2.90430e+02   -3.62751e+02
          LJ-14     Coulomb-14        LJ (SR)   Coulomb (SR)   Coul. recip.
    1.64145e+03    3.19304e+04    8.10841e+04   -6.27617e+05    1.83683e+03
 Position Rest.      Potential    Kinetic En.   Total Energy  Conserved En.
    5.64488e+02   -4.97877e+05    9.56953e+04   -4.02182e+05   -4.02536e+05
    Temperature Pressure (bar)   Constr. rmsd
    3.00564e+02    2.15896e+01    2.62630e-06

           Step           Time
           5000       10.00000

   Energies (kJ/mol)
           Bond            U-B    Proper Dih.  Improper Dih.      CMAP Dih.
    1.90932e+03    4.95991e+03    5.61284e+03    2.94018e+02   -3.63908e+02
          LJ-14     Coulomb-14        LJ (SR)   Coulomb (SR)   Coul. recip.
    1.59223e+03    3.17431e+04    8.03567e+04   -6.27930e+05    1.81471e+03
 Position Rest.      Potential    Kinetic En.   Total Energy  Conserved En.
    5.58855e+02   -4.99452e+05    9.53142e+04   -4.04138e+05   -4.02529e+05
    Temperature Pressure (bar)   Constr. rmsd
    2.99367e+02   -1.80261e+02    2.85724e-06

           Step           Time
           5500       11.00000

   Energies (kJ/mol)
           Bond            U-B    Proper Dih.  Improper Dih.      CMAP Dih.
    1.77483e+03    5.08083e+03    5.66679e+03    3.28069e+02   -4.04837e+02
          LJ-14     Coulomb-14        LJ (SR)   Coulomb (SR)   Coul. recip.
    1.64894e+03    3.18376e+04    8.14234e+04   -6.29616e+05    1.81873e+03
 Position Rest.      Potential    Kinetic En.   Total Energy  Conserved En.
    5.51321e+02   -4.99891e+05    9.46560e+04   -4.05235e+05   -4.02526e+05
    Temperature Pressure (bar)   Constr. rmsd
    2.97300e+02    3.65180e+00    2.66862e-06

DD  step 5999  vol min/aver 0.822  load imb.: force  2.6%  pme mesh/force 0.683

           Step           Time
           6000       12.00000

   Energies (kJ/mol)
           Bond            U-B    Proper Dih.  Improper Dih.      CMAP Dih.
    1.95598e+03    5.14749e+03    5.60265e+03    3.14497e+02   -3.81665e+02
          LJ-14     Coulomb-14        LJ (SR)   Coulomb (SR)   Coul. recip.
    1.60314e+03    3.18134e+04    8.05775e+04   -6.26636e+05    1.82579e+03
 Position Rest.      Potential    Kinetic En.   Total Energy  Conserved En.
    6.04155e+02   -4.97573e+05    9.56597e+04   -4.01913e+05   -4.02514e+05
    Temperature Pressure (bar)   Constr. rmsd
    3.00452e+02   -5.56440e+01    2.72212e-06

           Step           Time
           6500       13.00000

   Energies (kJ/mol)
           Bond            U-B    Proper Dih.  Improper Dih.      CMAP Dih.
    1.72226e+03    5.16569e+03    5.64544e+03    3.14274e+02   -3.75985e+02
          LJ-14     Coulomb-14        LJ (SR)   Coulomb (SR)   Coul. recip.
    1.74157e+03    3.19225e+04    8.09062e+04   -6.28084e+05    1.78500e+03
 Position Rest.      Potential    Kinetic En.   Total Energy  Conserved En.
    5.40790e+02   -4.98717e+05    9.62578e+04   -4.02459e+05   -4.02554e+05
    Temperature Pressure (bar)   Constr. rmsd
    3.02331e+02    3.18522e+02    2.95830e-06

           Step           Time
           7000       14.00000

   Energies (kJ/mol)
           Bond            U-B    Proper Dih.  Improper Dih.      CMAP Dih.
    1.81448e+03    5.16341e+03    5.57177e+03    2.81785e+02   -4.03843e+02
          LJ-14     Coulomb-14        LJ (SR)   Coulomb (SR)   Coul. recip.
    1.60313e+03    3.20536e+04    8.01878e+04   -6.26876e+05    1.87111e+03
 Position Rest.      Potential    Kinetic En.   Total Energy  Conserved En.
    5.37946e+02   -4.98195e+05    9.55295e+04   -4.02665e+05   -4.02524e+05
    Temperature Pressure (bar)   Constr. rmsd
    3.00043e+02   -1.32378e+02    2.74654e-06

           Step           Time
           7500       15.00000

   Energies (kJ/mol)
           Bond            U-B    Proper Dih.  Improper Dih.      CMAP Dih.
    1.93160e+03    5.13239e+03    5.67305e+03    2.65911e+02   -3.72531e+02
          LJ-14     Coulomb-14        LJ (SR)   Coulomb (SR)   Coul. recip.
    1.62302e+03    3.16853e+04    8.15527e+04   -6.27879e+05    1.74821e+03
 Position Rest.      Potential    Kinetic En.   Total Energy  Conserved En.
    5.70385e+02   -4.98069e+05    9.54624e+04   -4.02606e+05   -4.02543e+05
    Temperature Pressure (bar)   Constr. rmsd
    2.99833e+02    7.91617e+01    3.07173e-06

DD  step 7999  vol min/aver 0.810  load imb.: force  2.4%  pme mesh/force 0.684

           Step           Time
           8000       16.00000

   Energies (kJ/mol)
           Bond            U-B    Proper Dih.  Improper Dih.      CMAP Dih.
    1.81616e+03    5.11276e+03    5.64964e+03    3.00034e+02   -3.91914e+02
          LJ-14     Coulomb-14        LJ (SR)   Coulomb (SR)   Coul. recip.
    1.65822e+03    3.15599e+04    7.95301e+04   -6.26828e+05    1.77871e+03
 Position Rest.      Potential    Kinetic En.   Total Energy  Conserved En.
    4.99252e+02   -4.99315e+05    9.49196e+04   -4.04396e+05   -4.02521e+05
    Temperature Pressure (bar)   Constr. rmsd
    2.98128e+02   -1.25725e+02    2.88405e-06

           Step           Time
           8500       17.00000

   Energies (kJ/mol)
           Bond            U-B    Proper Dih.  Improper Dih.      CMAP Dih.
    1.86138e+03    5.10830e+03    5.66826e+03    3.12028e+02   -3.14411e+02
          LJ-14     Coulomb-14        LJ (SR)   Coulomb (SR)   Coul. recip.
    1.61093e+03    3.19486e+04    8.07904e+04   -6.28223e+05    1.79707e+03
 Position Rest.      Potential    Kinetic En.   Total Energy  Conserved En.
    5.00423e+02   -4.98940e+05    9.47081e+04   -4.04232e+05   -4.02504e+05
    Temperature Pressure (bar)   Constr. rmsd
    2.97463e+02   -4.70773e+01    2.63898e-06

           Step           Time
           9000       18.00000

   Energies (kJ/mol)
           Bond            U-B    Proper Dih.  Improper Dih.      CMAP Dih.
    1.76245e+03    5.29990e+03    5.68045e+03    3.04676e+02   -3.49665e+02
          LJ-14     Coulomb-14        LJ (SR)   Coulomb (SR)   Coul. recip.
    1.64523e+03    3.18692e+04    8.12467e+04   -6.28462e+05    1.68549e+03
 Position Rest.      Potential    Kinetic En.   Total Energy  Conserved En.
    5.47362e+02   -4.98770e+05    9.60995e+04   -4.02671e+05   -4.02522e+05
    Temperature Pressure (bar)   Constr. rmsd
    3.01834e+02    6.79482e+01    2.68346e-06

           Step           Time
           9500       19.00000

   Energies (kJ/mol)
           Bond            U-B    Proper Dih.  Improper Dih.      CMAP Dih.
    1.83244e+03    5.13911e+03    5.58718e+03    2.78320e+02   -3.69424e+02
          LJ-14     Coulomb-14        LJ (SR)   Coulomb (SR)   Coul. recip.
    1.63604e+03    3.19719e+04    7.95934e+04   -6.26079e+05    1.81816e+03
 Position Rest.      Potential    Kinetic En.   Total Energy  Conserved En.
    5.66803e+02   -4.98025e+05    9.51626e+04   -4.02862e+05   -4.02506e+05
    Temperature Pressure (bar)   Constr. rmsd
    2.98891e+02    4.37403e+00    2.96814e-06

DD  step 9999  vol min/aver 0.809  load imb.: force  2.1%  pme mesh/force 0.683

           Step           Time
          10000       20.00000

   Energies (kJ/mol)
           Bond            U-B    Proper Dih.  Improper Dih.      CMAP Dih.
    1.87426e+03    5.15345e+03    5.67319e+03    2.82744e+02   -3.79561e+02
          LJ-14     Coulomb-14        LJ (SR)   Coulomb (SR)   Coul. recip.
    1.60715e+03    3.17720e+04    8.09945e+04   -6.28116e+05    1.76155e+03
 Position Rest.      Potential    Kinetic En.   Total Energy  Conserved En.
    5.57429e+02   -4.98819e+05    9.55173e+04   -4.03302e+05   -4.02509e+05
    Temperature Pressure (bar)   Constr. rmsd
    3.00005e+02    8.57662e+01    2.96491e-06

           Step           Time
          10500       21.00000

   Energies (kJ/mol)
           Bond            U-B    Proper Dih.  Improper Dih.      CMAP Dih.
    1.97823e+03    5.13422e+03    5.71875e+03    3.50288e+02   -3.70089e+02
          LJ-14     Coulomb-14        LJ (SR)   Coulomb (SR)   Coul. recip.
    1.60139e+03    3.18904e+04    7.98496e+04   -6.25889e+05    1.78198e+03
 Position Rest.      Potential    Kinetic En.   Total Energy  Conserved En.
    5.53642e+02   -4.97401e+05    9.66679e+04   -4.00733e+05   -4.02512e+05
    Temperature Pressure (bar)   Constr. rmsd
    3.03619e+02   -8.23100e+01    2.83986e-06

           Step           Time
          11000       22.00000

   Energies (kJ/mol)
           Bond            U-B    Proper Dih.  Improper Dih.      CMAP Dih.
    1.83009e+03    4.96078e+03    5.71420e+03    3.12304e+02   -3.46212e+02
          LJ-14     Coulomb-14        LJ (SR)   Coulomb (SR)   Coul. recip.
    1.65924e+03    3.18803e+04    8.10082e+04   -6.29272e+05    1.78589e+03
 Position Rest.      Potential    Kinetic En.   Total Energy  Conserved En.
    5.17988e+02   -4.99950e+05    9.61676e+04   -4.03782e+05   -4.02529e+05
    Temperature Pressure (bar)   Constr. rmsd
    3.02048e+02    1.06593e+02    3.07250e-06

           Step           Time
          11500       23.00000

   Energies (kJ/mol)
           Bond            U-B    Proper Dih.  Improper Dih.      CMAP Dih.
    1.82944e+03    5.05970e+03    5.72079e+03    2.78453e+02   -4.07892e+02
          LJ-14     Coulomb-14        LJ (SR)   Coulomb (SR)   Coul. recip.
    1.66768e+03    3.17030e+04    8.05811e+04   -6.27820e+05    1.75478e+03
 Position Rest.      Potential    Kinetic En.   Total Energy  Conserved En.
    5.98846e+02   -4.99034e+05    9.55274e+04   -4.03506e+05   -4.02496e+05
    Temperature Pressure (bar)   Constr. rmsd
    3.00037e+02   -1.15932e+02    2.89359e-06

DD  step 11999  vol min/aver 0.802  load imb.: force  3.3%  pme mesh/force 0.676

           Step           Time
          12000       24.00000

   Energies (kJ/mol)
           Bond            U-B    Proper Dih.  Improper Dih.      CMAP Dih.
    1.82934e+03    5.06540e+03    5.63263e+03    3.44472e+02   -3.81363e+02
          LJ-14     Coulomb-14        LJ (SR)   Coulomb (SR)   Coul. recip.
    1.59801e+03    3.17294e+04    7.99361e+04   -6.26886e+05    1.76551e+03
 Position Rest.      Potential    Kinetic En.   Total Energy  Conserved En.
    5.24425e+02   -4.98842e+05    9.58904e+04   -4.02952e+05   -4.02496e+05
    Temperature Pressure (bar)   Constr. rmsd
    3.01177e+02   -1.12025e+02    2.95766e-06

           Step           Time
          12500       25.00000

   Energies (kJ/mol)
           Bond            U-B    Proper Dih.  Improper Dih.      CMAP Dih.
    1.97582e+03    5.08260e+03    5.69495e+03    2.85292e+02   -3.76015e+02
          LJ-14     Coulomb-14        LJ (SR)   Coulomb (SR)   Coul. recip.
    1.61981e+03    3.19046e+04    8.17016e+04   -6.29520e+05    1.80470e+03
 Position Rest.      Potential    Kinetic En.   Total Energy  Conserved En.
    5.62976e+02   -4.99264e+05    9.59864e+04   -4.03277e+05   -4.02484e+05
    Temperature Pressure (bar)   Constr. rmsd
    3.01478e+02    3.69091e+01    2.59797e-06

           Step           Time
          13000       26.00000

   Energies (kJ/mol)
           Bond            U-B    Proper Dih.  Improper Dih.      CMAP Dih.
    1.86753e+03    5.21471e+03    5.67530e+03    2.82179e+02   -4.33719e+02
          LJ-14     Coulomb-14        LJ (SR)   Coulomb (SR)   Coul. recip.
    1.71001e+03    3.18877e+04    8.04398e+04   -6.26762e+05    1.79902e+03
 Position Rest.      Potential    Kinetic En.   Total Energy  Conserved En.
    6.39784e+02   -4.97680e+05    9.53428e+04   -4.02337e+05   -4.02484e+05
    Temperature Pressure (bar)   Constr. rmsd
    2.99457e+02    1.61644e+02    2.78336e-06

           Step           Time
          13500       27.00000

   Energies (kJ/mol)
           Bond            U-B    Proper Dih.  Improper Dih.      CMAP Dih.
    1.86673e+03    5.23800e+03    5.73013e+03    2.51829e+02   -3.80398e+02
          LJ-14     Coulomb-14        LJ (SR)   Coulomb (SR)   Coul. recip.
    1.66143e+03    3.17809e+04    8.02441e+04   -6.26355e+05    1.84140e+03
 Position Rest.      Potential    Kinetic En.   Total Energy  Conserved En.
    5.89585e+02   -4.97532e+05    9.51065e+04   -4.02425e+05   -4.02455e+05
    Temperature Pressure (bar)   Constr. rmsd
    2.98715e+02   -3.78182e+01    2.87094e-06

DD  step 13999  vol min/aver 0.808  load imb.: force  2.1%  pme mesh/force 0.683

           Step           Time
          14000       28.00000

   Energies (kJ/mol)
           Bond            U-B    Proper Dih.  Improper Dih.      CMAP Dih.
    1.73424e+03    4.96301e+03    5.69096e+03    2.68713e+02   -3.81922e+02
          LJ-14     Coulomb-14        LJ (SR)   Coulomb (SR)   Coul. recip.
    1.63908e+03    3.19929e+04    7.99277e+04   -6.27777e+05    1.81217e+03
 Position Rest.      Potential    Kinetic En.   Total Energy  Conserved En.
    5.88972e+02   -4.99541e+05    9.46400e+04   -4.04901e+05   -4.02473e+05
    Temperature Pressure (bar)   Constr. rmsd
    2.97250e+02   -1.31930e+02    2.79796e-06

           Step           Time
          14500       29.00000

   Energies (kJ/mol)
           Bond            U-B    Proper Dih.  Improper Dih.      CMAP Dih.
    1.83154e+03    5.28655e+03    5.69415e+03    3.00930e+02   -3.90628e+02
          LJ-14     Coulomb-14        LJ (SR)   Coulomb (SR)   Coul. recip.
    1.60651e+03    3.16603e+04    8.18881e+04   -6.28120e+05    1.84437e+03
 Position Rest.      Potential    Kinetic En.   Total Energy  Conserved En.
    6.05516e+02   -4.97793e+05    9.52626e+04   -4.02530e+05   -4.02478e+05
    Temperature Pressure (bar)   Constr. rmsd
    2.99205e+02    1.41601e+02    2.99061e-06

           Step           Time
          15000       30.00000

   Energies (kJ/mol)
           Bond            U-B    Proper Dih.  Improper Dih.      CMAP Dih.
    1.92743e+03    5.15317e+03    5.64791e+03    2.99960e+02   -3.50811e+02
          LJ-14     Coulomb-14        LJ (SR)   Coulomb (SR)   Coul. recip.
    1.63471e+03    3.18562e+04    8.01791e+04   -6.25956e+05    1.82911e+03
 Position Rest.      Potential    Kinetic En.   Total Energy  Conserved En.
    5.63917e+02   -4.97215e+05    9.62996e+04   -4.00915e+05   -4.02458e+05
    Temperature Pressure (bar)   Constr. rmsd
    3.02462e+02   -1.37718e+02    2.83552e-06

           Step           Time
          15500       31.00000

   Energies (kJ/mol)
           Bond            U-B    Proper Dih.  Improper Dih.      CMAP Dih.
    1.94030e+03    4.87822e+03    5.71960e+03    3.36092e+02   -3.67616e+02
          LJ-14     Coulomb-14        LJ (SR)   Coulomb (SR)   Coul. recip.
    1.60940e+03    3.19178e+04    8.03517e+04   -6.27777e+05    1.80145e+03
 Position Rest.      Potential    Kinetic En.   Total Energy  Conserved En.
    6.00720e+02   -4.98989e+05    9.48983e+04   -4.04091e+05   -4.02449e+05
    Temperature Pressure (bar)   Constr. rmsd
    2.98061e+02   -2.48695e+02    2.95623e-06

DD  step 15999  vol min/aver 0.808  load imb.: force  2.2%  pme mesh/force 0.686

           Step           Time
          16000       32.00000

   Energies (kJ/mol)
           Bond            U-B    Proper Dih.  Improper Dih.      CMAP Dih.
    1.91962e+03    5.08193e+03    5.71451e+03    2.83110e+02   -3.41371e+02
          LJ-14     Coulomb-14        LJ (SR)   Coulomb (SR)   Coul. recip.
    1.65397e+03    3.19468e+04    8.07814e+04   -6.28012e+05    1.78716e+03
 Position Rest.      Potential    Kinetic En.   Total Energy  Conserved En.
    6.22758e+02   -4.98562e+05    9.56099e+04   -4.02952e+05   -4.02443e+05
    Temperature Pressure (bar)   Constr. rmsd
    3.00296e+02   -1.09078e+02    2.98528e-06

           Step           Time
          16500       33.00000

   Energies (kJ/mol)
           Bond            U-B    Proper Dih.  Improper Dih.      CMAP Dih.
    1.90317e+03    5.12600e+03    5.70162e+03    2.84501e+02   -3.76771e+02
          LJ-14     Coulomb-14        LJ (SR)   Coulomb (SR)   Coul. recip.
    1.56889e+03    3.18231e+04    8.01016e+04   -6.26916e+05    1.75134e+03
 Position Rest.      Potential    Kinetic En.   Total Energy  Conserved En.
    5.77300e+02   -4.98456e+05    9.56659e+04   -4.02790e+05   -4.02454e+05
    Temperature Pressure (bar)   Constr. rmsd
    3.00472e+02   -1.37266e+02    2.76812e-06

           Step           Time
          17000       34.00000

   Energies (kJ/mol)
           Bond            U-B    Proper Dih.  Improper Dih.      CMAP Dih.
    2.00718e+03    4.88692e+03    5.63219e+03    2.75566e+02   -3.88911e+02
          LJ-14     Coulomb-14        LJ (SR)   Coulomb (SR)   Coul. recip.
    1.66477e+03    3.18822e+04    8.05214e+04   -6.27766e+05    1.77335e+03
 Position Rest.      Potential    Kinetic En.   Total Energy  Conserved En.
    5.39497e+02   -4.98972e+05    9.52189e+04   -4.03753e+05   -4.02437e+05
    Temperature Pressure (bar)   Constr. rmsd
    2.99068e+02   -7.41623e+01    2.93840e-06

           Step           Time
          17500       35.00000

   Energies (kJ/mol)
           Bond            U-B    Proper Dih.  Improper Dih.      CMAP Dih.
    1.76378e+03    4.94769e+03    5.59138e+03    3.22827e+02   -4.15248e+02
          LJ-14     Coulomb-14        LJ (SR)   Coulomb (SR)   Coul. recip.
    1.64526e+03    3.18600e+04    8.02036e+04   -6.27755e+05    1.77961e+03
 Position Rest.      Potential    Kinetic En.   Total Energy  Conserved En.
    5.90927e+02   -4.99466e+05    9.53905e+04   -4.04075e+05   -4.02459e+05
    Temperature Pressure (bar)   Constr. rmsd
    2.99607e+02   -3.51563e+01    2.74947e-06

DD  step 17999  vol min/aver 0.809  load imb.: force  2.5%  pme mesh/force 0.682

           Step           Time
          18000       36.00000

   Energies (kJ/mol)
           Bond            U-B    Proper Dih.  Improper Dih.      CMAP Dih.
    1.75580e+03    4.96476e+03    5.56984e+03    2.75264e+02   -3.33195e+02
          LJ-14     Coulomb-14        LJ (SR)   Coulomb (SR)   Coul. recip.
    1.70198e+03    3.19749e+04    7.97792e+04   -6.26169e+05    1.84724e+03
 Position Rest.      Potential    Kinetic En.   Total Energy  Conserved En.
    5.80173e+02   -4.98053e+05    9.61185e+04   -4.01935e+05   -4.02466e+05
    Temperature Pressure (bar)   Constr. rmsd
    3.01893e+02    7.37065e+01    3.03700e-06

           Step           Time
          18500       37.00000

   Energies (kJ/mol)
           Bond            U-B    Proper Dih.  Improper Dih.      CMAP Dih.
    1.80125e+03    5.23250e+03    5.60343e+03    3.20935e+02   -3.42798e+02
          LJ-14     Coulomb-14        LJ (SR)   Coulomb (SR)   Coul. recip.
    1.62778e+03    3.17395e+04    8.11542e+04   -6.27971e+05    1.77309e+03
 Position Rest.      Potential    Kinetic En.   Total Energy  Conserved En.
    5.55916e+02   -4.98505e+05    9.48725e+04   -4.03633e+05   -4.02414e+05
    Temperature Pressure (bar)   Constr. rmsd
    2.97980e+02   -3.97673e+01    2.76268e-06

           Step           Time
          19000       38.00000

   Energies (kJ/mol)
           Bond            U-B    Proper Dih.  Improper Dih.      CMAP Dih.
    1.82615e+03    5.16147e+03    5.67182e+03    2.73367e+02   -3.57096e+02
          LJ-14     Coulomb-14        LJ (SR)   Coulomb (SR)   Coul. recip.
    1.65610e+03    3.19543e+04    8.03715e+04   -6.27900e+05    1.81685e+03
 Position Rest.      Potential    Kinetic En.   Total Energy  Conserved En.
    5.52616e+02   -4.98973e+05    9.45975e+04   -4.04375e+05   -4.02417e+05
    Temperature Pressure (bar)   Constr. rmsd
    2.97116e+02   -7.07657e+01    2.80981e-06

           Step           Time
          19500       39.00000

   Energies (kJ/mol)
           Bond            U-B    Proper Dih.  Improper Dih.      CMAP Dih.
    1.84729e+03    5.12610e+03    5.75632e+03    3.19712e+02   -4.05465e+02
          LJ-14     Coulomb-14        LJ (SR)   Coulomb (SR)   Coul. recip.
    1.70548e+03    3.17263e+04    7.96992e+04   -6.27570e+05    1.81366e+03
 Position Rest.      Potential    Kinetic En.   Total Energy  Conserved En.
    5.48226e+02   -4.99434e+05    9.59150e+04   -4.03519e+05   -4.02405e+05
    Temperature Pressure (bar)   Constr. rmsd
    3.01254e+02   -1.35997e+02    2.85301e-06

DD  step 19999  vol min/aver 0.809  load imb.: force  1.8%  pme mesh/force 0.687

           Step           Time
          20000       40.00000

   Energies (kJ/mol)
           Bond            U-B    Proper Dih.  Improper Dih.      CMAP Dih.
    2.01720e+03    5.11670e+03    5.59131e+03    2.78255e+02   -3.63045e+02
          LJ-14     Coulomb-14        LJ (SR)   Coulomb (SR)   Coul. recip.
    1.59210e+03    3.19876e+04    8.16474e+04   -6.29762e+05    1.85604e+03
 Position Rest.      Potential    Kinetic En.   Total Energy  Conserved En.
    5.38361e+02   -4.99500e+05    9.55188e+04   -4.03981e+05   -4.02394e+05
    Temperature Pressure (bar)   Constr. rmsd
    3.00010e+02   -6.74138e+01    2.87255e-06

           Step           Time
          20500       41.00000

   Energies (kJ/mol)
           Bond            U-B    Proper Dih.  Improper Dih.      CMAP Dih.
    1.74980e+03    5.01635e+03    5.61704e+03    2.98657e+02   -3.69583e+02
          LJ-14     Coulomb-14        LJ (SR)   Coulomb (SR)   Coul. recip.
    1.60556e+03    3.18926e+04    8.13430e+04   -6.28601e+05    1.76688e+03
 Position Rest.      Potential    Kinetic En.   Total Energy  Conserved En.
    5.49440e+02   -4.99131e+05    9.50604e+04   -4.04071e+05   -4.02431e+05
    Temperature Pressure (bar)   Constr. rmsd
    2.98570e+02    3.66712e+01    2.90420e-06

           Step           Time
          21000       42.00000

   Energies (kJ/mol)
           Bond            U-B    Proper Dih.  Improper Dih.      CMAP Dih.
    1.96842e+03    5.07691e+03    5.62713e+03    2.95258e+02   -3.78813e+02
          LJ-14     Coulomb-14        LJ (SR)   Coulomb (SR)   Coul. recip.
    1.62663e+03    3.18134e+04    8.08484e+04   -6.27866e+05    1.84109e+03
 Position Rest.      Potential    Kinetic En.   Total Energy  Conserved En.
    5.47605e+02   -4.98600e+05    9.49294e+04   -4.03671e+05   -4.02401e+05
    Temperature Pressure (bar)   Constr. rmsd
    2.98159e+02   -3.27556e+01    3.05833e-06

           Step           Time
          21500       43.00000

   Energies (kJ/mol)
           Bond            U-B    Proper Dih.  Improper Dih.      CMAP Dih.
    1.88372e+03    5.32847e+03    5.62551e+03    2.75981e+02   -3.93578e+02
          LJ-14     Coulomb-14        LJ (SR)   Coulomb (SR)   Coul. recip.
    1.64123e+03    3.20939e+04    7.92594e+04   -6.26101e+05    1.80778e+03
 Position Rest.      Potential    Kinetic En.   Total Energy  Conserved En.
    5.58866e+02   -4.98020e+05    9.63787e+04   -4.01641e+05   -4.02396e+05
    Temperature Pressure (bar)   Constr. rmsd
    3.02711e+02   -2.69704e+02    2.90303e-06

DD  step 21999  vol min/aver 0.797  load imb.: force  1.7%  pme mesh/force 0.682

           Step           Time
          22000       44.00000

   Energies (kJ/mol)
           Bond            U-B    Proper Dih.  Improper Dih.      CMAP Dih.
    1.90173e+03    5.17936e+03    5.75693e+03    3.39057e+02   -3.54663e+02
          LJ-14     Coulomb-14        LJ (SR)   Coulomb (SR)   Coul. recip.
    1.66574e+03    3.17793e+04    8.04246e+04   -6.27409e+05    1.83400e+03
 Position Rest.      Potential    Kinetic En.   Total Energy  Conserved En.
    5.08757e+02   -4.98374e+05    9.58555e+04   -4.02519e+05   -4.02404e+05
    Temperature Pressure (bar)   Constr. rmsd
    3.01067e+02   -7.96732e+01    2.70798e-06

           Step           Time
          22500       45.00000

   Energies (kJ/mol)
           Bond            U-B    Proper Dih.  Improper Dih.      CMAP Dih.
    1.88429e+03    5.13091e+03    5.65311e+03    3.07313e+02   -3.72217e+02
          LJ-14     Coulomb-14        LJ (SR)   Coulomb (SR)   Coul. recip.
    1.59686e+03    3.19476e+04    8.08865e+04   -6.28516e+05    1.80291e+03
 Position Rest.      Potential    Kinetic En.   Total Energy  Conserved En.
    5.23027e+02   -4.99155e+05    9.49812e+04   -4.04174e+05   -4.02407e+05
    Temperature Pressure (bar)   Constr. rmsd
    2.98321e+02   -1.30437e+02    2.79826e-06

           Step           Time
          23000       46.00000

   Energies (kJ/mol)
           Bond            U-B    Proper Dih.  Improper Dih.      CMAP Dih.
    1.79672e+03    5.12151e+03    5.63359e+03    2.95213e+02   -3.69029e+02
          LJ-14     Coulomb-14        LJ (SR)   Coulomb (SR)   Coul. recip.
    1.72504e+03    3.17154e+04    8.11200e+04   -6.27471e+05    1.76884e+03
 Position Rest.      Potential    Kinetic En.   Total Energy  Conserved En.
    5.49156e+02   -4.98114e+05    9.51195e+04   -4.02995e+05   -4.02395e+05
    Temperature Pressure (bar)   Constr. rmsd
    2.98756e+02    1.41782e+02    2.89559e-06

           Step           Time
          23500       47.00000

   Energies (kJ/mol)
           Bond            U-B    Proper Dih.  Improper Dih.      CMAP Dih.
    1.81277e+03    5.10227e+03    5.64215e+03    2.73585e+02   -3.81565e+02
          LJ-14     Coulomb-14        LJ (SR)   Coulomb (SR)   Coul. recip.
    1.61415e+03    3.16977e+04    7.93032e+04   -6.25601e+05    1.78975e+03
 Position Rest.      Potential    Kinetic En.   Total Energy  Conserved En.
    6.46333e+02   -4.98101e+05    9.58767e+04   -4.02224e+05   -4.02407e+05
    Temperature Pressure (bar)   Constr. rmsd
    3.01134e+02   -1.65416e+02    2.91216e-06

DD  step 23999  vol min/aver 0.794  load imb.: force  1.3%  pme mesh/force 0.688

           Step           Time
          24000       48.00000

   Energies (kJ/mol)
           Bond            U-B    Proper Dih.  Improper Dih.      CMAP Dih.
    1.83833e+03    5.13177e+03    5.67871e+03    3.08936e+02   -4.03057e+02
          LJ-14     Coulomb-14        LJ (SR)   Coulomb (SR)   Coul. recip.
    1.58264e+03    3.17462e+04    7.95684e+04   -6.25448e+05    1.78999e+03
 Position Rest.      Potential    Kinetic En.   Total Energy  Conserved En.
    5.40711e+02   -4.97665e+05    9.57392e+04   -4.01926e+05   -4.02401e+05
    Temperature Pressure (bar)   Constr. rmsd
    3.00702e+02   -1.17863e+02    2.98028e-06

           Step           Time
          24500       49.00000

   Energies (kJ/mol)
           Bond            U-B    Proper Dih.  Improper Dih.      CMAP Dih.
    1.86866e+03    5.03939e+03    5.70783e+03    2.99028e+02   -3.47329e+02
          LJ-14     Coulomb-14        LJ (SR)   Coulomb (SR)   Coul. recip.
    1.62211e+03    3.19674e+04    8.07972e+04   -6.28453e+05    1.76676e+03
 Position Rest.      Potential    Kinetic En.   Total Energy  Conserved En.
    5.88448e+02   -4.99143e+05    9.53705e+04   -4.03773e+05   -4.02384e+05
    Temperature Pressure (bar)   Constr. rmsd
    2.99544e+02   -8.53687e+01    2.72662e-06

           Step           Time
          25000       50.00000

   Energies (kJ/mol)
           Bond            U-B    Proper Dih.  Improper Dih.      CMAP Dih.
    1.74607e+03    5.35728e+03    5.65491e+03    3.29399e+02   -3.82905e+02
          LJ-14     Coulomb-14        LJ (SR)   Coulomb (SR)   Coul. recip.
    1.66801e+03    3.18541e+04    8.09869e+04   -6.28067e+05    1.77065e+03
 Position Rest.      Potential    Kinetic En.   Total Energy  Conserved En.
    5.96785e+02   -4.98485e+05    9.53853e+04   -4.03100e+05   -4.02408e+05
    Temperature Pressure (bar)   Constr. rmsd
    2.99590e+02    1.38745e+02    2.99871e-06

           Step           Time
          25500       51.00000

   Energies (kJ/mol)
           Bond            U-B    Proper Dih.  Improper Dih.      CMAP Dih.
    1.96436e+03    5.07185e+03    5.71995e+03    2.99718e+02   -3.64392e+02
          LJ-14     Coulomb-14        LJ (SR)   Coulomb (SR)   Coul. recip.
    1.67886e+03    3.17673e+04    8.06536e+04   -6.26629e+05    1.83796e+03
 Position Rest.      Potential    Kinetic En.   Total Energy  Conserved En.
    5.39398e+02   -4.97460e+05    9.52945e+04   -4.02166e+05   -4.02366e+05
    Temperature Pressure (bar)   Constr. rmsd
    2.99305e+02   -1.99287e+01    2.82953e-06

DD  step 25999  vol min/aver 0.814  load imb.: force  2.6%  pme mesh/force 0.684

           Step           Time
          26000       52.00000

   Energies (kJ/mol)
           Bond            U-B    Proper Dih.  Improper Dih.      CMAP Dih.
    1.93468e+03    5.21397e+03    5.72015e+03    2.87379e+02   -3.80221e+02
          LJ-14     Coulomb-14        LJ (SR)   Coulomb (SR)   Coul. recip.
    1.70105e+03    3.17694e+04    8.06693e+04   -6.26711e+05    1.84238e+03
 Position Rest.      Potential    Kinetic En.   Total Energy  Conserved En.
    5.12958e+02   -4.97440e+05    9.59990e+04   -4.01441e+05   -4.02380e+05
    Temperature Pressure (bar)   Constr. rmsd
    3.01518e+02    7.73978e+01    2.76558e-06

           Step           Time
          26500       53.00000

   Energies (kJ/mol)
           Bond            U-B    Proper Dih.  Improper Dih.      CMAP Dih.
    1.77331e+03    5.13240e+03    5.57793e+03    3.30625e+02   -3.22115e+02
          LJ-14     Coulomb-14        LJ (SR)   Coulomb (SR)   Coul. recip.
    1.61576e+03    3.20134e+04    8.14607e+04   -6.28757e+05    1.81984e+03
 Position Rest.      Potential    Kinetic En.   Total Energy  Conserved En.
    5.17252e+02   -4.98838e+05    9.53922e+04   -4.03446e+05   -4.02378e+05
    Temperature Pressure (bar)   Constr. rmsd
    2.99612e+02    1.09315e+02    2.98753e-06

           Step           Time
          27000       54.00000

   Energies (kJ/mol)
           Bond            U-B    Proper Dih.  Improper Dih.      CMAP Dih.
    1.71772e+03    5.07266e+03    5.67720e+03    2.65991e+02   -3.40239e+02
          LJ-14     Coulomb-14        LJ (SR)   Coulomb (SR)   Coul. recip.
    1.65827e+03    3.21062e+04    7.96402e+04   -6.27507e+05    1.74176e+03
 Position Rest.      Potential    Kinetic En.   Total Energy  Conserved En.
    4.97744e+02   -4.99469e+05    9.50652e+04   -4.04404e+05   -4.02361e+05
    Temperature Pressure (bar)   Constr. rmsd
    2.98585e+02   -1.67182e+02    3.00541e-06

           Step           Time
          27500       55.00000

   Energies (kJ/mol)
           Bond            U-B    Proper Dih.  Improper Dih.      CMAP Dih.
    1.81847e+03    5.18662e+03    5.63095e+03    2.70275e+02   -3.47695e+02
          LJ-14     Coulomb-14        LJ (SR)   Coulomb (SR)   Coul. recip.
    1.58391e+03    3.18567e+04    8.14427e+04   -6.28628e+05    1.83247e+03
 Position Rest.      Potential    Kinetic En.   Total Energy  Conserved En.
    5.64091e+02   -4.98789e+05    9.54320e+04   -4.03357e+05   -4.02369e+05
    Temperature Pressure (bar)   Constr. rmsd
    2.99737e+02   -2.94298e+01    2.96484e-06

DD  step 27999  vol min/aver 0.817  load imb.: force  3.1%  pme mesh/force 0.680

           Step           Time
          28000       56.00000

   Energies (kJ/mol)
           Bond            U-B    Proper Dih.  Improper Dih.      CMAP Dih.
    1.82873e+03    4.99551e+03    5.60564e+03    3.37662e+02   -3.11858e+02
          LJ-14     Coulomb-14        LJ (SR)   Coulomb (SR)   Coul. recip.
    1.63473e+03    3.21932e+04    8.11980e+04   -6.28093e+05    1.70590e+03
 Position Rest.      Potential    Kinetic En.   Total Energy  Conserved En.
    5.80362e+02   -4.98325e+05    9.57688e+04   -4.02557e+05   -4.02346e+05
    Temperature Pressure (bar)   Constr. rmsd
    3.00795e+02    7.15970e+01    2.65537e-06

           Step           Time
          28500       57.00000

   Energies (kJ/mol)
           Bond            U-B    Proper Dih.  Improper Dih.      CMAP Dih.
    1.76179e+03    5.02439e+03    5.66680e+03    2.47778e+02   -3.52420e+02
          LJ-14     Coulomb-14        LJ (SR)   Coulomb (SR)   Coul. recip.
    1.66287e+03    3.17256e+04    8.08094e+04   -6.27957e+05    1.79803e+03
 Position Rest.      Potential    Kinetic En.   Total Energy  Conserved En.
    6.23832e+02   -4.98989e+05    9.56172e+04   -4.03371e+05   -4.02337e+05
    Temperature Pressure (bar)   Constr. rmsd
    3.00319e+02   -1.15320e+02    3.05591e-06

           Step           Time
          29000       58.00000

   Energies (kJ/mol)
           Bond            U-B    Proper Dih.  Improper Dih.      CMAP Dih.
    1.86441e+03    5.16495e+03    5.68608e+03    2.90968e+02   -4.02693e+02
          LJ-14     Coulomb-14        LJ (SR)   Coulomb (SR)   Coul. recip.
    1.64838e+03    3.19147e+04    7.92336e+04   -6.25213e+05    1.77331e+03
 Position Rest.      Potential    Kinetic En.   Total Energy  Conserved En.
    6.21076e+02   -4.97418e+05    9.52969e+04   -4.02121e+05   -4.02348e+05
    Temperature Pressure (bar)   Constr. rmsd
    2.99313e+02   -1.49268e+02    2.67023e-06

           Step           Time
          29500       59.00000

   Energies (kJ/mol)
           Bond            U-B    Proper Dih.  Improper Dih.      CMAP Dih.
    1.93901e+03    5.30667e+03    5.67373e+03    2.88920e+02   -3.67493e+02
          LJ-14     Coulomb-14        LJ (SR)   Coulomb (SR)   Coul. recip.
    1.59683e+03    3.19076e+04    8.02989e+04   -6.26187e+05    1.78103e+03
 Position Rest.      Potential    Kinetic En.   Total Energy  Conserved En.
    5.35717e+02   -4.97226e+05    9.58395e+04   -4.01386e+05   -4.02351e+05
    Temperature Pressure (bar)   Constr. rmsd
    3.01017e+02    1.88753e+02    2.82332e-06

DD  step 29999  vol min/aver 0.780  load imb.: force  2.2%  pme mesh/force 0.672

           Step           Time
          30000       60.00000

   Energies (kJ/mol)
           Bond            U-B    Proper Dih.  Improper Dih.      CMAP Dih.
    1.88990e+03    5.03802e+03    5.61861e+03    2.62085e+02   -3.19924e+02
          LJ-14     Coulomb-14        LJ (SR)   Coulomb (SR)   Coul. recip.
    1.68319e+03    3.20259e+04    7.97007e+04   -6.25867e+05    1.87306e+03
 Position Rest.      Potential    Kinetic En.   Total Energy  Conserved En.
    5.48637e+02   -4.97547e+05    9.49096e+04   -4.02638e+05   -4.02331e+05
    Temperature Pressure (bar)   Constr. rmsd
    2.98096e+02   -6.99961e+01    3.19362e-06

           Step           Time
          30500       61.00000

   Energies (kJ/mol)
           Bond            U-B    Proper Dih.  Improper Dih.      CMAP Dih.
    1.81895e+03    5.17810e+03    5.72197e+03    3.32515e+02   -4.15379e+02
          LJ-14     Coulomb-14        LJ (SR)   Coulomb (SR)   Coul. recip.
    1.66345e+03    3.20755e+04    8.05461e+04   -6.27848e+05    1.78306e+03
 Position Rest.      Potential    Kinetic En.   Total Energy  Conserved En.
    5.15536e+02   -4.98629e+05    9.53496e+04   -4.03279e+05   -4.02325e+05
    Temperature Pressure (bar)   Constr. rmsd
    2.99478e+02    3.46219e+01    2.73298e-06

           Step           Time
          31000       62.00000

   Energies (kJ/mol)
           Bond            U-B    Proper Dih.  Improper Dih.      CMAP Dih.
    1.78021e+03    5.31503e+03    5.74090e+03    2.81234e+02   -3.81994e+02
          LJ-14     Coulomb-14        LJ (SR)   Coulomb (SR)   Coul. recip.
    1.68591e+03    3.19666e+04    8.21588e+04   -6.29384e+05    1.81463e+03
 Position Rest.      Potential    Kinetic En.   Total Energy  Conserved En.
    6.12735e+02   -4.98410e+05    9.62826e+04   -4.02127e+05   -4.02355e+05
    Temperature Pressure (bar)   Constr. rmsd
    3.02409e+02    2.09378e+02    2.95191e-06

           Step           Time
          31500       63.00000

   Energies (kJ/mol)
           Bond            U-B    Proper Dih.  Improper Dih.      CMAP Dih.
    1.88660e+03    5.09069e+03    5.58329e+03    2.79510e+02   -3.50211e+02
          LJ-14     Coulomb-14        LJ (SR)   Coulomb (SR)   Coul. recip.
    1.59550e+03    3.17419e+04    8.05266e+04   -6.27125e+05    1.72945e+03
 Position Rest.      Potential    Kinetic En.   Total Energy  Conserved En.
    5.83483e+02   -4.98458e+05    9.57837e+04   -4.02674e+05   -4.02336e+05
    Temperature Pressure (bar)   Constr. rmsd
    3.00842e+02   -7.35855e+01    3.12954e-06

DD  step 31999  vol min/aver 0.805  load imb.: force  2.0%  pme mesh/force 0.686

           Step           Time
          32000       64.00000

   Energies (kJ/mol)
           Bond            U-B    Proper Dih.  Improper Dih.      CMAP Dih.
    1.85011e+03    5.27974e+03    5.56241e+03    2.86630e+02   -3.56338e+02
          LJ-14     Coulomb-14        LJ (SR)   Coulomb (SR)   Coul. recip.
    1.71547e+03    3.19708e+04    8.10448e+04   -6.28255e+05    1.81324e+03
 Position Rest.      Potential    Kinetic En.   Total Energy  Conserved En.
    5.40343e+02   -4.98547e+05    9.57809e+04   -4.02766e+05   -4.02319e+05
    Temperature Pressure (bar)   Constr. rmsd
    3.00833e+02    1.68381e+02    3.00016e-06

           Step           Time
          32500       65.00000

   Energies (kJ/mol)
           Bond            U-B    Proper Dih.  Improper Dih.      CMAP Dih.
    1.97990e+03    5.12143e+03    5.65757e+03    3.53112e+02   -3.40723e+02
          LJ-14     Coulomb-14        LJ (SR)   Coulomb (SR)   Coul. recip.
    1.67354e+03    3.19532e+04    8.05756e+04   -6.26673e+05    1.76781e+03
 Position Rest.      Potential    Kinetic En.   Total Energy  Conserved En.
    5.03976e+02   -4.97428e+05    9.55715e+04   -4.01856e+05   -4.02324e+05
    Temperature Pressure (bar)   Constr. rmsd
    3.00175e+02    1.04115e+02    3.32426e-06

           Step           Time
          33000       66.00000

   Energies (kJ/mol)
           Bond            U-B    Proper Dih.  Improper Dih.      CMAP Dih.
    1.87621e+03    5.07818e+03    5.68580e+03    2.90695e+02   -3.57742e+02
          LJ-14     Coulomb-14        LJ (SR)   Coulomb (SR)   Coul. recip.
    1.60899e+03    3.18182e+04    8.04658e+04   -6.26893e+05    1.76597e+03
 Position Rest.      Potential    Kinetic En.   Total Energy  Conserved En.
    5.30904e+02   -4.98130e+05    9.55377e+04   -4.02592e+05   -4.02309e+05
    Temperature Pressure (bar)   Constr. rmsd
    3.00069e+02   -2.68689e+01    2.75609e-06

           Step           Time
          33500       67.00000

   Energies (kJ/mol)
           Bond            U-B    Proper Dih.  Improper Dih.      CMAP Dih.
    1.77155e+03    5.07380e+03    5.65371e+03    3.35077e+02   -3.65398e+02
          LJ-14     Coulomb-14        LJ (SR)   Coulomb (SR)   Coul. recip.
    1.64414e+03    3.20746e+04    8.00846e+04   -6.26465e+05    1.78288e+03
 Position Rest.      Potential    Kinetic En.   Total Energy  Conserved En.
    5.51567e+02   -4.97858e+05    9.50055e+04   -4.02853e+05   -4.02315e+05
    Temperature Pressure (bar)   Constr. rmsd
    2.98398e+02   -4.26306e+01    3.44416e-06

DD  step 33999  vol min/aver 0.798  load imb.: force  1.4%  pme mesh/force 0.672

           Step           Time
          34000       68.00000

   Energies (kJ/mol)
           Bond            U-B    Proper Dih.  Improper Dih.      CMAP Dih.
    1.68941e+03    5.20621e+03    5.66756e+03    3.07008e+02   -3.52406e+02
          LJ-14     Coulomb-14        LJ (SR)   Coulomb (SR)   Coul. recip.
    1.63539e+03    3.20025e+04    8.01390e+04   -6.27585e+05    1.76932e+03
 Position Rest.      Potential    Kinetic En.   Total Energy  Conserved En.
    5.30761e+02   -4.98990e+05    9.50622e+04   -4.03928e+05   -4.02302e+05
    Temperature Pressure (bar)   Constr. rmsd
    2.98576e+02   -1.69621e+01    2.75067e-06

           Step           Time
          34500       69.00000

   Energies (kJ/mol)
           Bond            U-B    Proper Dih.  Improper Dih.      CMAP Dih.
    1.93635e+03    5.18561e+03    5.69221e+03    2.73348e+02   -3.37835e+02
          LJ-14     Coulomb-14        LJ (SR)   Coulomb (SR)   Coul. recip.
    1.62630e+03    3.19084e+04    8.03926e+04   -6.26597e+05    1.78080e+03
 Position Rest.      Potential    Kinetic En.   Total Energy  Conserved En.
    5.76883e+02   -4.97562e+05    9.50048e+04   -4.02558e+05   -4.02289e+05
    Temperature Pressure (bar)   Constr. rmsd
    2.98395e+02   -1.53603e+01    2.84110e-06

           Step           Time
          35000       70.00000

   Energies (kJ/mol)
           Bond            U-B    Proper Dih.  Improper Dih.      CMAP Dih.
    1.88797e+03    5.12190e+03    5.62635e+03    3.06257e+02   -3.77861e+02
          LJ-14     Coulomb-14        LJ (SR)   Coulomb (SR)   Coul. recip.
    1.64579e+03    3.17594e+04    8.16791e+04   -6.28458e+05    1.72849e+03
 Position Rest.      Potential    Kinetic En.   Total Energy  Conserved En.
    5.77074e+02   -4.98503e+05    9.57535e+04   -4.02750e+05   -4.02300e+05
    Temperature Pressure (bar)   Constr. rmsd
    3.00747e+02    7.90622e+01    3.04146e-06

           Step           Time
          35500       71.00000

   Energies (kJ/mol)
           Bond            U-B    Proper Dih.  Improper Dih.      CMAP Dih.
    1.76945e+03    5.13293e+03    5.69384e+03    3.34051e+02   -3.81726e+02
          LJ-14     Coulomb-14        LJ (SR)   Coulomb (SR)   Coul. recip.
    1.66205e+03    3.19581e+04    8.03769e+04   -6.27082e+05    1.78047e+03
 Position Rest.      Potential    Kinetic En.   Total Energy  Conserved En.
    5.65841e+02   -4.98191e+05    9.58111e+04   -4.02379e+05   -4.02292e+05
    Temperature Pressure (bar)   Constr. rmsd
    3.00928e+02    2.24430e+01    3.10395e-06

DD  step 35999  vol min/aver 0.803  load imb.: force  2.3%  pme mesh/force 0.664

           Step           Time
          36000       72.00000

   Energies (kJ/mol)
           Bond            U-B    Proper Dih.  Improper Dih.      CMAP Dih.
    1.88663e+03    5.08391e+03    5.69005e+03    3.05437e+02   -3.74220e+02
          LJ-14     Coulomb-14        LJ (SR)   Coulomb (SR)   Coul. recip.
    1.65008e+03    3.19054e+04    8.14596e+04   -6.29268e+05    1.81437e+03
 Position Rest.      Potential    Kinetic En.   Total Energy  Conserved En.
    5.60575e+02   -4.99286e+05    9.61181e+04   -4.03168e+05   -4.02304e+05
    Temperature Pressure (bar)   Constr. rmsd
    3.01892e+02    5.14888e+01    2.86195e-06

           Step           Time
          36500       73.00000

   Energies (kJ/mol)
           Bond            U-B    Proper Dih.  Improper Dih.      CMAP Dih.
    1.82814e+03    5.24860e+03    5.64360e+03    2.82730e+02   -3.75603e+02
          LJ-14     Coulomb-14        LJ (SR)   Coulomb (SR)   Coul. recip.
    1.68955e+03    3.16601e+04    8.01983e+04   -6.26501e+05    1.82779e+03
 Position Rest.      Potential    Kinetic En.   Total Energy  Conserved En.
    6.06721e+02   -4.97891e+05    9.58007e+04   -4.02090e+05   -4.02282e+05
    Temperature Pressure (bar)   Constr. rmsd
    3.00895e+02   -1.76890e+01    2.61741e-06

           Step           Time
          37000       74.00000

   Energies (kJ/mol)
           Bond            U-B    Proper Dih.  Improper Dih.      CMAP Dih.
    1.90984e+03    5.15929e+03    5.60028e+03    3.25761e+02   -3.69163e+02
          LJ-14     Coulomb-14        LJ (SR)   Coulomb (SR)   Coul. recip.
    1.65098e+03    3.18407e+04    8.04528e+04   -6.27697e+05    1.79490e+03
 Position Rest.      Potential    Kinetic En.   Total Energy  Conserved En.
    5.52933e+02   -4.98779e+05    9.45043e+04   -4.04274e+05   -4.02280e+05
    Temperature Pressure (bar)   Constr. rmsd
    2.96823e+02    2.32239e+01    2.86728e-06

           Step           Time
          37500       75.00000

   Energies (kJ/mol)
           Bond            U-B    Proper Dih.  Improper Dih.      CMAP Dih.
    1.87358e+03    5.25956e+03    5.66068e+03    3.40551e+02   -3.84743e+02
          LJ-14     Coulomb-14        LJ (SR)   Coulomb (SR)   Coul. recip.
    1.65211e+03    3.16990e+04    8.07447e+04   -6.28757e+05    1.79447e+03
 Position Rest.      Potential    Kinetic En.   Total Energy  Conserved En.
    5.93445e+02   -4.99524e+05    9.58136e+04   -4.03710e+05   -4.02274e+05
    Temperature Pressure (bar)   Constr. rmsd
    3.00936e+02   -5.19360e+01    2.96793e-06

DD  step 37999  vol min/aver 0.795  load imb.: force  1.7%  pme mesh/force 0.669

           Step           Time
          38000       76.00000

   Energies (kJ/mol)
           Bond            U-B    Proper Dih.  Improper Dih.      CMAP Dih.
    1.86066e+03    5.36243e+03    5.57547e+03    2.87659e+02   -3.81246e+02
          LJ-14     Coulomb-14        LJ (SR)   Coulomb (SR)   Coul. recip.
    1.59225e+03    3.18657e+04    8.10653e+04   -6.28253e+05    1.73773e+03
 Position Rest.      Potential    Kinetic En.   Total Energy  Conserved En.
    5.48545e+02   -4.98739e+05    9.54997e+04   -4.03239e+05   -4.02284e+05
    Temperature Pressure (bar)   Constr. rmsd
    2.99950e+02    1.17249e+02    2.76869e-06

           Step           Time
          38500       77.00000

   Energies (kJ/mol)
           Bond            U-B    Proper Dih.  Improper Dih.      CMAP Dih.
    1.88366e+03    5.39842e+03    5.68101e+03    2.98643e+02   -3.63480e+02
          LJ-14     Coulomb-14        LJ (SR)   Coulomb (SR)   Coul. recip.
    1.58656e+03    3.16905e+04    8.11351e+04   -6.26824e+05    1.85352e+03
 Position Rest.      Potential    Kinetic En.   Total Energy  Conserved En.
    5.40436e+02   -4.97119e+05    9.60429e+04   -4.01076e+05   -4.02274e+05
    Temperature Pressure (bar)   Constr. rmsd
    3.01656e+02    1.70267e+02    3.04359e-06

           Step           Time
          39000       78.00000

   Energies (kJ/mol)
           Bond            U-B    Proper Dih.  Improper Dih.      CMAP Dih.
    1.83112e+03    5.03630e+03    5.67108e+03    3.17195e+02   -3.56914e+02
          LJ-14     Coulomb-14        LJ (SR)   Coulomb (SR)   Coul. recip.
    1.64402e+03    3.20585e+04    8.15086e+04   -6.28789e+05    1.93827e+03
 Position Rest.      Potential    Kinetic En.   Total Energy  Conserved En.
    5.97432e+02   -4.98543e+05    9.54819e+04   -4.03061e+05   -4.02271e+05
    Temperature Pressure (bar)   Constr. rmsd
    2.99894e+02    1.81475e+02    2.74082e-06

           Step           Time
          39500       79.00000

   Energies (kJ/mol)
           Bond            U-B    Proper Dih.  Improper Dih.      CMAP Dih.
    1.92488e+03    5.21378e+03    5.65695e+03    2.82786e+02   -3.71515e+02
          LJ-14     Coulomb-14        LJ (SR)   Coulomb (SR)   Coul. recip.
    1.65433e+03    3.18670e+04    8.02844e+04   -6.26921e+05    1.82928e+03
 Position Rest.      Potential    Kinetic En.   Total Energy  Conserved En.
    5.52374e+02   -4.98026e+05    9.56189e+04   -4.02408e+05   -4.02234e+05
    Temperature Pressure (bar)   Constr. rmsd
    3.00324e+02   -8.55556e+01    2.86108e-06

DD  step 39999  vol min/aver 0.784  load imb.: force  2.5%  pme mesh/force 0.666

           Step           Time
          40000       80.00000

   Energies (kJ/mol)
           Bond            U-B    Proper Dih.  Improper Dih.      CMAP Dih.
    1.80555e+03    4.98591e+03    5.63071e+03    2.79158e+02   -3.37105e+02
          LJ-14     Coulomb-14        LJ (SR)   Coulomb (SR)   Coul. recip.
    1.68710e+03    3.17875e+04    8.13197e+04   -6.28525e+05    1.76126e+03
 Position Rest.      Potential    Kinetic En.   Total Energy  Conserved En.
    5.68323e+02   -4.99037e+05    9.44897e+04   -4.04547e+05   -4.02279e+05
    Temperature Pressure (bar)   Constr. rmsd
    2.96778e+02    1.55561e+02    3.43642e-06

           Step           Time
          40500       81.00000

   Energies (kJ/mol)
           Bond            U-B    Proper Dih.  Improper Dih.      CMAP Dih.
    1.92869e+03    5.27855e+03    5.58171e+03    3.01562e+02   -3.64778e+02
          LJ-14     Coulomb-14        LJ (SR)   Coulomb (SR)   Coul. recip.
    1.64208e+03    3.18002e+04    8.10332e+04   -6.27453e+05    1.82865e+03
 Position Rest.      Potential    Kinetic En.   Total Energy  Conserved En.
    5.63043e+02   -4.97860e+05    9.50595e+04   -4.02800e+05   -4.02237e+05
    Temperature Pressure (bar)   Constr. rmsd
    2.98567e+02    5.31599e+01    2.89231e-06

           Step           Time
          41000       82.00000

   Energies (kJ/mol)
           Bond            U-B    Proper Dih.  Improper Dih.      CMAP Dih.
    1.86571e+03    5.19612e+03    5.58622e+03    3.24858e+02   -3.27886e+02
          LJ-14     Coulomb-14        LJ (SR)   Coulomb (SR)   Coul. recip.
    1.63112e+03    3.17693e+04    8.15307e+04   -6.28338e+05    1.80448e+03
 Position Rest.      Potential    Kinetic En.   Total Energy  Conserved En.
    5.87968e+02   -4.98369e+05    9.56796e+04   -4.02690e+05   -4.02255e+05
    Temperature Pressure (bar)   Constr. rmsd
    3.00515e+02    1.70501e+02    2.94607e-06

           Step           Time
          41500       83.00000

   Energies (kJ/mol)
           Bond            U-B    Proper Dih.  Improper Dih.      CMAP Dih.
    1.87854e+03    5.14229e+03    5.58852e+03    2.68714e+02   -3.56875e+02
          LJ-14     Coulomb-14        LJ (SR)   Coulomb (SR)   Coul. recip.
    1.62886e+03    3.18872e+04    8.14423e+04   -6.26945e+05    1.81010e+03
 Position Rest.      Potential    Kinetic En.   Total Energy  Conserved En.
    5.65508e+02   -4.97090e+05    9.41689e+04   -4.02921e+05   -4.02248e+05
    Temperature Pressure (bar)   Constr. rmsd
    2.95770e+02    2.01130e+02    2.69671e-06

DD  step 41999  vol min/aver 0.806  load imb.: force  2.5%  pme mesh/force 0.666

           Step           Time
          42000       84.00000

   Energies (kJ/mol)
           Bond            U-B    Proper Dih.  Improper Dih.      CMAP Dih.
    1.94164e+03    5.22724e+03    5.72732e+03    3.17980e+02   -3.56902e+02
          LJ-14     Coulomb-14        LJ (SR)   Coulomb (SR)   Coul. recip.
    1.62886e+03    3.17941e+04    7.97615e+04   -6.26172e+05    1.82748e+03
 Position Rest.      Potential    Kinetic En.   Total Energy  Conserved En.
    6.36510e+02   -4.97667e+05    9.56460e+04   -4.02021e+05   -4.02232e+05
    Temperature Pressure (bar)   Constr. rmsd
    3.00409e+02   -1.13547e+02    3.23202e-06

           Step           Time
          42500       85.00000

   Energies (kJ/mol)
           Bond            U-B    Proper Dih.  Improper Dih.      CMAP Dih.
    1.79642e+03    5.24789e+03    5.61455e+03    3.20060e+02   -3.53385e+02
          LJ-14     Coulomb-14        LJ (SR)   Coulomb (SR)   Coul. recip.
    1.68391e+03    3.18746e+04    8.00219e+04   -6.26868e+05    1.75012e+03
 Position Rest.      Potential    Kinetic En.   Total Energy  Conserved En.
    5.66255e+02   -4.98345e+05    9.48606e+04   -4.03485e+05   -4.02221e+05
    Temperature Pressure (bar)   Constr. rmsd
    2.97942e+02   -6.04968e+01    3.10285e-06

           Step           Time
          43000       86.00000

   Energies (kJ/mol)
           Bond            U-B    Proper Dih.  Improper Dih.      CMAP Dih.
    1.87043e+03    5.20362e+03    5.74571e+03    2.84189e+02   -3.66707e+02
          LJ-14     Coulomb-14        LJ (SR)   Coulomb (SR)   Coul. recip.
    1.62468e+03    3.18280e+04    8.19154e+04   -6.28248e+05    1.84204e+03
 Position Rest.      Potential    Kinetic En.   Total Energy  Conserved En.
    6.01210e+02   -4.97699e+05    9.59588e+04   -4.01740e+05   -4.02229e+05
    Temperature Pressure (bar)   Constr. rmsd
    3.01392e+02    2.75588e+02    2.90161e-06

           Step           Time
          43500       87.00000

   Energies (kJ/mol)
           Bond            U-B    Proper Dih.  Improper Dih.      CMAP Dih.
    1.82873e+03    5.19288e+03    5.64850e+03    2.90578e+02   -3.80248e+02
          LJ-14     Coulomb-14        LJ (SR)   Coulomb (SR)   Coul. recip.
    1.68010e+03    3.18842e+04    7.99191e+04   -6.26124e+05    1.75359e+03
 Position Rest.      Potential    Kinetic En.   Total Energy  Conserved En.
    6.03427e+02   -4.97703e+05    9.52349e+04   -4.02468e+05   -4.02221e+05
    Temperature Pressure (bar)   Constr. rmsd
    2.99118e+02   -7.89050e+01    2.77983e-06

DD  step 43999  vol min/aver 0.801  load imb.: force  2.1%  pme mesh/force 0.684

           Step           Time
          44000       88.00000

   Energies (kJ/mol)
           Bond            U-B    Proper Dih.  Improper Dih.      CMAP Dih.
    1.87994e+03    5.32231e+03    5.66337e+03    3.23482e+02   -4.23750e+02
          LJ-14     Coulomb-14        LJ (SR)   Coulomb (SR)   Coul. recip.
    1.56109e+03    3.16663e+04    8.04657e+04   -6.27555e+05    1.73686e+03
 Position Rest.      Potential    Kinetic En.   Total Energy  Conserved En.
    5.53377e+02   -4.98806e+05    9.53577e+04   -4.03448e+05   -4.02219e+05
    Temperature Pressure (bar)   Constr. rmsd
    2.99504e+02   -1.53530e+02    2.73922e-06

           Step           Time
          44500       89.00000

   Energies (kJ/mol)
           Bond            U-B    Proper Dih.  Improper Dih.      CMAP Dih.
    1.68877e+03    5.27055e+03    5.71150e+03    3.14219e+02   -4.04696e+02
          LJ-14     Coulomb-14        LJ (SR)   Coulomb (SR)   Coul. recip.
    1.69358e+03    3.18022e+04    8.05188e+04   -6.27089e+05    1.76631e+03
 Position Rest.      Potential    Kinetic En.   Total Energy  Conserved En.
    5.63190e+02   -4.98165e+05    9.46052e+04   -4.03560e+05   -4.02213e+05
    Temperature Pressure (bar)   Constr. rmsd
    2.97140e+02    1.61070e+02    2.72585e-06

           Step           Time
          45000       90.00000

   Energies (kJ/mol)
           Bond            U-B    Proper Dih.  Improper Dih.      CMAP Dih.
    1.87693e+03    5.10381e+03    5.69168e+03    2.78074e+02   -3.77624e+02
          LJ-14     Coulomb-14        LJ (SR)   Coulomb (SR)   Coul. recip.
    1.65180e+03    3.16472e+04    8.14232e+04   -6.28963e+05    1.78346e+03
 Position Rest.      Potential    Kinetic En.   Total Energy  Conserved En.
    6.11477e+02   -4.99273e+05    9.49563e+04   -4.04317e+05   -4.02218e+05
    Temperature Pressure (bar)   Constr. rmsd
    2.98243e+02    8.98308e+01    2.72899e-06

           Step           Time
          45500       91.00000

   Energies (kJ/mol)
           Bond            U-B    Proper Dih.  Improper Dih.      CMAP Dih.
    2.00422e+03    5.18490e+03    5.66564e+03    3.19176e+02   -3.41219e+02
          LJ-14     Coulomb-14        LJ (SR)   Coulomb (SR)   Coul. recip.
    1.62367e+03    3.16685e+04    8.08670e+04   -6.26568e+05    1.82343e+03
 Position Rest.      Potential    Kinetic En.   Total Energy  Conserved En.
    6.00595e+02   -4.97152e+05    9.59271e+04   -4.01225e+05   -4.02212e+05
    Temperature Pressure (bar)   Constr. rmsd
    3.01292e+02    7.09795e+01    2.82073e-06

DD  step 45999  vol min/aver 0.813  load imb.: force  2.1%  pme mesh/force 0.685

           Step           Time
          46000       92.00000

   Energies (kJ/mol)
           Bond            U-B    Proper Dih.  Improper Dih.      CMAP Dih.
    1.78790e+03    5.14617e+03    5.73763e+03    3.17062e+02   -3.84127e+02
          LJ-14     Coulomb-14        LJ (SR)   Coulomb (SR)   Coul. recip.
    1.62617e+03    3.17642e+04    8.14060e+04   -6.26987e+05    1.77962e+03
 Position Rest.      Potential    Kinetic En.   Total Energy  Conserved En.
    5.76752e+02   -4.97230e+05    9.50813e+04   -4.02148e+05   -4.02244e+05
    Temperature Pressure (bar)   Constr. rmsd
    2.98636e+02    1.15369e+02    2.96789e-06

           Step           Time
          46500       93.00000

   Energies (kJ/mol)
           Bond            U-B    Proper Dih.  Improper Dih.      CMAP Dih.
    1.68498e+03    5.06970e+03    5.65736e+03    3.08327e+02   -3.24406e+02
          LJ-14     Coulomb-14        LJ (SR)   Coulomb (SR)   Coul. recip.
    1.72083e+03    3.17787e+04    8.13667e+04   -6.28064e+05    1.78522e+03
 Position Rest.      Potential    Kinetic En.   Total Energy  Conserved En.
    6.12957e+02   -4.98404e+05    9.56769e+04   -4.02727e+05   -4.02236e+05
    Temperature Pressure (bar)   Constr. rmsd
    3.00506e+02    2.29321e+02    2.66625e-06

           Step           Time
          47000       94.00000

   Energies (kJ/mol)
           Bond            U-B    Proper Dih.  Improper Dih.      CMAP Dih.
    1.76605e+03    5.18037e+03    5.70093e+03    2.97408e+02   -3.81523e+02
          LJ-14     Coulomb-14        LJ (SR)   Coulomb (SR)   Coul. recip.
    1.68070e+03    3.18702e+04    8.05624e+04   -6.27798e+05    1.78157e+03
 Position Rest.      Potential    Kinetic En.   Total Energy  Conserved En.
    5.90271e+02   -4.98750e+05    9.59158e+04   -4.02834e+05   -4.02215e+05
    Temperature Pressure (bar)   Constr. rmsd
    3.01257e+02    1.21227e+01    2.62389e-06

           Step           Time
          47500       95.00000

   Energies (kJ/mol)
           Bond            U-B    Proper Dih.  Improper Dih.      CMAP Dih.
    1.81108e+03    5.10592e+03    5.61647e+03    3.02502e+02   -3.35509e+02
          LJ-14     Coulomb-14        LJ (SR)   Coulomb (SR)   Coul. recip.
    1.61775e+03    3.17663e+04    8.05329e+04   -6.26411e+05    1.74319e+03
 Position Rest.      Potential    Kinetic En.   Total Energy  Conserved En.
    5.57368e+02   -4.97693e+05    9.56652e+04   -4.02028e+05   -4.02209e+05
    Temperature Pressure (bar)   Constr. rmsd
    3.00469e+02   -5.64541e+01    2.69325e-06

DD  step 47999  vol min/aver 0.784  load imb.: force  1.6%  pme mesh/force 0.688

           Step           Time
          48000       96.00000

   Energies (kJ/mol)
           Bond            U-B    Proper Dih.  Improper Dih.      CMAP Dih.
    1.84162e+03    5.26912e+03    5.71133e+03    2.81878e+02   -3.77062e+02
          LJ-14     Coulomb-14        LJ (SR)   Coulomb (SR)   Coul. recip.
    1.63908e+03    3.18612e+04    7.99980e+04   -6.26300e+05    1.78674e+03
 Position Rest.      Potential    Kinetic En.   Total Energy  Conserved En.
    6.07314e+02   -4.97681e+05    9.55702e+04   -4.02110e+05   -4.02202e+05
    Temperature Pressure (bar)   Constr. rmsd
    3.00171e+02    3.19367e+01    2.64326e-06

           Step           Time
          48500       97.00000

   Energies (kJ/mol)
           Bond            U-B    Proper Dih.  Improper Dih.      CMAP Dih.
    1.86371e+03    4.98557e+03    5.65213e+03    2.93532e+02   -3.78026e+02
          LJ-14     Coulomb-14        LJ (SR)   Coulomb (SR)   Coul. recip.
    1.59000e+03    3.19547e+04    8.05208e+04   -6.26580e+05    1.76344e+03
 Position Rest.      Potential    Kinetic En.   Total Energy  Conserved En.
    5.77722e+02   -4.97757e+05    9.39348e+04   -4.03822e+05   -4.02187e+05
    Temperature Pressure (bar)   Constr. rmsd
    2.95035e+02    5.74520e+01    2.79467e-06

           Step           Time
          49000       98.00000

   Energies (kJ/mol)
           Bond            U-B    Proper Dih.  Improper Dih.      CMAP Dih.
    1.74269e+03    5.17403e+03    5.68510e+03    3.40023e+02   -3.55435e+02
          LJ-14     Coulomb-14        LJ (SR)   Coulomb (SR)   Coul. recip.
    1.67498e+03    3.17936e+04    8.11143e+04   -6.27879e+05    1.79109e+03
 Position Rest.      Potential    Kinetic En.   Total Energy  Conserved En.
    5.78321e+02   -4.98340e+05    9.48143e+04   -4.03526e+05   -4.02195e+05
    Temperature Pressure (bar)   Constr. rmsd
    2.97797e+02    2.40363e+02    2.45578e-06

           Step           Time
          49500       99.00000

   Energies (kJ/mol)
           Bond            U-B    Proper Dih.  Improper Dih.      CMAP Dih.
    1.90126e+03    5.14768e+03    5.72307e+03    2.96732e+02   -3.97089e+02
          LJ-14     Coulomb-14        LJ (SR)   Coulomb (SR)   Coul. recip.
    1.63258e+03    3.18557e+04    8.08847e+04   -6.27233e+05    1.77603e+03
 Position Rest.      Potential    Kinetic En.   Total Energy  Conserved En.
    5.89903e+02   -4.97822e+05    9.55494e+04   -4.02273e+05   -4.02182e+05
    Temperature Pressure (bar)   Constr. rmsd
    3.00106e+02    8.22289e+00    2.97650e-06

DD  step 49999  vol min/aver 0.807  load imb.: force  1.5%  pme mesh/force 0.691

           Step           Time
          50000      100.00000

Writing checkpoint, step 50000 at Tue Sep 24 06:50:41 2024


   Energies (kJ/mol)
           Bond            U-B    Proper Dih.  Improper Dih.      CMAP Dih.
    1.80163e+03    5.19406e+03    5.77214e+03    3.17933e+02   -3.83641e+02
          LJ-14     Coulomb-14        LJ (SR)   Coulomb (SR)   Coul. recip.
    1.63525e+03    3.16188e+04    8.15476e+04   -6.28162e+05    1.77989e+03
 Position Rest.      Potential    Kinetic En.   Total Energy  Conserved En.
    5.77338e+02   -4.98301e+05    9.47982e+04   -4.03503e+05   -4.02195e+05
    Temperature Pressure (bar)   Constr. rmsd
    2.97747e+02    9.15963e+01    2.70343e-06

	<======  ###############  ==>
	<====  A V E R A G E S  ====>
	<==  ###############  ======>

	Statistics over 50001 steps using 501 frames

   Energies (kJ/mol)
           Bond            U-B    Proper Dih.  Improper Dih.      CMAP Dih.
    1.85455e+03    5.14266e+03    5.66692e+03    2.99230e+02   -3.66130e+02
          LJ-14     Coulomb-14        LJ (SR)   Coulomb (SR)   Coul. recip.
    1.64108e+03    3.18530e+04    8.06455e+04   -6.27459e+05    1.79885e+03
 Position Rest.      Potential    Kinetic En.   Total Energy  Conserved En.
    5.70244e+02   -4.98353e+05    9.55028e+04   -4.02850e+05   -4.02381e+05
    Temperature Pressure (bar)   Constr. rmsd
    2.99959e+02   -2.85835e-01    0.00000e+00

          Box-X          Box-Y          Box-Z
    7.27128e+00    7.27128e+00    7.27128e+00

   Total Virial (kJ/mol)
    3.18254e+04   -3.32858e+02    2.02307e+01
   -3.33328e+02    3.18519e+04    2.60191e+01
    2.06456e+01    2.60917e+01    3.18366e+04

   Pressure (bar)
    1.23991e+00    2.82587e+01    1.45351e-01
    2.82993e+01   -4.08703e+00    1.67158e+00
    1.09442e-01    1.66526e+00    1.98962e+00

 T-Protein_UNK1T-Water_and_ions
    2.99855e+02    2.99968e+02


	M E G A - F L O P S   A C C O U N T I N G

 NB=Group-cutoff nonbonded kernels    NxN=N-by-N cluster Verlet kernels
 RF=Reaction-Field  VdW=Van der Waals  QSTab=quadratic-spline table
 W3=SPC/TIP3p  W4=TIP4p (single or pairs)
 V&F=Potential and force  V=Potential only  F=Force only

 Computing:                               M-Number         M-Flops  % Flops
-----------------------------------------------------------------------------
 Pair Search distance check           13232.415446      119091.739     0.1
 NxN Ewald Elec. + LJ [F]            917530.842512    71567405.716    57.5
 NxN Ewald Elec. + LJ [V&F]            9286.641840     1197976.797     1.0
 NxN LJ [F]                              51.616928        2322.762     0.0
 NxN LJ [V&F]                             0.525152          34.135     0.0
 NxN Ewald Elec. [F]                 783159.705520    47772742.037    38.4
 NxN Ewald Elec. [V&F]                 7926.152624      665796.820     0.5
 1,4 nonbonded interactions             303.456069       27311.046     0.0
 Calc Weights                          5657.363145      203665.073     0.2
 Spread Q Bspline                    120690.413760      241380.828     0.2
 Gather F Bspline                    120690.413760      724142.483     0.6
 3D-FFT                              185299.305912     1482394.447     1.2
 Solve PME                              115.202304        7372.947     0.0
 Reset In Box                            23.571875          70.716     0.0
 CG-CoM                                  23.609590          70.829     0.0
 Bonds                                   58.951179        3478.120     0.0
 Propers                                294.555891       67453.299     0.1
 Impropers                               18.150363        3775.276     0.0
 Pos. Restr.                             57.651153        2882.558     0.0
 Virial                                  97.026295        1746.473     0.0
 Stop-CM                                 18.895215         188.952     0.0
 P-Coupling                              94.325215         565.951     0.0
 Calc-Ekin                              188.650430        5093.562     0.0
 Lincs                                   66.718874        4003.132     0.0
 Lincs-Mat                              377.959776        1511.839     0.0
 Constraint-V                          2098.188901       16785.511     0.0
 Constraint-Vir                         101.612211        2438.693     0.0
 Settle                                 654.917051      211538.207     0.2
 CMAP                                     7.400148       12580.252     0.0
 Urey-Bradley                           211.804236       38760.175     0.0
-----------------------------------------------------------------------------
 Total                                               124384580.375   100.0
-----------------------------------------------------------------------------


    D O M A I N   D E C O M P O S I T I O N   S T A T I S T I C S

 av. #atoms communicated per step for force:  2 x 91721.0
 av. #atoms communicated per step for LINCS:  2 x 4301.0


 Dynamic load balancing report:
 DLB was turned on during the run due to measured imbalance.
 Average load imbalance: 2.5%.
 The balanceable part of the MD step is 91%, load imbalance is computed from this.
 Part of the total run time spent waiting due to load imbalance: 2.3%.
 Steps where the load balancing was limited by -rdd, -rcon and/or -dds: X 0 % Y 0 % Z 0 %
 Average PME mesh/force load: 0.677
 Part of the total run time spent waiting due to PP/PME imbalance: 4.3 %


     R E A L   C Y C L E   A N D   T I M E   A C C O U N T I N G

On 24 MPI ranks doing PP, and
on 4 MPI ranks doing PME

 Computing:          Num   Num      Call    Wall time         Giga-Cycles
                     Ranks Threads  Count      (s)         total sum    %
-----------------------------------------------------------------------------
 Domain decomp.        24    1        625       0.839         48.261   0.5
 DD comm. load         24    1        624       0.003          0.153   0.0
 DD comm. bounds       24    1        623       0.018          1.011   0.0
 Send X to PME         24    1      50001       0.506         29.102   0.3
 Neighbor search       24    1        626       2.073        119.271   1.2
 Comm. coord.          24    1      49375       2.051        117.972   1.1
 Force                 24    1      50001     136.668       7862.946  76.5
 Wait + Comm. F        24    1      50001       5.997        345.037   3.4
 PME mesh *             4    1      50001      97.362        933.592   9.1
 PME wait for PP *                             55.832        535.368   5.2
 Wait + Recv. PME F    24    1      50001       0.361         20.794   0.2
 NB X/F buffer ops.    24    1     148751       1.304         75.011   0.7
 Write traj.           24    1        101       0.030          1.729   0.0
 Update                24    1      50001       0.292         16.775   0.2
 Constraints           24    1      50001       2.615        150.455   1.5
 Comm. energies        24    1       2501       0.152          8.725   0.1
 Rest                                           0.288         16.563   0.2
-----------------------------------------------------------------------------
 Total                                        153.195      10282.769 100.0
-----------------------------------------------------------------------------
(*) Note that with separate PME ranks, the walltime column actually sums to
    twice the total reported, but the cycle count total and % are correct.
-----------------------------------------------------------------------------
 Breakdown of PME mesh computation
-----------------------------------------------------------------------------
 PME redist. X/F        4    1     100002       5.866         56.245   0.5
 PME spread             4    1      50001      27.537        264.050   2.6
 PME gather             4    1      50001      21.051        201.858   2.0
 PME 3D-FFT             4    1     100002      38.777        371.831   3.6
 PME 3D-FFT Comm.       4    1     100002       1.823         17.485   0.2
 PME solve Elec         4    1      50001       2.252         21.595   0.2
-----------------------------------------------------------------------------

               Core t (s)   Wall t (s)        (%)
       Time:     4289.465      153.195     2800.0
                 (ns/day)    (hour/ns)
Performance:       56.400        0.426
Finished mdrun on rank 0 Tue Sep 24 06:50:41 2024
