Log file opened on Tue Sep 24 07:28:52 2024
Host: login.local  pid: 126171  rank ID: 0  number of ranks:  1
                       :-) GROMACS - gmx mdrun, 2018 (-:

                            GROMACS is written by:
     Emile Apol      Rossen Apostolov  Herman J.C. Berendsen    Par Bjelkmar   
 Aldert van Buuren   Rudi van Drunen     Anton Feenstra    Gerrit Groenhof  
 Christoph Junghans   Anca Hamuraru    Vincent Hindriksen Dimitrios Karkoulis
    Peter Kasson        Jiri Kraus      Carsten Kutzner      Per Larsson    
  Justin A. Lemkul    Viveca Lindahl    Magnus Lundborg   Pieter Meulenhoff 
   Erik Marklund      Teemu Murtola       Szilard Pall       Sander Pronk   
   Roland Schulz     Alexey Shvetsov     Michael Shirts     Alfons Sijbers  
   Peter Tieleman    Teemu Virolainen  Christian Wennberg    Maarten Wolf   
                           and the project leaders:
        Mark Abraham, Berk Hess, Erik Lindahl, and David van der Spoel

Copyright (c) 1991-2000, University of Groningen, The Netherlands.
Copyright (c) 2001-2017, The GROMACS development team at
Uppsala University, Stockholm University and
the Royal Institute of Technology, Sweden.
check out http://www.gromacs.org for more information.

GROMACS is free software; you can redistribute it and/or modify it
under the terms of the GNU Lesser General Public License
as published by the Free Software Foundation; either version 2.1
of the License, or (at your option) any later version.

GROMACS:      gmx mdrun, version 2018
Executable:   /opt/apps/gromacs-2018/bin/gmx
Data prefix:  /opt/apps/gromacs-2018
Working dir:  /home/bismark01/Hanson/2fom/pred
Command line:
  gmx mdrun -v -deffnm npt

GROMACS version:    2018
Precision:          single
Memory model:       64 bit
MPI library:        thread_mpi
OpenMP support:     enabled (GMX_OPENMP_MAX_THREADS = 64)
GPU support:        disabled
SIMD instructions:  AVX2_256
FFT library:        fftpack (built-in)
RDTSCP usage:       enabled
TNG support:        enabled
Hwloc support:      disabled
Tracing support:    disabled
Built on:           2018-10-17 09:11:04
Built by:           vappiah@login.local [CMAKE]
Build OS/arch:      Linux 3.10.0-693.el7.x86_64 x86_64
Build CPU vendor:   Intel
Build CPU brand:    Intel(R) Xeon(R) CPU E5-2680 v4 @ 2.40GHz
Build CPU family:   6   Model: 79   Stepping: 1
Build CPU features: aes apic avx avx2 clfsh cmov cx8 cx16 f16c fma hle htt intel lahf mmx msr nonstop_tsc pcid pclmuldq pdcm pdpe1gb popcnt pse rdrnd rdtscp rtm sse2 sse3 sse4.1 sse4.2 ssse3 tdt x2apic
C compiler:         /usr/bin/cc GNU 4.8.5
C compiler flags:    -march=core-avx2     -O3 -DNDEBUG -funroll-all-loops -fexcess-precision=fast  
C++ compiler:       /usr/bin/c++ GNU 4.8.5
C++ compiler flags:  -march=core-avx2    -std=c++11   -O3 -DNDEBUG -funroll-all-loops -fexcess-precision=fast  


Running on 1 node with total 28 cores, 28 logical cores
Hardware detected:
  CPU info:
    Vendor: Intel
    Brand:  Intel(R) Xeon(R) CPU E5-2680 v4 @ 2.40GHz
    Family: 6   Model: 79   Stepping: 1
    Features: aes apic avx avx2 clfsh cmov cx8 cx16 f16c fma hle htt intel lahf mmx msr nonstop_tsc pcid pclmuldq pdcm pdpe1gb popcnt pse rdrnd rdtscp rtm sse2 sse3 sse4.1 sse4.2 ssse3 tdt x2apic
  Hardware topology: Basic
    Sockets, cores, and logical processors:
      Socket  0: [   0] [   2] [   4] [   6] [   8] [  10] [  12] [  14] [  16] [  18] [  20] [  22] [  24] [  26]
      Socket  1: [   1] [   3] [   5] [   7] [   9] [  11] [  13] [  15] [  17] [  19] [  21] [  23] [  25] [  27]


++++ PLEASE READ AND CITE THE FOLLOWING REFERENCE ++++
M. J. Abraham, T. Murtola, R. Schulz, S. Páll, J. C. Smith, B. Hess, E.
Lindahl
GROMACS: High performance molecular simulations through multi-level
parallelism from laptops to supercomputers
SoftwareX 1 (2015) pp. 19-25
-------- -------- --- Thank You --- -------- --------


++++ PLEASE READ AND CITE THE FOLLOWING REFERENCE ++++
S. Páll, M. J. Abraham, C. Kutzner, B. Hess, E. Lindahl
Tackling Exascale Software Challenges in Molecular Dynamics Simulations with
GROMACS
In S. Markidis & E. Laure (Eds.), Solving Software Challenges for Exascale 8759 (2015) pp. 3-27
-------- -------- --- Thank You --- -------- --------


++++ PLEASE READ AND CITE THE FOLLOWING REFERENCE ++++
S. Pronk, S. Páll, R. Schulz, P. Larsson, P. Bjelkmar, R. Apostolov, M. R.
Shirts, J. C. Smith, P. M. Kasson, D. van der Spoel, B. Hess, and E. Lindahl
GROMACS 4.5: a high-throughput and highly parallel open source molecular
simulation toolkit
Bioinformatics 29 (2013) pp. 845-54
-------- -------- --- Thank You --- -------- --------


++++ PLEASE READ AND CITE THE FOLLOWING REFERENCE ++++
B. Hess and C. Kutzner and D. van der Spoel and E. Lindahl
GROMACS 4: Algorithms for highly efficient, load-balanced, and scalable
molecular simulation
J. Chem. Theory Comput. 4 (2008) pp. 435-447
-------- -------- --- Thank You --- -------- --------


++++ PLEASE READ AND CITE THE FOLLOWING REFERENCE ++++
D. van der Spoel, E. Lindahl, B. Hess, G. Groenhof, A. E. Mark and H. J. C.
Berendsen
GROMACS: Fast, Flexible and Free
J. Comp. Chem. 26 (2005) pp. 1701-1719
-------- -------- --- Thank You --- -------- --------


++++ PLEASE READ AND CITE THE FOLLOWING REFERENCE ++++
E. Lindahl and B. Hess and D. van der Spoel
GROMACS 3.0: A package for molecular simulation and trajectory analysis
J. Mol. Mod. 7 (2001) pp. 306-317
-------- -------- --- Thank You --- -------- --------


++++ PLEASE READ AND CITE THE FOLLOWING REFERENCE ++++
H. J. C. Berendsen, D. van der Spoel and R. van Drunen
GROMACS: A message-passing parallel molecular dynamics implementation
Comp. Phys. Comm. 91 (1995) pp. 43-56
-------- -------- --- Thank You --- -------- --------

Input Parameters:
   integrator                     = md
   tinit                          = 0
   dt                             = 0.002
   nsteps                         = 50000
   init-step                      = 0
   simulation-part                = 1
   comm-mode                      = Linear
   nstcomm                        = 100
   bd-fric                        = 0
   ld-seed                        = 1826176361
   emtol                          = 10
   emstep                         = 0.01
   niter                          = 20
   fcstep                         = 0
   nstcgsteep                     = 1000
   nbfgscorr                      = 10
   rtpi                           = 0.05
   nstxout                        = 0
   nstvout                        = 0
   nstfout                        = 0
   nstlog                         = 500
   nstcalcenergy                  = 100
   nstenergy                      = 500
   nstxout-compressed             = 500
   compressed-x-precision         = 1000
   cutoff-scheme                  = Verlet
   nstlist                        = 20
   ns-type                        = Grid
   pbc                            = xyz
   periodic-molecules             = false
   verlet-buffer-tolerance        = 0.005
   rlist                          = 1.221
   coulombtype                    = PME
   coulomb-modifier               = Potential-shift
   rcoulomb-switch                = 0
   rcoulomb                       = 1.2
   epsilon-r                      = 1
   epsilon-rf                     = inf
   vdw-type                       = Cut-off
   vdw-modifier                   = Force-switch
   rvdw-switch                    = 1
   rvdw                           = 1.2
   DispCorr                       = No
   table-extension                = 1
   fourierspacing                 = 0.16
   fourier-nx                     = 48
   fourier-ny                     = 48
   fourier-nz                     = 48
   pme-order                      = 4
   ewald-rtol                     = 1e-05
   ewald-rtol-lj                  = 0.001
   lj-pme-comb-rule               = Geometric
   ewald-geometry                 = 0
   epsilon-surface                = 0
   implicit-solvent               = No
   gb-algorithm                   = Still
   nstgbradii                     = 1
   rgbradii                       = 1
   gb-epsilon-solvent             = 80
   gb-saltconc                    = 0
   gb-obc-alpha                   = 1
   gb-obc-beta                    = 0.8
   gb-obc-gamma                   = 4.85
   gb-dielectric-offset           = 0.009
   sa-algorithm                   = Ace-approximation
   sa-surface-tension             = 2.05016
   tcoupl                         = V-rescale
   nsttcouple                     = 20
   nh-chain-length                = 0
   print-nose-hoover-chain-variables = false
   pcoupl                         = Berendsen
   pcoupltype                     = Isotropic
   nstpcouple                     = 20
   tau-p                          = 2
   compressibility (3x3):
      compressibility[    0]={ 4.50000e-05,  0.00000e+00,  0.00000e+00}
      compressibility[    1]={ 0.00000e+00,  4.50000e-05,  0.00000e+00}
      compressibility[    2]={ 0.00000e+00,  0.00000e+00,  4.50000e-05}
   ref-p (3x3):
      ref-p[    0]={ 1.00000e+00,  0.00000e+00,  0.00000e+00}
      ref-p[    1]={ 0.00000e+00,  1.00000e+00,  0.00000e+00}
      ref-p[    2]={ 0.00000e+00,  0.00000e+00,  1.00000e+00}
   refcoord-scaling               = COM
   posres-com (3):
      posres-com[0]= 4.99452e-01
      posres-com[1]= 5.00557e-01
      posres-com[2]= 4.98845e-01
   posres-comB (3):
      posres-comB[0]= 4.99452e-01
      posres-comB[1]= 5.00557e-01
      posres-comB[2]= 4.98845e-01
   QMMM                           = false
   QMconstraints                  = 0
   QMMMscheme                     = 0
   MMChargeScaleFactor            = 1
qm-opts:
   ngQM                           = 0
   constraint-algorithm           = Lincs
   continuation                   = true
   Shake-SOR                      = false
   shake-tol                      = 0.0001
   lincs-order                    = 4
   lincs-iter                     = 1
   lincs-warnangle                = 30
   nwall                          = 0
   wall-type                      = 9-3
   wall-r-linpot                  = -1
   wall-atomtype[0]               = -1
   wall-atomtype[1]               = -1
   wall-density[0]                = 0
   wall-density[1]                = 0
   wall-ewald-zfac                = 3
   pull                           = false
   awh                            = false
   rotation                       = false
   interactiveMD                  = false
   disre                          = No
   disre-weighting                = Conservative
   disre-mixed                    = false
   dr-fc                          = 1000
   dr-tau                         = 0
   nstdisreout                    = 100
   orire-fc                       = 0
   orire-tau                      = 0
   nstorireout                    = 100
   free-energy                    = no
   cos-acceleration               = 0
   deform (3x3):
      deform[    0]={ 0.00000e+00,  0.00000e+00,  0.00000e+00}
      deform[    1]={ 0.00000e+00,  0.00000e+00,  0.00000e+00}
      deform[    2]={ 0.00000e+00,  0.00000e+00,  0.00000e+00}
   simulated-tempering            = false
   swapcoords                     = no
   userint1                       = 0
   userint2                       = 0
   userint3                       = 0
   userint4                       = 0
   userreal1                      = 0
   userreal2                      = 0
   userreal3                      = 0
   userreal4                      = 0
   applied-forces:
     electric-field:
       x:
         E0                       = 0
         omega                    = 0
         t0                       = 0
         sigma                    = 0
       y:
         E0                       = 0
         omega                    = 0
         t0                       = 0
         sigma                    = 0
       z:
         E0                       = 0
         omega                    = 0
         t0                       = 0
         sigma                    = 0
grpopts:
   nrdf:     5831.77     70869.2
   ref-t:         300         300
   tau-t:         0.1         0.1
annealing:          No          No
annealing-npoints:           0           0
   acc:	           0           0           0
   nfreeze:           N           N           N
   energygrp-flags[  0]: 0

Changing nstlist from 20 to 80, rlist from 1.221 to 1.323


Initializing Domain Decomposition on 28 ranks
Dynamic load balancing: locked
Initial maximum inter charge-group distances:
    two-body bonded interactions: 0.411 nm, LJ-14, atoms 2288 2291
  multi-body bonded interactions: 0.494 nm, CMAP Dih., atoms 2006 2015
Minimum cell size due to bonded interactions: 0.543 nm
Maximum distance for 5 constraints, at 120 deg. angles, all-trans: 0.222 nm
Estimated maximum distance required for P-LINCS: 0.222 nm
Guess for relative PME load: 0.13
Will use 24 particle-particle and 4 PME only ranks
This is a guess, check the performance at the end of the log file
Using 4 separate PME ranks, as guessed by mdrun
Scaling the initial minimum size with 1/0.8 (option -dds) = 1.25
Optimizing the DD grid for 24 cells with a minimum initial size of 0.679 nm
The maximum allowed number of cells is: X 10 Y 10 Z 10
Domain decomposition grid 4 x 3 x 2, separate PME ranks 4
PME domain decomposition: 4 x 1 x 1
Interleaving PP and PME ranks
This rank does only particle-particle work.

Domain decomposition rank 0, coordinates 0 0 0

The initial number of communication pulses is: X 1 Y 1 Z 1
The initial domain decomposition cell size is: X 1.82 nm Y 2.43 nm Z 3.65 nm

The maximum allowed distance for charge groups involved in interactions is:
                 non-bonded interactions           1.323 nm
(the following are initial values, they could change due to box deformation)
            two-body bonded interactions  (-rdd)   1.323 nm
          multi-body bonded interactions  (-rdd)   1.323 nm
  atoms separated by up to 5 constraints  (-rcon)  1.823 nm

When dynamic load balancing gets turned on, these settings will change to:
The maximum number of communication pulses is: X 1 Y 1 Z 1
The minimum size for domain decomposition cells is 1.323 nm
The requested allowed shrink of DD cells (option -dds) is: 0.80
The allowed shrink of domain decomposition cells is: X 0.73 Y 0.54 Z 0.36
The maximum allowed distance for charge groups involved in interactions is:
                 non-bonded interactions           1.323 nm
            two-body bonded interactions  (-rdd)   1.323 nm
          multi-body bonded interactions  (-rdd)   1.323 nm
  atoms separated by up to 5 constraints  (-rcon)  1.323 nm

Using 28 MPI threads
Using 1 OpenMP thread per tMPI thread

Pinning threads with an auto-selected logical core stride of 1
System total charge: 0.000
Will do PME sum in reciprocal space for electrostatic interactions.

++++ PLEASE READ AND CITE THE FOLLOWING REFERENCE ++++
U. Essmann, L. Perera, M. L. Berkowitz, T. Darden, H. Lee and L. G. Pedersen 
A smooth particle mesh Ewald method
J. Chem. Phys. 103 (1995) pp. 8577-8592
-------- -------- --- Thank You --- -------- --------

Using a Gaussian width (1/beta) of 0.384195 nm for Ewald
Potential shift: LJ r^-12: -2.648e-01 r^-6: -5.349e-01, Ewald -8.333e-06
Initialized non-bonded Ewald correction tables, spacing: 1.02e-03 size: 1176

Generated table with 1161 data points for 1-4 COUL.
Tabscale = 500 points/nm
Generated table with 1161 data points for 1-4 LJ6.
Tabscale = 500 points/nm
Generated table with 1161 data points for 1-4 LJ12.
Tabscale = 500 points/nm

Using SIMD 4x8 nonbonded short-range kernels

Using a dual 4x8 pair-list setup updated with dynamic pruning:
  outer list: updated every 80 steps, buffer 0.123 nm, rlist 1.323 nm
  inner list: updated every 13 steps, buffer 0.001 nm, rlist 1.201 nm
At tolerance 0.005 kJ/mol/ps per atom, equivalent classical 1x1 list would be:
  outer list: updated every 80 steps, buffer 0.272 nm, rlist 1.472 nm
  inner list: updated every 13 steps, buffer 0.051 nm, rlist 1.251 nm


Initializing Parallel LINear Constraint Solver

++++ PLEASE READ AND CITE THE FOLLOWING REFERENCE ++++
B. Hess
P-LINCS: A Parallel Linear Constraint Solver for molecular simulation
J. Chem. Theory Comput. 4 (2008) pp. 116-122
-------- -------- --- Thank You --- -------- --------

The number of constraints is 1176
There are inter charge-group constraints,
will communicate selected coordinates each lincs iteration

++++ PLEASE READ AND CITE THE FOLLOWING REFERENCE ++++
S. Miyamoto and P. A. Kollman
SETTLE: An Analytical Version of the SHAKE and RATTLE Algorithms for Rigid
Water Models
J. Comp. Chem. 13 (1992) pp. 952-962
-------- -------- --- Thank You --- -------- --------


Linking all bonded interactions to atoms


Intra-simulation communication will occur every 20 steps.
Center of mass motion removal mode is Linear
We have the following groups for center of mass motion removal:
  0:  rest

++++ PLEASE READ AND CITE THE FOLLOWING REFERENCE ++++
G. Bussi, D. Donadio and M. Parrinello
Canonical sampling through velocity rescaling
J. Chem. Phys. 126 (2007) pp. 014101
-------- -------- --- Thank You --- -------- --------

There are: 37769 Atoms
Atom distribution over 24 domains: av 1573 stddev 58 min 1519 max 1657

Started mdrun on rank 0 Tue Sep 24 07:28:52 2024
           Step           Time
              0        0.00000

   Energies (kJ/mol)
           Bond            U-B    Proper Dih.  Improper Dih.      CMAP Dih.
    1.72412e+03    5.21295e+03    5.67587e+03    3.04979e+02   -3.82773e+02
          LJ-14     Coulomb-14        LJ (SR)   Coulomb (SR)   Coul. recip.
    1.69072e+03    3.30105e+04    7.94290e+04   -6.26271e+05    1.79271e+03
 Position Rest.      Potential    Kinetic En.   Total Energy  Conserved En.
    1.43438e-01   -4.97813e+05    9.63321e+04   -4.01481e+05   -4.01471e+05
    Temperature Pressure (bar)   Constr. rmsd
    3.02110e+02   -1.62983e+02    3.01311e-06

DD  step 79 load imb.: force 21.9%  pme mesh/force 0.654


step 240 Turning on dynamic load balancing, because the performance loss due to load imbalance is 15.8 %.

           Step           Time
            500        1.00000

   Energies (kJ/mol)
           Bond            U-B    Proper Dih.  Improper Dih.      CMAP Dih.
    1.96785e+03    5.34562e+03    5.75892e+03    3.04653e+02   -3.97869e+02
          LJ-14     Coulomb-14        LJ (SR)   Coulomb (SR)   Coul. recip.
    1.70518e+03    3.27981e+04    7.98247e+04   -6.26723e+05    1.79613e+03
 Position Rest.      Potential    Kinetic En.   Total Energy  Conserved En.
    4.83915e+02   -4.97136e+05    9.52900e+04   -4.01846e+05   -4.01428e+05
    Temperature Pressure (bar)   Constr. rmsd
    2.98842e+02   -1.15193e+02    2.76879e-06

           Step           Time
           1000        2.00000

   Energies (kJ/mol)
           Bond            U-B    Proper Dih.  Improper Dih.      CMAP Dih.
    1.95817e+03    5.23110e+03    5.72631e+03    3.17274e+02   -3.97302e+02
          LJ-14     Coulomb-14        LJ (SR)   Coulomb (SR)   Coul. recip.
    1.67664e+03    3.30776e+04    8.00807e+04   -6.26693e+05    1.83642e+03
 Position Rest.      Potential    Kinetic En.   Total Energy  Conserved En.
    5.76746e+02   -4.96609e+05    9.54266e+04   -4.01182e+05   -4.01427e+05
    Temperature Pressure (bar)   Constr. rmsd
    2.99271e+02   -7.95215e+01    2.77619e-06

           Step           Time
           1500        3.00000

   Energies (kJ/mol)
           Bond            U-B    Proper Dih.  Improper Dih.      CMAP Dih.
    1.88096e+03    5.19216e+03    5.73170e+03    2.71567e+02   -3.82210e+02
          LJ-14     Coulomb-14        LJ (SR)   Coulomb (SR)   Coul. recip.
    1.72772e+03    3.29808e+04    8.17507e+04   -6.29367e+05    1.77859e+03
 Position Rest.      Potential    Kinetic En.   Total Energy  Conserved En.
    5.26422e+02   -4.97909e+05    9.64037e+04   -4.01505e+05   -4.01463e+05
    Temperature Pressure (bar)   Constr. rmsd
    3.02335e+02    1.26726e+02    2.87119e-06

DD  step 1999  vol min/aver 0.816  load imb.: force  1.9%  pme mesh/force 0.689

           Step           Time
           2000        4.00000

   Energies (kJ/mol)
           Bond            U-B    Proper Dih.  Improper Dih.      CMAP Dih.
    1.79818e+03    5.12616e+03    5.69956e+03    2.67856e+02   -3.48803e+02
          LJ-14     Coulomb-14        LJ (SR)   Coulomb (SR)   Coul. recip.
    1.70505e+03    3.29297e+04    7.98900e+04   -6.27962e+05    1.75269e+03
 Position Rest.      Potential    Kinetic En.   Total Energy  Conserved En.
    4.87889e+02   -4.98654e+05    9.51419e+04   -4.03512e+05   -4.01456e+05
    Temperature Pressure (bar)   Constr. rmsd
    2.98378e+02   -3.10182e+01    2.79772e-06

           Step           Time
           2500        5.00000

   Energies (kJ/mol)
           Bond            U-B    Proper Dih.  Improper Dih.      CMAP Dih.
    1.81715e+03    5.08944e+03    5.72779e+03    2.88643e+02   -3.93173e+02
          LJ-14     Coulomb-14        LJ (SR)   Coulomb (SR)   Coul. recip.
    1.67709e+03    3.29888e+04    8.03048e+04   -6.28359e+05    1.82157e+03
 Position Rest.      Potential    Kinetic En.   Total Energy  Conserved En.
    5.58735e+02   -4.98478e+05    9.57261e+04   -4.02752e+05   -4.01432e+05
    Temperature Pressure (bar)   Constr. rmsd
    3.00210e+02   -1.20642e+02    2.73537e-06

           Step           Time
           3000        6.00000

   Energies (kJ/mol)
           Bond            U-B    Proper Dih.  Improper Dih.      CMAP Dih.
    1.79051e+03    5.17306e+03    5.68874e+03    2.72165e+02   -3.33947e+02
          LJ-14     Coulomb-14        LJ (SR)   Coulomb (SR)   Coul. recip.
    1.71252e+03    3.27750e+04    8.07540e+04   -6.29017e+05    1.80835e+03
 Position Rest.      Potential    Kinetic En.   Total Energy  Conserved En.
    5.83155e+02   -4.98794e+05    9.55207e+04   -4.03273e+05   -4.01435e+05
    Temperature Pressure (bar)   Constr. rmsd
    2.99566e+02   -3.01228e+01    2.71765e-06

           Step           Time
           3500        7.00000

   Energies (kJ/mol)
           Bond            U-B    Proper Dih.  Improper Dih.      CMAP Dih.
    1.96774e+03    5.25217e+03    5.75399e+03    3.00266e+02   -3.57717e+02
          LJ-14     Coulomb-14        LJ (SR)   Coulomb (SR)   Coul. recip.
    1.61589e+03    3.28102e+04    8.03056e+04   -6.27232e+05    1.83678e+03
 Position Rest.      Potential    Kinetic En.   Total Energy  Conserved En.
    6.00125e+02   -4.97147e+05    9.59152e+04   -4.01232e+05   -4.01438e+05
    Temperature Pressure (bar)   Constr. rmsd
    3.00803e+02   -2.39451e+01    2.73945e-06

DD  step 3999  vol min/aver 0.817  load imb.: force  1.4%  pme mesh/force 0.693

           Step           Time
           4000        8.00000

   Energies (kJ/mol)
           Bond            U-B    Proper Dih.  Improper Dih.      CMAP Dih.
    1.81504e+03    5.29391e+03    5.73195e+03    3.25373e+02   -3.88562e+02
          LJ-14     Coulomb-14        LJ (SR)   Coulomb (SR)   Coul. recip.
    1.56905e+03    3.28684e+04    8.03303e+04   -6.28976e+05    1.78183e+03
 Position Rest.      Potential    Kinetic En.   Total Energy  Conserved En.
    5.56711e+02   -4.99092e+05    9.50202e+04   -4.04072e+05   -4.01418e+05
    Temperature Pressure (bar)   Constr. rmsd
    2.97996e+02   -2.85661e+02    2.60312e-06

           Step           Time
           4500        9.00000

   Energies (kJ/mol)
           Bond            U-B    Proper Dih.  Improper Dih.      CMAP Dih.
    1.87307e+03    5.12279e+03    5.80849e+03    3.00886e+02   -4.00608e+02
          LJ-14     Coulomb-14        LJ (SR)   Coulomb (SR)   Coul. recip.
    1.61799e+03    3.27930e+04    8.05002e+04   -6.29215e+05    1.75707e+03
 Position Rest.      Potential    Kinetic En.   Total Energy  Conserved En.
    5.77452e+02   -4.99264e+05    9.52671e+04   -4.03997e+05   -4.01421e+05
    Temperature Pressure (bar)   Constr. rmsd
    2.98770e+02   -2.39359e+02    2.76572e-06

           Step           Time
           5000       10.00000

   Energies (kJ/mol)
           Bond            U-B    Proper Dih.  Improper Dih.      CMAP Dih.
    1.88571e+03    5.31418e+03    5.67349e+03    3.46339e+02   -3.98007e+02
          LJ-14     Coulomb-14        LJ (SR)   Coulomb (SR)   Coul. recip.
    1.68994e+03    3.27959e+04    7.99305e+04   -6.26219e+05    1.79388e+03
 Position Rest.      Potential    Kinetic En.   Total Energy  Conserved En.
    5.78178e+02   -4.96609e+05    9.57095e+04   -4.00900e+05   -4.01426e+05
    Temperature Pressure (bar)   Constr. rmsd
    3.00158e+02    2.03018e+01    3.05004e-06

           Step           Time
           5500       11.00000

   Energies (kJ/mol)
           Bond            U-B    Proper Dih.  Improper Dih.      CMAP Dih.
    1.94400e+03    5.19966e+03    5.67784e+03    2.85138e+02   -3.61277e+02
          LJ-14     Coulomb-14        LJ (SR)   Coulomb (SR)   Coul. recip.
    1.66883e+03    3.28186e+04    8.00416e+04   -6.25804e+05    1.82572e+03
 Position Rest.      Potential    Kinetic En.   Total Energy  Conserved En.
    5.32923e+02   -4.96171e+05    9.56051e+04   -4.00566e+05   -4.01413e+05
    Temperature Pressure (bar)   Constr. rmsd
    2.99831e+02   -9.81748e-01    3.03951e-06

DD  step 5999  vol min/aver 0.812  load imb.: force  2.8%  pme mesh/force 0.683

           Step           Time
           6000       12.00000

   Energies (kJ/mol)
           Bond            U-B    Proper Dih.  Improper Dih.      CMAP Dih.
    1.88989e+03    5.14989e+03    5.72804e+03    3.06325e+02   -4.11150e+02
          LJ-14     Coulomb-14        LJ (SR)   Coulomb (SR)   Coul. recip.
    1.70369e+03    3.29274e+04    8.02845e+04   -6.27025e+05    1.81682e+03
 Position Rest.      Potential    Kinetic En.   Total Energy  Conserved En.
    5.82222e+02   -4.97048e+05    9.63892e+04   -4.00659e+05   -4.01435e+05
    Temperature Pressure (bar)   Constr. rmsd
    3.02290e+02    3.00484e+01    3.28414e-06

           Step           Time
           6500       13.00000

   Energies (kJ/mol)
           Bond            U-B    Proper Dih.  Improper Dih.      CMAP Dih.
    1.85958e+03    5.08731e+03    5.72012e+03    3.08745e+02   -4.30062e+02
          LJ-14     Coulomb-14        LJ (SR)   Coulomb (SR)   Coul. recip.
    1.67282e+03    3.29481e+04    8.11293e+04   -6.30147e+05    1.81896e+03
 Position Rest.      Potential    Kinetic En.   Total Energy  Conserved En.
    5.62714e+02   -4.99469e+05    9.51894e+04   -4.04280e+05   -4.01416e+05
    Temperature Pressure (bar)   Constr. rmsd
    2.98527e+02    1.29202e+01    2.79048e-06

           Step           Time
           7000       14.00000

   Energies (kJ/mol)
           Bond            U-B    Proper Dih.  Improper Dih.      CMAP Dih.
    1.93267e+03    4.90190e+03    5.72306e+03    3.17304e+02   -4.02996e+02
          LJ-14     Coulomb-14        LJ (SR)   Coulomb (SR)   Coul. recip.
    1.66605e+03    3.29886e+04    8.11070e+04   -6.29213e+05    1.76214e+03
 Position Rest.      Potential    Kinetic En.   Total Energy  Conserved En.
    5.86488e+02   -4.98631e+05    9.53322e+04   -4.03299e+05   -4.01428e+05
    Temperature Pressure (bar)   Constr. rmsd
    2.98975e+02    2.18440e+01    3.05788e-06

           Step           Time
           7500       15.00000

   Energies (kJ/mol)
           Bond            U-B    Proper Dih.  Improper Dih.      CMAP Dih.
    1.93649e+03    5.25381e+03    5.76390e+03    3.00418e+02   -3.94373e+02
          LJ-14     Coulomb-14        LJ (SR)   Coulomb (SR)   Coul. recip.
    1.62251e+03    3.28218e+04    8.02144e+04   -6.27124e+05    1.80067e+03
 Position Rest.      Potential    Kinetic En.   Total Energy  Conserved En.
    6.09111e+02   -4.97195e+05    9.58337e+04   -4.01362e+05   -4.01412e+05
    Temperature Pressure (bar)   Constr. rmsd
    3.00547e+02   -4.76589e+01    3.00590e-06

DD  step 7999  vol min/aver 0.808  load imb.: force  3.7%  pme mesh/force 0.679

           Step           Time
           8000       16.00000

   Energies (kJ/mol)
           Bond            U-B    Proper Dih.  Improper Dih.      CMAP Dih.
    1.85328e+03    5.07279e+03    5.73104e+03    3.24797e+02   -4.28630e+02
          LJ-14     Coulomb-14        LJ (SR)   Coulomb (SR)   Coul. recip.
    1.65182e+03    3.30608e+04    8.12044e+04   -6.29330e+05    1.80034e+03
 Position Rest.      Potential    Kinetic En.   Total Energy  Conserved En.
    5.98112e+02   -4.98461e+05    9.54104e+04   -4.03051e+05   -4.01413e+05
    Temperature Pressure (bar)   Constr. rmsd
    2.99220e+02    2.87128e+01    2.63828e-06

           Step           Time
           8500       17.00000

   Energies (kJ/mol)
           Bond            U-B    Proper Dih.  Improper Dih.      CMAP Dih.
    1.87048e+03    5.01399e+03    5.77848e+03    3.11725e+02   -3.83928e+02
          LJ-14     Coulomb-14        LJ (SR)   Coulomb (SR)   Coul. recip.
    1.63042e+03    3.27608e+04    8.01875e+04   -6.29385e+05    1.82602e+03
 Position Rest.      Potential    Kinetic En.   Total Energy  Conserved En.
    5.92863e+02   -4.99797e+05    9.56787e+04   -4.04118e+05   -4.01406e+05
    Temperature Pressure (bar)   Constr. rmsd
    3.00061e+02   -1.82183e+02    3.08073e-06

           Step           Time
           9000       18.00000

   Energies (kJ/mol)
           Bond            U-B    Proper Dih.  Improper Dih.      CMAP Dih.
    1.79318e+03    5.22828e+03    5.79092e+03    2.86108e+02   -3.60015e+02
          LJ-14     Coulomb-14        LJ (SR)   Coulomb (SR)   Coul. recip.
    1.66040e+03    3.29559e+04    7.94027e+04   -6.27080e+05    1.84471e+03
 Position Rest.      Potential    Kinetic En.   Total Energy  Conserved En.
    6.13611e+02   -4.97864e+05    9.48900e+04   -4.02974e+05   -4.01386e+05
    Temperature Pressure (bar)   Constr. rmsd
    2.97588e+02   -4.84824e+01    2.62408e-06

           Step           Time
           9500       19.00000

   Energies (kJ/mol)
           Bond            U-B    Proper Dih.  Improper Dih.      CMAP Dih.
    1.89344e+03    5.11012e+03    5.60683e+03    3.13214e+02   -3.78108e+02
          LJ-14     Coulomb-14        LJ (SR)   Coulomb (SR)   Coul. recip.
    1.64961e+03    3.29562e+04    8.09299e+04   -6.28790e+05    1.83169e+03
 Position Rest.      Potential    Kinetic En.   Total Energy  Conserved En.
    6.30669e+02   -4.98247e+05    9.58329e+04   -4.02414e+05   -4.01392e+05
    Temperature Pressure (bar)   Constr. rmsd
    3.00545e+02    1.03970e+01    2.48788e-06

DD  step 9999  vol min/aver 0.812  load imb.: force  3.6%  pme mesh/force 0.681

           Step           Time
          10000       20.00000

   Energies (kJ/mol)
           Bond            U-B    Proper Dih.  Improper Dih.      CMAP Dih.
    1.91275e+03    5.19723e+03    5.66529e+03    3.41893e+02   -3.84870e+02
          LJ-14     Coulomb-14        LJ (SR)   Coulomb (SR)   Coul. recip.
    1.72946e+03    3.27774e+04    7.95512e+04   -6.26921e+05    1.79589e+03
 Position Rest.      Potential    Kinetic En.   Total Energy  Conserved En.
    5.98357e+02   -4.97736e+05    9.64571e+04   -4.01279e+05   -4.01393e+05
    Temperature Pressure (bar)   Constr. rmsd
    3.02503e+02   -1.22920e+02    2.77767e-06

           Step           Time
          10500       21.00000

   Energies (kJ/mol)
           Bond            U-B    Proper Dih.  Improper Dih.      CMAP Dih.
    1.76680e+03    5.37935e+03    5.63843e+03    2.88458e+02   -3.38763e+02
          LJ-14     Coulomb-14        LJ (SR)   Coulomb (SR)   Coul. recip.
    1.64594e+03    3.27584e+04    7.99383e+04   -6.27735e+05    1.77345e+03
 Position Rest.      Potential    Kinetic En.   Total Energy  Conserved En.
    5.77458e+02   -4.98307e+05    9.62358e+04   -4.02071e+05   -4.01399e+05
    Temperature Pressure (bar)   Constr. rmsd
    3.01809e+02   -1.04943e+02    2.97107e-06

           Step           Time
          11000       22.00000

   Energies (kJ/mol)
           Bond            U-B    Proper Dih.  Improper Dih.      CMAP Dih.
    2.01227e+03    5.27543e+03    5.67096e+03    2.90854e+02   -3.95027e+02
          LJ-14     Coulomb-14        LJ (SR)   Coulomb (SR)   Coul. recip.
    1.62750e+03    3.28344e+04    7.93254e+04   -6.26669e+05    1.75878e+03
 Position Rest.      Potential    Kinetic En.   Total Energy  Conserved En.
    5.88115e+02   -4.97680e+05    9.63124e+04   -4.01367e+05   -4.01382e+05
    Temperature Pressure (bar)   Constr. rmsd
    3.02049e+02   -1.54787e+02    2.88361e-06

           Step           Time
          11500       23.00000

   Energies (kJ/mol)
           Bond            U-B    Proper Dih.  Improper Dih.      CMAP Dih.
    1.88455e+03    5.10284e+03    5.68967e+03    2.98514e+02   -3.97487e+02
          LJ-14     Coulomb-14        LJ (SR)   Coulomb (SR)   Coul. recip.
    1.65344e+03    3.29191e+04    8.06598e+04   -6.29140e+05    1.75514e+03
 Position Rest.      Potential    Kinetic En.   Total Energy  Conserved En.
    5.87255e+02   -4.98987e+05    9.59378e+04   -4.03050e+05   -4.01394e+05
    Temperature Pressure (bar)   Constr. rmsd
    3.00874e+02    7.31446e+00    3.07311e-06

DD  step 11999  vol min/aver 0.793  load imb.: force  2.3%  pme mesh/force 0.687

           Step           Time
          12000       24.00000

   Energies (kJ/mol)
           Bond            U-B    Proper Dih.  Improper Dih.      CMAP Dih.
    1.86505e+03    5.14227e+03    5.60687e+03    2.77420e+02   -3.84963e+02
          LJ-14     Coulomb-14        LJ (SR)   Coulomb (SR)   Coul. recip.
    1.63814e+03    3.25916e+04    8.03113e+04   -6.28059e+05    1.82132e+03
 Position Rest.      Potential    Kinetic En.   Total Energy  Conserved En.
    5.57151e+02   -4.98633e+05    9.48506e+04   -4.03782e+05   -4.01378e+05
    Temperature Pressure (bar)   Constr. rmsd
    2.97464e+02   -2.01576e+02    2.65782e-06

           Step           Time
          12500       25.00000

   Energies (kJ/mol)
           Bond            U-B    Proper Dih.  Improper Dih.      CMAP Dih.
    1.91558e+03    5.36462e+03    5.77429e+03    3.39120e+02   -3.94136e+02
          LJ-14     Coulomb-14        LJ (SR)   Coulomb (SR)   Coul. recip.
    1.64504e+03    3.28379e+04    8.25889e+04   -6.30102e+05    1.75672e+03
 Position Rest.      Potential    Kinetic En.   Total Energy  Conserved En.
    6.18153e+02   -4.97656e+05    9.56863e+04   -4.01969e+05   -4.01373e+05
    Temperature Pressure (bar)   Constr. rmsd
    3.00085e+02    2.32603e+02    3.02592e-06

           Step           Time
          13000       26.00000

   Energies (kJ/mol)
           Bond            U-B    Proper Dih.  Improper Dih.      CMAP Dih.
    1.87627e+03    5.42215e+03    5.65919e+03    2.84084e+02   -3.81299e+02
          LJ-14     Coulomb-14        LJ (SR)   Coulomb (SR)   Coul. recip.
    1.64410e+03    3.27767e+04    7.99477e+04   -6.27554e+05    1.74202e+03
 Position Rest.      Potential    Kinetic En.   Total Energy  Conserved En.
    5.73060e+02   -4.98010e+05    9.63192e+04   -4.01690e+05   -4.01374e+05
    Temperature Pressure (bar)   Constr. rmsd
    3.02070e+02   -1.72943e+02    2.98678e-06

           Step           Time
          13500       27.00000

   Energies (kJ/mol)
           Bond            U-B    Proper Dih.  Improper Dih.      CMAP Dih.
    2.09359e+03    5.30276e+03    5.64288e+03    2.94832e+02   -3.62867e+02
          LJ-14     Coulomb-14        LJ (SR)   Coulomb (SR)   Coul. recip.
    1.58695e+03    3.26515e+04    8.11042e+04   -6.27438e+05    1.78250e+03
 Position Rest.      Potential    Kinetic En.   Total Energy  Conserved En.
    5.56629e+02   -4.96786e+05    9.51826e+04   -4.01603e+05   -4.01364e+05
    Temperature Pressure (bar)   Constr. rmsd
    2.98506e+02    9.94335e+00    3.03366e-06

DD  step 13999  vol min/aver 0.794  load imb.: force  2.1%  pme mesh/force 0.687

           Step           Time
          14000       28.00000

   Energies (kJ/mol)
           Bond            U-B    Proper Dih.  Improper Dih.      CMAP Dih.
    1.94566e+03    5.20394e+03    5.59285e+03    2.54036e+02   -3.95679e+02
          LJ-14     Coulomb-14        LJ (SR)   Coulomb (SR)   Coul. recip.
    1.66355e+03    3.28473e+04    8.05593e+04   -6.28601e+05    1.87246e+03
 Position Rest.      Potential    Kinetic En.   Total Energy  Conserved En.
    5.67293e+02   -4.98490e+05    9.58340e+04   -4.02656e+05   -4.01352e+05
    Temperature Pressure (bar)   Constr. rmsd
    3.00548e+02   -1.85124e+01    2.96445e-06

           Step           Time
          14500       29.00000

   Energies (kJ/mol)
           Bond            U-B    Proper Dih.  Improper Dih.      CMAP Dih.
    1.89509e+03    5.22617e+03    5.65440e+03    3.02868e+02   -3.71550e+02
          LJ-14     Coulomb-14        LJ (SR)   Coulomb (SR)   Coul. recip.
    1.68821e+03    3.28947e+04    8.16223e+04   -6.28573e+05    1.81883e+03
 Position Rest.      Potential    Kinetic En.   Total Energy  Conserved En.
    5.29686e+02   -4.97313e+05    9.59983e+04   -4.01314e+05   -4.01356e+05
    Temperature Pressure (bar)   Constr. rmsd
    3.01064e+02    1.95806e+02    2.78613e-06

           Step           Time
          15000       30.00000

   Energies (kJ/mol)
           Bond            U-B    Proper Dih.  Improper Dih.      CMAP Dih.
    1.85343e+03    5.01799e+03    5.67219e+03    2.91208e+02   -3.65283e+02
          LJ-14     Coulomb-14        LJ (SR)   Coulomb (SR)   Coul. recip.
    1.75101e+03    3.29645e+04    7.99079e+04   -6.27688e+05    1.75169e+03
 Position Rest.      Potential    Kinetic En.   Total Energy  Conserved En.
    5.46422e+02   -4.98297e+05    9.52967e+04   -4.03000e+05   -4.01347e+05
    Temperature Pressure (bar)   Constr. rmsd
    2.98863e+02   -6.60794e+01    2.58629e-06

           Step           Time
          15500       31.00000

   Energies (kJ/mol)
           Bond            U-B    Proper Dih.  Improper Dih.      CMAP Dih.
    1.89372e+03    5.36777e+03    5.69988e+03    3.21138e+02   -3.46537e+02
          LJ-14     Coulomb-14        LJ (SR)   Coulomb (SR)   Coul. recip.
    1.66386e+03    3.27082e+04    8.09476e+04   -6.28262e+05    1.84316e+03
 Position Rest.      Potential    Kinetic En.   Total Energy  Conserved En.
    6.28229e+02   -4.97535e+05    9.56948e+04   -4.01840e+05   -4.01354e+05
    Temperature Pressure (bar)   Constr. rmsd
    3.00112e+02    4.33312e+01    2.94520e-06

DD  step 15999  vol min/aver 0.800  load imb.: force  2.2%  pme mesh/force 0.691

           Step           Time
          16000       32.00000

   Energies (kJ/mol)
           Bond            U-B    Proper Dih.  Improper Dih.      CMAP Dih.
    2.02484e+03    5.19201e+03    5.68126e+03    2.78342e+02   -4.04163e+02
          LJ-14     Coulomb-14        LJ (SR)   Coulomb (SR)   Coul. recip.
    1.58098e+03    3.29488e+04    7.99939e+04   -6.26040e+05    1.85112e+03
 Position Rest.      Potential    Kinetic En.   Total Energy  Conserved En.
    5.74159e+02   -4.96319e+05    9.60328e+04   -4.00286e+05   -4.01342e+05
    Temperature Pressure (bar)   Constr. rmsd
    3.01172e+02   -1.94218e+02    3.27140e-06

           Step           Time
          16500       33.00000

   Energies (kJ/mol)
           Bond            U-B    Proper Dih.  Improper Dih.      CMAP Dih.
    1.81561e+03    5.16811e+03    5.60631e+03    2.96052e+02   -4.01228e+02
          LJ-14     Coulomb-14        LJ (SR)   Coulomb (SR)   Coul. recip.
    1.65519e+03    3.27460e+04    8.06928e+04   -6.28457e+05    1.83464e+03
 Position Rest.      Potential    Kinetic En.   Total Energy  Conserved En.
    5.95348e+02   -4.98448e+05    9.46875e+04   -4.03761e+05   -4.01357e+05
    Temperature Pressure (bar)   Constr. rmsd
    2.96953e+02   -5.99062e+00    2.71797e-06

           Step           Time
          17000       34.00000

   Energies (kJ/mol)
           Bond            U-B    Proper Dih.  Improper Dih.      CMAP Dih.
    1.90881e+03    5.14210e+03    5.73413e+03    2.65376e+02   -3.91023e+02
          LJ-14     Coulomb-14        LJ (SR)   Coulomb (SR)   Coul. recip.
    1.68654e+03    3.28358e+04    7.97168e+04   -6.27249e+05    1.83338e+03
 Position Rest.      Potential    Kinetic En.   Total Energy  Conserved En.
    5.73772e+02   -4.97943e+05    9.63321e+04   -4.01611e+05   -4.01334e+05
    Temperature Pressure (bar)   Constr. rmsd
    3.02111e+02   -1.54529e+02    2.88499e-06

           Step           Time
          17500       35.00000

   Energies (kJ/mol)
           Bond            U-B    Proper Dih.  Improper Dih.      CMAP Dih.
    2.05948e+03    5.14385e+03    5.77336e+03    3.20277e+02   -3.67986e+02
          LJ-14     Coulomb-14        LJ (SR)   Coulomb (SR)   Coul. recip.
    1.63549e+03    3.27459e+04    8.10885e+04   -6.27978e+05    1.77969e+03
 Position Rest.      Potential    Kinetic En.   Total Energy  Conserved En.
    5.28352e+02   -4.97271e+05    9.61251e+04   -4.01146e+05   -4.01335e+05
    Temperature Pressure (bar)   Constr. rmsd
    3.01461e+02    5.46159e+01    3.22831e-06

DD  step 17999  vol min/aver 0.789  load imb.: force  2.3%  pme mesh/force 0.689

           Step           Time
          18000       36.00000

   Energies (kJ/mol)
           Bond            U-B    Proper Dih.  Improper Dih.      CMAP Dih.
    1.92939e+03    5.05669e+03    5.72193e+03    3.01498e+02   -3.93352e+02
          LJ-14     Coulomb-14        LJ (SR)   Coulomb (SR)   Coul. recip.
    1.64516e+03    3.27566e+04    8.00334e+04   -6.27806e+05    1.76251e+03
 Position Rest.      Potential    Kinetic En.   Total Energy  Conserved En.
    5.47155e+02   -4.98445e+05    9.49837e+04   -4.03461e+05   -4.01312e+05
    Temperature Pressure (bar)   Constr. rmsd
    2.97882e+02   -1.48116e+02    2.61710e-06

           Step           Time
          18500       37.00000

   Energies (kJ/mol)
           Bond            U-B    Proper Dih.  Improper Dih.      CMAP Dih.
    1.90887e+03    5.15396e+03    5.78182e+03    2.91921e+02   -3.38236e+02
          LJ-14     Coulomb-14        LJ (SR)   Coulomb (SR)   Coul. recip.
    1.69149e+03    3.28656e+04    8.00471e+04   -6.27607e+05    1.83458e+03
 Position Rest.      Potential    Kinetic En.   Total Energy  Conserved En.
    5.26935e+02   -4.97843e+05    9.53677e+04   -4.02475e+05   -4.01316e+05
    Temperature Pressure (bar)   Constr. rmsd
    2.99086e+02    3.47916e+00    2.97599e-06

           Step           Time
          19000       38.00000

   Energies (kJ/mol)
           Bond            U-B    Proper Dih.  Improper Dih.      CMAP Dih.
    1.90049e+03    5.07096e+03    5.68654e+03    2.93119e+02   -3.33761e+02
          LJ-14     Coulomb-14        LJ (SR)   Coulomb (SR)   Coul. recip.
    1.63648e+03    3.29552e+04    8.03378e+04   -6.28931e+05    1.84882e+03
 Position Rest.      Potential    Kinetic En.   Total Energy  Conserved En.
    5.61051e+02   -4.98974e+05    9.52495e+04   -4.03725e+05   -4.01306e+05
    Temperature Pressure (bar)   Constr. rmsd
    2.98715e+02   -6.82471e+01    2.81043e-06

           Step           Time
          19500       39.00000

   Energies (kJ/mol)
           Bond            U-B    Proper Dih.  Improper Dih.      CMAP Dih.
    1.90488e+03    5.24155e+03    5.75255e+03    3.18123e+02   -3.93246e+02
          LJ-14     Coulomb-14        LJ (SR)   Coulomb (SR)   Coul. recip.
    1.66562e+03    3.30271e+04    7.97993e+04   -6.27710e+05    1.80418e+03
 Position Rest.      Potential    Kinetic En.   Total Energy  Conserved En.
    5.92401e+02   -4.97997e+05    9.62865e+04   -4.01711e+05   -4.01316e+05
    Temperature Pressure (bar)   Constr. rmsd
    3.01968e+02   -6.61021e+01    3.15367e-06

DD  step 19999  vol min/aver 0.781  load imb.: force  2.5%  pme mesh/force 0.687

           Step           Time
          20000       40.00000

   Energies (kJ/mol)
           Bond            U-B    Proper Dih.  Improper Dih.      CMAP Dih.
    1.91278e+03    5.20624e+03    5.66519e+03    2.95508e+02   -3.93762e+02
          LJ-14     Coulomb-14        LJ (SR)   Coulomb (SR)   Coul. recip.
    1.69205e+03    3.27943e+04    8.06224e+04   -6.27854e+05    1.90669e+03
 Position Rest.      Potential    Kinetic En.   Total Energy  Conserved En.
    5.14197e+02   -4.97638e+05    9.62844e+04   -4.01354e+05   -4.01325e+05
    Temperature Pressure (bar)   Constr. rmsd
    3.01961e+02    5.82099e+00    3.28782e-06

           Step           Time
          20500       41.00000

   Energies (kJ/mol)
           Bond            U-B    Proper Dih.  Improper Dih.      CMAP Dih.
    1.85432e+03    5.16342e+03    5.74810e+03    3.31596e+02   -3.62957e+02
          LJ-14     Coulomb-14        LJ (SR)   Coulomb (SR)   Coul. recip.
    1.73428e+03    3.30034e+04    8.09796e+04   -6.27657e+05    1.76758e+03
 Position Rest.      Potential    Kinetic En.   Total Energy  Conserved En.
    5.73566e+02   -4.96864e+05    9.61696e+04   -4.00694e+05   -4.01315e+05
    Temperature Pressure (bar)   Constr. rmsd
    3.01601e+02    2.47275e+02    3.03332e-06

           Step           Time
          21000       42.00000

   Energies (kJ/mol)
           Bond            U-B    Proper Dih.  Improper Dih.      CMAP Dih.
    1.86672e+03    5.19960e+03    5.73363e+03    2.76963e+02   -3.76819e+02
          LJ-14     Coulomb-14        LJ (SR)   Coulomb (SR)   Coul. recip.
    1.69065e+03    3.29110e+04    8.00198e+04   -6.27051e+05    1.80977e+03
 Position Rest.      Potential    Kinetic En.   Total Energy  Conserved En.
    5.56699e+02   -4.97363e+05    9.51595e+04   -4.02204e+05   -4.01292e+05
    Temperature Pressure (bar)   Constr. rmsd
    2.98433e+02   -6.10717e+01    2.69210e-06

           Step           Time
          21500       43.00000

   Energies (kJ/mol)
           Bond            U-B    Proper Dih.  Improper Dih.      CMAP Dih.
    1.92961e+03    5.08463e+03    5.73001e+03    2.82510e+02   -4.23764e+02
          LJ-14     Coulomb-14        LJ (SR)   Coulomb (SR)   Coul. recip.
    1.65824e+03    3.26821e+04    8.09978e+04   -6.28987e+05    1.83032e+03
 Position Rest.      Potential    Kinetic En.   Total Energy  Conserved En.
    5.89939e+02   -4.98625e+05    9.57843e+04   -4.02841e+05   -4.01318e+05
    Temperature Pressure (bar)   Constr. rmsd
    3.00393e+02   -1.08352e+02    2.80954e-06

DD  step 21999  vol min/aver 0.799  load imb.: force  3.0%  pme mesh/force 0.682

           Step           Time
          22000       44.00000

   Energies (kJ/mol)
           Bond            U-B    Proper Dih.  Improper Dih.      CMAP Dih.
    1.89901e+03    5.13831e+03    5.67282e+03    3.24761e+02   -3.87712e+02
          LJ-14     Coulomb-14        LJ (SR)   Coulomb (SR)   Coul. recip.
    1.66148e+03    3.28640e+04    8.08310e+04   -6.28547e+05    1.70686e+03
 Position Rest.      Potential    Kinetic En.   Total Energy  Conserved En.
    5.41497e+02   -4.98295e+05    9.54606e+04   -4.02835e+05   -4.01294e+05
    Temperature Pressure (bar)   Constr. rmsd
    2.99377e+02   -2.21754e+01    2.95949e-06

           Step           Time
          22500       45.00000

   Energies (kJ/mol)
           Bond            U-B    Proper Dih.  Improper Dih.      CMAP Dih.
    1.86377e+03    5.07772e+03    5.74107e+03    2.93376e+02   -3.99082e+02
          LJ-14     Coulomb-14        LJ (SR)   Coulomb (SR)   Coul. recip.
    1.66304e+03    3.28895e+04    8.15104e+04   -6.29243e+05    1.72765e+03
 Position Rest.      Potential    Kinetic En.   Total Energy  Conserved En.
    5.26439e+02   -4.98349e+05    9.55035e+04   -4.02846e+05   -4.01310e+05
    Temperature Pressure (bar)   Constr. rmsd
    2.99512e+02    1.12786e+02    2.96374e-06

           Step           Time
          23000       46.00000

   Energies (kJ/mol)
           Bond            U-B    Proper Dih.  Improper Dih.      CMAP Dih.
    1.80127e+03    5.21340e+03    5.67285e+03    3.32859e+02   -3.71268e+02
          LJ-14     Coulomb-14        LJ (SR)   Coulomb (SR)   Coul. recip.
    1.71496e+03    3.28571e+04    8.00591e+04   -6.26089e+05    1.87736e+03
 Position Rest.      Potential    Kinetic En.   Total Energy  Conserved En.
    5.62346e+02   -4.96369e+05    9.54736e+04   -4.00895e+05   -4.01296e+05
    Temperature Pressure (bar)   Constr. rmsd
    2.99418e+02   -4.71016e-01    2.70147e-06

           Step           Time
          23500       47.00000

   Energies (kJ/mol)
           Bond            U-B    Proper Dih.  Improper Dih.      CMAP Dih.
    1.76771e+03    5.35888e+03    5.71354e+03    3.48886e+02   -4.16638e+02
          LJ-14     Coulomb-14        LJ (SR)   Coulomb (SR)   Coul. recip.
    1.60131e+03    3.29106e+04    8.06460e+04   -6.29158e+05    1.72255e+03
 Position Rest.      Potential    Kinetic En.   Total Energy  Conserved En.
    5.82404e+02   -4.98923e+05    9.56719e+04   -4.03251e+05   -4.01284e+05
    Temperature Pressure (bar)   Constr. rmsd
    3.00040e+02   -7.22247e+01    2.70533e-06

DD  step 23999  vol min/aver 0.809  load imb.: force  2.4%  pme mesh/force 0.669

           Step           Time
          24000       48.00000

   Energies (kJ/mol)
           Bond            U-B    Proper Dih.  Improper Dih.      CMAP Dih.
    1.92140e+03    5.16601e+03    5.74474e+03    3.37092e+02   -3.63704e+02
          LJ-14     Coulomb-14        LJ (SR)   Coulomb (SR)   Coul. recip.
    1.64102e+03    3.29411e+04    8.02745e+04   -6.27740e+05    1.85092e+03
 Position Rest.      Potential    Kinetic En.   Total Energy  Conserved En.
    5.76373e+02   -4.97651e+05    9.60476e+04   -4.01603e+05   -4.01267e+05
    Temperature Pressure (bar)   Constr. rmsd
    3.01218e+02   -1.65216e+02    2.77548e-06

           Step           Time
          24500       49.00000

   Energies (kJ/mol)
           Bond            U-B    Proper Dih.  Improper Dih.      CMAP Dih.
    1.92752e+03    5.17255e+03    5.78611e+03    3.13518e+02   -3.41147e+02
          LJ-14     Coulomb-14        LJ (SR)   Coulomb (SR)   Coul. recip.
    1.58144e+03    3.27902e+04    8.13206e+04   -6.28237e+05    1.88366e+03
 Position Rest.      Potential    Kinetic En.   Total Energy  Conserved En.
    6.36446e+02   -4.97166e+05    9.58717e+04   -4.01294e+05   -4.01258e+05
    Temperature Pressure (bar)   Constr. rmsd
    3.00667e+02   -4.98520e+01    2.83621e-06

           Step           Time
          25000       50.00000

   Energies (kJ/mol)
           Bond            U-B    Proper Dih.  Improper Dih.      CMAP Dih.
    1.87965e+03    5.15557e+03    5.72671e+03    3.29270e+02   -3.86840e+02
          LJ-14     Coulomb-14        LJ (SR)   Coulomb (SR)   Coul. recip.
    1.65860e+03    3.26904e+04    8.04617e+04   -6.27086e+05    1.83820e+03
 Position Rest.      Potential    Kinetic En.   Total Energy  Conserved En.
    6.29926e+02   -4.97103e+05    9.58925e+04   -4.01210e+05   -4.01281e+05
    Temperature Pressure (bar)   Constr. rmsd
    3.00732e+02   -6.51803e+01    2.77251e-06

           Step           Time
          25500       51.00000

   Energies (kJ/mol)
           Bond            U-B    Proper Dih.  Improper Dih.      CMAP Dih.
    1.98805e+03    5.11576e+03    5.67812e+03    3.26774e+02   -3.96880e+02
          LJ-14     Coulomb-14        LJ (SR)   Coulomb (SR)   Coul. recip.
    1.64410e+03    3.28486e+04    8.14199e+04   -6.28975e+05    1.82942e+03
 Position Rest.      Potential    Kinetic En.   Total Energy  Conserved En.
    5.94599e+02   -4.97927e+05    9.62555e+04   -4.01671e+05   -4.01283e+05
    Temperature Pressure (bar)   Constr. rmsd
    3.01870e+02    1.41793e+02    2.71434e-06

DD  step 25999  vol min/aver 0.801  load imb.: force  2.4%  pme mesh/force 0.681

           Step           Time
          26000       52.00000

   Energies (kJ/mol)
           Bond            U-B    Proper Dih.  Improper Dih.      CMAP Dih.
    2.00951e+03    5.15148e+03    5.72668e+03    2.69221e+02   -3.56083e+02
          LJ-14     Coulomb-14        LJ (SR)   Coulomb (SR)   Coul. recip.
    1.60540e+03    3.28872e+04    8.01625e+04   -6.28144e+05    1.86612e+03
 Position Rest.      Potential    Kinetic En.   Total Energy  Conserved En.
    6.13476e+02   -4.98208e+05    9.55612e+04   -4.02647e+05   -4.01250e+05
    Temperature Pressure (bar)   Constr. rmsd
    2.99693e+02   -1.27147e+02    2.79343e-06

           Step           Time
          26500       53.00000

   Energies (kJ/mol)
           Bond            U-B    Proper Dih.  Improper Dih.      CMAP Dih.
    1.88452e+03    5.20546e+03    5.71816e+03    3.26859e+02   -3.51645e+02
          LJ-14     Coulomb-14        LJ (SR)   Coulomb (SR)   Coul. recip.
    1.70551e+03    3.28998e+04    8.12662e+04   -6.29877e+05    1.81996e+03
 Position Rest.      Potential    Kinetic En.   Total Energy  Conserved En.
    6.00220e+02   -4.98802e+05    9.55192e+04   -4.03283e+05   -4.01259e+05
    Temperature Pressure (bar)   Constr. rmsd
    2.99561e+02    7.14420e+01    2.81984e-06

           Step           Time
          27000       54.00000

   Energies (kJ/mol)
           Bond            U-B    Proper Dih.  Improper Dih.      CMAP Dih.
    2.01973e+03    5.24882e+03    5.74580e+03    2.75351e+02   -3.60948e+02
          LJ-14     Coulomb-14        LJ (SR)   Coulomb (SR)   Coul. recip.
    1.60404e+03    3.27788e+04    8.07495e+04   -6.27834e+05    1.71184e+03
 Position Rest.      Potential    Kinetic En.   Total Energy  Conserved En.
    5.90901e+02   -4.97470e+05    9.61066e+04   -4.01363e+05   -4.01259e+05
    Temperature Pressure (bar)   Constr. rmsd
    3.01403e+02   -7.54521e+01    2.70155e-06

           Step           Time
          27500       55.00000

   Energies (kJ/mol)
           Bond            U-B    Proper Dih.  Improper Dih.      CMAP Dih.
    1.92876e+03    5.19513e+03    5.65107e+03    2.95401e+02   -4.09356e+02
          LJ-14     Coulomb-14        LJ (SR)   Coulomb (SR)   Coul. recip.
    1.62845e+03    3.26820e+04    7.97774e+04   -6.28058e+05    1.79579e+03
 Position Rest.      Potential    Kinetic En.   Total Energy  Conserved En.
    6.23724e+02   -4.98890e+05    9.54179e+04   -4.03472e+05   -4.01249e+05
    Temperature Pressure (bar)   Constr. rmsd
    2.99244e+02   -4.42107e+01    2.79117e-06

DD  step 27999  vol min/aver 0.813  load imb.: force  1.6%  pme mesh/force 0.673

           Step           Time
          28000       56.00000

   Energies (kJ/mol)
           Bond            U-B    Proper Dih.  Improper Dih.      CMAP Dih.
    1.82956e+03    5.06829e+03    5.69150e+03    2.90324e+02   -3.78989e+02
          LJ-14     Coulomb-14        LJ (SR)   Coulomb (SR)   Coul. recip.
    1.63806e+03    3.26895e+04    8.12306e+04   -6.29112e+05    1.81035e+03
 Position Rest.      Potential    Kinetic En.   Total Energy  Conserved En.
    6.15871e+02   -4.98627e+05    9.45726e+04   -4.04054e+05   -4.01241e+05
    Temperature Pressure (bar)   Constr. rmsd
    2.96592e+02    3.24643e+01    2.80206e-06

           Step           Time
          28500       57.00000

   Energies (kJ/mol)
           Bond            U-B    Proper Dih.  Improper Dih.      CMAP Dih.
    1.94089e+03    5.23409e+03    5.74014e+03    2.92743e+02   -3.78298e+02
          LJ-14     Coulomb-14        LJ (SR)   Coulomb (SR)   Coul. recip.
    1.64981e+03    3.26969e+04    8.07815e+04   -6.28748e+05    1.77732e+03
 Position Rest.      Potential    Kinetic En.   Total Energy  Conserved En.
    6.03908e+02   -4.98409e+05    9.56294e+04   -4.02779e+05   -4.01237e+05
    Temperature Pressure (bar)   Constr. rmsd
    2.99907e+02   -7.23077e+01    2.87880e-06

           Step           Time
          29000       58.00000

   Energies (kJ/mol)
           Bond            U-B    Proper Dih.  Improper Dih.      CMAP Dih.
    1.80387e+03    5.22417e+03    5.72246e+03    3.14080e+02   -3.92965e+02
          LJ-14     Coulomb-14        LJ (SR)   Coulomb (SR)   Coul. recip.
    1.69423e+03    3.28980e+04    8.04925e+04   -6.27775e+05    1.80867e+03
 Position Rest.      Potential    Kinetic En.   Total Energy  Conserved En.
    5.81233e+02   -4.97629e+05    9.54988e+04   -4.02130e+05   -4.01255e+05
    Temperature Pressure (bar)   Constr. rmsd
    2.99497e+02    7.93885e+01    2.48661e-06

           Step           Time
          29500       59.00000

   Energies (kJ/mol)
           Bond            U-B    Proper Dih.  Improper Dih.      CMAP Dih.
    2.04644e+03    5.18048e+03    5.69168e+03    3.05599e+02   -3.88809e+02
          LJ-14     Coulomb-14        LJ (SR)   Coulomb (SR)   Coul. recip.
    1.60138e+03    3.27699e+04    8.14065e+04   -6.28492e+05    1.78812e+03
 Position Rest.      Potential    Kinetic En.   Total Energy  Conserved En.
    5.78609e+02   -4.97512e+05    9.46115e+04   -4.02900e+05   -4.01233e+05
    Temperature Pressure (bar)   Constr. rmsd
    2.96714e+02    2.23856e+01    2.58741e-06

DD  step 29999  vol min/aver 0.826  load imb.: force  2.3%  pme mesh/force 0.673

           Step           Time
          30000       60.00000

   Energies (kJ/mol)
           Bond            U-B    Proper Dih.  Improper Dih.      CMAP Dih.
    1.90393e+03    5.27527e+03    5.65051e+03    3.22764e+02   -3.90057e+02
          LJ-14     Coulomb-14        LJ (SR)   Coulomb (SR)   Coul. recip.
    1.55808e+03    3.26782e+04    8.11083e+04   -6.29317e+05    1.80816e+03
 Position Rest.      Potential    Kinetic En.   Total Energy  Conserved En.
    6.13389e+02   -4.98789e+05    9.47981e+04   -4.03990e+05   -4.01227e+05
    Temperature Pressure (bar)   Constr. rmsd
    2.97300e+02   -8.52924e+01    2.84246e-06

           Step           Time
          30500       61.00000

   Energies (kJ/mol)
           Bond            U-B    Proper Dih.  Improper Dih.      CMAP Dih.
    1.79392e+03    5.24399e+03    5.62379e+03    3.04818e+02   -3.58321e+02
          LJ-14     Coulomb-14        LJ (SR)   Coulomb (SR)   Coul. recip.
    1.65157e+03    3.27237e+04    8.16701e+04   -6.29522e+05    1.81595e+03
 Position Rest.      Potential    Kinetic En.   Total Energy  Conserved En.
    5.27213e+02   -4.98525e+05    9.59018e+04   -4.02623e+05   -4.01237e+05
    Temperature Pressure (bar)   Constr. rmsd
    3.00761e+02    1.24909e+02    2.92732e-06

           Step           Time
          31000       62.00000

   Energies (kJ/mol)
           Bond            U-B    Proper Dih.  Improper Dih.      CMAP Dih.
    1.90620e+03    5.03839e+03    5.63595e+03    3.02183e+02   -3.66059e+02
          LJ-14     Coulomb-14        LJ (SR)   Coulomb (SR)   Coul. recip.
    1.68313e+03    3.29703e+04    8.09760e+04   -6.29438e+05    1.72272e+03
 Position Rest.      Potential    Kinetic En.   Total Energy  Conserved En.
    5.63958e+02   -4.99005e+05    9.60128e+04   -4.02992e+05   -4.01238e+05
    Temperature Pressure (bar)   Constr. rmsd
    3.01109e+02   -3.90643e+01    2.90546e-06

           Step           Time
          31500       63.00000

   Energies (kJ/mol)
           Bond            U-B    Proper Dih.  Improper Dih.      CMAP Dih.
    1.82606e+03    5.38671e+03    5.70767e+03    2.85604e+02   -4.20522e+02
          LJ-14     Coulomb-14        LJ (SR)   Coulomb (SR)   Coul. recip.
    1.68558e+03    3.27691e+04    8.03933e+04   -6.28408e+05    1.77629e+03
 Position Rest.      Potential    Kinetic En.   Total Energy  Conserved En.
    6.00709e+02   -4.98398e+05    9.52444e+04   -4.03153e+05   -4.01233e+05
    Temperature Pressure (bar)   Constr. rmsd
    2.98699e+02   -6.72610e+00    2.64689e-06

DD  step 31999  vol min/aver 0.779  load imb.: force  2.8%  pme mesh/force 0.665

           Step           Time
          32000       64.00000

   Energies (kJ/mol)
           Bond            U-B    Proper Dih.  Improper Dih.      CMAP Dih.
    1.87311e+03    5.13136e+03    5.74910e+03    3.14470e+02   -3.85835e+02
          LJ-14     Coulomb-14        LJ (SR)   Coulomb (SR)   Coul. recip.
    1.65624e+03    3.28389e+04    8.08939e+04   -6.29743e+05    1.82971e+03
 Position Rest.      Potential    Kinetic En.   Total Energy  Conserved En.
    6.09609e+02   -4.99232e+05    9.64640e+04   -4.02768e+05   -4.01252e+05
    Temperature Pressure (bar)   Constr. rmsd
    3.02524e+02   -3.29115e+01    3.12688e-06

           Step           Time
          32500       65.00000

   Energies (kJ/mol)
           Bond            U-B    Proper Dih.  Improper Dih.      CMAP Dih.
    1.78791e+03    5.41965e+03    5.67301e+03    2.95742e+02   -3.84230e+02
          LJ-14     Coulomb-14        LJ (SR)   Coulomb (SR)   Coul. recip.
    1.68590e+03    3.28177e+04    8.09373e+04   -6.28855e+05    1.77960e+03
 Position Rest.      Potential    Kinetic En.   Total Energy  Conserved En.
    5.34292e+02   -4.98308e+05    9.58986e+04   -4.02410e+05   -4.01239e+05
    Temperature Pressure (bar)   Constr. rmsd
    3.00751e+02    5.86046e+01    3.36103e-06

           Step           Time
          33000       66.00000

   Energies (kJ/mol)
           Bond            U-B    Proper Dih.  Improper Dih.      CMAP Dih.
    1.78604e+03    5.32825e+03    5.69775e+03    2.74137e+02   -3.85648e+02
          LJ-14     Coulomb-14        LJ (SR)   Coulomb (SR)   Coul. recip.
    1.64204e+03    3.27045e+04    8.02104e+04   -6.28130e+05    1.83067e+03
 Position Rest.      Potential    Kinetic En.   Total Energy  Conserved En.
    5.96072e+02   -4.98446e+05    9.55808e+04   -4.02865e+05   -4.01217e+05
    Temperature Pressure (bar)   Constr. rmsd
    2.99754e+02   -9.43738e+01    2.84436e-06

           Step           Time
          33500       67.00000

   Energies (kJ/mol)
           Bond            U-B    Proper Dih.  Improper Dih.      CMAP Dih.
    1.84749e+03    5.12890e+03    5.68543e+03    2.69306e+02   -3.75605e+02
          LJ-14     Coulomb-14        LJ (SR)   Coulomb (SR)   Coul. recip.
    1.63074e+03    3.29458e+04    8.05388e+04   -6.28021e+05    1.89113e+03
 Position Rest.      Potential    Kinetic En.   Total Energy  Conserved En.
    6.08439e+02   -4.97851e+05    9.58138e+04   -4.02037e+05   -4.01227e+05
    Temperature Pressure (bar)   Constr. rmsd
    3.00485e+02    5.44771e+01    2.66397e-06

DD  step 33999  vol min/aver 0.798  load imb.: force  2.4%  pme mesh/force 0.668

           Step           Time
          34000       68.00000

   Energies (kJ/mol)
           Bond            U-B    Proper Dih.  Improper Dih.      CMAP Dih.
    1.85996e+03    5.19978e+03    5.70835e+03    2.97458e+02   -3.78523e+02
          LJ-14     Coulomb-14        LJ (SR)   Coulomb (SR)   Coul. recip.
    1.67480e+03    3.29198e+04    8.02129e+04   -6.27378e+05    1.79786e+03
 Position Rest.      Potential    Kinetic En.   Total Energy  Conserved En.
    6.02031e+02   -4.97484e+05    9.53771e+04   -4.02107e+05   -4.01217e+05
    Temperature Pressure (bar)   Constr. rmsd
    2.99115e+02    7.76972e+01    2.88895e-06

           Step           Time
          34500       69.00000

   Energies (kJ/mol)
           Bond            U-B    Proper Dih.  Improper Dih.      CMAP Dih.
    1.90912e+03    4.99292e+03    5.72921e+03    3.25036e+02   -3.19197e+02
          LJ-14     Coulomb-14        LJ (SR)   Coulomb (SR)   Coul. recip.
    1.66698e+03    3.30457e+04    8.03663e+04   -6.29089e+05    1.75293e+03
 Position Rest.      Potential    Kinetic En.   Total Energy  Conserved En.
    6.14392e+02   -4.99006e+05    9.69552e+04   -4.02051e+05   -4.01216e+05
    Temperature Pressure (bar)   Constr. rmsd
    3.04065e+02   -8.49635e+01    2.84515e-06

           Step           Time
          35000       70.00000

   Energies (kJ/mol)
           Bond            U-B    Proper Dih.  Improper Dih.      CMAP Dih.
    1.85351e+03    5.27715e+03    5.70905e+03    2.99945e+02   -4.03040e+02
          LJ-14     Coulomb-14        LJ (SR)   Coulomb (SR)   Coul. recip.
    1.69619e+03    3.28453e+04    8.05351e+04   -6.28269e+05    1.75988e+03
 Position Rest.      Potential    Kinetic En.   Total Energy  Conserved En.
    5.27720e+02   -4.98168e+05    9.57816e+04   -4.02387e+05   -4.01216e+05
    Temperature Pressure (bar)   Constr. rmsd
    3.00384e+02    7.13986e+01    2.98211e-06

           Step           Time
          35500       71.00000

   Energies (kJ/mol)
           Bond            U-B    Proper Dih.  Improper Dih.      CMAP Dih.
    1.91423e+03    5.19643e+03    5.72430e+03    2.53572e+02   -3.86632e+02
          LJ-14     Coulomb-14        LJ (SR)   Coulomb (SR)   Coul. recip.
    1.59625e+03    3.28138e+04    8.03916e+04   -6.28833e+05    1.79818e+03
 Position Rest.      Potential    Kinetic En.   Total Energy  Conserved En.
    6.33844e+02   -4.98898e+05    9.60476e+04   -4.02850e+05   -4.01221e+05
    Temperature Pressure (bar)   Constr. rmsd
    3.01218e+02   -1.50925e+02    2.87875e-06

DD  step 35999  vol min/aver 0.806  load imb.: force  2.2%  pme mesh/force 0.696

           Step           Time
          36000       72.00000

   Energies (kJ/mol)
           Bond            U-B    Proper Dih.  Improper Dih.      CMAP Dih.
    1.82441e+03    5.25031e+03    5.67400e+03    3.10756e+02   -3.88130e+02
          LJ-14     Coulomb-14        LJ (SR)   Coulomb (SR)   Coul. recip.
    1.67184e+03    3.30014e+04    7.91229e+04   -6.26696e+05    1.74509e+03
 Position Rest.      Potential    Kinetic En.   Total Energy  Conserved En.
    5.48384e+02   -4.97935e+05    9.53099e+04   -4.02625e+05   -4.01184e+05
    Temperature Pressure (bar)   Constr. rmsd
    2.98905e+02   -2.32622e+02    3.13085e-06

           Step           Time
          36500       73.00000

   Energies (kJ/mol)
           Bond            U-B    Proper Dih.  Improper Dih.      CMAP Dih.
    1.92199e+03    5.24975e+03    5.76812e+03    2.81196e+02   -3.60142e+02
          LJ-14     Coulomb-14        LJ (SR)   Coulomb (SR)   Coul. recip.
    1.66855e+03    3.27855e+04    8.21040e+04   -6.30564e+05    1.77058e+03
 Position Rest.      Potential    Kinetic En.   Total Energy  Conserved En.
    6.10114e+02   -4.98764e+05    9.54089e+04   -4.03356e+05   -4.01211e+05
    Temperature Pressure (bar)   Constr. rmsd
    2.99215e+02    1.28106e+02    2.99073e-06

           Step           Time
          37000       74.00000

   Energies (kJ/mol)
           Bond            U-B    Proper Dih.  Improper Dih.      CMAP Dih.
    1.78619e+03    5.21522e+03    5.71331e+03    3.16186e+02   -3.75335e+02
          LJ-14     Coulomb-14        LJ (SR)   Coulomb (SR)   Coul. recip.
    1.69264e+03    3.29963e+04    8.05102e+04   -6.29340e+05    1.80056e+03
 Position Rest.      Potential    Kinetic En.   Total Energy  Conserved En.
    5.62758e+02   -4.99122e+05    9.57777e+04   -4.03345e+05   -4.01198e+05
    Temperature Pressure (bar)   Constr. rmsd
    3.00372e+02    6.85969e+01    2.58632e-06

           Step           Time
          37500       75.00000

   Energies (kJ/mol)
           Bond            U-B    Proper Dih.  Improper Dih.      CMAP Dih.
    1.93446e+03    5.07193e+03    5.65679e+03    3.03199e+02   -3.29110e+02
          LJ-14     Coulomb-14        LJ (SR)   Coulomb (SR)   Coul. recip.
    1.61659e+03    3.27038e+04    8.16478e+04   -6.29821e+05    1.75514e+03
 Position Rest.      Potential    Kinetic En.   Total Energy  Conserved En.
    5.37365e+02   -4.98923e+05    9.50548e+04   -4.03868e+05   -4.01200e+05
    Temperature Pressure (bar)   Constr. rmsd
    2.98105e+02    5.16570e+01    3.18042e-06

DD  step 37999  vol min/aver 0.800  load imb.: force  2.9%  pme mesh/force 0.660

           Step           Time
          38000       76.00000

   Energies (kJ/mol)
           Bond            U-B    Proper Dih.  Improper Dih.      CMAP Dih.
    1.79076e+03    5.34145e+03    5.68538e+03    2.90696e+02   -3.88499e+02
          LJ-14     Coulomb-14        LJ (SR)   Coulomb (SR)   Coul. recip.
    1.63711e+03    3.26209e+04    8.15983e+04   -6.29307e+05    1.80173e+03
 Position Rest.      Potential    Kinetic En.   Total Energy  Conserved En.
    5.65862e+02   -4.98364e+05    9.49451e+04   -4.03419e+05   -4.01179e+05
    Temperature Pressure (bar)   Constr. rmsd
    2.97761e+02    1.24714e+02    2.85953e-06

           Step           Time
          38500       77.00000

   Energies (kJ/mol)
           Bond            U-B    Proper Dih.  Improper Dih.      CMAP Dih.
    1.89859e+03    5.15555e+03    5.72208e+03    2.97149e+02   -3.68754e+02
          LJ-14     Coulomb-14        LJ (SR)   Coulomb (SR)   Coul. recip.
    1.59773e+03    3.28826e+04    8.17507e+04   -6.29848e+05    1.85276e+03
 Position Rest.      Potential    Kinetic En.   Total Energy  Conserved En.
    5.95720e+02   -4.98464e+05    9.54773e+04   -4.02986e+05   -4.01194e+05
    Temperature Pressure (bar)   Constr. rmsd
    2.99430e+02    1.84055e+02    2.90699e-06

           Step           Time
          39000       78.00000

   Energies (kJ/mol)
           Bond            U-B    Proper Dih.  Improper Dih.      CMAP Dih.
    1.90894e+03    5.14330e+03    5.70445e+03    3.39718e+02   -3.91133e+02
          LJ-14     Coulomb-14        LJ (SR)   Coulomb (SR)   Coul. recip.
    1.67264e+03    3.25139e+04    8.08313e+04   -6.28730e+05    1.83027e+03
 Position Rest.      Potential    Kinetic En.   Total Energy  Conserved En.
    6.07584e+02   -4.98569e+05    9.57658e+04   -4.02803e+05   -4.01166e+05
    Temperature Pressure (bar)   Constr. rmsd
    3.00335e+02   -1.33227e+02    3.29326e-06

           Step           Time
          39500       79.00000

   Energies (kJ/mol)
           Bond            U-B    Proper Dih.  Improper Dih.      CMAP Dih.
    1.79851e+03    5.21496e+03    5.71887e+03    3.29906e+02   -3.47088e+02
          LJ-14     Coulomb-14        LJ (SR)   Coulomb (SR)   Coul. recip.
    1.67291e+03    3.28166e+04    8.00435e+04   -6.27325e+05    1.81774e+03
 Position Rest.      Potential    Kinetic En.   Total Energy  Conserved En.
    6.03937e+02   -4.97655e+05    9.60921e+04   -4.01563e+05   -4.01184e+05
    Temperature Pressure (bar)   Constr. rmsd
    3.01358e+02   -7.82551e+01    3.20436e-06

DD  step 39999  vol min/aver 0.817  load imb.: force  3.0%  pme mesh/force 0.688

           Step           Time
          40000       80.00000

   Energies (kJ/mol)
           Bond            U-B    Proper Dih.  Improper Dih.      CMAP Dih.
    1.86335e+03    5.05250e+03    5.63448e+03    2.44686e+02   -3.52380e+02
          LJ-14     Coulomb-14        LJ (SR)   Coulomb (SR)   Coul. recip.
    1.70283e+03    3.29972e+04    8.14225e+04   -6.28578e+05    1.80079e+03
 Position Rest.      Potential    Kinetic En.   Total Energy  Conserved En.
    5.87625e+02   -4.97624e+05    9.49483e+04   -4.02676e+05   -4.01162e+05
    Temperature Pressure (bar)   Constr. rmsd
    2.97771e+02    1.86208e+02    3.18922e-06

           Step           Time
          40500       81.00000

   Energies (kJ/mol)
           Bond            U-B    Proper Dih.  Improper Dih.      CMAP Dih.
    1.78003e+03    5.08693e+03    5.67124e+03    3.17938e+02   -3.75088e+02
          LJ-14     Coulomb-14        LJ (SR)   Coulomb (SR)   Coul. recip.
    1.73341e+03    3.27940e+04    8.08309e+04   -6.28120e+05    1.86666e+03
 Position Rest.      Potential    Kinetic En.   Total Energy  Conserved En.
    6.19393e+02   -4.97795e+05    9.51895e+04   -4.02605e+05   -4.01166e+05
    Temperature Pressure (bar)   Constr. rmsd
    2.98527e+02    1.99664e+02    2.76302e-06

           Step           Time
          41000       82.00000

   Energies (kJ/mol)
           Bond            U-B    Proper Dih.  Improper Dih.      CMAP Dih.
    1.96351e+03    4.97126e+03    5.61513e+03    2.91914e+02   -3.66134e+02
          LJ-14     Coulomb-14        LJ (SR)   Coulomb (SR)   Coul. recip.
    1.72298e+03    3.30048e+04    8.15570e+04   -6.30277e+05    1.77686e+03
 Position Rest.      Potential    Kinetic En.   Total Energy  Conserved En.
    5.62768e+02   -4.99177e+05    9.45632e+04   -4.04614e+05   -4.01159e+05
    Temperature Pressure (bar)   Constr. rmsd
    2.96563e+02    6.37328e+01    2.87811e-06

           Step           Time
          41500       83.00000

   Energies (kJ/mol)
           Bond            U-B    Proper Dih.  Improper Dih.      CMAP Dih.
    1.88917e+03    5.19890e+03    5.68148e+03    2.87022e+02   -3.92280e+02
          LJ-14     Coulomb-14        LJ (SR)   Coulomb (SR)   Coul. recip.
    1.67565e+03    3.28338e+04    8.02253e+04   -6.28167e+05    1.82542e+03
 Position Rest.      Potential    Kinetic En.   Total Energy  Conserved En.
    5.36286e+02   -4.98406e+05    9.54670e+04   -4.02939e+05   -4.01164e+05
    Temperature Pressure (bar)   Constr. rmsd
    2.99397e+02   -9.47388e+01    2.99693e-06

DD  step 41999  vol min/aver 0.800  load imb.: force  2.6%  pme mesh/force 0.672

           Step           Time
          42000       84.00000

   Energies (kJ/mol)
           Bond            U-B    Proper Dih.  Improper Dih.      CMAP Dih.
    1.93763e+03    5.39452e+03    5.60214e+03    2.75430e+02   -4.24064e+02
          LJ-14     Coulomb-14        LJ (SR)   Coulomb (SR)   Coul. recip.
    1.61951e+03    3.28882e+04    8.04333e+04   -6.27892e+05    1.86597e+03
 Position Rest.      Potential    Kinetic En.   Total Energy  Conserved En.
    6.21817e+02   -4.97677e+05    9.56642e+04   -4.02013e+05   -4.01142e+05
    Temperature Pressure (bar)   Constr. rmsd
    3.00016e+02   -1.06134e+02    2.96358e-06

           Step           Time
          42500       85.00000

   Energies (kJ/mol)
           Bond            U-B    Proper Dih.  Improper Dih.      CMAP Dih.
    1.91688e+03    5.22578e+03    5.72917e+03    3.25635e+02   -3.71938e+02
          LJ-14     Coulomb-14        LJ (SR)   Coulomb (SR)   Coul. recip.
    1.68593e+03    3.26237e+04    8.23220e+04   -6.30334e+05    1.75511e+03
 Position Rest.      Potential    Kinetic En.   Total Energy  Conserved En.
    5.91028e+02   -4.98531e+05    9.46596e+04   -4.03871e+05   -4.01142e+05
    Temperature Pressure (bar)   Constr. rmsd
    2.96865e+02    2.03576e+02    2.92644e-06

           Step           Time
          43000       86.00000

   Energies (kJ/mol)
           Bond            U-B    Proper Dih.  Improper Dih.      CMAP Dih.
    1.94810e+03    5.35682e+03    5.67188e+03    2.88787e+02   -3.66733e+02
          LJ-14     Coulomb-14        LJ (SR)   Coulomb (SR)   Coul. recip.
    1.67599e+03    3.29079e+04    8.01930e+04   -6.27693e+05    1.80364e+03
 Position Rest.      Potential    Kinetic En.   Total Energy  Conserved En.
    5.61004e+02   -4.97653e+05    9.51660e+04   -4.02487e+05   -4.01126e+05
    Temperature Pressure (bar)   Constr. rmsd
    2.98454e+02    2.42403e+01    2.77212e-06

           Step           Time
          43500       87.00000

   Energies (kJ/mol)
           Bond            U-B    Proper Dih.  Improper Dih.      CMAP Dih.
    2.04306e+03    5.32604e+03    5.66016e+03    3.07804e+02   -3.26688e+02
          LJ-14     Coulomb-14        LJ (SR)   Coulomb (SR)   Coul. recip.
    1.64474e+03    3.28583e+04    7.88202e+04   -6.25430e+05    1.83355e+03
 Position Rest.      Potential    Kinetic En.   Total Energy  Conserved En.
    5.76182e+02   -4.96687e+05    9.52797e+04   -4.01407e+05   -4.01117e+05
    Temperature Pressure (bar)   Constr. rmsd
    2.98810e+02   -1.92657e+02    2.67119e-06

DD  step 43999  vol min/aver 0.806  load imb.: force  3.3%  pme mesh/force 0.659

           Step           Time
          44000       88.00000

   Energies (kJ/mol)
           Bond            U-B    Proper Dih.  Improper Dih.      CMAP Dih.
    1.75418e+03    5.12923e+03    5.70019e+03    2.86324e+02   -3.48425e+02
          LJ-14     Coulomb-14        LJ (SR)   Coulomb (SR)   Coul. recip.
    1.66048e+03    3.30722e+04    8.03528e+04   -6.28518e+05    1.82205e+03
 Position Rest.      Potential    Kinetic En.   Total Energy  Conserved En.
    5.52812e+02   -4.98537e+05    9.64976e+04   -4.02039e+05   -4.01157e+05
    Temperature Pressure (bar)   Constr. rmsd
    3.02630e+02   -8.27212e+00    2.73139e-06

           Step           Time
          44500       89.00000

   Energies (kJ/mol)
           Bond            U-B    Proper Dih.  Improper Dih.      CMAP Dih.
    1.93871e+03    5.11680e+03    5.64752e+03    3.29193e+02   -3.73128e+02
          LJ-14     Coulomb-14        LJ (SR)   Coulomb (SR)   Coul. recip.
    1.70728e+03    3.30402e+04    8.09488e+04   -6.27816e+05    1.72686e+03
 Position Rest.      Potential    Kinetic En.   Total Energy  Conserved En.
    5.63550e+02   -4.97170e+05    9.60126e+04   -4.01158e+05   -4.01150e+05
    Temperature Pressure (bar)   Constr. rmsd
    3.01108e+02    1.55738e+02    2.99341e-06

           Step           Time
          45000       90.00000

   Energies (kJ/mol)
           Bond            U-B    Proper Dih.  Improper Dih.      CMAP Dih.
    1.78962e+03    5.29023e+03    5.69308e+03    2.78455e+02   -4.32074e+02
          LJ-14     Coulomb-14        LJ (SR)   Coulomb (SR)   Coul. recip.
    1.66438e+03    3.28877e+04    8.09564e+04   -6.29412e+05    1.82372e+03
 Position Rest.      Potential    Kinetic En.   Total Energy  Conserved En.
    6.03067e+02   -4.98857e+05    9.57330e+04   -4.03124e+05   -4.01130e+05
    Temperature Pressure (bar)   Constr. rmsd
    3.00232e+02    1.68637e+02    3.09054e-06

           Step           Time
          45500       91.00000

   Energies (kJ/mol)
           Bond            U-B    Proper Dih.  Improper Dih.      CMAP Dih.
    1.90913e+03    5.09758e+03    5.68073e+03    2.77509e+02   -4.25043e+02
          LJ-14     Coulomb-14        LJ (SR)   Coulomb (SR)   Coul. recip.
    1.68178e+03    3.26604e+04    7.98785e+04   -6.28338e+05    1.79619e+03
 Position Rest.      Potential    Kinetic En.   Total Energy  Conserved En.
    6.13844e+02   -4.99167e+05    9.57026e+04   -4.03465e+05   -4.01111e+05
    Temperature Pressure (bar)   Constr. rmsd
    3.00136e+02   -2.96197e+02    3.03358e-06

DD  step 45999  vol min/aver 0.818  load imb.: force  1.8%  pme mesh/force 0.653

           Step           Time
          46000       92.00000

   Energies (kJ/mol)
           Bond            U-B    Proper Dih.  Improper Dih.      CMAP Dih.
    1.94468e+03    5.21106e+03    5.67970e+03    3.04118e+02   -3.77485e+02
          LJ-14     Coulomb-14        LJ (SR)   Coulomb (SR)   Coul. recip.
    1.58925e+03    3.28779e+04    8.06464e+04   -6.27655e+05    1.80876e+03
 Position Rest.      Potential    Kinetic En.   Total Energy  Conserved En.
    5.92222e+02   -4.97378e+05    9.59194e+04   -4.01459e+05   -4.01110e+05
    Temperature Pressure (bar)   Constr. rmsd
    3.00816e+02    3.53911e+01    2.74881e-06

           Step           Time
          46500       93.00000

   Energies (kJ/mol)
           Bond            U-B    Proper Dih.  Improper Dih.      CMAP Dih.
    1.93091e+03    5.19493e+03    5.73676e+03    2.97107e+02   -3.77405e+02
          LJ-14     Coulomb-14        LJ (SR)   Coulomb (SR)   Coul. recip.
    1.71325e+03    3.28336e+04    8.17776e+04   -6.30077e+05    1.81151e+03
 Position Rest.      Potential    Kinetic En.   Total Energy  Conserved En.
    5.74937e+02   -4.98584e+05    9.58020e+04   -4.02782e+05   -4.01138e+05
    Temperature Pressure (bar)   Constr. rmsd
    3.00448e+02    2.51532e+02    2.93075e-06

           Step           Time
          47000       94.00000

   Energies (kJ/mol)
           Bond            U-B    Proper Dih.  Improper Dih.      CMAP Dih.
    1.82788e+03    5.19523e+03    5.68798e+03    2.35128e+02   -3.74125e+02
          LJ-14     Coulomb-14        LJ (SR)   Coulomb (SR)   Coul. recip.
    1.66528e+03    3.29538e+04    7.99226e+04   -6.28795e+05    1.83282e+03
 Position Rest.      Potential    Kinetic En.   Total Energy  Conserved En.
    5.37843e+02   -4.99310e+05    9.52515e+04   -4.04059e+05   -4.01106e+05
    Temperature Pressure (bar)   Constr. rmsd
    2.98721e+02   -1.99136e+02    2.66823e-06

           Step           Time
          47500       95.00000

   Energies (kJ/mol)
           Bond            U-B    Proper Dih.  Improper Dih.      CMAP Dih.
    1.87374e+03    5.18364e+03    5.59013e+03    2.68650e+02   -3.48833e+02
          LJ-14     Coulomb-14        LJ (SR)   Coulomb (SR)   Coul. recip.
    1.67052e+03    3.27653e+04    8.09280e+04   -6.29407e+05    1.84847e+03
 Position Rest.      Potential    Kinetic En.   Total Energy  Conserved En.
    6.21307e+02   -4.99006e+05    9.48488e+04   -4.04157e+05   -4.01117e+05
    Temperature Pressure (bar)   Constr. rmsd
    2.97459e+02    6.36451e+01    2.90553e-06

DD  step 47999  vol min/aver 0.810  load imb.: force  1.9%  pme mesh/force 0.690

           Step           Time
          48000       96.00000

   Energies (kJ/mol)
           Bond            U-B    Proper Dih.  Improper Dih.      CMAP Dih.
    1.87074e+03    5.25220e+03    5.64080e+03    3.01812e+02   -3.70669e+02
          LJ-14     Coulomb-14        LJ (SR)   Coulomb (SR)   Coul. recip.
    1.61531e+03    3.29224e+04    8.10859e+04   -6.28388e+05    1.77914e+03
 Position Rest.      Potential    Kinetic En.   Total Energy  Conserved En.
    6.07560e+02   -4.97683e+05    9.53891e+04   -4.02294e+05   -4.01110e+05
    Temperature Pressure (bar)   Constr. rmsd
    2.99153e+02    8.37156e+01    3.27513e-06

           Step           Time
          48500       97.00000

   Energies (kJ/mol)
           Bond            U-B    Proper Dih.  Improper Dih.      CMAP Dih.
    1.79204e+03    5.22575e+03    5.67769e+03    2.81373e+02   -3.48092e+02
          LJ-14     Coulomb-14        LJ (SR)   Coulomb (SR)   Coul. recip.
    1.65454e+03    3.31817e+04    8.08533e+04   -6.28800e+05    1.80828e+03
 Position Rest.      Potential    Kinetic En.   Total Energy  Conserved En.
    5.83582e+02   -4.98089e+05    9.50904e+04   -4.02999e+05   -4.01097e+05
    Temperature Pressure (bar)   Constr. rmsd
    2.98216e+02   -9.47497e+01    2.79437e-06

           Step           Time
          49000       98.00000

   Energies (kJ/mol)
           Bond            U-B    Proper Dih.  Improper Dih.      CMAP Dih.
    1.89277e+03    5.41790e+03    5.66117e+03    3.10953e+02   -3.64641e+02
          LJ-14     Coulomb-14        LJ (SR)   Coulomb (SR)   Coul. recip.
    1.62104e+03    3.27430e+04    8.09994e+04   -6.28772e+05    1.80493e+03
 Position Rest.      Potential    Kinetic En.   Total Energy  Conserved En.
    5.88978e+02   -4.98096e+05    9.60390e+04   -4.02057e+05   -4.01103e+05
    Temperature Pressure (bar)   Constr. rmsd
    3.01191e+02    1.52121e+01    2.95426e-06

           Step           Time
          49500       99.00000

   Energies (kJ/mol)
           Bond            U-B    Proper Dih.  Improper Dih.      CMAP Dih.
    1.86045e+03    5.02375e+03    5.71301e+03    2.88539e+02   -3.47653e+02
          LJ-14     Coulomb-14        LJ (SR)   Coulomb (SR)   Coul. recip.
    1.66030e+03    3.30106e+04    8.16909e+04   -6.28206e+05    1.81599e+03
 Position Rest.      Potential    Kinetic En.   Total Energy  Conserved En.
    6.00704e+02   -4.96889e+05    9.60417e+04   -4.00848e+05   -4.01116e+05
    Temperature Pressure (bar)   Constr. rmsd
    3.01200e+02    6.65231e+01    2.72228e-06

DD  step 49999  vol min/aver 0.801  load imb.: force  2.7%  pme mesh/force 0.687

           Step           Time
          50000      100.00000

Writing checkpoint, step 50000 at Tue Sep 24 07:31:25 2024


   Energies (kJ/mol)
           Bond            U-B    Proper Dih.  Improper Dih.      CMAP Dih.
    1.95182e+03    5.14983e+03    5.65321e+03    2.68930e+02   -3.65491e+02
          LJ-14     Coulomb-14        LJ (SR)   Coulomb (SR)   Coul. recip.
    1.60609e+03    3.27936e+04    8.14972e+04   -6.28718e+05    1.81469e+03
 Position Rest.      Potential    Kinetic En.   Total Energy  Conserved En.
    5.74681e+02   -4.97773e+05    9.58931e+04   -4.01880e+05   -4.01101e+05
    Temperature Pressure (bar)   Constr. rmsd
    3.00734e+02    5.30619e+01    2.95866e-06

	<======  ###############  ==>
	<====  A V E R A G E S  ====>
	<==  ###############  ======>

	Statistics over 50001 steps using 501 frames

   Energies (kJ/mol)
           Bond            U-B    Proper Dih.  Improper Dih.      CMAP Dih.
    1.88082e+03    5.20209e+03    5.69274e+03    3.00155e+02   -3.76145e+02
          LJ-14     Coulomb-14        LJ (SR)   Coulomb (SR)   Coul. recip.
    1.65669e+03    3.28381e+04    8.05815e+04   -6.28275e+05    1.79955e+03
 Position Rest.      Potential    Kinetic En.   Total Energy  Conserved En.
    5.77261e+02   -4.98123e+05    9.56393e+04   -4.02483e+05   -4.01279e+05
    Temperature Pressure (bar)   Constr. rmsd
    2.99938e+02   -1.55008e+01    0.00000e+00

          Box-X          Box-Y          Box-Z
    7.27327e+00    7.27327e+00    7.27327e+00

   Total Virial (kJ/mol)
    3.21815e+04   -2.32291e+01    9.25753e-02
   -2.29041e+01    3.20320e+04    3.53370e+01
   -9.34953e-01    3.42125e+01    3.19656e+04

   Pressure (bar)
   -2.50404e+01    4.27243e-01    7.63715e-01
    3.99117e-01   -1.54079e+01   -7.82314e-01
    8.52340e-01   -6.85113e-01   -6.05407e+00

 T-Protein_UNK1T-Water_and_ions
    2.99762e+02    2.99952e+02


	M E G A - F L O P S   A C C O U N T I N G

 NB=Group-cutoff nonbonded kernels    NxN=N-by-N cluster Verlet kernels
 RF=Reaction-Field  VdW=Van der Waals  QSTab=quadratic-spline table
 W3=SPC/TIP3p  W4=TIP4p (single or pairs)
 V&F=Potential and force  V=Potential only  F=Force only

 Computing:                               M-Number         M-Flops  % Flops
-----------------------------------------------------------------------------
 Pair Search distance check           13247.031426      119223.283     0.1
 NxN Ewald Elec. + LJ [F]            919559.157360    71725614.274    57.6
 NxN Ewald Elec. + LJ [V&F]            9306.495024     1200537.858     1.0
 NxN LJ [F]                              31.328032        1409.761     0.0
 NxN LJ [V&F]                             0.334048          21.713     0.0
 NxN Ewald Elec. [F]                 784204.148624    47836453.066    38.4
 NxN Ewald Elec. [V&F]                 7937.159888      666721.431     0.5
 1,4 nonbonded interactions             309.256185       27833.057     0.0
 Calc Weights                          5665.463307      203956.679     0.2
 Spread Q Bspline                    120863.217216      241726.434     0.2
 Gather F Bspline                    120863.217216      725179.303     0.6
 3D-FFT                              185299.305912     1482394.447     1.2
 Solve PME                              115.202304        7372.947     0.0
 Reset In Box                            23.605625          70.817     0.0
 CG-CoM                                  23.643394          70.930     0.0
 Bonds                                   59.401188        3504.670     0.0
 Propers                                302.806056       69342.587     0.1
 Impropers                               18.200364        3785.676     0.0
 Pos. Restr.                             58.001160        2900.058     0.0
 Virial                                  97.161349        1748.904     0.0
 Stop-CM                                 18.922269         189.223     0.0
 P-Coupling                              94.460269         566.762     0.0
 Calc-Ekin                              188.920538        5100.855     0.0
 Lincs                                   67.092152        4025.529     0.0
 Lincs-Mat                              381.143988        1524.576     0.0
 Constraint-V                          2100.491932       16803.935     0.0
 Constraint-Vir                         101.708768        2441.010     0.0
 Settle                                 655.435876      211705.788     0.2
 CMAP                                     7.400148       12580.252     0.0
 Urey-Bradley                           214.754295       39300.036     0.0
-----------------------------------------------------------------------------
 Total                                               124614105.862   100.0
-----------------------------------------------------------------------------


    D O M A I N   D E C O M P O S I T I O N   S T A T I S T I C S

 av. #atoms communicated per step for force:  2 x 91557.2
 av. #atoms communicated per step for LINCS:  2 x 4270.8


 Dynamic load balancing report:
 DLB was turned on during the run due to measured imbalance.
 Average load imbalance: 2.5%.
 The balanceable part of the MD step is 91%, load imbalance is computed from this.
 Part of the total run time spent waiting due to load imbalance: 2.3%.
 Steps where the load balancing was limited by -rdd, -rcon and/or -dds: X 0 % Y 0 % Z 0 %
 Average PME mesh/force load: 0.680
 Part of the total run time spent waiting due to PP/PME imbalance: 4.3 %


     R E A L   C Y C L E   A N D   T I M E   A C C O U N T I N G

On 24 MPI ranks doing PP, and
on 4 MPI ranks doing PME

 Computing:          Num   Num      Call    Wall time         Giga-Cycles
                     Ranks Threads  Count      (s)         total sum    %
-----------------------------------------------------------------------------
 Domain decomp.        24    1        625       0.829         47.721   0.5
 DD comm. load         24    1        624       0.002          0.140   0.0
 DD comm. bounds       24    1        623       0.016          0.905   0.0
 Send X to PME         24    1      50001       0.512         29.460   0.3
 Neighbor search       24    1        626       2.079        119.614   1.2
 Comm. coord.          24    1      49375       2.068        118.977   1.2
 Force                 24    1      50001     136.239       7838.263  76.4
 Wait + Comm. F        24    1      50001       5.947        342.142   3.3
 PME mesh *             4    1      50001      97.519        935.093   9.1
 PME wait for PP *                             55.268        529.956   5.2
 Wait + Recv. PME F    24    1      50001       0.377         21.696   0.2
 NB X/F buffer ops.    24    1     148751       1.298         74.650   0.7
 Write traj.           24    1        101       0.030          1.745   0.0
 Update                24    1      50001       0.293         16.879   0.2
 Constraints           24    1      50001       2.688        154.630   1.5
 Comm. energies        24    1       2501       0.143          8.223   0.1
 Rest                                           0.266         15.289   0.1
-----------------------------------------------------------------------------
 Total                                        152.787      10255.389 100.0
-----------------------------------------------------------------------------
(*) Note that with separate PME ranks, the walltime column actually sums to
    twice the total reported, but the cycle count total and % are correct.
-----------------------------------------------------------------------------
 Breakdown of PME mesh computation
-----------------------------------------------------------------------------
 PME redist. X/F        4    1     100002       5.839         55.993   0.5
 PME spread             4    1      50001      27.585        264.505   2.6
 PME gather             4    1      50001      21.067        202.005   2.0
 PME 3D-FFT             4    1     100002      38.791        371.957   3.6
 PME 3D-FFT Comm.       4    1     100002       1.933         18.539   0.2
 PME solve Elec         4    1      50001       2.248         21.555   0.2
-----------------------------------------------------------------------------

               Core t (s)   Wall t (s)        (%)
       Time:     4278.044      152.787     2800.0
                 (ns/day)    (hour/ns)
Performance:       56.550        0.424
Finished mdrun on rank 0 Tue Sep 24 07:31:25 2024
