Log file opened on Thu Sep 26 15:26:16 2024
Host: login.local  pid: 22411  rank ID: 0  number of ranks:  1
                       :-) GROMACS - gmx mdrun, 2018 (-:

                            GROMACS is written by:
     Emile Apol      Rossen Apostolov  Herman J.C. Berendsen    Par Bjelkmar   
 Aldert van Buuren   Rudi van Drunen     Anton Feenstra    Gerrit Groenhof  
 Christoph Junghans   Anca Hamuraru    Vincent Hindriksen Dimitrios Karkoulis
    Peter Kasson        Jiri Kraus      Carsten Kutzner      Per Larsson    
  Justin A. Lemkul    Viveca Lindahl    Magnus Lundborg   Pieter Meulenhoff 
   Erik Marklund      Teemu Murtola       Szilard Pall       Sander Pronk   
   Roland Schulz     Alexey Shvetsov     Michael Shirts     Alfons Sijbers  
   Peter Tieleman    Teemu Virolainen  Christian Wennberg    Maarten Wolf   
                           and the project leaders:
        Mark Abraham, Berk Hess, Erik Lindahl, and David van der Spoel

Copyright (c) 1991-2000, University of Groningen, The Netherlands.
Copyright (c) 2001-2017, The GROMACS development team at
Uppsala University, Stockholm University and
the Royal Institute of Technology, Sweden.
check out http://www.gromacs.org for more information.

GROMACS is free software; you can redistribute it and/or modify it
under the terms of the GNU Lesser General Public License
as published by the Free Software Foundation; either version 2.1
of the License, or (at your option) any later version.

GROMACS:      gmx mdrun, version 2018
Executable:   /opt/apps/gromacs-2018/bin/gmx
Data prefix:  /opt/apps/gromacs-2018
Working dir:  /home/bismark01/Hanson/2fom/940
Command line:
  gmx mdrun -v -deffnm nvt

GROMACS version:    2018
Precision:          single
Memory model:       64 bit
MPI library:        thread_mpi
OpenMP support:     enabled (GMX_OPENMP_MAX_THREADS = 64)
GPU support:        disabled
SIMD instructions:  AVX2_256
FFT library:        fftpack (built-in)
RDTSCP usage:       enabled
TNG support:        enabled
Hwloc support:      disabled
Tracing support:    disabled
Built on:           2018-10-17 09:11:04
Built by:           vappiah@login.local [CMAKE]
Build OS/arch:      Linux 3.10.0-693.el7.x86_64 x86_64
Build CPU vendor:   Intel
Build CPU brand:    Intel(R) Xeon(R) CPU E5-2680 v4 @ 2.40GHz
Build CPU family:   6   Model: 79   Stepping: 1
Build CPU features: aes apic avx avx2 clfsh cmov cx8 cx16 f16c fma hle htt intel lahf mmx msr nonstop_tsc pcid pclmuldq pdcm pdpe1gb popcnt pse rdrnd rdtscp rtm sse2 sse3 sse4.1 sse4.2 ssse3 tdt x2apic
C compiler:         /usr/bin/cc GNU 4.8.5
C compiler flags:    -march=core-avx2     -O3 -DNDEBUG -funroll-all-loops -fexcess-precision=fast  
C++ compiler:       /usr/bin/c++ GNU 4.8.5
C++ compiler flags:  -march=core-avx2    -std=c++11   -O3 -DNDEBUG -funroll-all-loops -fexcess-precision=fast  


Running on 1 node with total 28 cores, 28 logical cores
Hardware detected:
  CPU info:
    Vendor: Intel
    Brand:  Intel(R) Xeon(R) CPU E5-2680 v4 @ 2.40GHz
    Family: 6   Model: 79   Stepping: 1
    Features: aes apic avx avx2 clfsh cmov cx8 cx16 f16c fma hle htt intel lahf mmx msr nonstop_tsc pcid pclmuldq pdcm pdpe1gb popcnt pse rdrnd rdtscp rtm sse2 sse3 sse4.1 sse4.2 ssse3 tdt x2apic
  Hardware topology: Basic
    Sockets, cores, and logical processors:
      Socket  0: [   0] [   2] [   4] [   6] [   8] [  10] [  12] [  14] [  16] [  18] [  20] [  22] [  24] [  26]
      Socket  1: [   1] [   3] [   5] [   7] [   9] [  11] [  13] [  15] [  17] [  19] [  21] [  23] [  25] [  27]


++++ PLEASE READ AND CITE THE FOLLOWING REFERENCE ++++
M. J. Abraham, T. Murtola, R. Schulz, S. Páll, J. C. Smith, B. Hess, E.
Lindahl
GROMACS: High performance molecular simulations through multi-level
parallelism from laptops to supercomputers
SoftwareX 1 (2015) pp. 19-25
-------- -------- --- Thank You --- -------- --------


++++ PLEASE READ AND CITE THE FOLLOWING REFERENCE ++++
S. Páll, M. J. Abraham, C. Kutzner, B. Hess, E. Lindahl
Tackling Exascale Software Challenges in Molecular Dynamics Simulations with
GROMACS
In S. Markidis & E. Laure (Eds.), Solving Software Challenges for Exascale 8759 (2015) pp. 3-27
-------- -------- --- Thank You --- -------- --------


++++ PLEASE READ AND CITE THE FOLLOWING REFERENCE ++++
S. Pronk, S. Páll, R. Schulz, P. Larsson, P. Bjelkmar, R. Apostolov, M. R.
Shirts, J. C. Smith, P. M. Kasson, D. van der Spoel, B. Hess, and E. Lindahl
GROMACS 4.5: a high-throughput and highly parallel open source molecular
simulation toolkit
Bioinformatics 29 (2013) pp. 845-54
-------- -------- --- Thank You --- -------- --------


++++ PLEASE READ AND CITE THE FOLLOWING REFERENCE ++++
B. Hess and C. Kutzner and D. van der Spoel and E. Lindahl
GROMACS 4: Algorithms for highly efficient, load-balanced, and scalable
molecular simulation
J. Chem. Theory Comput. 4 (2008) pp. 435-447
-------- -------- --- Thank You --- -------- --------


++++ PLEASE READ AND CITE THE FOLLOWING REFERENCE ++++
D. van der Spoel, E. Lindahl, B. Hess, G. Groenhof, A. E. Mark and H. J. C.
Berendsen
GROMACS: Fast, Flexible and Free
J. Comp. Chem. 26 (2005) pp. 1701-1719
-------- -------- --- Thank You --- -------- --------


++++ PLEASE READ AND CITE THE FOLLOWING REFERENCE ++++
E. Lindahl and B. Hess and D. van der Spoel
GROMACS 3.0: A package for molecular simulation and trajectory analysis
J. Mol. Mod. 7 (2001) pp. 306-317
-------- -------- --- Thank You --- -------- --------


++++ PLEASE READ AND CITE THE FOLLOWING REFERENCE ++++
H. J. C. Berendsen, D. van der Spoel and R. van Drunen
GROMACS: A message-passing parallel molecular dynamics implementation
Comp. Phys. Comm. 91 (1995) pp. 43-56
-------- -------- --- Thank You --- -------- --------

Input Parameters:
   integrator                     = md
   tinit                          = 0
   dt                             = 0.002
   nsteps                         = 50000
   init-step                      = 0
   simulation-part                = 1
   comm-mode                      = Linear
   nstcomm                        = 100
   bd-fric                        = 0
   ld-seed                        = 1060355970
   emtol                          = 10
   emstep                         = 0.01
   niter                          = 20
   fcstep                         = 0
   nstcgsteep                     = 1000
   nbfgscorr                      = 10
   rtpi                           = 0.05
   nstxout                        = 0
   nstvout                        = 0
   nstfout                        = 0
   nstlog                         = 500
   nstcalcenergy                  = 100
   nstenergy                      = 500
   nstxout-compressed             = 500
   compressed-x-precision         = 1000
   cutoff-scheme                  = Verlet
   nstlist                        = 20
   ns-type                        = Grid
   pbc                            = xyz
   periodic-molecules             = false
   verlet-buffer-tolerance        = 0.005
   rlist                          = 1.221
   coulombtype                    = PME
   coulomb-modifier               = Potential-shift
   rcoulomb-switch                = 0
   rcoulomb                       = 1.2
   epsilon-r                      = 1
   epsilon-rf                     = inf
   vdw-type                       = Cut-off
   vdw-modifier                   = Force-switch
   rvdw-switch                    = 1
   rvdw                           = 1.2
   DispCorr                       = No
   table-extension                = 1
   fourierspacing                 = 0.16
   fourier-nx                     = 48
   fourier-ny                     = 48
   fourier-nz                     = 48
   pme-order                      = 4
   ewald-rtol                     = 1e-05
   ewald-rtol-lj                  = 0.001
   lj-pme-comb-rule               = Geometric
   ewald-geometry                 = 0
   epsilon-surface                = 0
   implicit-solvent               = No
   gb-algorithm                   = Still
   nstgbradii                     = 1
   rgbradii                       = 1
   gb-epsilon-solvent             = 80
   gb-saltconc                    = 0
   gb-obc-alpha                   = 1
   gb-obc-beta                    = 0.8
   gb-obc-gamma                   = 4.85
   gb-dielectric-offset           = 0.009
   sa-algorithm                   = Ace-approximation
   sa-surface-tension             = 2.05016
   tcoupl                         = V-rescale
   nsttcouple                     = 20
   nh-chain-length                = 0
   print-nose-hoover-chain-variables = false
   pcoupl                         = No
   pcoupltype                     = Isotropic
   nstpcouple                     = -1
   tau-p                          = 1
   compressibility (3x3):
      compressibility[    0]={ 0.00000e+00,  0.00000e+00,  0.00000e+00}
      compressibility[    1]={ 0.00000e+00,  0.00000e+00,  0.00000e+00}
      compressibility[    2]={ 0.00000e+00,  0.00000e+00,  0.00000e+00}
   ref-p (3x3):
      ref-p[    0]={ 0.00000e+00,  0.00000e+00,  0.00000e+00}
      ref-p[    1]={ 0.00000e+00,  0.00000e+00,  0.00000e+00}
      ref-p[    2]={ 0.00000e+00,  0.00000e+00,  0.00000e+00}
   refcoord-scaling               = No
   posres-com (3):
      posres-com[0]= 0.00000e+00
      posres-com[1]= 0.00000e+00
      posres-com[2]= 0.00000e+00
   posres-comB (3):
      posres-comB[0]= 0.00000e+00
      posres-comB[1]= 0.00000e+00
      posres-comB[2]= 0.00000e+00
   QMMM                           = false
   QMconstraints                  = 0
   QMMMscheme                     = 0
   MMChargeScaleFactor            = 1
qm-opts:
   ngQM                           = 0
   constraint-algorithm           = Lincs
   continuation                   = false
   Shake-SOR                      = false
   shake-tol                      = 0.0001
   lincs-order                    = 4
   lincs-iter                     = 1
   lincs-warnangle                = 30
   nwall                          = 0
   wall-type                      = 9-3
   wall-r-linpot                  = -1
   wall-atomtype[0]               = -1
   wall-atomtype[1]               = -1
   wall-density[0]                = 0
   wall-density[1]                = 0
   wall-ewald-zfac                = 3
   pull                           = false
   awh                            = false
   rotation                       = false
   interactiveMD                  = false
   disre                          = No
   disre-weighting                = Conservative
   disre-mixed                    = false
   dr-fc                          = 1000
   dr-tau                         = 0
   nstdisreout                    = 100
   orire-fc                       = 0
   orire-tau                      = 0
   nstorireout                    = 100
   free-energy                    = no
   cos-acceleration               = 0
   deform (3x3):
      deform[    0]={ 0.00000e+00,  0.00000e+00,  0.00000e+00}
      deform[    1]={ 0.00000e+00,  0.00000e+00,  0.00000e+00}
      deform[    2]={ 0.00000e+00,  0.00000e+00,  0.00000e+00}
   simulated-tempering            = false
   swapcoords                     = no
   userint1                       = 0
   userint2                       = 0
   userint3                       = 0
   userint4                       = 0
   userreal1                      = 0
   userreal2                      = 0
   userreal3                      = 0
   userreal4                      = 0
   applied-forces:
     electric-field:
       x:
         E0                       = 0
         omega                    = 0
         t0                       = 0
         sigma                    = 0
       y:
         E0                       = 0
         omega                    = 0
         t0                       = 0
         sigma                    = 0
       z:
         E0                       = 0
         omega                    = 0
         t0                       = 0
         sigma                    = 0
grpopts:
   nrdf:     5832.77     70881.2
   ref-t:         300         300
   tau-t:         0.1         0.1
annealing:          No          No
annealing-npoints:           0           0
   acc:	           0           0           0
   nfreeze:           N           N           N
   energygrp-flags[  0]: 0

Changing nstlist from 20 to 80, rlist from 1.221 to 1.323


Initializing Domain Decomposition on 28 ranks
Dynamic load balancing: locked
Initial maximum inter charge-group distances:
    two-body bonded interactions: 0.410 nm, LJ-14, atoms 2289 2297
  multi-body bonded interactions: 0.488 nm, CMAP Dih., atoms 465 481
Minimum cell size due to bonded interactions: 0.537 nm
Maximum distance for 5 constraints, at 120 deg. angles, all-trans: 0.222 nm
Estimated maximum distance required for P-LINCS: 0.222 nm
Guess for relative PME load: 0.13
Will use 24 particle-particle and 4 PME only ranks
This is a guess, check the performance at the end of the log file
Using 4 separate PME ranks, as guessed by mdrun
Scaling the initial minimum size with 1/0.8 (option -dds) = 1.25
Optimizing the DD grid for 24 cells with a minimum initial size of 0.671 nm
The maximum allowed number of cells is: X 10 Y 10 Z 10
Domain decomposition grid 4 x 3 x 2, separate PME ranks 4
PME domain decomposition: 4 x 1 x 1
Interleaving PP and PME ranks
This rank does only particle-particle work.

Domain decomposition rank 0, coordinates 0 0 0

The initial number of communication pulses is: X 1 Y 1 Z 1
The initial domain decomposition cell size is: X 1.82 nm Y 2.43 nm Z 3.65 nm

The maximum allowed distance for charge groups involved in interactions is:
                 non-bonded interactions           1.323 nm
            two-body bonded interactions  (-rdd)   1.323 nm
          multi-body bonded interactions  (-rdd)   1.323 nm
  atoms separated by up to 5 constraints  (-rcon)  1.823 nm

When dynamic load balancing gets turned on, these settings will change to:
The maximum number of communication pulses is: X 1 Y 1 Z 1
The minimum size for domain decomposition cells is 1.323 nm
The requested allowed shrink of DD cells (option -dds) is: 0.80
The allowed shrink of domain decomposition cells is: X 0.73 Y 0.54 Z 0.36
The maximum allowed distance for charge groups involved in interactions is:
                 non-bonded interactions           1.323 nm
            two-body bonded interactions  (-rdd)   1.323 nm
          multi-body bonded interactions  (-rdd)   1.323 nm
  atoms separated by up to 5 constraints  (-rcon)  1.323 nm

Using 28 MPI threads
Using 1 OpenMP thread per tMPI thread

Pinning threads with an auto-selected logical core stride of 1
System total charge: 0.000
Will do PME sum in reciprocal space for electrostatic interactions.

++++ PLEASE READ AND CITE THE FOLLOWING REFERENCE ++++
U. Essmann, L. Perera, M. L. Berkowitz, T. Darden, H. Lee and L. G. Pedersen 
A smooth particle mesh Ewald method
J. Chem. Phys. 103 (1995) pp. 8577-8592
-------- -------- --- Thank You --- -------- --------

Using a Gaussian width (1/beta) of 0.384195 nm for Ewald
Potential shift: LJ r^-12: -2.648e-01 r^-6: -5.349e-01, Ewald -8.333e-06
Initialized non-bonded Ewald correction tables, spacing: 1.02e-03 size: 1176

Generated table with 1161 data points for 1-4 COUL.
Tabscale = 500 points/nm
Generated table with 1161 data points for 1-4 LJ6.
Tabscale = 500 points/nm
Generated table with 1161 data points for 1-4 LJ12.
Tabscale = 500 points/nm

Using SIMD 4x8 nonbonded short-range kernels

Using a dual 4x8 pair-list setup updated with dynamic pruning:
  outer list: updated every 80 steps, buffer 0.123 nm, rlist 1.323 nm
  inner list: updated every 13 steps, buffer 0.001 nm, rlist 1.201 nm
At tolerance 0.005 kJ/mol/ps per atom, equivalent classical 1x1 list would be:
  outer list: updated every 80 steps, buffer 0.272 nm, rlist 1.472 nm
  inner list: updated every 13 steps, buffer 0.051 nm, rlist 1.251 nm

Removing pbc first time

Initializing Parallel LINear Constraint Solver

++++ PLEASE READ AND CITE THE FOLLOWING REFERENCE ++++
B. Hess
P-LINCS: A Parallel Linear Constraint Solver for molecular simulation
J. Chem. Theory Comput. 4 (2008) pp. 116-122
-------- -------- --- Thank You --- -------- --------

The number of constraints is 1172
There are inter charge-group constraints,
will communicate selected coordinates each lincs iteration

++++ PLEASE READ AND CITE THE FOLLOWING REFERENCE ++++
S. Miyamoto and P. A. Kollman
SETTLE: An Analytical Version of the SHAKE and RATTLE Algorithms for Rigid
Water Models
J. Comp. Chem. 13 (1992) pp. 952-962
-------- -------- --- Thank You --- -------- --------


Linking all bonded interactions to atoms


Intra-simulation communication will occur every 20 steps.
Center of mass motion removal mode is Linear
We have the following groups for center of mass motion removal:
  0:  rest

++++ PLEASE READ AND CITE THE FOLLOWING REFERENCE ++++
G. Bussi, D. Donadio and M. Parrinello
Canonical sampling through velocity rescaling
J. Chem. Phys. 126 (2007) pp. 014101
-------- -------- --- Thank You --- -------- --------

There are: 37774 Atoms
Atom distribution over 24 domains: av 1573 stddev 63 min 1514 max 1642

Constraining the starting coordinates (step 0)

Constraining the coordinates at t0-dt (step 0)
RMS relative constraint deviation after constraining: 0.00e+00
Initial temperature: 300.926 K

Started mdrun on rank 0 Thu Sep 26 15:26:17 2024
           Step           Time
              0        0.00000

   Energies (kJ/mol)
           Bond            U-B    Proper Dih.  Improper Dih.      CMAP Dih.
    5.26413e+02    1.79294e+03    5.40757e+03    8.49970e+01   -3.80951e+02
          LJ-14     Coulomb-14        LJ (SR)   Coulomb (SR)   Coul. recip.
    1.51811e+03    3.24621e+04    8.15626e+04   -6.67721e+05    2.80314e+03
 Position Rest.      Potential    Kinetic En.   Total Energy  Conserved En.
    1.20219e-03   -5.41944e+05    9.62172e+04   -4.45727e+05   -4.45727e+05
    Temperature Pressure (bar)   Constr. rmsd
    3.01699e+02   -2.29803e+03    2.97199e-06

DD  step 79 load imb.: force 21.7%  pme mesh/force 0.652


step 160 Turning on dynamic load balancing, because the performance loss due to load imbalance is 15.6 %.

           Step           Time
            500        1.00000

   Energies (kJ/mol)
           Bond            U-B    Proper Dih.  Improper Dih.      CMAP Dih.
    1.75809e+03    4.85413e+03    5.87647e+03    2.92434e+02   -3.16127e+02
          LJ-14     Coulomb-14        LJ (SR)   Coulomb (SR)   Coul. recip.
    1.61995e+03    3.24721e+04    8.04455e+04   -6.27300e+05    1.89791e+03
 Position Rest.      Potential    Kinetic En.   Total Energy  Conserved En.
    7.39029e+02   -4.97661e+05    9.49028e+04   -4.02758e+05   -4.44940e+05
    Temperature Pressure (bar)   Constr. rmsd
    2.97577e+02   -7.31812e+01    2.45399e-06

           Step           Time
           1000        2.00000

   Energies (kJ/mol)
           Bond            U-B    Proper Dih.  Improper Dih.      CMAP Dih.
    1.80479e+03    5.30782e+03    5.83546e+03    3.60488e+02   -3.30276e+02
          LJ-14     Coulomb-14        LJ (SR)   Coulomb (SR)   Coul. recip.
    1.63183e+03    3.22216e+04    7.96423e+04   -6.24773e+05    1.80722e+03
 Position Rest.      Potential    Kinetic En.   Total Energy  Conserved En.
    6.43660e+02   -4.95848e+05    9.54342e+04   -4.00414e+05   -4.44909e+05
    Temperature Pressure (bar)   Constr. rmsd
    2.99244e+02   -2.27059e+02    2.87660e-06

           Step           Time
           1500        3.00000

   Energies (kJ/mol)
           Bond            U-B    Proper Dih.  Improper Dih.      CMAP Dih.
    1.83064e+03    5.21672e+03    5.93065e+03    2.93787e+02   -3.46818e+02
          LJ-14     Coulomb-14        LJ (SR)   Coulomb (SR)   Coul. recip.
    1.65489e+03    3.23445e+04    8.03461e+04   -6.26406e+05    1.89272e+03
 Position Rest.      Potential    Kinetic En.   Total Energy  Conserved En.
    6.79975e+02   -4.96563e+05    9.52478e+04   -4.01315e+05   -4.44924e+05
    Temperature Pressure (bar)   Constr. rmsd
    2.98659e+02   -3.36967e+02    2.59370e-06

DD  step 1999  vol min/aver 0.818  load imb.: force  2.2%  pme mesh/force 0.679

           Step           Time
           2000        4.00000

   Energies (kJ/mol)
           Bond            U-B    Proper Dih.  Improper Dih.      CMAP Dih.
    1.91667e+03    5.22324e+03    5.86388e+03    3.21353e+02   -3.25216e+02
          LJ-14     Coulomb-14        LJ (SR)   Coulomb (SR)   Coul. recip.
    1.68538e+03    3.22300e+04    7.90684e+04   -6.24104e+05    1.79443e+03
 Position Rest.      Potential    Kinetic En.   Total Energy  Conserved En.
    6.75366e+02   -4.95650e+05    9.60172e+04   -3.99633e+05   -4.44918e+05
    Temperature Pressure (bar)   Constr. rmsd
    3.01072e+02   -2.11603e+02    2.97266e-06

           Step           Time
           2500        5.00000

   Energies (kJ/mol)
           Bond            U-B    Proper Dih.  Improper Dih.      CMAP Dih.
    1.96341e+03    5.23636e+03    5.92085e+03    3.71436e+02   -3.72433e+02
          LJ-14     Coulomb-14        LJ (SR)   Coulomb (SR)   Coul. recip.
    1.60322e+03    3.21244e+04    8.02282e+04   -6.27163e+05    1.79526e+03
 Position Rest.      Potential    Kinetic En.   Total Energy  Conserved En.
    6.18331e+02   -4.97674e+05    9.60438e+04   -4.01630e+05   -4.44921e+05
    Temperature Pressure (bar)   Constr. rmsd
    3.01155e+02   -5.43450e+02    2.63775e-06

           Step           Time
           3000        6.00000

   Energies (kJ/mol)
           Bond            U-B    Proper Dih.  Improper Dih.      CMAP Dih.
    1.76186e+03    5.28768e+03    5.89010e+03    2.79652e+02   -3.68142e+02
          LJ-14     Coulomb-14        LJ (SR)   Coulomb (SR)   Coul. recip.
    1.65433e+03    3.24268e+04    8.02624e+04   -6.25818e+05    1.85253e+03
 Position Rest.      Potential    Kinetic En.   Total Energy  Conserved En.
    6.26567e+02   -4.96144e+05    9.52455e+04   -4.00899e+05   -4.44894e+05
    Temperature Pressure (bar)   Constr. rmsd
    2.98652e+02    2.86275e+01    2.74198e-06

           Step           Time
           3500        7.00000

   Energies (kJ/mol)
           Bond            U-B    Proper Dih.  Improper Dih.      CMAP Dih.
    1.80824e+03    5.29270e+03    5.84876e+03    2.71277e+02   -3.51640e+02
          LJ-14     Coulomb-14        LJ (SR)   Coulomb (SR)   Coul. recip.
    1.69796e+03    3.24880e+04    8.01517e+04   -6.25731e+05    1.86128e+03
 Position Rest.      Potential    Kinetic En.   Total Energy  Conserved En.
    6.13765e+02   -4.96049e+05    9.55237e+04   -4.00526e+05   -4.44888e+05
    Temperature Pressure (bar)   Constr. rmsd
    2.99524e+02    7.24212e+01    2.68913e-06

DD  step 3999  vol min/aver 0.805  load imb.: force  1.9%  pme mesh/force 0.670

           Step           Time
           4000        8.00000

   Energies (kJ/mol)
           Bond            U-B    Proper Dih.  Improper Dih.      CMAP Dih.
    1.81293e+03    5.24302e+03    5.83809e+03    3.15744e+02   -4.20294e+02
          LJ-14     Coulomb-14        LJ (SR)   Coulomb (SR)   Coul. recip.
    1.69387e+03    3.24638e+04    7.86010e+04   -6.23705e+05    1.81702e+03
 Position Rest.      Potential    Kinetic En.   Total Energy  Conserved En.
    6.69016e+02   -4.95670e+05    9.54855e+04   -4.00185e+05   -4.44891e+05
    Temperature Pressure (bar)   Constr. rmsd
    2.99405e+02   -3.72149e+02    2.63288e-06

           Step           Time
           4500        9.00000

   Energies (kJ/mol)
           Bond            U-B    Proper Dih.  Improper Dih.      CMAP Dih.
    1.81887e+03    5.28275e+03    5.88181e+03    3.04461e+02   -3.80205e+02
          LJ-14     Coulomb-14        LJ (SR)   Coulomb (SR)   Coul. recip.
    1.65381e+03    3.22272e+04    8.00768e+04   -6.26237e+05    1.88096e+03
 Position Rest.      Potential    Kinetic En.   Total Energy  Conserved En.
    6.18495e+02   -4.96872e+05    9.55336e+04   -4.01339e+05   -4.44902e+05
    Temperature Pressure (bar)   Constr. rmsd
    2.99556e+02   -3.75325e+02    2.93408e-06

           Step           Time
           5000       10.00000

   Energies (kJ/mol)
           Bond            U-B    Proper Dih.  Improper Dih.      CMAP Dih.
    1.85079e+03    5.17989e+03    5.82836e+03    3.19903e+02   -4.02519e+02
          LJ-14     Coulomb-14        LJ (SR)   Coulomb (SR)   Coul. recip.
    1.56929e+03    3.21478e+04    8.05480e+04   -6.28073e+05    1.86124e+03
 Position Rest.      Potential    Kinetic En.   Total Energy  Conserved En.
    6.43228e+02   -4.98527e+05    9.48604e+04   -4.03667e+05   -4.44887e+05
    Temperature Pressure (bar)   Constr. rmsd
    2.97445e+02   -3.10347e+02    2.51037e-06

           Step           Time
           5500       11.00000

   Energies (kJ/mol)
           Bond            U-B    Proper Dih.  Improper Dih.      CMAP Dih.
    1.86874e+03    5.21659e+03    5.81629e+03    3.05572e+02   -3.92533e+02
          LJ-14     Coulomb-14        LJ (SR)   Coulomb (SR)   Coul. recip.
    1.56632e+03    3.22247e+04    8.16702e+04   -6.29712e+05    1.82781e+03
 Position Rest.      Potential    Kinetic En.   Total Energy  Conserved En.
    6.12536e+02   -4.98995e+05    9.50064e+04   -4.03989e+05   -4.44909e+05
    Temperature Pressure (bar)   Constr. rmsd
    2.97902e+02   -1.62389e+02    2.59511e-06

DD  step 5999  vol min/aver 0.784  load imb.: force  1.9%  pme mesh/force 0.679

           Step           Time
           6000       12.00000

   Energies (kJ/mol)
           Bond            U-B    Proper Dih.  Improper Dih.      CMAP Dih.
    1.88873e+03    5.36454e+03    5.80134e+03    3.20980e+02   -2.96999e+02
          LJ-14     Coulomb-14        LJ (SR)   Coulomb (SR)   Coul. recip.
    1.63350e+03    3.20394e+04    8.00697e+04   -6.25878e+05    1.77462e+03
 Position Rest.      Potential    Kinetic En.   Total Energy  Conserved En.
    6.10847e+02   -4.96671e+05    9.51811e+04   -4.01490e+05   -4.44890e+05
    Temperature Pressure (bar)   Constr. rmsd
    2.98450e+02   -8.77671e+01    2.66275e-06

           Step           Time
           6500       13.00000

   Energies (kJ/mol)
           Bond            U-B    Proper Dih.  Improper Dih.      CMAP Dih.
    1.98946e+03    5.30936e+03    5.80687e+03    2.95523e+02   -3.82641e+02
          LJ-14     Coulomb-14        LJ (SR)   Coulomb (SR)   Coul. recip.
    1.62598e+03    3.21075e+04    8.06036e+04   -6.26836e+05    1.82241e+03
 Position Rest.      Potential    Kinetic En.   Total Energy  Conserved En.
    6.28089e+02   -4.97030e+05    9.66292e+04   -4.00400e+05   -4.44897e+05
    Temperature Pressure (bar)   Constr. rmsd
    3.02991e+02   -2.87983e+02    2.86985e-06

           Step           Time
           7000       14.00000

   Energies (kJ/mol)
           Bond            U-B    Proper Dih.  Improper Dih.      CMAP Dih.
    1.86706e+03    5.53873e+03    5.84595e+03    3.02790e+02   -3.57186e+02
          LJ-14     Coulomb-14        LJ (SR)   Coulomb (SR)   Coul. recip.
    1.66134e+03    3.20828e+04    7.97801e+04   -6.24676e+05    1.88735e+03
 Position Rest.      Potential    Kinetic En.   Total Energy  Conserved En.
    6.42999e+02   -4.95425e+05    9.58745e+04   -3.99550e+05   -4.44879e+05
    Temperature Pressure (bar)   Constr. rmsd
    3.00624e+02   -1.89773e+02    2.78011e-06

           Step           Time
           7500       15.00000

   Energies (kJ/mol)
           Bond            U-B    Proper Dih.  Improper Dih.      CMAP Dih.
    1.93088e+03    5.21904e+03    5.86881e+03    3.46897e+02   -3.49988e+02
          LJ-14     Coulomb-14        LJ (SR)   Coulomb (SR)   Coul. recip.
    1.63681e+03    3.23423e+04    7.98324e+04   -6.25814e+05    1.89636e+03
 Position Rest.      Potential    Kinetic En.   Total Energy  Conserved En.
    6.00528e+02   -4.96490e+05    9.62535e+04   -4.00236e+05   -4.44886e+05
    Temperature Pressure (bar)   Constr. rmsd
    3.01813e+02   -8.48054e+01    3.05314e-06

DD  step 7999  vol min/aver 0.794  load imb.: force  2.1%  pme mesh/force 0.682

           Step           Time
           8000       16.00000

   Energies (kJ/mol)
           Bond            U-B    Proper Dih.  Improper Dih.      CMAP Dih.
    1.88975e+03    5.25286e+03    5.84669e+03    3.09180e+02   -3.55361e+02
          LJ-14     Coulomb-14        LJ (SR)   Coulomb (SR)   Coul. recip.
    1.62915e+03    3.24775e+04    8.01687e+04   -6.27432e+05    1.83379e+03
 Position Rest.      Potential    Kinetic En.   Total Energy  Conserved En.
    5.78620e+02   -4.97801e+05    9.61164e+04   -4.01685e+05   -4.44895e+05
    Temperature Pressure (bar)   Constr. rmsd
    3.01383e+02   -7.12563e+01    2.92215e-06

           Step           Time
           8500       17.00000

   Energies (kJ/mol)
           Bond            U-B    Proper Dih.  Improper Dih.      CMAP Dih.
    1.88466e+03    5.51198e+03    5.73613e+03    3.13771e+02   -3.99762e+02
          LJ-14     Coulomb-14        LJ (SR)   Coulomb (SR)   Coul. recip.
    1.56941e+03    3.20346e+04    7.89397e+04   -6.24608e+05    1.84129e+03
 Position Rest.      Potential    Kinetic En.   Total Energy  Conserved En.
    6.51029e+02   -4.96525e+05    9.60454e+04   -4.00480e+05   -4.44880e+05
    Temperature Pressure (bar)   Constr. rmsd
    3.01160e+02   -3.81335e+02    3.10681e-06

           Step           Time
           9000       18.00000

   Energies (kJ/mol)
           Bond            U-B    Proper Dih.  Improper Dih.      CMAP Dih.
    1.86765e+03    5.27757e+03    5.80816e+03    2.79689e+02   -3.89053e+02
          LJ-14     Coulomb-14        LJ (SR)   Coulomb (SR)   Coul. recip.
    1.59577e+03    3.24152e+04    7.93263e+04   -6.25485e+05    1.87797e+03
 Position Rest.      Potential    Kinetic En.   Total Energy  Conserved En.
    6.58082e+02   -4.96767e+05    9.60080e+04   -4.00760e+05   -4.44877e+05
    Temperature Pressure (bar)   Constr. rmsd
    3.01043e+02   -3.06043e+02    2.71811e-06

           Step           Time
           9500       19.00000

   Energies (kJ/mol)
           Bond            U-B    Proper Dih.  Improper Dih.      CMAP Dih.
    1.86410e+03    5.12174e+03    5.66735e+03    3.00023e+02   -3.88353e+02
          LJ-14     Coulomb-14        LJ (SR)   Coulomb (SR)   Coul. recip.
    1.67926e+03    3.25689e+04    8.04873e+04   -6.27263e+05    1.81760e+03
 Position Rest.      Potential    Kinetic En.   Total Energy  Conserved En.
    5.95494e+02   -4.97550e+05    9.51399e+04   -4.02410e+05   -4.44866e+05
    Temperature Pressure (bar)   Constr. rmsd
    2.98321e+02   -6.51951e+00    2.69460e-06

DD  step 9999  vol min/aver 0.803  load imb.: force  2.7%  pme mesh/force 0.675

           Step           Time
          10000       20.00000

   Energies (kJ/mol)
           Bond            U-B    Proper Dih.  Improper Dih.      CMAP Dih.
    1.86442e+03    5.35272e+03    5.86742e+03    3.24459e+02   -3.87738e+02
          LJ-14     Coulomb-14        LJ (SR)   Coulomb (SR)   Coul. recip.
    1.63379e+03    3.23046e+04    7.96220e+04   -6.27524e+05    1.75507e+03
 Position Rest.      Potential    Kinetic En.   Total Energy  Conserved En.
    6.30489e+02   -4.98557e+05    9.68355e+04   -4.01722e+05   -4.44875e+05
    Temperature Pressure (bar)   Constr. rmsd
    3.03638e+02   -3.86924e+02    2.84320e-06

           Step           Time
          10500       21.00000

   Energies (kJ/mol)
           Bond            U-B    Proper Dih.  Improper Dih.      CMAP Dih.
    1.89259e+03    5.21764e+03    5.73944e+03    3.18397e+02   -3.63307e+02
          LJ-14     Coulomb-14        LJ (SR)   Coulomb (SR)   Coul. recip.
    1.64916e+03    3.23346e+04    8.11269e+04   -6.28563e+05    1.73235e+03
 Position Rest.      Potential    Kinetic En.   Total Energy  Conserved En.
    5.75216e+02   -4.98340e+05    9.56803e+04   -4.02659e+05   -4.44861e+05
    Temperature Pressure (bar)   Constr. rmsd
    3.00015e+02   -4.18926e+02    2.82465e-06

           Step           Time
          11000       22.00000

   Energies (kJ/mol)
           Bond            U-B    Proper Dih.  Improper Dih.      CMAP Dih.
    1.84551e+03    5.41548e+03    5.85638e+03    3.14894e+02   -3.97061e+02
          LJ-14     Coulomb-14        LJ (SR)   Coulomb (SR)   Coul. recip.
    1.64617e+03    3.22797e+04    7.97896e+04   -6.26398e+05    1.84247e+03
 Position Rest.      Potential    Kinetic En.   Total Energy  Conserved En.
    5.97022e+02   -4.97208e+05    9.56869e+04   -4.01521e+05   -4.44840e+05
    Temperature Pressure (bar)   Constr. rmsd
    3.00036e+02   -9.75697e+01    2.98656e-06

           Step           Time
          11500       23.00000

   Energies (kJ/mol)
           Bond            U-B    Proper Dih.  Improper Dih.      CMAP Dih.
    1.83659e+03    5.31939e+03    5.77955e+03    3.10489e+02   -3.60919e+02
          LJ-14     Coulomb-14        LJ (SR)   Coulomb (SR)   Coul. recip.
    1.58168e+03    3.22149e+04    8.01092e+04   -6.27466e+05    1.91815e+03
 Position Rest.      Potential    Kinetic En.   Total Energy  Conserved En.
    6.09173e+02   -4.98148e+05    9.63161e+04   -4.01832e+05   -4.44865e+05
    Temperature Pressure (bar)   Constr. rmsd
    3.02009e+02   -3.69874e+02    2.63632e-06

DD  step 11999  vol min/aver 0.809  load imb.: force  2.2%  pme mesh/force 0.669

           Step           Time
          12000       24.00000

   Energies (kJ/mol)
           Bond            U-B    Proper Dih.  Improper Dih.      CMAP Dih.
    1.78279e+03    5.10549e+03    5.86314e+03    3.52271e+02   -4.20094e+02
          LJ-14     Coulomb-14        LJ (SR)   Coulomb (SR)   Coul. recip.
    1.63495e+03    3.23109e+04    8.07286e+04   -6.27216e+05    1.85425e+03
 Position Rest.      Potential    Kinetic En.   Total Energy  Conserved En.
    6.06331e+02   -4.97397e+05    9.62968e+04   -4.01100e+05   -4.44875e+05
    Temperature Pressure (bar)   Constr. rmsd
    3.01949e+02   -2.52191e+02    2.62381e-06

           Step           Time
          12500       25.00000

   Energies (kJ/mol)
           Bond            U-B    Proper Dih.  Improper Dih.      CMAP Dih.
    1.84917e+03    5.38236e+03    5.88726e+03    3.48500e+02   -4.22570e+02
          LJ-14     Coulomb-14        LJ (SR)   Coulomb (SR)   Coul. recip.
    1.65310e+03    3.23531e+04    8.05295e+04   -6.26948e+05    1.83090e+03
 Position Rest.      Potential    Kinetic En.   Total Energy  Conserved En.
    6.51737e+02   -4.96885e+05    9.61985e+04   -4.00686e+05   -4.44860e+05
    Temperature Pressure (bar)   Constr. rmsd
    3.01640e+02   -1.24367e+02    3.10756e-06

           Step           Time
          13000       26.00000

   Energies (kJ/mol)
           Bond            U-B    Proper Dih.  Improper Dih.      CMAP Dih.
    1.73848e+03    5.05742e+03    5.82964e+03    3.32486e+02   -3.65761e+02
          LJ-14     Coulomb-14        LJ (SR)   Coulomb (SR)   Coul. recip.
    1.62589e+03    3.25347e+04    7.96207e+04   -6.26748e+05    1.86305e+03
 Position Rest.      Potential    Kinetic En.   Total Energy  Conserved En.
    6.18810e+02   -4.97893e+05    9.58791e+04   -4.02014e+05   -4.44863e+05
    Temperature Pressure (bar)   Constr. rmsd
    3.00639e+02    1.13182e+02    2.67209e-06

           Step           Time
          13500       27.00000

   Energies (kJ/mol)
           Bond            U-B    Proper Dih.  Improper Dih.      CMAP Dih.
    1.87949e+03    5.47032e+03    5.91361e+03    3.44144e+02   -3.69594e+02
          LJ-14     Coulomb-14        LJ (SR)   Coulomb (SR)   Coul. recip.
    1.64505e+03    3.22295e+04    7.99218e+04   -6.24524e+05    1.81468e+03
 Position Rest.      Potential    Kinetic En.   Total Energy  Conserved En.
    6.39559e+02   -4.95036e+05    9.56964e+04   -3.99339e+05   -4.44827e+05
    Temperature Pressure (bar)   Constr. rmsd
    3.00066e+02    9.85856e+01    2.73492e-06

DD  step 13999  vol min/aver 0.794  load imb.: force  2.9%  pme mesh/force 0.663

           Step           Time
          14000       28.00000

   Energies (kJ/mol)
           Bond            U-B    Proper Dih.  Improper Dih.      CMAP Dih.
    1.87408e+03    5.47305e+03    5.86446e+03    2.85772e+02   -4.20809e+02
          LJ-14     Coulomb-14        LJ (SR)   Coulomb (SR)   Coul. recip.
    1.64779e+03    3.22742e+04    8.16552e+04   -6.28595e+05    1.76082e+03
 Position Rest.      Potential    Kinetic En.   Total Energy  Conserved En.
    6.15029e+02   -4.97565e+05    9.61158e+04   -4.01449e+05   -4.44830e+05
    Temperature Pressure (bar)   Constr. rmsd
    3.01381e+02    3.53716e+01    2.94782e-06

           Step           Time
          14500       29.00000

   Energies (kJ/mol)
           Bond            U-B    Proper Dih.  Improper Dih.      CMAP Dih.
    1.88634e+03    5.42825e+03    5.84054e+03    3.30555e+02   -3.14817e+02
          LJ-14     Coulomb-14        LJ (SR)   Coulomb (SR)   Coul. recip.
    1.61609e+03    3.20848e+04    8.00425e+04   -6.26198e+05    1.83303e+03
 Position Rest.      Potential    Kinetic En.   Total Energy  Conserved En.
    5.94267e+02   -4.96856e+05    9.62901e+04   -4.00566e+05   -4.44825e+05
    Temperature Pressure (bar)   Constr. rmsd
    3.01928e+02   -1.01136e+02    2.96910e-06

           Step           Time
          15000       30.00000

   Energies (kJ/mol)
           Bond            U-B    Proper Dih.  Improper Dih.      CMAP Dih.
    1.80730e+03    5.23801e+03    5.86315e+03    2.86609e+02   -3.83804e+02
          LJ-14     Coulomb-14        LJ (SR)   Coulomb (SR)   Coul. recip.
    1.57840e+03    3.23619e+04    7.96495e+04   -6.25783e+05    1.80734e+03
 Position Rest.      Potential    Kinetic En.   Total Energy  Conserved En.
    6.25881e+02   -4.96948e+05    9.57742e+04   -4.01174e+05   -4.44834e+05
    Temperature Pressure (bar)   Constr. rmsd
    3.00310e+02   -9.84909e+01    2.95552e-06

           Step           Time
          15500       31.00000

   Energies (kJ/mol)
           Bond            U-B    Proper Dih.  Improper Dih.      CMAP Dih.
    1.87932e+03    5.55987e+03    5.85912e+03    3.13513e+02   -3.66662e+02
          LJ-14     Coulomb-14        LJ (SR)   Coulomb (SR)   Coul. recip.
    1.67209e+03    3.22268e+04    7.83389e+04   -6.23771e+05    1.88377e+03
 Position Rest.      Potential    Kinetic En.   Total Energy  Conserved En.
    5.87876e+02   -4.95817e+05    9.59101e+04   -3.99906e+05   -4.44814e+05
    Temperature Pressure (bar)   Constr. rmsd
    3.00736e+02   -4.67681e+02    2.91072e-06

DD  step 15999  vol min/aver 0.802  load imb.: force  1.9%  pme mesh/force 0.675

           Step           Time
          16000       32.00000

   Energies (kJ/mol)
           Bond            U-B    Proper Dih.  Improper Dih.      CMAP Dih.
    2.00495e+03    5.11413e+03    5.75592e+03    3.03103e+02   -3.69630e+02
          LJ-14     Coulomb-14        LJ (SR)   Coulomb (SR)   Coul. recip.
    1.56869e+03    3.21939e+04    7.99573e+04   -6.26331e+05    1.85301e+03
 Position Rest.      Potential    Kinetic En.   Total Energy  Conserved En.
    6.27307e+02   -4.97322e+05    9.57945e+04   -4.01528e+05   -4.44839e+05
    Temperature Pressure (bar)   Constr. rmsd
    3.00374e+02   -1.21334e+02    2.90711e-06

           Step           Time
          16500       33.00000

   Energies (kJ/mol)
           Bond            U-B    Proper Dih.  Improper Dih.      CMAP Dih.
    1.90241e+03    5.25891e+03    5.75655e+03    2.84155e+02   -3.54765e+02
          LJ-14     Coulomb-14        LJ (SR)   Coulomb (SR)   Coul. recip.
    1.65500e+03    3.23355e+04    8.07426e+04   -6.26386e+05    1.94666e+03
 Position Rest.      Potential    Kinetic En.   Total Energy  Conserved En.
    5.89592e+02   -4.96269e+05    9.59826e+04   -4.00287e+05   -4.44823e+05
    Temperature Pressure (bar)   Constr. rmsd
    3.00963e+02    6.32795e+01    2.98680e-06

           Step           Time
          17000       34.00000

   Energies (kJ/mol)
           Bond            U-B    Proper Dih.  Improper Dih.      CMAP Dih.
    1.69836e+03    5.21282e+03    5.79517e+03    3.31815e+02   -3.14736e+02
          LJ-14     Coulomb-14        LJ (SR)   Coulomb (SR)   Coul. recip.
    1.65804e+03    3.23028e+04    8.15455e+04   -6.29736e+05    1.88980e+03
 Position Rest.      Potential    Kinetic En.   Total Energy  Conserved En.
    6.66732e+02   -4.98949e+05    9.58529e+04   -4.03096e+05   -4.44824e+05
    Temperature Pressure (bar)   Constr. rmsd
    3.00557e+02    1.30681e+01    2.59660e-06

           Step           Time
          17500       35.00000

   Energies (kJ/mol)
           Bond            U-B    Proper Dih.  Improper Dih.      CMAP Dih.
    1.86486e+03    5.27133e+03    5.88754e+03    3.35422e+02   -3.92721e+02
          LJ-14     Coulomb-14        LJ (SR)   Coulomb (SR)   Coul. recip.
    1.60965e+03    3.24172e+04    8.13704e+04   -6.28233e+05    1.85031e+03
 Position Rest.      Potential    Kinetic En.   Total Energy  Conserved En.
    6.09983e+02   -4.97409e+05    9.47072e+04   -4.02702e+05   -4.44813e+05
    Temperature Pressure (bar)   Constr. rmsd
    2.96964e+02   -1.03547e+02    2.89851e-06

DD  step 17999  vol min/aver 0.806  load imb.: force  2.4%  pme mesh/force 0.670

           Step           Time
          18000       36.00000

   Energies (kJ/mol)
           Bond            U-B    Proper Dih.  Improper Dih.      CMAP Dih.
    1.80961e+03    5.34326e+03    5.88900e+03    3.03451e+02   -3.82818e+02
          LJ-14     Coulomb-14        LJ (SR)   Coulomb (SR)   Coul. recip.
    1.65822e+03    3.21745e+04    7.93205e+04   -6.25718e+05    1.76510e+03
 Position Rest.      Potential    Kinetic En.   Total Energy  Conserved En.
    6.03929e+02   -4.97233e+05    9.49281e+04   -4.02305e+05   -4.44801e+05
    Temperature Pressure (bar)   Constr. rmsd
    2.97657e+02   -2.72004e+02    2.97908e-06

           Step           Time
          18500       37.00000

   Energies (kJ/mol)
           Bond            U-B    Proper Dih.  Improper Dih.      CMAP Dih.
    1.90785e+03    5.40250e+03    5.86213e+03    3.02013e+02   -3.63085e+02
          LJ-14     Coulomb-14        LJ (SR)   Coulomb (SR)   Coul. recip.
    1.64748e+03    3.22377e+04    8.04211e+04   -6.27160e+05    1.78119e+03
 Position Rest.      Potential    Kinetic En.   Total Energy  Conserved En.
    6.42284e+02   -4.97319e+05    9.60081e+04   -4.01311e+05   -4.44803e+05
    Temperature Pressure (bar)   Constr. rmsd
    3.01043e+02   -1.29196e+02    2.64367e-06

           Step           Time
          19000       38.00000

   Energies (kJ/mol)
           Bond            U-B    Proper Dih.  Improper Dih.      CMAP Dih.
    1.80311e+03    5.31851e+03    5.74960e+03    2.81270e+02   -3.66799e+02
          LJ-14     Coulomb-14        LJ (SR)   Coulomb (SR)   Coul. recip.
    1.67996e+03    3.23956e+04    8.04118e+04   -6.27776e+05    1.83808e+03
 Position Rest.      Potential    Kinetic En.   Total Energy  Conserved En.
    6.15569e+02   -4.98049e+05    9.54855e+04   -4.02563e+05   -4.44781e+05
    Temperature Pressure (bar)   Constr. rmsd
    2.99405e+02   -1.18092e+02    2.96065e-06

           Step           Time
          19500       39.00000

   Energies (kJ/mol)
           Bond            U-B    Proper Dih.  Improper Dih.      CMAP Dih.
    1.88901e+03    5.31361e+03    5.84048e+03    2.64796e+02   -3.42226e+02
          LJ-14     Coulomb-14        LJ (SR)   Coulomb (SR)   Coul. recip.
    1.63511e+03    3.23121e+04    8.09264e+04   -6.28278e+05    1.85071e+03
 Position Rest.      Potential    Kinetic En.   Total Energy  Conserved En.
    5.79056e+02   -4.98009e+05    9.50122e+04   -4.02996e+05   -4.44779e+05
    Temperature Pressure (bar)   Constr. rmsd
    2.97921e+02    1.08731e+02    2.69137e-06

DD  step 19999  vol min/aver 0.796  load imb.: force  1.7%  pme mesh/force 0.676

           Step           Time
          20000       40.00000

   Energies (kJ/mol)
           Bond            U-B    Proper Dih.  Improper Dih.      CMAP Dih.
    1.88011e+03    5.37059e+03    5.74623e+03    2.78423e+02   -3.64403e+02
          LJ-14     Coulomb-14        LJ (SR)   Coulomb (SR)   Coul. recip.
    1.62152e+03    3.23607e+04    8.03185e+04   -6.28546e+05    1.91051e+03
 Position Rest.      Potential    Kinetic En.   Total Energy  Conserved En.
    6.11950e+02   -4.98812e+05    9.61265e+04   -4.02685e+05   -4.44787e+05
    Temperature Pressure (bar)   Constr. rmsd
    3.01415e+02   -3.13271e+02    2.67257e-06

           Step           Time
          20500       41.00000

   Energies (kJ/mol)
           Bond            U-B    Proper Dih.  Improper Dih.      CMAP Dih.
    1.82645e+03    5.16696e+03    5.79700e+03    2.78943e+02   -3.54747e+02
          LJ-14     Coulomb-14        LJ (SR)   Coulomb (SR)   Coul. recip.
    1.64632e+03    3.24423e+04    8.13739e+04   -6.27823e+05    1.88118e+03
 Position Rest.      Potential    Kinetic En.   Total Energy  Conserved En.
    6.16676e+02   -4.97148e+05    9.54264e+04   -4.01722e+05   -4.44787e+05
    Temperature Pressure (bar)   Constr. rmsd
    2.99219e+02   -4.50489e+01    2.97853e-06

           Step           Time
          21000       42.00000

   Energies (kJ/mol)
           Bond            U-B    Proper Dih.  Improper Dih.      CMAP Dih.
    1.90729e+03    5.19119e+03    5.76492e+03    3.31525e+02   -3.41198e+02
          LJ-14     Coulomb-14        LJ (SR)   Coulomb (SR)   Coul. recip.
    1.58277e+03    3.23811e+04    8.12970e+04   -6.29300e+05    1.85307e+03
 Position Rest.      Potential    Kinetic En.   Total Energy  Conserved En.
    6.39523e+02   -4.98693e+05    9.57990e+04   -4.02894e+05   -4.44788e+05
    Temperature Pressure (bar)   Constr. rmsd
    3.00388e+02   -2.77820e+02    2.96508e-06

           Step           Time
          21500       43.00000

   Energies (kJ/mol)
           Bond            U-B    Proper Dih.  Improper Dih.      CMAP Dih.
    2.02896e+03    5.33631e+03    5.83539e+03    3.00626e+02   -3.86430e+02
          LJ-14     Coulomb-14        LJ (SR)   Coulomb (SR)   Coul. recip.
    1.66014e+03    3.23623e+04    7.97190e+04   -6.26494e+05    1.83926e+03
 Position Rest.      Potential    Kinetic En.   Total Energy  Conserved En.
    5.96593e+02   -4.97202e+05    9.65657e+04   -4.00637e+05   -4.44777e+05
    Temperature Pressure (bar)   Constr. rmsd
    3.02792e+02   -5.22111e+02    2.86455e-06

DD  step 21999  vol min/aver 0.811  load imb.: force  2.3%  pme mesh/force 0.657

           Step           Time
          22000       44.00000

   Energies (kJ/mol)
           Bond            U-B    Proper Dih.  Improper Dih.      CMAP Dih.
    1.81815e+03    5.33584e+03    5.76610e+03    2.89067e+02   -3.55553e+02
          LJ-14     Coulomb-14        LJ (SR)   Coulomb (SR)   Coul. recip.
    1.62415e+03    3.24699e+04    8.01637e+04   -6.26952e+05    1.82417e+03
 Position Rest.      Potential    Kinetic En.   Total Energy  Conserved En.
    5.86337e+02   -4.97431e+05    9.62289e+04   -4.01202e+05   -4.44789e+05
    Temperature Pressure (bar)   Constr. rmsd
    3.01736e+02   -2.53380e+02    2.98289e-06

           Step           Time
          22500       45.00000

   Energies (kJ/mol)
           Bond            U-B    Proper Dih.  Improper Dih.      CMAP Dih.
    1.89868e+03    5.38478e+03    5.75234e+03    2.93825e+02   -4.09240e+02
          LJ-14     Coulomb-14        LJ (SR)   Coulomb (SR)   Coul. recip.
    1.63463e+03    3.23515e+04    8.02030e+04   -6.26842e+05    1.88176e+03
 Position Rest.      Potential    Kinetic En.   Total Energy  Conserved En.
    5.94764e+02   -4.97256e+05    9.60265e+04   -4.01229e+05   -4.44770e+05
    Temperature Pressure (bar)   Constr. rmsd
    3.01101e+02   -1.89596e+02    3.10038e-06

           Step           Time
          23000       46.00000

   Energies (kJ/mol)
           Bond            U-B    Proper Dih.  Improper Dih.      CMAP Dih.
    1.96913e+03    5.19362e+03    5.85232e+03    3.24035e+02   -3.75474e+02
          LJ-14     Coulomb-14        LJ (SR)   Coulomb (SR)   Coul. recip.
    1.62241e+03    3.23711e+04    7.97218e+04   -6.26012e+05    1.86882e+03
 Position Rest.      Potential    Kinetic En.   Total Energy  Conserved En.
    5.73802e+02   -4.96891e+05    9.58591e+04   -4.01032e+05   -4.44759e+05
    Temperature Pressure (bar)   Constr. rmsd
    3.00576e+02   -5.27690e+02    2.93974e-06

           Step           Time
          23500       47.00000

   Energies (kJ/mol)
           Bond            U-B    Proper Dih.  Improper Dih.      CMAP Dih.
    2.07043e+03    5.28596e+03    5.85304e+03    3.22025e+02   -3.46466e+02
          LJ-14     Coulomb-14        LJ (SR)   Coulomb (SR)   Coul. recip.
    1.69739e+03    3.23848e+04    7.99678e+04   -6.26415e+05    1.89586e+03
 Position Rest.      Potential    Kinetic En.   Total Energy  Conserved En.
    6.09978e+02   -4.96674e+05    9.53634e+04   -4.01311e+05   -4.44751e+05
    Temperature Pressure (bar)   Constr. rmsd
    2.99022e+02   -5.84132e+01    2.76359e-06

DD  step 23999  vol min/aver 0.803  load imb.: force  2.5%  pme mesh/force 0.669

           Step           Time
          24000       48.00000

   Energies (kJ/mol)
           Bond            U-B    Proper Dih.  Improper Dih.      CMAP Dih.
    1.97038e+03    5.11302e+03    5.83318e+03    3.09503e+02   -3.60210e+02
          LJ-14     Coulomb-14        LJ (SR)   Coulomb (SR)   Coul. recip.
    1.62518e+03    3.22689e+04    7.97640e+04   -6.27307e+05    1.82075e+03
 Position Rest.      Potential    Kinetic En.   Total Energy  Conserved En.
    5.97097e+02   -4.98365e+05    9.56650e+04   -4.02700e+05   -4.44757e+05
    Temperature Pressure (bar)   Constr. rmsd
    2.99967e+02   -3.78777e+02    2.90320e-06

           Step           Time
          24500       49.00000

   Energies (kJ/mol)
           Bond            U-B    Proper Dih.  Improper Dih.      CMAP Dih.
    1.98977e+03    5.21656e+03    5.88684e+03    3.32863e+02   -3.42437e+02
          LJ-14     Coulomb-14        LJ (SR)   Coulomb (SR)   Coul. recip.
    1.66795e+03    3.21400e+04    8.14688e+04   -6.28612e+05    1.82821e+03
 Position Rest.      Potential    Kinetic En.   Total Energy  Conserved En.
    6.18783e+02   -4.97805e+05    9.60250e+04   -4.01780e+05   -4.44740e+05
    Temperature Pressure (bar)   Constr. rmsd
    3.01096e+02   -1.02020e+02    2.74731e-06

           Step           Time
          25000       50.00000

   Energies (kJ/mol)
           Bond            U-B    Proper Dih.  Improper Dih.      CMAP Dih.
    1.71890e+03    5.13699e+03    5.80637e+03    3.08576e+02   -3.96039e+02
          LJ-14     Coulomb-14        LJ (SR)   Coulomb (SR)   Coul. recip.
    1.60516e+03    3.24293e+04    8.12680e+04   -6.28077e+05    1.79554e+03
 Position Rest.      Potential    Kinetic En.   Total Energy  Conserved En.
    5.95520e+02   -4.97809e+05    9.55227e+04   -4.02286e+05   -4.44756e+05
    Temperature Pressure (bar)   Constr. rmsd
    2.99521e+02   -2.15415e+02    2.87195e-06

           Step           Time
          25500       51.00000

   Energies (kJ/mol)
           Bond            U-B    Proper Dih.  Improper Dih.      CMAP Dih.
    1.90348e+03    5.26432e+03    5.77300e+03    2.95076e+02   -3.76541e+02
          LJ-14     Coulomb-14        LJ (SR)   Coulomb (SR)   Coul. recip.
    1.65564e+03    3.21856e+04    7.89006e+04   -6.26104e+05    1.83080e+03
 Position Rest.      Potential    Kinetic En.   Total Energy  Conserved En.
    7.01560e+02   -4.97971e+05    9.54195e+04   -4.02551e+05   -4.44759e+05
    Temperature Pressure (bar)   Constr. rmsd
    2.99198e+02   -4.67768e+02    2.59024e-06

DD  step 25999  vol min/aver 0.803  load imb.: force  2.0%  pme mesh/force 0.695

           Step           Time
          26000       52.00000

   Energies (kJ/mol)
           Bond            U-B    Proper Dih.  Improper Dih.      CMAP Dih.
    1.84504e+03    5.24248e+03    5.79601e+03    3.28232e+02   -3.71348e+02
          LJ-14     Coulomb-14        LJ (SR)   Coulomb (SR)   Coul. recip.
    1.62483e+03    3.23291e+04    7.97284e+04   -6.26945e+05    1.88452e+03
 Position Rest.      Potential    Kinetic En.   Total Energy  Conserved En.
    6.19409e+02   -4.97918e+05    9.57508e+04   -4.02167e+05   -4.44757e+05
    Temperature Pressure (bar)   Constr. rmsd
    3.00237e+02   -2.57096e+01    2.77221e-06

           Step           Time
          26500       53.00000

   Energies (kJ/mol)
           Bond            U-B    Proper Dih.  Improper Dih.      CMAP Dih.
    1.77152e+03    5.15609e+03    5.82233e+03    2.76020e+02   -3.55710e+02
          LJ-14     Coulomb-14        LJ (SR)   Coulomb (SR)   Coul. recip.
    1.63077e+03    3.22942e+04    7.92761e+04   -6.27377e+05    1.87671e+03
 Position Rest.      Potential    Kinetic En.   Total Energy  Conserved En.
    6.46951e+02   -4.98982e+05    9.53111e+04   -4.03671e+05   -4.44767e+05
    Temperature Pressure (bar)   Constr. rmsd
    2.98858e+02   -1.40351e+02    2.80913e-06

           Step           Time
          27000       54.00000

   Energies (kJ/mol)
           Bond            U-B    Proper Dih.  Improper Dih.      CMAP Dih.
    1.82138e+03    5.31170e+03    5.77002e+03    3.46559e+02   -3.61849e+02
          LJ-14     Coulomb-14        LJ (SR)   Coulomb (SR)   Coul. recip.
    1.63782e+03    3.21266e+04    7.89100e+04   -6.26007e+05    1.87652e+03
 Position Rest.      Potential    Kinetic En.   Total Energy  Conserved En.
    6.23347e+02   -4.97945e+05    9.52571e+04   -4.02688e+05   -4.44761e+05
    Temperature Pressure (bar)   Constr. rmsd
    2.98688e+02   -1.90219e+01    3.36097e-06

           Step           Time
          27500       55.00000

   Energies (kJ/mol)
           Bond            U-B    Proper Dih.  Improper Dih.      CMAP Dih.
    1.81681e+03    5.32194e+03    5.85095e+03    3.18639e+02   -3.48814e+02
          LJ-14     Coulomb-14        LJ (SR)   Coulomb (SR)   Coul. recip.
    1.66188e+03    3.22512e+04    7.99744e+04   -6.26178e+05    1.83373e+03
 Position Rest.      Potential    Kinetic En.   Total Energy  Conserved En.
    6.27165e+02   -4.96871e+05    9.58385e+04   -4.01032e+05   -4.44748e+05
    Temperature Pressure (bar)   Constr. rmsd
    3.00512e+02   -9.70352e+01    3.15961e-06

DD  step 27999  vol min/aver 0.809  load imb.: force  2.0%  pme mesh/force 0.697

           Step           Time
          28000       56.00000

   Energies (kJ/mol)
           Bond            U-B    Proper Dih.  Improper Dih.      CMAP Dih.
    1.72396e+03    5.27227e+03    5.94607e+03    2.64550e+02   -4.05611e+02
          LJ-14     Coulomb-14        LJ (SR)   Coulomb (SR)   Coul. recip.
    1.58864e+03    3.23952e+04    7.95931e+04   -6.26058e+05    1.79801e+03
 Position Rest.      Potential    Kinetic En.   Total Energy  Conserved En.
    5.77864e+02   -4.97304e+05    9.56574e+04   -4.01647e+05   -4.44748e+05
    Temperature Pressure (bar)   Constr. rmsd
    2.99944e+02   -1.74918e+02    2.79610e-06

           Step           Time
          28500       57.00000

   Energies (kJ/mol)
           Bond            U-B    Proper Dih.  Improper Dih.      CMAP Dih.
    1.81547e+03    5.32529e+03    5.78711e+03    3.04474e+02   -3.69508e+02
          LJ-14     Coulomb-14        LJ (SR)   Coulomb (SR)   Coul. recip.
    1.59877e+03    3.23378e+04    7.89529e+04   -6.25148e+05    1.89096e+03
 Position Rest.      Potential    Kinetic En.   Total Energy  Conserved En.
    6.42059e+02   -4.96863e+05    9.54311e+04   -4.01432e+05   -4.44754e+05
    Temperature Pressure (bar)   Constr. rmsd
    2.99234e+02   -3.11137e+02    2.79435e-06

           Step           Time
          29000       58.00000

   Energies (kJ/mol)
           Bond            U-B    Proper Dih.  Improper Dih.      CMAP Dih.
    1.80368e+03    5.14208e+03    5.79873e+03    2.82751e+02   -3.20544e+02
          LJ-14     Coulomb-14        LJ (SR)   Coulomb (SR)   Coul. recip.
    1.64064e+03    3.25196e+04    7.97169e+04   -6.26909e+05    1.82303e+03
 Position Rest.      Potential    Kinetic En.   Total Energy  Conserved En.
    6.00706e+02   -4.97901e+05    9.59353e+04   -4.01966e+05   -4.44755e+05
    Temperature Pressure (bar)   Constr. rmsd
    3.00815e+02   -2.97198e+02    3.01214e-06

           Step           Time
          29500       59.00000

   Energies (kJ/mol)
           Bond            U-B    Proper Dih.  Improper Dih.      CMAP Dih.
    1.79959e+03    5.28732e+03    5.90795e+03    2.87218e+02   -3.89903e+02
          LJ-14     Coulomb-14        LJ (SR)   Coulomb (SR)   Coul. recip.
    1.64415e+03    3.23009e+04    7.92194e+04   -6.25850e+05    1.88634e+03
 Position Rest.      Potential    Kinetic En.   Total Energy  Conserved En.
    5.93331e+02   -4.97313e+05    9.55400e+04   -4.01774e+05   -4.44723e+05
    Temperature Pressure (bar)   Constr. rmsd
    2.99576e+02   -3.80253e+02    2.62318e-06

DD  step 29999  vol min/aver 0.807  load imb.: force  3.5%  pme mesh/force 0.662

           Step           Time
          30000       60.00000

   Energies (kJ/mol)
           Bond            U-B    Proper Dih.  Improper Dih.      CMAP Dih.
    1.86044e+03    5.27513e+03    5.81710e+03    3.35528e+02   -3.82649e+02
          LJ-14     Coulomb-14        LJ (SR)   Coulomb (SR)   Coul. recip.
    1.62510e+03    3.25122e+04    7.96392e+04   -6.26100e+05    1.78949e+03
 Position Rest.      Potential    Kinetic En.   Total Energy  Conserved En.
    5.58370e+02   -4.97070e+05    9.69059e+04   -4.00164e+05   -4.44746e+05
    Temperature Pressure (bar)   Constr. rmsd
    3.03859e+02   -8.52465e+01    2.95309e-06

           Step           Time
          30500       61.00000

   Energies (kJ/mol)
           Bond            U-B    Proper Dih.  Improper Dih.      CMAP Dih.
    1.99720e+03    5.16732e+03    5.85558e+03    3.56476e+02   -3.64809e+02
          LJ-14     Coulomb-14        LJ (SR)   Coulomb (SR)   Coul. recip.
    1.60014e+03    3.23522e+04    8.12897e+04   -6.28331e+05    1.86669e+03
 Position Rest.      Potential    Kinetic En.   Total Energy  Conserved En.
    5.91360e+02   -4.97619e+05    9.58735e+04   -4.01746e+05   -4.44740e+05
    Temperature Pressure (bar)   Constr. rmsd
    3.00621e+02    1.38379e+02    2.63478e-06

           Step           Time
          31000       62.00000

   Energies (kJ/mol)
           Bond            U-B    Proper Dih.  Improper Dih.      CMAP Dih.
    1.67756e+03    5.17769e+03    5.77041e+03    2.96096e+02   -3.73111e+02
          LJ-14     Coulomb-14        LJ (SR)   Coulomb (SR)   Coul. recip.
    1.71708e+03    3.23667e+04    8.12207e+04   -6.28361e+05    1.88934e+03
 Position Rest.      Potential    Kinetic En.   Total Energy  Conserved En.
    5.72007e+02   -4.98046e+05    9.48558e+04   -4.03190e+05   -4.44730e+05
    Temperature Pressure (bar)   Constr. rmsd
    2.97430e+02   -1.75982e+02    2.78868e-06

           Step           Time
          31500       63.00000

   Energies (kJ/mol)
           Bond            U-B    Proper Dih.  Improper Dih.      CMAP Dih.
    1.93541e+03    5.21295e+03    5.83708e+03    2.71186e+02   -3.93338e+02
          LJ-14     Coulomb-14        LJ (SR)   Coulomb (SR)   Coul. recip.
    1.66256e+03    3.22720e+04    8.08060e+04   -6.27524e+05    1.84774e+03
 Position Rest.      Potential    Kinetic En.   Total Energy  Conserved En.
    6.20611e+02   -4.97452e+05    9.52632e+04   -4.02189e+05   -4.44705e+05
    Temperature Pressure (bar)   Constr. rmsd
    2.98708e+02   -4.09614e+01    3.02481e-06

DD  step 31999  vol min/aver 0.797  load imb.: force  3.2%  pme mesh/force 0.664

           Step           Time
          32000       64.00000

   Energies (kJ/mol)
           Bond            U-B    Proper Dih.  Improper Dih.      CMAP Dih.
    1.85115e+03    5.31837e+03    5.77539e+03    2.77417e+02   -3.55969e+02
          LJ-14     Coulomb-14        LJ (SR)   Coulomb (SR)   Coul. recip.
    1.57255e+03    3.24055e+04    8.08279e+04   -6.29171e+05    1.85542e+03
 Position Rest.      Potential    Kinetic En.   Total Energy  Conserved En.
    5.89700e+02   -4.99054e+05    9.59230e+04   -4.03131e+05   -4.44716e+05
    Temperature Pressure (bar)   Constr. rmsd
    3.00776e+02    1.92650e+01    2.71166e-06

           Step           Time
          32500       65.00000

   Energies (kJ/mol)
           Bond            U-B    Proper Dih.  Improper Dih.      CMAP Dih.
    1.87060e+03    5.17803e+03    5.82006e+03    3.21125e+02   -3.57335e+02
          LJ-14     Coulomb-14        LJ (SR)   Coulomb (SR)   Coul. recip.
    1.73180e+03    3.23715e+04    8.06425e+04   -6.28410e+05    1.82683e+03
 Position Rest.      Potential    Kinetic En.   Total Energy  Conserved En.
    6.21378e+02   -4.98384e+05    9.62534e+04   -4.02130e+05   -4.44732e+05
    Temperature Pressure (bar)   Constr. rmsd
    3.01812e+02    8.54900e+01    3.07201e-06

           Step           Time
          33000       66.00000

   Energies (kJ/mol)
           Bond            U-B    Proper Dih.  Improper Dih.      CMAP Dih.
    1.81712e+03    5.55275e+03    5.75048e+03    2.98053e+02   -3.64141e+02
          LJ-14     Coulomb-14        LJ (SR)   Coulomb (SR)   Coul. recip.
    1.65995e+03    3.23271e+04    7.92048e+04   -6.26946e+05    1.78546e+03
 Position Rest.      Potential    Kinetic En.   Total Energy  Conserved En.
    5.81152e+02   -4.98333e+05    9.61070e+04   -4.02226e+05   -4.44704e+05
    Temperature Pressure (bar)   Constr. rmsd
    3.01353e+02   -1.80177e+02    2.82500e-06

           Step           Time
          33500       67.00000

   Energies (kJ/mol)
           Bond            U-B    Proper Dih.  Improper Dih.      CMAP Dih.
    1.88213e+03    5.11102e+03    5.83200e+03    2.49030e+02   -3.34952e+02
          LJ-14     Coulomb-14        LJ (SR)   Coulomb (SR)   Coul. recip.
    1.59237e+03    3.22745e+04    7.98608e+04   -6.26490e+05    1.81529e+03
 Position Rest.      Potential    Kinetic En.   Total Energy  Conserved En.
    5.69598e+02   -4.97638e+05    9.47198e+04   -4.02919e+05   -4.44720e+05
    Temperature Pressure (bar)   Constr. rmsd
    2.97004e+02   -1.82603e+02    2.88169e-06

DD  step 33999  vol min/aver 0.810  load imb.: force  1.9%  pme mesh/force 0.655

           Step           Time
          34000       68.00000

   Energies (kJ/mol)
           Bond            U-B    Proper Dih.  Improper Dih.      CMAP Dih.
    1.90826e+03    5.26740e+03    5.88577e+03    2.80636e+02   -4.00593e+02
          LJ-14     Coulomb-14        LJ (SR)   Coulomb (SR)   Coul. recip.
    1.61539e+03    3.21437e+04    8.06055e+04   -6.27624e+05    1.80102e+03
 Position Rest.      Potential    Kinetic En.   Total Energy  Conserved En.
    6.22805e+02   -4.97894e+05    9.53122e+04   -4.02582e+05   -4.44692e+05
    Temperature Pressure (bar)   Constr. rmsd
    2.98861e+02   -1.74713e+02    2.80531e-06

           Step           Time
          34500       69.00000

   Energies (kJ/mol)
           Bond            U-B    Proper Dih.  Improper Dih.      CMAP Dih.
    1.93315e+03    5.35567e+03    5.89259e+03    3.33503e+02   -3.82169e+02
          LJ-14     Coulomb-14        LJ (SR)   Coulomb (SR)   Coul. recip.
    1.61614e+03    3.22262e+04    7.96052e+04   -6.25522e+05    1.88073e+03
 Position Rest.      Potential    Kinetic En.   Total Energy  Conserved En.
    6.10188e+02   -4.96451e+05    9.50432e+04   -4.01408e+05   -4.44714e+05
    Temperature Pressure (bar)   Constr. rmsd
    2.98018e+02   -2.24011e+02    3.02889e-06

           Step           Time
          35000       70.00000

   Energies (kJ/mol)
           Bond            U-B    Proper Dih.  Improper Dih.      CMAP Dih.
    1.81041e+03    5.16714e+03    5.76777e+03    2.71646e+02   -3.20591e+02
          LJ-14     Coulomb-14        LJ (SR)   Coulomb (SR)   Coul. recip.
    1.60984e+03    3.22185e+04    8.11484e+04   -6.28891e+05    1.83383e+03
 Position Rest.      Potential    Kinetic En.   Total Energy  Conserved En.
    6.03211e+02   -4.98781e+05    9.57531e+04   -4.03028e+05   -4.44723e+05
    Temperature Pressure (bar)   Constr. rmsd
    3.00244e+02    2.79209e+01    2.94150e-06

           Step           Time
          35500       71.00000

   Energies (kJ/mol)
           Bond            U-B    Proper Dih.  Improper Dih.      CMAP Dih.
    1.82083e+03    5.19325e+03    5.85303e+03    3.18095e+02   -4.05541e+02
          LJ-14     Coulomb-14        LJ (SR)   Coulomb (SR)   Coul. recip.
    1.56387e+03    3.23198e+04    8.06336e+04   -6.27949e+05    1.80127e+03
 Position Rest.      Potential    Kinetic En.   Total Energy  Conserved En.
    5.87459e+02   -4.98264e+05    9.48439e+04   -4.03420e+05   -4.44709e+05
    Temperature Pressure (bar)   Constr. rmsd
    2.97393e+02   -2.01168e+02    2.78176e-06

DD  step 35999  vol min/aver 0.792  load imb.: force  2.6%  pme mesh/force 0.670

           Step           Time
          36000       72.00000

   Energies (kJ/mol)
           Bond            U-B    Proper Dih.  Improper Dih.      CMAP Dih.
    1.76398e+03    5.42356e+03    5.74877e+03    3.40247e+02   -3.59392e+02
          LJ-14     Coulomb-14        LJ (SR)   Coulomb (SR)   Coul. recip.
    1.63097e+03    3.23267e+04    8.08095e+04   -6.26786e+05    1.82111e+03
 Position Rest.      Potential    Kinetic En.   Total Energy  Conserved En.
    6.11480e+02   -4.96669e+05    9.56856e+04   -4.00983e+05   -4.44703e+05
    Temperature Pressure (bar)   Constr. rmsd
    3.00032e+02    1.53683e+02    2.81096e-06

           Step           Time
          36500       73.00000

   Energies (kJ/mol)
           Bond            U-B    Proper Dih.  Improper Dih.      CMAP Dih.
    1.95266e+03    5.50094e+03    5.83041e+03    2.91736e+02   -3.28035e+02
          LJ-14     Coulomb-14        LJ (SR)   Coulomb (SR)   Coul. recip.
    1.65991e+03    3.21784e+04    7.95712e+04   -6.26059e+05    1.75094e+03
 Position Rest.      Potential    Kinetic En.   Total Energy  Conserved En.
    5.56695e+02   -4.97094e+05    9.62245e+04   -4.00870e+05   -4.44690e+05
    Temperature Pressure (bar)   Constr. rmsd
    3.01722e+02   -5.94971e+01    2.91037e-06

           Step           Time
          37000       74.00000

   Energies (kJ/mol)
           Bond            U-B    Proper Dih.  Improper Dih.      CMAP Dih.
    1.92375e+03    5.10927e+03    5.82625e+03    3.18945e+02   -3.66902e+02
          LJ-14     Coulomb-14        LJ (SR)   Coulomb (SR)   Coul. recip.
    1.63673e+03    3.24118e+04    7.94541e+04   -6.25938e+05    1.83675e+03
 Position Rest.      Potential    Kinetic En.   Total Energy  Conserved En.
    5.72368e+02   -4.97215e+05    9.59318e+04   -4.01283e+05   -4.44678e+05
    Temperature Pressure (bar)   Constr. rmsd
    3.00804e+02   -1.79560e+02    2.64568e-06

           Step           Time
          37500       75.00000

   Energies (kJ/mol)
           Bond            U-B    Proper Dih.  Improper Dih.      CMAP Dih.
    1.89984e+03    5.34457e+03    5.79499e+03    3.34450e+02   -3.66052e+02
          LJ-14     Coulomb-14        LJ (SR)   Coulomb (SR)   Coul. recip.
    1.61329e+03    3.24412e+04    7.98024e+04   -6.27250e+05    1.81291e+03
 Position Rest.      Potential    Kinetic En.   Total Energy  Conserved En.
    5.99673e+02   -4.97972e+05    9.59716e+04   -4.02001e+05   -4.44692e+05
    Temperature Pressure (bar)   Constr. rmsd
    3.00929e+02   -1.57749e+02    2.77605e-06

DD  step 37999  vol min/aver 0.811  load imb.: force  2.3%  pme mesh/force 0.675

           Step           Time
          38000       76.00000

   Energies (kJ/mol)
           Bond            U-B    Proper Dih.  Improper Dih.      CMAP Dih.
    1.91956e+03    5.37856e+03    5.79804e+03    2.83918e+02   -3.28553e+02
          LJ-14     Coulomb-14        LJ (SR)   Coulomb (SR)   Coul. recip.
    1.63978e+03    3.24027e+04    7.87582e+04   -6.25379e+05    1.84758e+03
 Position Rest.      Potential    Kinetic En.   Total Energy  Conserved En.
    6.08571e+02   -4.97071e+05    9.52279e+04   -4.01843e+05   -4.44686e+05
    Temperature Pressure (bar)   Constr. rmsd
    2.98597e+02   -5.52452e+02    2.73342e-06

           Step           Time
          38500       77.00000

   Energies (kJ/mol)
           Bond            U-B    Proper Dih.  Improper Dih.      CMAP Dih.
    1.80442e+03    5.34741e+03    5.87087e+03    3.37795e+02   -3.89701e+02
          LJ-14     Coulomb-14        LJ (SR)   Coulomb (SR)   Coul. recip.
    1.67461e+03    3.23630e+04    7.83723e+04   -6.25142e+05    1.82449e+03
 Position Rest.      Potential    Kinetic En.   Total Energy  Conserved En.
    5.66140e+02   -4.97371e+05    9.63501e+04   -4.01021e+05   -4.44692e+05
    Temperature Pressure (bar)   Constr. rmsd
    3.02116e+02   -2.94156e+02    2.84222e-06

           Step           Time
          39000       78.00000

   Energies (kJ/mol)
           Bond            U-B    Proper Dih.  Improper Dih.      CMAP Dih.
    1.92837e+03    5.28470e+03    5.83041e+03    3.31231e+02   -3.40512e+02
          LJ-14     Coulomb-14        LJ (SR)   Coulomb (SR)   Coul. recip.
    1.61465e+03    3.21702e+04    8.05139e+04   -6.27070e+05    1.85190e+03
 Position Rest.      Potential    Kinetic En.   Total Energy  Conserved En.
    6.59547e+02   -4.97225e+05    9.49246e+04   -4.02301e+05   -4.44675e+05
    Temperature Pressure (bar)   Constr. rmsd
    2.97646e+02    1.63446e+02    2.65010e-06

           Step           Time
          39500       79.00000

   Energies (kJ/mol)
           Bond            U-B    Proper Dih.  Improper Dih.      CMAP Dih.
    1.79647e+03    5.11652e+03    5.84607e+03    3.12990e+02   -4.35070e+02
          LJ-14     Coulomb-14        LJ (SR)   Coulomb (SR)   Coul. recip.
    1.69832e+03    3.23875e+04    8.01376e+04   -6.27205e+05    1.79189e+03
 Position Rest.      Potential    Kinetic En.   Total Energy  Conserved En.
    5.70075e+02   -4.97983e+05    9.49888e+04   -4.02994e+05   -4.44682e+05
    Temperature Pressure (bar)   Constr. rmsd
    2.97847e+02   -3.40827e+02    2.77644e-06

DD  step 39999  vol min/aver 0.783  load imb.: force  2.1%  pme mesh/force 0.670

           Step           Time
          40000       80.00000

   Energies (kJ/mol)
           Bond            U-B    Proper Dih.  Improper Dih.      CMAP Dih.
    1.91570e+03    5.18740e+03    5.81646e+03    2.65772e+02   -3.99197e+02
          LJ-14     Coulomb-14        LJ (SR)   Coulomb (SR)   Coul. recip.
    1.61402e+03    3.25102e+04    7.95206e+04   -6.25597e+05    1.81881e+03
 Position Rest.      Potential    Kinetic En.   Total Energy  Conserved En.
    6.11017e+02   -4.96736e+05    9.52145e+04   -4.01521e+05   -4.44688e+05
    Temperature Pressure (bar)   Constr. rmsd
    2.98555e+02   -5.66485e+02    2.89985e-06

           Step           Time
          40500       81.00000

   Energies (kJ/mol)
           Bond            U-B    Proper Dih.  Improper Dih.      CMAP Dih.
    1.94311e+03    5.34208e+03    5.86026e+03    3.06937e+02   -3.67807e+02
          LJ-14     Coulomb-14        LJ (SR)   Coulomb (SR)   Coul. recip.
    1.65018e+03    3.21805e+04    8.06180e+04   -6.25877e+05    1.85962e+03
 Position Rest.      Potential    Kinetic En.   Total Energy  Conserved En.
    7.54294e+02   -4.95730e+05    9.50097e+04   -4.00720e+05   -4.44668e+05
    Temperature Pressure (bar)   Constr. rmsd
    2.97913e+02   -7.13694e+01    2.78650e-06

           Step           Time
          41000       82.00000

   Energies (kJ/mol)
           Bond            U-B    Proper Dih.  Improper Dih.      CMAP Dih.
    1.85494e+03    5.29494e+03    5.82271e+03    2.84946e+02   -3.67860e+02
          LJ-14     Coulomb-14        LJ (SR)   Coulomb (SR)   Coul. recip.
    1.67175e+03    3.22676e+04    8.04005e+04   -6.26446e+05    1.75798e+03
 Position Rest.      Potential    Kinetic En.   Total Energy  Conserved En.
    6.37359e+02   -4.96821e+05    9.55390e+04   -4.01282e+05   -4.44671e+05
    Temperature Pressure (bar)   Constr. rmsd
    2.99572e+02    2.93542e+02    3.08843e-06

           Step           Time
          41500       83.00000

   Energies (kJ/mol)
           Bond            U-B    Proper Dih.  Improper Dih.      CMAP Dih.
    1.73386e+03    5.38209e+03    5.82926e+03    3.11517e+02   -4.03474e+02
          LJ-14     Coulomb-14        LJ (SR)   Coulomb (SR)   Coul. recip.
    1.68440e+03    3.24483e+04    7.98314e+04   -6.26877e+05    1.79998e+03
 Position Rest.      Potential    Kinetic En.   Total Energy  Conserved En.
    6.34104e+02   -4.97625e+05    9.56522e+04   -4.01973e+05   -4.44671e+05
    Temperature Pressure (bar)   Constr. rmsd
    2.99927e+02   -3.04513e+02    2.86350e-06

DD  step 41999  vol min/aver 0.789  load imb.: force  2.1%  pme mesh/force 0.673

           Step           Time
          42000       84.00000

   Energies (kJ/mol)
           Bond            U-B    Proper Dih.  Improper Dih.      CMAP Dih.
    1.82291e+03    5.17513e+03    5.86585e+03    3.58651e+02   -3.85447e+02
          LJ-14     Coulomb-14        LJ (SR)   Coulomb (SR)   Coul. recip.
    1.66443e+03    3.23557e+04    8.02807e+04   -6.27397e+05    1.88162e+03
 Position Rest.      Potential    Kinetic En.   Total Energy  Conserved En.
    6.32540e+02   -4.97745e+05    9.55547e+04   -4.02191e+05   -4.44668e+05
    Temperature Pressure (bar)   Constr. rmsd
    2.99622e+02   -6.64917e+02    3.11453e-06

           Step           Time
          42500       85.00000

   Energies (kJ/mol)
           Bond            U-B    Proper Dih.  Improper Dih.      CMAP Dih.
    1.87163e+03    5.25184e+03    5.86215e+03    3.51061e+02   -3.89617e+02
          LJ-14     Coulomb-14        LJ (SR)   Coulomb (SR)   Coul. recip.
    1.60118e+03    3.26360e+04    8.00616e+04   -6.26145e+05    1.83346e+03
 Position Rest.      Potential    Kinetic En.   Total Energy  Conserved En.
    5.80635e+02   -4.96485e+05    9.62576e+04   -4.00227e+05   -4.44682e+05
    Temperature Pressure (bar)   Constr. rmsd
    3.01826e+02   -9.13459e+01    2.60193e-06

           Step           Time
          43000       86.00000

   Energies (kJ/mol)
           Bond            U-B    Proper Dih.  Improper Dih.      CMAP Dih.
    1.98033e+03    5.32360e+03    5.81190e+03    3.02384e+02   -3.92388e+02
          LJ-14     Coulomb-14        LJ (SR)   Coulomb (SR)   Coul. recip.
    1.59829e+03    3.23256e+04    8.01317e+04   -6.26795e+05    1.81561e+03
 Position Rest.      Potential    Kinetic En.   Total Energy  Conserved En.
    5.83911e+02   -4.97314e+05    9.58559e+04   -4.01458e+05   -4.44672e+05
    Temperature Pressure (bar)   Constr. rmsd
    3.00566e+02   -3.15401e+02    2.79107e-06

           Step           Time
          43500       87.00000

   Energies (kJ/mol)
           Bond            U-B    Proper Dih.  Improper Dih.      CMAP Dih.
    1.80375e+03    5.41906e+03    5.88916e+03    3.12842e+02   -4.14837e+02
          LJ-14     Coulomb-14        LJ (SR)   Coulomb (SR)   Coul. recip.
    1.65295e+03    3.22466e+04    8.07649e+04   -6.27189e+05    1.77885e+03
 Position Rest.      Potential    Kinetic En.   Total Energy  Conserved En.
    6.17115e+02   -4.97119e+05    9.68583e+04   -4.00261e+05   -4.44694e+05
    Temperature Pressure (bar)   Constr. rmsd
    3.03709e+02   -3.08217e+01    2.88383e-06

DD  step 43999  vol min/aver 0.795  load imb.: force  1.9%  pme mesh/force 0.677

           Step           Time
          44000       88.00000

   Energies (kJ/mol)
           Bond            U-B    Proper Dih.  Improper Dih.      CMAP Dih.
    1.81234e+03    5.33155e+03    5.87272e+03    3.24403e+02   -3.50837e+02
          LJ-14     Coulomb-14        LJ (SR)   Coulomb (SR)   Coul. recip.
    1.63804e+03    3.22741e+04    8.01084e+04   -6.26191e+05    1.83513e+03
 Position Rest.      Potential    Kinetic En.   Total Energy  Conserved En.
    6.37461e+02   -4.96708e+05    9.51790e+04   -4.01529e+05   -4.44663e+05
    Temperature Pressure (bar)   Constr. rmsd
    2.98444e+02   -8.51941e+01    3.00644e-06

           Step           Time
          44500       89.00000

   Energies (kJ/mol)
           Bond            U-B    Proper Dih.  Improper Dih.      CMAP Dih.
    1.92138e+03    5.17525e+03    5.82292e+03    3.15366e+02   -3.55269e+02
          LJ-14     Coulomb-14        LJ (SR)   Coulomb (SR)   Coul. recip.
    1.63643e+03    3.21298e+04    8.02757e+04   -6.27105e+05    1.85845e+03
 Position Rest.      Potential    Kinetic En.   Total Energy  Conserved En.
    6.08130e+02   -4.97717e+05    9.51531e+04   -4.02564e+05   -4.44658e+05
    Temperature Pressure (bar)   Constr. rmsd
    2.98362e+02    4.80699e+00    2.74963e-06

           Step           Time
          45000       90.00000

   Energies (kJ/mol)
           Bond            U-B    Proper Dih.  Improper Dih.      CMAP Dih.
    1.93303e+03    5.17521e+03    5.75170e+03    3.09301e+02   -3.68605e+02
          LJ-14     Coulomb-14        LJ (SR)   Coulomb (SR)   Coul. recip.
    1.57855e+03    3.23695e+04    8.00546e+04   -6.28331e+05    1.85387e+03
 Position Rest.      Potential    Kinetic En.   Total Energy  Conserved En.
    6.40724e+02   -4.99033e+05    9.64054e+04   -4.02628e+05   -4.44666e+05
    Temperature Pressure (bar)   Constr. rmsd
    3.02289e+02   -3.07252e+02    2.82751e-06

           Step           Time
          45500       91.00000

   Energies (kJ/mol)
           Bond            U-B    Proper Dih.  Improper Dih.      CMAP Dih.
    1.82671e+03    5.27072e+03    5.85629e+03    2.63780e+02   -3.58327e+02
          LJ-14     Coulomb-14        LJ (SR)   Coulomb (SR)   Coul. recip.
    1.69800e+03    3.22489e+04    8.06116e+04   -6.27848e+05    1.86383e+03
 Position Rest.      Potential    Kinetic En.   Total Energy  Conserved En.
    5.85696e+02   -4.97981e+05    9.54795e+04   -4.02502e+05   -4.44637e+05
    Temperature Pressure (bar)   Constr. rmsd
    2.99386e+02   -1.15218e+02    2.95407e-06

DD  step 45999  vol min/aver 0.801  load imb.: force  3.0%  pme mesh/force 0.676

           Step           Time
          46000       92.00000

   Energies (kJ/mol)
           Bond            U-B    Proper Dih.  Improper Dih.      CMAP Dih.
    1.93690e+03    5.33701e+03    5.91073e+03    2.86969e+02   -4.33835e+02
          LJ-14     Coulomb-14        LJ (SR)   Coulomb (SR)   Coul. recip.
    1.59354e+03    3.23179e+04    8.00366e+04   -6.26790e+05    1.78906e+03
 Position Rest.      Potential    Kinetic En.   Total Energy  Conserved En.
    5.97807e+02   -4.97417e+05    9.61008e+04   -4.01316e+05   -4.44635e+05
    Temperature Pressure (bar)   Constr. rmsd
    3.01334e+02   -7.05414e+01    2.76440e-06

           Step           Time
          46500       93.00000

   Energies (kJ/mol)
           Bond            U-B    Proper Dih.  Improper Dih.      CMAP Dih.
    1.90454e+03    5.36563e+03    5.87575e+03    2.77603e+02   -3.86397e+02
          LJ-14     Coulomb-14        LJ (SR)   Coulomb (SR)   Coul. recip.
    1.64544e+03    3.22625e+04    7.85332e+04   -6.24069e+05    1.78667e+03
 Position Rest.      Potential    Kinetic En.   Total Energy  Conserved En.
    6.33632e+02   -4.96171e+05    9.52527e+04   -4.00918e+05   -4.44632e+05
    Temperature Pressure (bar)   Constr. rmsd
    2.98675e+02   -6.76396e+02    2.88636e-06

           Step           Time
          47000       94.00000

   Energies (kJ/mol)
           Bond            U-B    Proper Dih.  Improper Dih.      CMAP Dih.
    1.83332e+03    5.16217e+03    5.85499e+03    3.10437e+02   -3.93323e+02
          LJ-14     Coulomb-14        LJ (SR)   Coulomb (SR)   Coul. recip.
    1.64564e+03    3.24297e+04    7.94652e+04   -6.26615e+05    1.79029e+03
 Position Rest.      Potential    Kinetic En.   Total Energy  Conserved En.
    6.00320e+02   -4.97917e+05    9.58527e+04   -4.02064e+05   -4.44638e+05
    Temperature Pressure (bar)   Constr. rmsd
    3.00556e+02   -1.11797e+02    2.83695e-06

           Step           Time
          47500       95.00000

   Energies (kJ/mol)
           Bond            U-B    Proper Dih.  Improper Dih.      CMAP Dih.
    1.83972e+03    5.16415e+03    5.90195e+03    2.91373e+02   -3.49596e+02
          LJ-14     Coulomb-14        LJ (SR)   Coulomb (SR)   Coul. recip.
    1.66625e+03    3.24557e+04    7.93345e+04   -6.25581e+05    1.79627e+03
 Position Rest.      Potential    Kinetic En.   Total Energy  Conserved En.
    7.07918e+02   -4.96773e+05    9.57642e+04   -4.01009e+05   -4.44624e+05
    Temperature Pressure (bar)   Constr. rmsd
    3.00279e+02    1.50187e+01    2.98933e-06

DD  step 47999  vol min/aver 0.789  load imb.: force  1.9%  pme mesh/force 0.671

           Step           Time
          48000       96.00000

   Energies (kJ/mol)
           Bond            U-B    Proper Dih.  Improper Dih.      CMAP Dih.
    1.87233e+03    5.34486e+03    5.87199e+03    3.34969e+02   -4.08186e+02
          LJ-14     Coulomb-14        LJ (SR)   Coulomb (SR)   Coul. recip.
    1.70278e+03    3.23003e+04    8.02055e+04   -6.26873e+05    1.82005e+03
 Position Rest.      Potential    Kinetic En.   Total Energy  Conserved En.
    6.90051e+02   -4.97139e+05    9.70772e+04   -4.00061e+05   -4.44634e+05
    Temperature Pressure (bar)   Constr. rmsd
    3.04396e+02    1.68660e+02    2.77836e-06

           Step           Time
          48500       97.00000

   Energies (kJ/mol)
           Bond            U-B    Proper Dih.  Improper Dih.      CMAP Dih.
    1.90045e+03    5.49642e+03    5.82293e+03    2.90989e+02   -3.63288e+02
          LJ-14     Coulomb-14        LJ (SR)   Coulomb (SR)   Coul. recip.
    1.71682e+03    3.23325e+04    8.04395e+04   -6.25847e+05    1.86392e+03
 Position Rest.      Potential    Kinetic En.   Total Energy  Conserved En.
    5.92648e+02   -4.95754e+05    9.68420e+04   -3.98912e+05   -4.44614e+05
    Temperature Pressure (bar)   Constr. rmsd
    3.03658e+02    1.05347e+02    3.21526e-06

           Step           Time
          49000       98.00000

   Energies (kJ/mol)
           Bond            U-B    Proper Dih.  Improper Dih.      CMAP Dih.
    1.92955e+03    5.18544e+03    5.85157e+03    3.55207e+02   -4.12075e+02
          LJ-14     Coulomb-14        LJ (SR)   Coulomb (SR)   Coul. recip.
    1.64119e+03    3.22931e+04    8.07763e+04   -6.26934e+05    1.85072e+03
 Position Rest.      Potential    Kinetic En.   Total Energy  Conserved En.
    6.34419e+02   -4.96828e+05    9.59651e+04   -4.00863e+05   -4.44625e+05
    Temperature Pressure (bar)   Constr. rmsd
    3.00909e+02   -3.77815e+01    3.06142e-06

           Step           Time
          49500       99.00000

   Energies (kJ/mol)
           Bond            U-B    Proper Dih.  Improper Dih.      CMAP Dih.
    1.81301e+03    5.19214e+03    5.94296e+03    3.09409e+02   -3.15035e+02
          LJ-14     Coulomb-14        LJ (SR)   Coulomb (SR)   Coul. recip.
    1.64363e+03    3.23924e+04    8.12139e+04   -6.27918e+05    1.82721e+03
 Position Rest.      Potential    Kinetic En.   Total Energy  Conserved En.
    5.57833e+02   -4.97341e+05    9.48916e+04   -4.02449e+05   -4.44613e+05
    Temperature Pressure (bar)   Constr. rmsd
    2.97542e+02   -8.64649e+01    3.08239e-06

DD  step 49999  vol min/aver 0.784  load imb.: force  1.6%  pme mesh/force 0.686

           Step           Time
          50000      100.00000

Writing checkpoint, step 50000 at Thu Sep 26 15:28:49 2024


   Energies (kJ/mol)
           Bond            U-B    Proper Dih.  Improper Dih.      CMAP Dih.
    1.97989e+03    5.17732e+03    5.84007e+03    2.87652e+02   -3.41436e+02
          LJ-14     Coulomb-14        LJ (SR)   Coulomb (SR)   Coul. recip.
    1.62593e+03    3.22856e+04    8.14910e+04   -6.28504e+05    1.86764e+03
 Position Rest.      Potential    Kinetic En.   Total Energy  Conserved En.
    6.08784e+02   -4.97681e+05    9.52888e+04   -4.02393e+05   -4.44610e+05
    Temperature Pressure (bar)   Constr. rmsd
    2.98788e+02   -1.94470e+01    2.83444e-06

	<======  ###############  ==>
	<====  A V E R A G E S  ====>
	<==  ###############  ======>

	Statistics over 50001 steps using 501 frames

   Energies (kJ/mol)
           Bond            U-B    Proper Dih.  Improper Dih.      CMAP Dih.
    1.85269e+03    5.25277e+03    5.82780e+03    3.05838e+02   -3.69704e+02
          LJ-14     Coulomb-14        LJ (SR)   Coulomb (SR)   Coul. recip.
    1.63934e+03    3.23448e+04    8.01158e+04   -6.26903e+05    1.83822e+03
 Position Rest.      Potential    Kinetic En.   Total Energy  Conserved En.
    6.16336e+02   -4.97479e+05    9.56428e+04   -4.01836e+05   -4.44772e+05
    Temperature Pressure (bar)   Constr. rmsd
    2.99898e+02   -1.64878e+02    0.00000e+00

   Total Virial (kJ/mol)
    3.39837e+04   -2.80329e+02   -1.75821e+02
   -2.81042e+02    3.37345e+04   -1.23890e+02
   -1.76334e+02   -1.23572e+02    3.37030e+04

   Pressure (bar)
   -1.81347e+02    2.39014e+01    1.59743e+01
    2.39624e+01   -1.60745e+02    1.20876e+01
    1.60183e+01    1.20604e+01   -1.52543e+02

 T-Protein_UNK1T-Water_and_ions
    2.99886e+02    2.99899e+02


	M E G A - F L O P S   A C C O U N T I N G

 NB=Group-cutoff nonbonded kernels    NxN=N-by-N cluster Verlet kernels
 RF=Reaction-Field  VdW=Van der Waals  QSTab=quadratic-spline table
 W3=SPC/TIP3p  W4=TIP4p (single or pairs)
 V&F=Potential and force  V=Potential only  F=Force only

 Computing:                               M-Number         M-Flops  % Flops
-----------------------------------------------------------------------------
 Pair Search distance check           13193.873732      118744.864     0.1
 NxN Ewald Elec. + LJ [F]            913794.465824    71275968.334    57.6
 NxN Ewald Elec. + LJ [V&F]            9248.723696     1193085.357     1.0
 NxN LJ [F]                              37.200256        1674.012     0.0
 NxN LJ [V&F]                             0.385664          25.068     0.0
 NxN Ewald Elec. [F]                 778390.563040    47481824.345    38.4
 NxN Ewald Elec. [V&F]                 7878.291920      661776.521     0.5
 1,4 nonbonded interactions             308.856177       27797.056     0.0
 Calc Weights                          5666.213322      203983.680     0.2
 Spread Q Bspline                    120879.217536      241758.435     0.2
 Gather F Bspline                    120879.217536      725275.305     0.6
 3D-FFT                              185299.305912     1482394.447     1.2
 Solve PME                              115.202304        7372.947     0.0
 Reset In Box                            23.646524          70.940     0.0
 CG-CoM                                  23.684298          71.053     0.0
 Bonds                                   59.651193        3519.420     0.0
 Propers                                303.606072       69525.790     0.1
 Impropers                               18.200364        3785.676     0.0
 Pos. Restr.                             58.151163        2907.558     0.0
 Virial                                  19.465854         350.385     0.0
 Stop-CM                                 18.962548         189.625     0.0
 Calc-Ekin                              188.945548        5101.530     0.0
 Lincs                                   66.608859        3996.532     0.0
 Lincs-Mat                              375.212040        1500.848     0.0
 Constraint-V                          2098.577782       16788.622     0.0
 Constraint-Vir                          20.360661         488.656     0.0
 Settle                                 655.133873      211608.241     0.2
 CMAP                                     7.400148       12580.252     0.0
 Urey-Bradley                           214.904298       39327.487     0.0
-----------------------------------------------------------------------------
 Total                                               123793492.986   100.0
-----------------------------------------------------------------------------


    D O M A I N   D E C O M P O S I T I O N   S T A T I S T I C S

 av. #atoms communicated per step for force:  2 x 91284.8
 av. #atoms communicated per step for LINCS:  2 x 4237.5


 Dynamic load balancing report:
 DLB was turned on during the run due to measured imbalance.
 Average load imbalance: 2.5%.
 The balanceable part of the MD step is 92%, load imbalance is computed from this.
 Part of the total run time spent waiting due to load imbalance: 2.3%.
 Steps where the load balancing was limited by -rdd, -rcon and/or -dds: X 0 % Y 0 % Z 0 %
 Average PME mesh/force load: 0.681
 Part of the total run time spent waiting due to PP/PME imbalance: 4.3 %


     R E A L   C Y C L E   A N D   T I M E   A C C O U N T I N G

On 24 MPI ranks doing PP, and
on 4 MPI ranks doing PME

 Computing:          Num   Num      Call    Wall time         Giga-Cycles
                     Ranks Threads  Count      (s)         total sum    %
-----------------------------------------------------------------------------
 Domain decomp.        24    1        626       0.818         47.067   0.5
 DD comm. load         24    1        625       0.002          0.143   0.0
 DD comm. bounds       24    1        624       0.016          0.919   0.0
 Send X to PME         24    1      50001       0.511         29.381   0.3
 Neighbor search       24    1        626       2.065        118.828   1.2
 Comm. coord.          24    1      49375       2.045        117.653   1.2
 Force                 24    1      50001     135.896       7818.522  76.6
 Wait + Comm. F        24    1      50001       5.694        327.568   3.2
 PME mesh *             4    1      50001      97.188        931.916   9.1
 PME wait for PP *                             54.783        525.303   5.1
 Wait + Recv. PME F    24    1      50001       0.382         21.961   0.2
 NB X/F buffer ops.    24    1     148751       1.288         74.129   0.7
 Write traj.           24    1        101       0.029          1.694   0.0
 Update                24    1      50001       0.293         16.855   0.2
 Constraints           24    1      50001       2.588        148.886   1.5
 Comm. energies        24    1       2501       0.149          8.584   0.1
 Rest                                           0.196         11.265   0.1
-----------------------------------------------------------------------------
 Total                                        151.973      10200.699 100.0
-----------------------------------------------------------------------------
(*) Note that with separate PME ranks, the walltime column actually sums to
    twice the total reported, but the cycle count total and % are correct.
-----------------------------------------------------------------------------
 Breakdown of PME mesh computation
-----------------------------------------------------------------------------
 PME redist. X/F        4    1     100002       5.909         56.662   0.6
 PME spread             4    1      50001      27.644        265.076   2.6
 PME gather             4    1      50001      21.123        202.545   2.0
 PME 3D-FFT             4    1     100002      38.789        371.943   3.6
 PME 3D-FFT Comm.       4    1     100002       1.870         17.934   0.2
 PME solve Elec         4    1      50001       1.791         17.176   0.2
-----------------------------------------------------------------------------

               Core t (s)   Wall t (s)        (%)
       Time:     4255.236      151.973     2800.0
                 (ns/day)    (hour/ns)
Performance:       56.853        0.422
Finished mdrun on rank 0 Thu Sep 26 15:28:49 2024
