Log file opened on Tue Sep 24 06:44:09 2024
Host: login.local  pid: 119995  rank ID: 0  number of ranks:  1
                       :-) GROMACS - gmx mdrun, 2018 (-:

                            GROMACS is written by:
     Emile Apol      Rossen Apostolov  Herman J.C. Berendsen    Par Bjelkmar   
 Aldert van Buuren   Rudi van Drunen     Anton Feenstra    Gerrit Groenhof  
 Christoph Junghans   Anca Hamuraru    Vincent Hindriksen Dimitrios Karkoulis
    Peter Kasson        Jiri Kraus      Carsten Kutzner      Per Larsson    
  Justin A. Lemkul    Viveca Lindahl    Magnus Lundborg   Pieter Meulenhoff 
   Erik Marklund      Teemu Murtola       Szilard Pall       Sander Pronk   
   Roland Schulz     Alexey Shvetsov     Michael Shirts     Alfons Sijbers  
   Peter Tieleman    Teemu Virolainen  Christian Wennberg    Maarten Wolf   
                           and the project leaders:
        Mark Abraham, Berk Hess, Erik Lindahl, and David van der Spoel

Copyright (c) 1991-2000, University of Groningen, The Netherlands.
Copyright (c) 2001-2017, The GROMACS development team at
Uppsala University, Stockholm University and
the Royal Institute of Technology, Sweden.
check out http://www.gromacs.org for more information.

GROMACS is free software; you can redistribute it and/or modify it
under the terms of the GNU Lesser General Public License
as published by the Free Software Foundation; either version 2.1
of the License, or (at your option) any later version.

GROMACS:      gmx mdrun, version 2018
Executable:   /opt/apps/gromacs-2018/bin/gmx
Data prefix:  /opt/apps/gromacs-2018
Working dir:  /home/bismark01/Hanson/2fom/lef
Command line:
  gmx mdrun -v -deffnm nvt

GROMACS version:    2018
Precision:          single
Memory model:       64 bit
MPI library:        thread_mpi
OpenMP support:     enabled (GMX_OPENMP_MAX_THREADS = 64)
GPU support:        disabled
SIMD instructions:  AVX2_256
FFT library:        fftpack (built-in)
RDTSCP usage:       enabled
TNG support:        enabled
Hwloc support:      disabled
Tracing support:    disabled
Built on:           2018-10-17 09:11:04
Built by:           vappiah@login.local [CMAKE]
Build OS/arch:      Linux 3.10.0-693.el7.x86_64 x86_64
Build CPU vendor:   Intel
Build CPU brand:    Intel(R) Xeon(R) CPU E5-2680 v4 @ 2.40GHz
Build CPU family:   6   Model: 79   Stepping: 1
Build CPU features: aes apic avx avx2 clfsh cmov cx8 cx16 f16c fma hle htt intel lahf mmx msr nonstop_tsc pcid pclmuldq pdcm pdpe1gb popcnt pse rdrnd rdtscp rtm sse2 sse3 sse4.1 sse4.2 ssse3 tdt x2apic
C compiler:         /usr/bin/cc GNU 4.8.5
C compiler flags:    -march=core-avx2     -O3 -DNDEBUG -funroll-all-loops -fexcess-precision=fast  
C++ compiler:       /usr/bin/c++ GNU 4.8.5
C++ compiler flags:  -march=core-avx2    -std=c++11   -O3 -DNDEBUG -funroll-all-loops -fexcess-precision=fast  


Running on 1 node with total 28 cores, 28 logical cores
Hardware detected:
  CPU info:
    Vendor: Intel
    Brand:  Intel(R) Xeon(R) CPU E5-2680 v4 @ 2.40GHz
    Family: 6   Model: 79   Stepping: 1
    Features: aes apic avx avx2 clfsh cmov cx8 cx16 f16c fma hle htt intel lahf mmx msr nonstop_tsc pcid pclmuldq pdcm pdpe1gb popcnt pse rdrnd rdtscp rtm sse2 sse3 sse4.1 sse4.2 ssse3 tdt x2apic
  Hardware topology: Basic
    Sockets, cores, and logical processors:
      Socket  0: [   0] [   2] [   4] [   6] [   8] [  10] [  12] [  14] [  16] [  18] [  20] [  22] [  24] [  26]
      Socket  1: [   1] [   3] [   5] [   7] [   9] [  11] [  13] [  15] [  17] [  19] [  21] [  23] [  25] [  27]


++++ PLEASE READ AND CITE THE FOLLOWING REFERENCE ++++
M. J. Abraham, T. Murtola, R. Schulz, S. Páll, J. C. Smith, B. Hess, E.
Lindahl
GROMACS: High performance molecular simulations through multi-level
parallelism from laptops to supercomputers
SoftwareX 1 (2015) pp. 19-25
-------- -------- --- Thank You --- -------- --------


++++ PLEASE READ AND CITE THE FOLLOWING REFERENCE ++++
S. Páll, M. J. Abraham, C. Kutzner, B. Hess, E. Lindahl
Tackling Exascale Software Challenges in Molecular Dynamics Simulations with
GROMACS
In S. Markidis & E. Laure (Eds.), Solving Software Challenges for Exascale 8759 (2015) pp. 3-27
-------- -------- --- Thank You --- -------- --------


++++ PLEASE READ AND CITE THE FOLLOWING REFERENCE ++++
S. Pronk, S. Páll, R. Schulz, P. Larsson, P. Bjelkmar, R. Apostolov, M. R.
Shirts, J. C. Smith, P. M. Kasson, D. van der Spoel, B. Hess, and E. Lindahl
GROMACS 4.5: a high-throughput and highly parallel open source molecular
simulation toolkit
Bioinformatics 29 (2013) pp. 845-54
-------- -------- --- Thank You --- -------- --------


++++ PLEASE READ AND CITE THE FOLLOWING REFERENCE ++++
B. Hess and C. Kutzner and D. van der Spoel and E. Lindahl
GROMACS 4: Algorithms for highly efficient, load-balanced, and scalable
molecular simulation
J. Chem. Theory Comput. 4 (2008) pp. 435-447
-------- -------- --- Thank You --- -------- --------


++++ PLEASE READ AND CITE THE FOLLOWING REFERENCE ++++
D. van der Spoel, E. Lindahl, B. Hess, G. Groenhof, A. E. Mark and H. J. C.
Berendsen
GROMACS: Fast, Flexible and Free
J. Comp. Chem. 26 (2005) pp. 1701-1719
-------- -------- --- Thank You --- -------- --------


++++ PLEASE READ AND CITE THE FOLLOWING REFERENCE ++++
E. Lindahl and B. Hess and D. van der Spoel
GROMACS 3.0: A package for molecular simulation and trajectory analysis
J. Mol. Mod. 7 (2001) pp. 306-317
-------- -------- --- Thank You --- -------- --------


++++ PLEASE READ AND CITE THE FOLLOWING REFERENCE ++++
H. J. C. Berendsen, D. van der Spoel and R. van Drunen
GROMACS: A message-passing parallel molecular dynamics implementation
Comp. Phys. Comm. 91 (1995) pp. 43-56
-------- -------- --- Thank You --- -------- --------

Input Parameters:
   integrator                     = md
   tinit                          = 0
   dt                             = 0.002
   nsteps                         = 50000
   init-step                      = 0
   simulation-part                = 1
   comm-mode                      = Linear
   nstcomm                        = 100
   bd-fric                        = 0
   ld-seed                        = -1778606787
   emtol                          = 10
   emstep                         = 0.01
   niter                          = 20
   fcstep                         = 0
   nstcgsteep                     = 1000
   nbfgscorr                      = 10
   rtpi                           = 0.05
   nstxout                        = 0
   nstvout                        = 0
   nstfout                        = 0
   nstlog                         = 500
   nstcalcenergy                  = 100
   nstenergy                      = 500
   nstxout-compressed             = 500
   compressed-x-precision         = 1000
   cutoff-scheme                  = Verlet
   nstlist                        = 20
   ns-type                        = Grid
   pbc                            = xyz
   periodic-molecules             = false
   verlet-buffer-tolerance        = 0.005
   rlist                          = 1.221
   coulombtype                    = PME
   coulomb-modifier               = Potential-shift
   rcoulomb-switch                = 0
   rcoulomb                       = 1.2
   epsilon-r                      = 1
   epsilon-rf                     = inf
   vdw-type                       = Cut-off
   vdw-modifier                   = Force-switch
   rvdw-switch                    = 1
   rvdw                           = 1.2
   DispCorr                       = No
   table-extension                = 1
   fourierspacing                 = 0.16
   fourier-nx                     = 48
   fourier-ny                     = 48
   fourier-nz                     = 48
   pme-order                      = 4
   ewald-rtol                     = 1e-05
   ewald-rtol-lj                  = 0.001
   lj-pme-comb-rule               = Geometric
   ewald-geometry                 = 0
   epsilon-surface                = 0
   implicit-solvent               = No
   gb-algorithm                   = Still
   nstgbradii                     = 1
   rgbradii                       = 1
   gb-epsilon-solvent             = 80
   gb-saltconc                    = 0
   gb-obc-alpha                   = 1
   gb-obc-beta                    = 0.8
   gb-obc-gamma                   = 4.85
   gb-dielectric-offset           = 0.009
   sa-algorithm                   = Ace-approximation
   sa-surface-tension             = 2.05016
   tcoupl                         = V-rescale
   nsttcouple                     = 20
   nh-chain-length                = 0
   print-nose-hoover-chain-variables = false
   pcoupl                         = No
   pcoupltype                     = Isotropic
   nstpcouple                     = -1
   tau-p                          = 1
   compressibility (3x3):
      compressibility[    0]={ 0.00000e+00,  0.00000e+00,  0.00000e+00}
      compressibility[    1]={ 0.00000e+00,  0.00000e+00,  0.00000e+00}
      compressibility[    2]={ 0.00000e+00,  0.00000e+00,  0.00000e+00}
   ref-p (3x3):
      ref-p[    0]={ 0.00000e+00,  0.00000e+00,  0.00000e+00}
      ref-p[    1]={ 0.00000e+00,  0.00000e+00,  0.00000e+00}
      ref-p[    2]={ 0.00000e+00,  0.00000e+00,  0.00000e+00}
   refcoord-scaling               = No
   posres-com (3):
      posres-com[0]= 0.00000e+00
      posres-com[1]= 0.00000e+00
      posres-com[2]= 0.00000e+00
   posres-comB (3):
      posres-comB[0]= 0.00000e+00
      posres-comB[1]= 0.00000e+00
      posres-comB[2]= 0.00000e+00
   QMMM                           = false
   QMconstraints                  = 0
   QMMMscheme                     = 0
   MMChargeScaleFactor            = 1
qm-opts:
   ngQM                           = 0
   constraint-algorithm           = Lincs
   continuation                   = false
   Shake-SOR                      = false
   shake-tol                      = 0.0001
   lincs-order                    = 4
   lincs-iter                     = 1
   lincs-warnangle                = 30
   nwall                          = 0
   wall-type                      = 9-3
   wall-r-linpot                  = -1
   wall-atomtype[0]               = -1
   wall-atomtype[1]               = -1
   wall-density[0]                = 0
   wall-density[1]                = 0
   wall-ewald-zfac                = 3
   pull                           = false
   awh                            = false
   rotation                       = false
   interactiveMD                  = false
   disre                          = No
   disre-weighting                = Conservative
   disre-mixed                    = false
   dr-fc                          = 1000
   dr-tau                         = 0
   nstdisreout                    = 100
   orire-fc                       = 0
   orire-tau                      = 0
   nstorireout                    = 100
   free-energy                    = no
   cos-acceleration               = 0
   deform (3x3):
      deform[    0]={ 0.00000e+00,  0.00000e+00,  0.00000e+00}
      deform[    1]={ 0.00000e+00,  0.00000e+00,  0.00000e+00}
      deform[    2]={ 0.00000e+00,  0.00000e+00,  0.00000e+00}
   simulated-tempering            = false
   swapcoords                     = no
   userint1                       = 0
   userint2                       = 0
   userint3                       = 0
   userint4                       = 0
   userreal1                      = 0
   userreal2                      = 0
   userreal3                      = 0
   userreal4                      = 0
   applied-forces:
     electric-field:
       x:
         E0                       = 0
         omega                    = 0
         t0                       = 0
         sigma                    = 0
       y:
         E0                       = 0
         omega                    = 0
         t0                       = 0
         sigma                    = 0
       z:
         E0                       = 0
         omega                    = 0
         t0                       = 0
         sigma                    = 0
grpopts:
   nrdf:     5776.77     70809.2
   ref-t:         300         300
   tau-t:         0.1         0.1
annealing:          No          No
annealing-npoints:           0           0
   acc:	           0           0           0
   nfreeze:           N           N           N
   energygrp-flags[  0]: 0

Changing nstlist from 20 to 80, rlist from 1.221 to 1.323


Initializing Domain Decomposition on 28 ranks
Dynamic load balancing: locked
Initial maximum inter charge-group distances:
    two-body bonded interactions: 0.403 nm, LJ-14, atoms 1172 1180
  multi-body bonded interactions: 0.487 nm, CMAP Dih., atoms 465 481
Minimum cell size due to bonded interactions: 0.536 nm
Maximum distance for 5 constraints, at 120 deg. angles, all-trans: 0.222 nm
Estimated maximum distance required for P-LINCS: 0.222 nm
Guess for relative PME load: 0.13
Will use 24 particle-particle and 4 PME only ranks
This is a guess, check the performance at the end of the log file
Using 4 separate PME ranks, as guessed by mdrun
Scaling the initial minimum size with 1/0.8 (option -dds) = 1.25
Optimizing the DD grid for 24 cells with a minimum initial size of 0.670 nm
The maximum allowed number of cells is: X 10 Y 10 Z 10
Domain decomposition grid 4 x 3 x 2, separate PME ranks 4
PME domain decomposition: 4 x 1 x 1
Interleaving PP and PME ranks
This rank does only particle-particle work.

Domain decomposition rank 0, coordinates 0 0 0

The initial number of communication pulses is: X 1 Y 1 Z 1
The initial domain decomposition cell size is: X 1.82 nm Y 2.43 nm Z 3.65 nm

The maximum allowed distance for charge groups involved in interactions is:
                 non-bonded interactions           1.323 nm
            two-body bonded interactions  (-rdd)   1.323 nm
          multi-body bonded interactions  (-rdd)   1.323 nm
  atoms separated by up to 5 constraints  (-rcon)  1.823 nm

When dynamic load balancing gets turned on, these settings will change to:
The maximum number of communication pulses is: X 1 Y 1 Z 1
The minimum size for domain decomposition cells is 1.323 nm
The requested allowed shrink of DD cells (option -dds) is: 0.80
The allowed shrink of domain decomposition cells is: X 0.73 Y 0.54 Z 0.36
The maximum allowed distance for charge groups involved in interactions is:
                 non-bonded interactions           1.323 nm
            two-body bonded interactions  (-rdd)   1.323 nm
          multi-body bonded interactions  (-rdd)   1.323 nm
  atoms separated by up to 5 constraints  (-rcon)  1.323 nm

Using 28 MPI threads
Using 1 OpenMP thread per tMPI thread

Pinning threads with an auto-selected logical core stride of 1
System total charge: 0.000
Will do PME sum in reciprocal space for electrostatic interactions.

++++ PLEASE READ AND CITE THE FOLLOWING REFERENCE ++++
U. Essmann, L. Perera, M. L. Berkowitz, T. Darden, H. Lee and L. G. Pedersen 
A smooth particle mesh Ewald method
J. Chem. Phys. 103 (1995) pp. 8577-8592
-------- -------- --- Thank You --- -------- --------

Using a Gaussian width (1/beta) of 0.384195 nm for Ewald
Potential shift: LJ r^-12: -2.648e-01 r^-6: -5.349e-01, Ewald -8.333e-06
Initialized non-bonded Ewald correction tables, spacing: 1.02e-03 size: 1176

Generated table with 1161 data points for 1-4 COUL.
Tabscale = 500 points/nm
Generated table with 1161 data points for 1-4 LJ6.
Tabscale = 500 points/nm
Generated table with 1161 data points for 1-4 LJ12.
Tabscale = 500 points/nm

Using SIMD 4x8 nonbonded short-range kernels

Using a dual 4x8 pair-list setup updated with dynamic pruning:
  outer list: updated every 80 steps, buffer 0.123 nm, rlist 1.323 nm
  inner list: updated every 13 steps, buffer 0.001 nm, rlist 1.201 nm
At tolerance 0.005 kJ/mol/ps per atom, equivalent classical 1x1 list would be:
  outer list: updated every 80 steps, buffer 0.272 nm, rlist 1.472 nm
  inner list: updated every 13 steps, buffer 0.051 nm, rlist 1.251 nm

Removing pbc first time

Initializing Parallel LINear Constraint Solver

++++ PLEASE READ AND CITE THE FOLLOWING REFERENCE ++++
B. Hess
P-LINCS: A Parallel Linear Constraint Solver for molecular simulation
J. Chem. Theory Comput. 4 (2008) pp. 116-122
-------- -------- --- Thank You --- -------- --------

The number of constraints is 1159
There are inter charge-group constraints,
will communicate selected coordinates each lincs iteration

++++ PLEASE READ AND CITE THE FOLLOWING REFERENCE ++++
S. Miyamoto and P. A. Kollman
SETTLE: An Analytical Version of the SHAKE and RATTLE Algorithms for Rigid
Water Models
J. Comp. Chem. 13 (1992) pp. 952-962
-------- -------- --- Thank You --- -------- --------


Linking all bonded interactions to atoms


Intra-simulation communication will occur every 20 steps.
Center of mass motion removal mode is Linear
We have the following groups for center of mass motion removal:
  0:  rest

++++ PLEASE READ AND CITE THE FOLLOWING REFERENCE ++++
G. Bussi, D. Donadio and M. Parrinello
Canonical sampling through velocity rescaling
J. Chem. Phys. 126 (2007) pp. 014101
-------- -------- --- Thank You --- -------- --------

There are: 37715 Atoms
Atom distribution over 24 domains: av 1571 stddev 51 min 1506 max 1638

Constraining the starting coordinates (step 0)

Constraining the coordinates at t0-dt (step 0)
RMS relative constraint deviation after constraining: 0.00e+00
Initial temperature: 299.275 K

Started mdrun on rank 0 Tue Sep 24 06:44:09 2024
           Step           Time
              0        0.00000

   Energies (kJ/mol)
           Bond            U-B    Proper Dih.  Improper Dih.      CMAP Dih.
    4.99455e+02    1.62532e+03    5.24132e+03    8.36034e+01   -3.82966e+02
          LJ-14     Coulomb-14        LJ (SR)   Coulomb (SR)   Coul. recip.
    1.55190e+03    3.21172e+04    8.01106e+04   -6.65017e+05    2.93706e+03
 Position Rest.      Potential    Kinetic En.   Total Energy  Conserved En.
    1.17397e-03   -5.41233e+05    9.55694e+04   -4.45664e+05   -4.45664e+05
    Temperature Pressure (bar)   Constr. rmsd
    3.00169e+02   -2.53852e+03    2.83643e-06

DD  step 79 load imb.: force 20.6%  pme mesh/force 0.663


step 160 Turning on dynamic load balancing, because the performance loss due to load imbalance is 15.4 %.

           Step           Time
            500        1.00000

   Energies (kJ/mol)
           Bond            U-B    Proper Dih.  Improper Dih.      CMAP Dih.
    1.77506e+03    4.87022e+03    5.72810e+03    3.11665e+02   -3.71885e+02
          LJ-14     Coulomb-14        LJ (SR)   Coulomb (SR)   Coul. recip.
    1.69790e+03    3.21484e+04    8.09595e+04   -6.24479e+05    1.87671e+03
 Position Rest.      Potential    Kinetic En.   Total Energy  Conserved En.
    6.79370e+02   -4.94804e+05    9.49870e+04   -3.99817e+05   -4.44865e+05
    Temperature Pressure (bar)   Constr. rmsd
    2.98339e+02    2.23715e+02    2.91574e-06

           Step           Time
           1000        2.00000

   Energies (kJ/mol)
           Bond            U-B    Proper Dih.  Improper Dih.      CMAP Dih.
    1.77330e+03    5.03942e+03    5.81257e+03    3.13787e+02   -3.65982e+02
          LJ-14     Coulomb-14        LJ (SR)   Coulomb (SR)   Coul. recip.
    1.72599e+03    3.21230e+04    7.98892e+04   -6.24888e+05    1.76164e+03
 Position Rest.      Potential    Kinetic En.   Total Energy  Conserved En.
    5.80500e+02   -4.96235e+05    9.50784e+04   -4.01156e+05   -4.44866e+05
    Temperature Pressure (bar)   Constr. rmsd
    2.98626e+02    1.18544e+02    2.58802e-06

           Step           Time
           1500        3.00000

   Energies (kJ/mol)
           Bond            U-B    Proper Dih.  Improper Dih.      CMAP Dih.
    1.83867e+03    5.06805e+03    5.62379e+03    3.48920e+02   -3.41184e+02
          LJ-14     Coulomb-14        LJ (SR)   Coulomb (SR)   Coul. recip.
    1.57006e+03    3.16892e+04    7.97246e+04   -6.25925e+05    1.77869e+03
 Position Rest.      Potential    Kinetic En.   Total Energy  Conserved En.
    6.46003e+02   -4.97978e+05    9.56328e+04   -4.02345e+05   -4.44860e+05
    Temperature Pressure (bar)   Constr. rmsd
    3.00368e+02   -3.62711e+02    2.76844e-06

DD  step 1999  vol min/aver 0.815  load imb.: force  2.0%  pme mesh/force 0.670

           Step           Time
           2000        4.00000

   Energies (kJ/mol)
           Bond            U-B    Proper Dih.  Improper Dih.      CMAP Dih.
    1.84343e+03    4.82123e+03    5.69647e+03    3.18108e+02   -3.20787e+02
          LJ-14     Coulomb-14        LJ (SR)   Coulomb (SR)   Coul. recip.
    1.67852e+03    3.21323e+04    8.06048e+04   -6.26641e+05    1.82198e+03
 Position Rest.      Potential    Kinetic En.   Total Energy  Conserved En.
    6.21198e+02   -4.97424e+05    9.51787e+04   -4.02245e+05   -4.44853e+05
    Temperature Pressure (bar)   Constr. rmsd
    2.98941e+02   -8.54300e+01    2.88458e-06

           Step           Time
           2500        5.00000

   Energies (kJ/mol)
           Bond            U-B    Proper Dih.  Improper Dih.      CMAP Dih.
    1.81041e+03    5.02902e+03    5.64201e+03    3.32060e+02   -3.89090e+02
          LJ-14     Coulomb-14        LJ (SR)   Coulomb (SR)   Coul. recip.
    1.65218e+03    3.19488e+04    8.03442e+04   -6.26588e+05    1.80814e+03
 Position Rest.      Potential    Kinetic En.   Total Energy  Conserved En.
    6.40530e+02   -4.97770e+05    9.51246e+04   -4.02646e+05   -4.44864e+05
    Temperature Pressure (bar)   Constr. rmsd
    2.98772e+02   -3.76924e+01    3.04757e-06

           Step           Time
           3000        6.00000

   Energies (kJ/mol)
           Bond            U-B    Proper Dih.  Improper Dih.      CMAP Dih.
    1.97006e+03    4.93909e+03    5.67493e+03    3.01903e+02   -3.60287e+02
          LJ-14     Coulomb-14        LJ (SR)   Coulomb (SR)   Coul. recip.
    1.63909e+03    3.20008e+04    8.05994e+04   -6.26588e+05    1.81507e+03
 Position Rest.      Potential    Kinetic En.   Total Energy  Conserved En.
    6.58088e+02   -4.97350e+05    9.66150e+04   -4.00735e+05   -4.44860e+05
    Temperature Pressure (bar)   Constr. rmsd
    3.03453e+02   -3.07560e+02    2.78245e-06

           Step           Time
           3500        7.00000

   Energies (kJ/mol)
           Bond            U-B    Proper Dih.  Improper Dih.      CMAP Dih.
    1.83541e+03    5.05220e+03    5.57123e+03    2.98833e+02   -3.45602e+02
          LJ-14     Coulomb-14        LJ (SR)   Coulomb (SR)   Coul. recip.
    1.63685e+03    3.21546e+04    7.91419e+04   -6.24588e+05    1.85231e+03
 Position Rest.      Potential    Kinetic En.   Total Energy  Conserved En.
    6.42531e+02   -4.96747e+05    9.56585e+04   -4.01089e+05   -4.44846e+05
    Temperature Pressure (bar)   Constr. rmsd
    3.00449e+02   -2.27898e+02    2.61315e-06

DD  step 3999  vol min/aver 0.804  load imb.: force  2.0%  pme mesh/force 0.667

           Step           Time
           4000        8.00000

   Energies (kJ/mol)
           Bond            U-B    Proper Dih.  Improper Dih.      CMAP Dih.
    1.89733e+03    5.09706e+03    5.64213e+03    3.04426e+02   -3.97674e+02
          LJ-14     Coulomb-14        LJ (SR)   Coulomb (SR)   Coul. recip.
    1.70798e+03    3.18231e+04    7.95483e+04   -6.23208e+05    1.83484e+03
 Position Rest.      Potential    Kinetic En.   Total Energy  Conserved En.
    5.49439e+02   -4.95201e+05    9.54029e+04   -3.99798e+05   -4.44856e+05
    Temperature Pressure (bar)   Constr. rmsd
    2.99646e+02   -1.00818e+02    2.85712e-06

           Step           Time
           4500        9.00000

   Energies (kJ/mol)
           Bond            U-B    Proper Dih.  Improper Dih.      CMAP Dih.
    1.99468e+03    5.23165e+03    5.69438e+03    3.38985e+02   -3.62732e+02
          LJ-14     Coulomb-14        LJ (SR)   Coulomb (SR)   Coul. recip.
    1.66319e+03    3.18443e+04    7.95006e+04   -6.22969e+05    1.84405e+03
 Position Rest.      Potential    Kinetic En.   Total Energy  Conserved En.
    5.85904e+02   -4.94634e+05    9.59480e+04   -3.98686e+05   -4.44842e+05
    Temperature Pressure (bar)   Constr. rmsd
    3.01358e+02    6.54008e+01    3.33001e-06

           Step           Time
           5000       10.00000

   Energies (kJ/mol)
           Bond            U-B    Proper Dih.  Improper Dih.      CMAP Dih.
    1.91118e+03    4.95345e+03    5.60165e+03    2.95986e+02   -3.65019e+02
          LJ-14     Coulomb-14        LJ (SR)   Coulomb (SR)   Coul. recip.
    1.71924e+03    3.19189e+04    7.97291e+04   -6.24977e+05    1.78677e+03
 Position Rest.      Potential    Kinetic En.   Total Energy  Conserved En.
    5.78832e+02   -4.96846e+05    9.59176e+04   -4.00929e+05   -4.44842e+05
    Temperature Pressure (bar)   Constr. rmsd
    3.01262e+02   -1.08289e+02    2.75479e-06

           Step           Time
           5500       11.00000

   Energies (kJ/mol)
           Bond            U-B    Proper Dih.  Improper Dih.      CMAP Dih.
    1.90314e+03    5.08700e+03    5.65792e+03    3.40249e+02   -3.20091e+02
          LJ-14     Coulomb-14        LJ (SR)   Coulomb (SR)   Coul. recip.
    1.61495e+03    3.18896e+04    7.83167e+04   -6.23060e+05    1.83787e+03
 Position Rest.      Potential    Kinetic En.   Total Energy  Conserved En.
    6.02600e+02   -4.96130e+05    9.52183e+04   -4.00912e+05   -4.44837e+05
    Temperature Pressure (bar)   Constr. rmsd
    2.99066e+02   -5.95038e+02    2.98214e-06

DD  step 5999  vol min/aver 0.790  load imb.: force  1.8%  pme mesh/force 0.686

           Step           Time
           6000       12.00000

   Energies (kJ/mol)
           Bond            U-B    Proper Dih.  Improper Dih.      CMAP Dih.
    1.80556e+03    5.01132e+03    5.71893e+03    2.40705e+02   -3.40178e+02
          LJ-14     Coulomb-14        LJ (SR)   Coulomb (SR)   Coul. recip.
    1.63629e+03    3.19655e+04    7.86741e+04   -6.24992e+05    1.76860e+03
 Position Rest.      Potential    Kinetic En.   Total Energy  Conserved En.
    6.57099e+02   -4.97854e+05    9.45634e+04   -4.03291e+05   -4.44816e+05
    Temperature Pressure (bar)   Constr. rmsd
    2.97009e+02   -1.39412e+02    2.89792e-06

           Step           Time
           6500       13.00000

   Energies (kJ/mol)
           Bond            U-B    Proper Dih.  Improper Dih.      CMAP Dih.
    1.81721e+03    4.94544e+03    5.72210e+03    2.89227e+02   -3.47160e+02
          LJ-14     Coulomb-14        LJ (SR)   Coulomb (SR)   Coul. recip.
    1.62724e+03    3.19911e+04    7.95114e+04   -6.25772e+05    1.78277e+03
 Position Rest.      Potential    Kinetic En.   Total Energy  Conserved En.
    5.84988e+02   -4.97847e+05    9.45779e+04   -4.03270e+05   -4.44826e+05
    Temperature Pressure (bar)   Constr. rmsd
    2.97054e+02   -2.45341e+02    2.93933e-06

           Step           Time
           7000       14.00000

   Energies (kJ/mol)
           Bond            U-B    Proper Dih.  Improper Dih.      CMAP Dih.
    1.89269e+03    5.00974e+03    5.70676e+03    3.14139e+02   -3.56916e+02
          LJ-14     Coulomb-14        LJ (SR)   Coulomb (SR)   Coul. recip.
    1.67136e+03    3.20350e+04    7.93571e+04   -6.24544e+05    1.86076e+03
 Position Rest.      Potential    Kinetic En.   Total Energy  Conserved En.
    5.46298e+02   -4.96508e+05    9.62907e+04   -4.00217e+05   -4.44827e+05
    Temperature Pressure (bar)   Constr. rmsd
    3.02434e+02   -1.50484e+02    2.92769e-06

           Step           Time
           7500       15.00000

   Energies (kJ/mol)
           Bond            U-B    Proper Dih.  Improper Dih.      CMAP Dih.
    1.83746e+03    5.15465e+03    5.67768e+03    2.91364e+02   -3.36261e+02
          LJ-14     Coulomb-14        LJ (SR)   Coulomb (SR)   Coul. recip.
    1.60617e+03    3.19920e+04    7.90445e+04   -6.23319e+05    1.84145e+03
 Position Rest.      Potential    Kinetic En.   Total Energy  Conserved En.
    5.71524e+02   -4.95638e+05    9.57042e+04   -3.99934e+05   -4.44819e+05
    Temperature Pressure (bar)   Constr. rmsd
    3.00592e+02   -1.26681e+02    2.96612e-06

DD  step 7999  vol min/aver 0.787  load imb.: force  3.4%  pme mesh/force 0.672

           Step           Time
           8000       16.00000

   Energies (kJ/mol)
           Bond            U-B    Proper Dih.  Improper Dih.      CMAP Dih.
    1.85016e+03    5.06509e+03    5.66849e+03    3.11268e+02   -3.84459e+02
          LJ-14     Coulomb-14        LJ (SR)   Coulomb (SR)   Coul. recip.
    1.66462e+03    3.19881e+04    8.07858e+04   -6.26659e+05    1.83942e+03
 Position Rest.      Potential    Kinetic En.   Total Energy  Conserved En.
    6.13124e+02   -4.97257e+05    9.56800e+04   -4.01577e+05   -4.44833e+05
    Temperature Pressure (bar)   Constr. rmsd
    3.00516e+02   -2.44456e+02    3.15988e-06

           Step           Time
           8500       17.00000

   Energies (kJ/mol)
           Bond            U-B    Proper Dih.  Improper Dih.      CMAP Dih.
    1.88777e+03    5.16235e+03    5.58841e+03    2.70823e+02   -3.22986e+02
          LJ-14     Coulomb-14        LJ (SR)   Coulomb (SR)   Coul. recip.
    1.63343e+03    3.19565e+04    7.90316e+04   -6.25522e+05    1.80249e+03
 Position Rest.      Potential    Kinetic En.   Total Energy  Conserved En.
    5.93508e+02   -4.97918e+05    9.49147e+04   -4.03004e+05   -4.44813e+05
    Temperature Pressure (bar)   Constr. rmsd
    2.98112e+02   -3.57796e+02    2.76170e-06

           Step           Time
           9000       18.00000

   Energies (kJ/mol)
           Bond            U-B    Proper Dih.  Improper Dih.      CMAP Dih.
    1.88504e+03    5.04129e+03    5.70556e+03    3.26925e+02   -3.38449e+02
          LJ-14     Coulomb-14        LJ (SR)   Coulomb (SR)   Coul. recip.
    1.64396e+03    3.16640e+04    8.01222e+04   -6.25976e+05    1.79726e+03
 Position Rest.      Potential    Kinetic En.   Total Energy  Conserved En.
    5.48583e+02   -4.97579e+05    9.56776e+04   -4.01902e+05   -4.44816e+05
    Temperature Pressure (bar)   Constr. rmsd
    3.00508e+02   -2.92210e+02    3.20957e-06

           Step           Time
           9500       19.00000

   Energies (kJ/mol)
           Bond            U-B    Proper Dih.  Improper Dih.      CMAP Dih.
    1.74761e+03    5.08456e+03    5.66885e+03    3.02960e+02   -3.76603e+02
          LJ-14     Coulomb-14        LJ (SR)   Coulomb (SR)   Coul. recip.
    1.65962e+03    3.19789e+04    8.04019e+04   -6.26036e+05    1.86346e+03
 Position Rest.      Potential    Kinetic En.   Total Energy  Conserved En.
    6.06973e+02   -4.97098e+05    9.59369e+04   -4.01161e+05   -4.44800e+05
    Temperature Pressure (bar)   Constr. rmsd
    3.01323e+02   -2.46106e+02    2.95824e-06

DD  step 9999  vol min/aver 0.786  load imb.: force  2.4%  pme mesh/force 0.683

           Step           Time
          10000       20.00000

   Energies (kJ/mol)
           Bond            U-B    Proper Dih.  Improper Dih.      CMAP Dih.
    1.83774e+03    4.86470e+03    5.58699e+03    3.31194e+02   -3.32449e+02
          LJ-14     Coulomb-14        LJ (SR)   Coulomb (SR)   Coul. recip.
    1.68560e+03    3.20932e+04    7.97500e+04   -6.26733e+05    1.80540e+03
 Position Rest.      Potential    Kinetic En.   Total Energy  Conserved En.
    6.56226e+02   -4.98454e+05    9.51111e+04   -4.03343e+05   -4.44795e+05
    Temperature Pressure (bar)   Constr. rmsd
    2.98729e+02   -9.91388e+01    2.82068e-06

           Step           Time
          10500       21.00000

   Energies (kJ/mol)
           Bond            U-B    Proper Dih.  Improper Dih.      CMAP Dih.
    1.82105e+03    5.15112e+03    5.61931e+03    2.87730e+02   -2.97783e+02
          LJ-14     Coulomb-14        LJ (SR)   Coulomb (SR)   Coul. recip.
    1.70709e+03    3.18906e+04    7.97881e+04   -6.26232e+05    1.70567e+03
 Position Rest.      Potential    Kinetic En.   Total Energy  Conserved En.
    5.93194e+02   -4.97965e+05    9.47574e+04   -4.03208e+05   -4.44777e+05
    Temperature Pressure (bar)   Constr. rmsd
    2.97618e+02   -3.55735e+02    2.95415e-06

           Step           Time
          11000       22.00000

   Energies (kJ/mol)
           Bond            U-B    Proper Dih.  Improper Dih.      CMAP Dih.
    1.84452e+03    4.96097e+03    5.65174e+03    3.00791e+02   -3.50264e+02
          LJ-14     Coulomb-14        LJ (SR)   Coulomb (SR)   Coul. recip.
    1.73626e+03    3.19094e+04    8.07947e+04   -6.27620e+05    1.87746e+03
 Position Rest.      Potential    Kinetic En.   Total Energy  Conserved En.
    6.41702e+02   -4.98253e+05    9.52568e+04   -4.02996e+05   -4.44804e+05
    Temperature Pressure (bar)   Constr. rmsd
    2.99187e+02    4.83608e+01    2.99842e-06

           Step           Time
          11500       23.00000

   Energies (kJ/mol)
           Bond            U-B    Proper Dih.  Improper Dih.      CMAP Dih.
    1.82392e+03    4.99062e+03    5.69699e+03    3.15319e+02   -3.35957e+02
          LJ-14     Coulomb-14        LJ (SR)   Coulomb (SR)   Coul. recip.
    1.61206e+03    3.17917e+04    8.07997e+04   -6.26576e+05    1.86345e+03
 Position Rest.      Potential    Kinetic En.   Total Energy  Conserved En.
    6.29693e+02   -4.97388e+05    9.49701e+04   -4.02418e+05   -4.44795e+05
    Temperature Pressure (bar)   Constr. rmsd
    2.98286e+02   -2.27221e+02    3.20700e-06

DD  step 11999  vol min/aver 0.794  load imb.: force  1.9%  pme mesh/force 0.691

           Step           Time
          12000       24.00000

   Energies (kJ/mol)
           Bond            U-B    Proper Dih.  Improper Dih.      CMAP Dih.
    1.81902e+03    5.14737e+03    5.69242e+03    3.27393e+02   -3.65881e+02
          LJ-14     Coulomb-14        LJ (SR)   Coulomb (SR)   Coul. recip.
    1.60904e+03    3.19981e+04    7.89335e+04   -6.23642e+05    1.81002e+03
 Position Rest.      Potential    Kinetic En.   Total Energy  Conserved En.
    6.24064e+02   -4.96047e+05    9.52524e+04   -4.00794e+05   -4.44783e+05
    Temperature Pressure (bar)   Constr. rmsd
    2.99173e+02   -4.95656e+02    2.71128e-06

           Step           Time
          12500       25.00000

   Energies (kJ/mol)
           Bond            U-B    Proper Dih.  Improper Dih.      CMAP Dih.
    1.81904e+03    5.20039e+03    5.69796e+03    3.22528e+02   -3.23153e+02
          LJ-14     Coulomb-14        LJ (SR)   Coulomb (SR)   Coul. recip.
    1.62539e+03    3.20290e+04    7.95227e+04   -6.23819e+05    1.80265e+03
 Position Rest.      Potential    Kinetic En.   Total Energy  Conserved En.
    5.97962e+02   -4.95525e+05    9.54549e+04   -4.00070e+05   -4.44774e+05
    Temperature Pressure (bar)   Constr. rmsd
    2.99809e+02    2.06959e+02    2.84147e-06

           Step           Time
          13000       26.00000

   Energies (kJ/mol)
           Bond            U-B    Proper Dih.  Improper Dih.      CMAP Dih.
    1.80159e+03    4.91832e+03    5.67719e+03    3.18902e+02   -3.87606e+02
          LJ-14     Coulomb-14        LJ (SR)   Coulomb (SR)   Coul. recip.
    1.59311e+03    3.20933e+04    7.94390e+04   -6.23650e+05    1.85100e+03
 Position Rest.      Potential    Kinetic En.   Total Energy  Conserved En.
    6.03490e+02   -4.95742e+05    9.48206e+04   -4.00921e+05   -4.44804e+05
    Temperature Pressure (bar)   Constr. rmsd
    2.97817e+02   -1.03944e+02    2.91765e-06

           Step           Time
          13500       27.00000

   Energies (kJ/mol)
           Bond            U-B    Proper Dih.  Improper Dih.      CMAP Dih.
    1.76052e+03    5.09777e+03    5.64981e+03    3.03470e+02   -3.67326e+02
          LJ-14     Coulomb-14        LJ (SR)   Coulomb (SR)   Coul. recip.
    1.67866e+03    3.19419e+04    7.96146e+04   -6.25489e+05    1.82164e+03
 Position Rest.      Potential    Kinetic En.   Total Energy  Conserved En.
    5.86093e+02   -4.97402e+05    9.54177e+04   -4.01984e+05   -4.44781e+05
    Temperature Pressure (bar)   Constr. rmsd
    2.99692e+02   -3.12814e+02    2.91471e-06

DD  step 13999  vol min/aver 0.786  load imb.: force  2.7%  pme mesh/force 0.685

           Step           Time
          14000       28.00000

   Energies (kJ/mol)
           Bond            U-B    Proper Dih.  Improper Dih.      CMAP Dih.
    1.88444e+03    4.98901e+03    5.66834e+03    3.12560e+02   -3.69641e+02
          LJ-14     Coulomb-14        LJ (SR)   Coulomb (SR)   Coul. recip.
    1.73003e+03    3.17741e+04    7.95206e+04   -6.23930e+05    1.85182e+03
 Position Rest.      Potential    Kinetic En.   Total Energy  Conserved En.
    6.25755e+02   -4.95943e+05    9.57711e+04   -4.00172e+05   -4.44797e+05
    Temperature Pressure (bar)   Constr. rmsd
    3.00802e+02    2.02481e+01    3.39371e-06

           Step           Time
          14500       29.00000

   Energies (kJ/mol)
           Bond            U-B    Proper Dih.  Improper Dih.      CMAP Dih.
    1.77452e+03    5.29836e+03    5.61665e+03    3.32435e+02   -4.28520e+02
          LJ-14     Coulomb-14        LJ (SR)   Coulomb (SR)   Coul. recip.
    1.67715e+03    3.18594e+04    7.96816e+04   -6.23749e+05    1.85793e+03
 Position Rest.      Potential    Kinetic En.   Total Energy  Conserved En.
    5.64636e+02   -4.95515e+05    9.54646e+04   -4.00050e+05   -4.44768e+05
    Temperature Pressure (bar)   Constr. rmsd
    2.99839e+02    8.51769e+01    2.85795e-06

           Step           Time
          15000       30.00000

   Energies (kJ/mol)
           Bond            U-B    Proper Dih.  Improper Dih.      CMAP Dih.
    1.70056e+03    5.01632e+03    5.64288e+03    2.71226e+02   -3.53766e+02
          LJ-14     Coulomb-14        LJ (SR)   Coulomb (SR)   Coul. recip.
    1.66206e+03    3.21372e+04    7.92502e+04   -6.25027e+05    1.82578e+03
 Position Rest.      Potential    Kinetic En.   Total Energy  Conserved En.
    6.01786e+02   -4.97273e+05    9.49825e+04   -4.02290e+05   -4.44774e+05
    Temperature Pressure (bar)   Constr. rmsd
    2.98325e+02   -1.37969e+02    2.86201e-06

           Step           Time
          15500       31.00000

   Energies (kJ/mol)
           Bond            U-B    Proper Dih.  Improper Dih.      CMAP Dih.
    1.80108e+03    5.27792e+03    5.64626e+03    2.80626e+02   -3.23091e+02
          LJ-14     Coulomb-14        LJ (SR)   Coulomb (SR)   Coul. recip.
    1.62930e+03    3.20937e+04    7.92516e+04   -6.24424e+05    1.83174e+03
 Position Rest.      Potential    Kinetic En.   Total Energy  Conserved En.
    5.66589e+02   -4.96368e+05    9.56385e+04   -4.00730e+05   -4.44771e+05
    Temperature Pressure (bar)   Constr. rmsd
    3.00386e+02   -4.28502e+02    2.68165e-06

DD  step 15999  vol min/aver 0.771  load imb.: force  2.0%  pme mesh/force 0.691

           Step           Time
          16000       32.00000

   Energies (kJ/mol)
           Bond            U-B    Proper Dih.  Improper Dih.      CMAP Dih.
    1.70690e+03    4.93563e+03    5.66567e+03    2.81437e+02   -3.52775e+02
          LJ-14     Coulomb-14        LJ (SR)   Coulomb (SR)   Coul. recip.
    1.67481e+03    3.21620e+04    8.00468e+04   -6.26175e+05    1.87819e+03
 Position Rest.      Potential    Kinetic En.   Total Energy  Conserved En.
    5.79342e+02   -4.97597e+05    9.48202e+04   -4.02777e+05   -4.44779e+05
    Temperature Pressure (bar)   Constr. rmsd
    2.97815e+02   -4.51557e+00    2.89812e-06

           Step           Time
          16500       33.00000

   Energies (kJ/mol)
           Bond            U-B    Proper Dih.  Improper Dih.      CMAP Dih.
    1.81974e+03    5.24283e+03    5.61464e+03    2.97831e+02   -3.67977e+02
          LJ-14     Coulomb-14        LJ (SR)   Coulomb (SR)   Coul. recip.
    1.61364e+03    3.17244e+04    7.94703e+04   -6.25214e+05    1.81140e+03
 Position Rest.      Potential    Kinetic En.   Total Energy  Conserved En.
    5.71891e+02   -4.97415e+05    9.51314e+04   -4.02284e+05   -4.44754e+05
    Temperature Pressure (bar)   Constr. rmsd
    2.98793e+02   -4.95753e+02    2.71305e-06

           Step           Time
          17000       34.00000

   Energies (kJ/mol)
           Bond            U-B    Proper Dih.  Improper Dih.      CMAP Dih.
    1.84126e+03    5.22614e+03    5.70381e+03    3.14912e+02   -3.43566e+02
          LJ-14     Coulomb-14        LJ (SR)   Coulomb (SR)   Coul. recip.
    1.68405e+03    3.19015e+04    7.89580e+04   -6.24422e+05    1.87431e+03
 Position Rest.      Potential    Kinetic En.   Total Energy  Conserved En.
    5.59460e+02   -4.96702e+05    9.49574e+04   -4.01745e+05   -4.44751e+05
    Temperature Pressure (bar)   Constr. rmsd
    2.98246e+02   -2.93395e+02    3.36297e-06

           Step           Time
          17500       35.00000

   Energies (kJ/mol)
           Bond            U-B    Proper Dih.  Improper Dih.      CMAP Dih.
    1.77444e+03    5.31928e+03    5.65906e+03    3.06790e+02   -3.51219e+02
          LJ-14     Coulomb-14        LJ (SR)   Coulomb (SR)   Coul. recip.
    1.64784e+03    3.21525e+04    8.02945e+04   -6.26206e+05    1.76534e+03
 Position Rest.      Potential    Kinetic En.   Total Energy  Conserved En.
    6.00183e+02   -4.97037e+05    9.58933e+04   -4.01144e+05   -4.44740e+05
    Temperature Pressure (bar)   Constr. rmsd
    3.01186e+02   -1.83672e+02    2.97585e-06

DD  step 17999  vol min/aver 0.821  load imb.: force  2.2%  pme mesh/force 0.690

           Step           Time
          18000       36.00000

   Energies (kJ/mol)
           Bond            U-B    Proper Dih.  Improper Dih.      CMAP Dih.
    1.72412e+03    5.22013e+03    5.74970e+03    2.98578e+02   -3.53889e+02
          LJ-14     Coulomb-14        LJ (SR)   Coulomb (SR)   Coul. recip.
    1.68875e+03    3.18333e+04    7.80746e+04   -6.22815e+05    1.84356e+03
 Position Rest.      Potential    Kinetic En.   Total Energy  Conserved En.
    5.42824e+02   -4.96193e+05    9.59198e+04   -4.00273e+05   -4.44764e+05
    Temperature Pressure (bar)   Constr. rmsd
    3.01269e+02   -9.69963e+01    2.97048e-06

           Step           Time
          18500       37.00000

   Energies (kJ/mol)
           Bond            U-B    Proper Dih.  Improper Dih.      CMAP Dih.
    1.94113e+03    5.18281e+03    5.61366e+03    2.93492e+02   -3.48977e+02
          LJ-14     Coulomb-14        LJ (SR)   Coulomb (SR)   Coul. recip.
    1.63358e+03    3.21516e+04    8.06778e+04   -6.26612e+05    1.84413e+03
 Position Rest.      Potential    Kinetic En.   Total Energy  Conserved En.
    5.59353e+02   -4.97064e+05    9.57065e+04   -4.01357e+05   -4.44749e+05
    Temperature Pressure (bar)   Constr. rmsd
    3.00599e+02    7.23213e+01    2.98574e-06

           Step           Time
          19000       38.00000

   Energies (kJ/mol)
           Bond            U-B    Proper Dih.  Improper Dih.      CMAP Dih.
    1.93450e+03    5.10964e+03    5.66819e+03    2.77816e+02   -3.73061e+02
          LJ-14     Coulomb-14        LJ (SR)   Coulomb (SR)   Coul. recip.
    1.67278e+03    3.20320e+04    8.04952e+04   -6.26887e+05    1.81778e+03
 Position Rest.      Potential    Kinetic En.   Total Energy  Conserved En.
    5.59740e+02   -4.97693e+05    9.60282e+04   -4.01665e+05   -4.44730e+05
    Temperature Pressure (bar)   Constr. rmsd
    3.01610e+02    1.60725e+01    2.73846e-06

           Step           Time
          19500       39.00000

   Energies (kJ/mol)
           Bond            U-B    Proper Dih.  Improper Dih.      CMAP Dih.
    1.84810e+03    5.18640e+03    5.67095e+03    2.76465e+02   -3.53528e+02
          LJ-14     Coulomb-14        LJ (SR)   Coulomb (SR)   Coul. recip.
    1.66610e+03    3.20618e+04    8.06122e+04   -6.25866e+05    1.86795e+03
 Position Rest.      Potential    Kinetic En.   Total Energy  Conserved En.
    5.86326e+02   -4.96444e+05    9.52331e+04   -4.01211e+05   -4.44727e+05
    Temperature Pressure (bar)   Constr. rmsd
    2.99112e+02    1.19365e+02    2.94134e-06

DD  step 19999  vol min/aver 0.802  load imb.: force  3.4%  pme mesh/force 0.682

           Step           Time
          20000       40.00000

   Energies (kJ/mol)
           Bond            U-B    Proper Dih.  Improper Dih.      CMAP Dih.
    1.73907e+03    5.02861e+03    5.73969e+03    3.07102e+02   -3.60216e+02
          LJ-14     Coulomb-14        LJ (SR)   Coulomb (SR)   Coul. recip.
    1.73225e+03    3.21202e+04    7.92781e+04   -6.25328e+05    1.74979e+03
 Position Rest.      Potential    Kinetic En.   Total Energy  Conserved En.
    5.78712e+02   -4.97415e+05    9.49417e+04   -4.02473e+05   -4.44743e+05
    Temperature Pressure (bar)   Constr. rmsd
    2.98197e+02   -1.47474e+02    2.76739e-06

           Step           Time
          20500       41.00000

   Energies (kJ/mol)
           Bond            U-B    Proper Dih.  Improper Dih.      CMAP Dih.
    1.76313e+03    5.20381e+03    5.68997e+03    3.00930e+02   -3.43110e+02
          LJ-14     Coulomb-14        LJ (SR)   Coulomb (SR)   Coul. recip.
    1.64812e+03    3.18778e+04    7.96767e+04   -6.25811e+05    1.88415e+03
 Position Rest.      Potential    Kinetic En.   Total Energy  Conserved En.
    6.09987e+02   -4.97500e+05    9.52740e+04   -4.02226e+05   -4.44722e+05
    Temperature Pressure (bar)   Constr. rmsd
    2.99241e+02   -1.41988e+02    2.69129e-06

           Step           Time
          21000       42.00000

   Energies (kJ/mol)
           Bond            U-B    Proper Dih.  Improper Dih.      CMAP Dih.
    1.87383e+03    5.31711e+03    5.61586e+03    3.23416e+02   -3.39221e+02
          LJ-14     Coulomb-14        LJ (SR)   Coulomb (SR)   Coul. recip.
    1.63473e+03    3.18870e+04    7.99471e+04   -6.25385e+05    1.79054e+03
 Position Rest.      Potential    Kinetic En.   Total Energy  Conserved En.
    5.96390e+02   -4.96738e+05    9.53978e+04   -4.01340e+05   -4.44716e+05
    Temperature Pressure (bar)   Constr. rmsd
    2.99630e+02   -1.18291e+02    2.68935e-06

           Step           Time
          21500       43.00000

   Energies (kJ/mol)
           Bond            U-B    Proper Dih.  Improper Dih.      CMAP Dih.
    1.76891e+03    5.05818e+03    5.63285e+03    2.98774e+02   -3.70173e+02
          LJ-14     Coulomb-14        LJ (SR)   Coulomb (SR)   Coul. recip.
    1.65594e+03    3.19603e+04    8.08032e+04   -6.26338e+05    1.82467e+03
 Position Rest.      Potential    Kinetic En.   Total Energy  Conserved En.
    6.08145e+02   -4.97097e+05    9.51041e+04   -4.01993e+05   -4.44721e+05
    Temperature Pressure (bar)   Constr. rmsd
    2.98707e+02    4.88562e+01    2.54519e-06

DD  step 21999  vol min/aver 0.800  load imb.: force  2.1%  pme mesh/force 0.690

           Step           Time
          22000       44.00000

   Energies (kJ/mol)
           Bond            U-B    Proper Dih.  Improper Dih.      CMAP Dih.
    1.91180e+03    4.93080e+03    5.73355e+03    3.24200e+02   -3.48730e+02
          LJ-14     Coulomb-14        LJ (SR)   Coulomb (SR)   Coul. recip.
    1.70258e+03    3.20925e+04    8.03534e+04   -6.25960e+05    1.79614e+03
 Position Rest.      Potential    Kinetic En.   Total Energy  Conserved En.
    5.97868e+02   -4.96866e+05    9.59861e+04   -4.00880e+05   -4.44725e+05
    Temperature Pressure (bar)   Constr. rmsd
    3.01477e+02   -6.77553e+01    2.97314e-06

           Step           Time
          22500       45.00000

   Energies (kJ/mol)
           Bond            U-B    Proper Dih.  Improper Dih.      CMAP Dih.
    1.73096e+03    5.07453e+03    5.66586e+03    3.01177e+02   -3.58047e+02
          LJ-14     Coulomb-14        LJ (SR)   Coulomb (SR)   Coul. recip.
    1.71951e+03    3.19325e+04    7.98949e+04   -6.25774e+05    1.78382e+03
 Position Rest.      Potential    Kinetic En.   Total Energy  Conserved En.
    5.44565e+02   -4.97484e+05    9.58938e+04   -4.01591e+05   -4.44753e+05
    Temperature Pressure (bar)   Constr. rmsd
    3.01187e+02   -1.46561e+01    2.93635e-06

           Step           Time
          23000       46.00000

   Energies (kJ/mol)
           Bond            U-B    Proper Dih.  Improper Dih.      CMAP Dih.
    1.88615e+03    4.93370e+03    5.58981e+03    3.11069e+02   -3.70302e+02
          LJ-14     Coulomb-14        LJ (SR)   Coulomb (SR)   Coul. recip.
    1.68689e+03    3.21793e+04    7.88552e+04   -6.24673e+05    1.84624e+03
 Position Rest.      Potential    Kinetic En.   Total Energy  Conserved En.
    5.93777e+02   -4.97161e+05    9.55373e+04   -4.01624e+05   -4.44722e+05
    Temperature Pressure (bar)   Constr. rmsd
    3.00068e+02    1.44017e+01    2.78310e-06

           Step           Time
          23500       47.00000

   Energies (kJ/mol)
           Bond            U-B    Proper Dih.  Improper Dih.      CMAP Dih.
    1.80249e+03    5.06737e+03    5.62926e+03    2.85133e+02   -3.62112e+02
          LJ-14     Coulomb-14        LJ (SR)   Coulomb (SR)   Coul. recip.
    1.69501e+03    3.21114e+04    7.79353e+04   -6.22554e+05    1.82369e+03
 Position Rest.      Potential    Kinetic En.   Total Energy  Conserved En.
    5.51035e+02   -4.96016e+05    9.45339e+04   -4.01482e+05   -4.44716e+05
    Temperature Pressure (bar)   Constr. rmsd
    2.96916e+02   -4.46293e+02    2.76424e-06

DD  step 23999  vol min/aver 0.797  load imb.: force  3.4%  pme mesh/force 0.674

           Step           Time
          24000       48.00000

   Energies (kJ/mol)
           Bond            U-B    Proper Dih.  Improper Dih.      CMAP Dih.
    1.75311e+03    5.05533e+03    5.70735e+03    3.13052e+02   -3.51637e+02
          LJ-14     Coulomb-14        LJ (SR)   Coulomb (SR)   Coul. recip.
    1.67089e+03    3.21477e+04    7.86023e+04   -6.24836e+05    1.81350e+03
 Position Rest.      Potential    Kinetic En.   Total Energy  Conserved En.
    5.60771e+02   -4.97564e+05    9.51558e+04   -4.02408e+05   -4.44708e+05
    Temperature Pressure (bar)   Constr. rmsd
    2.98869e+02   -4.38840e+02    2.88355e-06

           Step           Time
          24500       49.00000

   Energies (kJ/mol)
           Bond            U-B    Proper Dih.  Improper Dih.      CMAP Dih.
    1.87600e+03    4.97554e+03    5.74443e+03    2.95011e+02   -3.17962e+02
          LJ-14     Coulomb-14        LJ (SR)   Coulomb (SR)   Coul. recip.
    1.67212e+03    3.18138e+04    8.07560e+04   -6.26181e+05    1.76456e+03
 Position Rest.      Potential    Kinetic En.   Total Energy  Conserved En.
    5.37253e+02   -4.97064e+05    9.56351e+04   -4.01429e+05   -4.44728e+05
    Temperature Pressure (bar)   Constr. rmsd
    3.00375e+02    1.94029e+01    2.89755e-06

           Step           Time
          25000       50.00000

   Energies (kJ/mol)
           Bond            U-B    Proper Dih.  Improper Dih.      CMAP Dih.
    1.88531e+03    5.14664e+03    5.76199e+03    3.15945e+02   -3.73798e+02
          LJ-14     Coulomb-14        LJ (SR)   Coulomb (SR)   Coul. recip.
    1.66430e+03    3.18254e+04    7.88831e+04   -6.23679e+05    1.86023e+03
 Position Rest.      Potential    Kinetic En.   Total Energy  Conserved En.
    5.75069e+02   -4.96135e+05    9.51160e+04   -4.01019e+05   -4.44720e+05
    Temperature Pressure (bar)   Constr. rmsd
    2.98745e+02   -6.99478e+01    3.21901e-06

           Step           Time
          25500       51.00000

   Energies (kJ/mol)
           Bond            U-B    Proper Dih.  Improper Dih.      CMAP Dih.
    1.82882e+03    5.13826e+03    5.66309e+03    2.97768e+02   -3.38348e+02
          LJ-14     Coulomb-14        LJ (SR)   Coulomb (SR)   Coul. recip.
    1.64077e+03    3.19599e+04    7.94463e+04   -6.25394e+05    1.88208e+03
 Position Rest.      Potential    Kinetic En.   Total Energy  Conserved En.
    5.45127e+02   -4.97330e+05    9.44355e+04   -4.02895e+05   -4.44704e+05
    Temperature Pressure (bar)   Constr. rmsd
    2.96607e+02   -3.07840e+02    2.95543e-06

DD  step 25999  vol min/aver 0.802  load imb.: force  2.6%  pme mesh/force 0.684

           Step           Time
          26000       52.00000

   Energies (kJ/mol)
           Bond            U-B    Proper Dih.  Improper Dih.      CMAP Dih.
    1.76115e+03    5.09101e+03    5.62084e+03    3.20002e+02   -3.82279e+02
          LJ-14     Coulomb-14        LJ (SR)   Coulomb (SR)   Coul. recip.
    1.57921e+03    3.19574e+04    7.95141e+04   -6.26043e+05    1.77493e+03
 Position Rest.      Potential    Kinetic En.   Total Energy  Conserved En.
    5.48251e+02   -4.98259e+05    9.52795e+04   -4.02979e+05   -4.44716e+05
    Temperature Pressure (bar)   Constr. rmsd
    2.99258e+02   -2.52037e+02    3.08623e-06

           Step           Time
          26500       53.00000

   Energies (kJ/mol)
           Bond            U-B    Proper Dih.  Improper Dih.      CMAP Dih.
    1.92114e+03    5.14184e+03    5.70192e+03    2.59021e+02   -3.36183e+02
          LJ-14     Coulomb-14        LJ (SR)   Coulomb (SR)   Coul. recip.
    1.65253e+03    3.18018e+04    7.99919e+04   -6.25284e+05    1.84389e+03
 Position Rest.      Potential    Kinetic En.   Total Energy  Conserved En.
    5.34991e+02   -4.96771e+05    9.51696e+04   -4.01601e+05   -4.44705e+05
    Temperature Pressure (bar)   Constr. rmsd
    2.98913e+02   -2.64409e+02    2.95020e-06

           Step           Time
          27000       54.00000

   Energies (kJ/mol)
           Bond            U-B    Proper Dih.  Improper Dih.      CMAP Dih.
    1.75422e+03    5.18109e+03    5.61851e+03    2.75630e+02   -3.90175e+02
          LJ-14     Coulomb-14        LJ (SR)   Coulomb (SR)   Coul. recip.
    1.64816e+03    3.20343e+04    8.03914e+04   -6.26307e+05    1.72848e+03
 Position Rest.      Potential    Kinetic En.   Total Energy  Conserved En.
    5.39657e+02   -4.97525e+05    9.61625e+04   -4.01363e+05   -4.44716e+05
    Temperature Pressure (bar)   Constr. rmsd
    3.02031e+02   -8.39172e+01    3.33574e-06

           Step           Time
          27500       55.00000

   Energies (kJ/mol)
           Bond            U-B    Proper Dih.  Improper Dih.      CMAP Dih.
    1.87677e+03    5.12627e+03    5.71806e+03    3.28094e+02   -3.75414e+02
          LJ-14     Coulomb-14        LJ (SR)   Coulomb (SR)   Coul. recip.
    1.61482e+03    3.17972e+04    7.89837e+04   -6.25027e+05    1.81631e+03
 Position Rest.      Potential    Kinetic En.   Total Energy  Conserved En.
    5.81333e+02   -4.97560e+05    9.53846e+04   -4.02176e+05   -4.44712e+05
    Temperature Pressure (bar)   Constr. rmsd
    2.99588e+02   -4.02079e+02    2.80709e-06

DD  step 27999  vol min/aver 0.808  load imb.: force  3.6%  pme mesh/force 0.681

           Step           Time
          28000       56.00000

   Energies (kJ/mol)
           Bond            U-B    Proper Dih.  Improper Dih.      CMAP Dih.
    1.92844e+03    5.12726e+03    5.67871e+03    2.90437e+02   -3.18625e+02
          LJ-14     Coulomb-14        LJ (SR)   Coulomb (SR)   Coul. recip.
    1.64336e+03    3.20620e+04    7.88162e+04   -6.23784e+05    1.79694e+03
 Position Rest.      Potential    Kinetic En.   Total Energy  Conserved En.
    5.81477e+02   -4.96177e+05    9.53056e+04   -4.00872e+05   -4.44700e+05
    Temperature Pressure (bar)   Constr. rmsd
    2.99340e+02   -4.95066e+02    2.83875e-06

           Step           Time
          28500       57.00000

   Energies (kJ/mol)
           Bond            U-B    Proper Dih.  Improper Dih.      CMAP Dih.
    1.81164e+03    5.13804e+03    5.65094e+03    2.84259e+02   -3.61663e+02
          LJ-14     Coulomb-14        LJ (SR)   Coulomb (SR)   Coul. recip.
    1.69374e+03    3.19737e+04    8.03439e+04   -6.25903e+05    1.78224e+03
 Position Rest.      Potential    Kinetic En.   Total Energy  Conserved En.
    6.02223e+02   -4.96984e+05    9.59685e+04   -4.01015e+05   -4.44708e+05
    Temperature Pressure (bar)   Constr. rmsd
    3.01422e+02    7.39652e+01    2.82324e-06

           Step           Time
          29000       58.00000

   Energies (kJ/mol)
           Bond            U-B    Proper Dih.  Improper Dih.      CMAP Dih.
    1.96125e+03    5.05048e+03    5.67431e+03    2.53462e+02   -3.41809e+02
          LJ-14     Coulomb-14        LJ (SR)   Coulomb (SR)   Coul. recip.
    1.60597e+03    3.18278e+04    7.93094e+04   -6.24662e+05    1.82423e+03
 Position Rest.      Potential    Kinetic En.   Total Energy  Conserved En.
    5.88710e+02   -4.96908e+05    9.47862e+04   -4.02122e+05   -4.44694e+05
    Temperature Pressure (bar)   Constr. rmsd
    2.97709e+02   -5.12864e+02    2.79608e-06

           Step           Time
          29500       59.00000

   Energies (kJ/mol)
           Bond            U-B    Proper Dih.  Improper Dih.      CMAP Dih.
    1.83130e+03    5.32262e+03    5.68382e+03    3.17170e+02   -3.64983e+02
          LJ-14     Coulomb-14        LJ (SR)   Coulomb (SR)   Coul. recip.
    1.58967e+03    3.17834e+04    8.01547e+04   -6.25275e+05    1.78213e+03
 Position Rest.      Potential    Kinetic En.   Total Energy  Conserved En.
    5.85970e+02   -4.96589e+05    9.54671e+04   -4.01122e+05   -4.44691e+05
    Temperature Pressure (bar)   Constr. rmsd
    2.99847e+02   -3.61423e+02    2.66401e-06

DD  step 29999  vol min/aver 0.805  load imb.: force  1.9%  pme mesh/force 0.691

           Step           Time
          30000       60.00000

   Energies (kJ/mol)
           Bond            U-B    Proper Dih.  Improper Dih.      CMAP Dih.
    1.80383e+03    5.09833e+03    5.71978e+03    3.33040e+02   -3.21111e+02
          LJ-14     Coulomb-14        LJ (SR)   Coulomb (SR)   Coul. recip.
    1.63067e+03    3.17106e+04    7.99644e+04   -6.25171e+05    1.82483e+03
 Position Rest.      Potential    Kinetic En.   Total Energy  Conserved En.
    6.24506e+02   -4.96782e+05    9.62218e+04   -4.00561e+05   -4.44694e+05
    Temperature Pressure (bar)   Constr. rmsd
    3.02218e+02   -9.23856e+01    2.86247e-06

           Step           Time
          30500       61.00000

   Energies (kJ/mol)
           Bond            U-B    Proper Dih.  Improper Dih.      CMAP Dih.
    1.79815e+03    5.13921e+03    5.60316e+03    3.15572e+02   -3.20339e+02
          LJ-14     Coulomb-14        LJ (SR)   Coulomb (SR)   Coul. recip.
    1.76053e+03    3.21563e+04    7.91836e+04   -6.23808e+05    1.88669e+03
 Position Rest.      Potential    Kinetic En.   Total Energy  Conserved En.
    5.51395e+02   -4.95734e+05    9.47916e+04   -4.00942e+05   -4.44670e+05
    Temperature Pressure (bar)   Constr. rmsd
    2.97726e+02   -2.09743e+01    2.80883e-06

           Step           Time
          31000       62.00000

   Energies (kJ/mol)
           Bond            U-B    Proper Dih.  Improper Dih.      CMAP Dih.
    1.83099e+03    5.08421e+03    5.69915e+03    2.76115e+02   -3.79006e+02
          LJ-14     Coulomb-14        LJ (SR)   Coulomb (SR)   Coul. recip.
    1.65374e+03    3.17238e+04    7.91749e+04   -6.24971e+05    1.80721e+03
 Position Rest.      Potential    Kinetic En.   Total Energy  Conserved En.
    6.18106e+02   -4.97482e+05    9.51880e+04   -4.02294e+05   -4.44718e+05
    Temperature Pressure (bar)   Constr. rmsd
    2.98971e+02   -3.23950e+02    2.80696e-06

           Step           Time
          31500       63.00000

   Energies (kJ/mol)
           Bond            U-B    Proper Dih.  Improper Dih.      CMAP Dih.
    1.77129e+03    5.20890e+03    5.68670e+03    3.52182e+02   -3.77198e+02
          LJ-14     Coulomb-14        LJ (SR)   Coulomb (SR)   Coul. recip.
    1.65531e+03    3.18620e+04    7.99248e+04   -6.26749e+05    1.77636e+03
 Position Rest.      Potential    Kinetic En.   Total Energy  Conserved En.
    5.93529e+02   -4.98295e+05    9.52846e+04   -4.03011e+05   -4.44686e+05
    Temperature Pressure (bar)   Constr. rmsd
    2.99274e+02   -1.10019e+02    2.77188e-06

DD  step 31999  vol min/aver 0.794  load imb.: force  2.8%  pme mesh/force 0.687

           Step           Time
          32000       64.00000

   Energies (kJ/mol)
           Bond            U-B    Proper Dih.  Improper Dih.      CMAP Dih.
    1.76417e+03    5.31801e+03    5.65708e+03    3.04179e+02   -3.35036e+02
          LJ-14     Coulomb-14        LJ (SR)   Coulomb (SR)   Coul. recip.
    1.67656e+03    3.19125e+04    7.98176e+04   -6.25718e+05    1.83717e+03
 Position Rest.      Potential    Kinetic En.   Total Energy  Conserved En.
    5.44524e+02   -4.97221e+05    9.62179e+04   -4.01003e+05   -4.44700e+05
    Temperature Pressure (bar)   Constr. rmsd
    3.02205e+02   -7.48843e+00    3.07927e-06

           Step           Time
          32500       65.00000

   Energies (kJ/mol)
           Bond            U-B    Proper Dih.  Improper Dih.      CMAP Dih.
    1.95783e+03    5.11788e+03    5.74502e+03    2.76284e+02   -3.27511e+02
          LJ-14     Coulomb-14        LJ (SR)   Coulomb (SR)   Coul. recip.
    1.61029e+03    3.18749e+04    8.00944e+04   -6.25912e+05    1.84969e+03
 Position Rest.      Potential    Kinetic En.   Total Energy  Conserved En.
    5.98821e+02   -4.97115e+05    9.60286e+04   -4.01086e+05   -4.44677e+05
    Temperature Pressure (bar)   Constr. rmsd
    3.01611e+02    2.88949e+01    2.91586e-06

           Step           Time
          33000       66.00000

   Energies (kJ/mol)
           Bond            U-B    Proper Dih.  Improper Dih.      CMAP Dih.
    1.86762e+03    4.99221e+03    5.66185e+03    3.04320e+02   -3.26662e+02
          LJ-14     Coulomb-14        LJ (SR)   Coulomb (SR)   Coul. recip.
    1.68423e+03    3.18697e+04    7.80104e+04   -6.22824e+05    1.83044e+03
 Position Rest.      Potential    Kinetic En.   Total Energy  Conserved En.
    5.95415e+02   -4.96335e+05    9.54252e+04   -4.00910e+05   -4.44676e+05
    Temperature Pressure (bar)   Constr. rmsd
    2.99716e+02   -5.88469e+02    3.04742e-06

           Step           Time
          33500       67.00000

   Energies (kJ/mol)
           Bond            U-B    Proper Dih.  Improper Dih.      CMAP Dih.
    1.82882e+03    5.18051e+03    5.69567e+03    3.27021e+02   -3.87997e+02
          LJ-14     Coulomb-14        LJ (SR)   Coulomb (SR)   Coul. recip.
    1.68278e+03    3.21659e+04    7.94732e+04   -6.24909e+05    1.83098e+03
 Position Rest.      Potential    Kinetic En.   Total Energy  Conserved En.
    5.55652e+02   -4.96556e+05    9.64263e+04   -4.00130e+05   -4.44681e+05
    Temperature Pressure (bar)   Constr. rmsd
    3.02860e+02   -5.01151e+02    2.95375e-06

DD  step 33999  vol min/aver 0.804  load imb.: force  1.9%  pme mesh/force 0.692

           Step           Time
          34000       68.00000

   Energies (kJ/mol)
           Bond            U-B    Proper Dih.  Improper Dih.      CMAP Dih.
    1.76033e+03    5.05001e+03    5.65013e+03    3.13793e+02   -3.74595e+02
          LJ-14     Coulomb-14        LJ (SR)   Coulomb (SR)   Coul. recip.
    1.69112e+03    3.19844e+04    7.95566e+04   -6.25620e+05    1.78791e+03
 Position Rest.      Potential    Kinetic En.   Total Energy  Conserved En.
    5.93966e+02   -4.97606e+05    9.51332e+04   -4.02473e+05   -4.44672e+05
    Temperature Pressure (bar)   Constr. rmsd
    2.98799e+02   -1.03094e+02    2.46332e-06

           Step           Time
          34500       69.00000

   Energies (kJ/mol)
           Bond            U-B    Proper Dih.  Improper Dih.      CMAP Dih.
    1.76032e+03    5.12904e+03    5.65113e+03    3.01597e+02   -3.41682e+02
          LJ-14     Coulomb-14        LJ (SR)   Coulomb (SR)   Coul. recip.
    1.65792e+03    3.19875e+04    7.96188e+04   -6.25453e+05    1.78109e+03
 Position Rest.      Potential    Kinetic En.   Total Energy  Conserved En.
    5.65176e+02   -4.97342e+05    9.50281e+04   -4.02314e+05   -4.44667e+05
    Temperature Pressure (bar)   Constr. rmsd
    2.98469e+02   -3.58860e+01    3.00892e-06

           Step           Time
          35000       70.00000

   Energies (kJ/mol)
           Bond            U-B    Proper Dih.  Improper Dih.      CMAP Dih.
    1.81355e+03    5.13189e+03    5.67188e+03    3.29214e+02   -3.51986e+02
          LJ-14     Coulomb-14        LJ (SR)   Coulomb (SR)   Coul. recip.
    1.58064e+03    3.19636e+04    8.10343e+04   -6.26704e+05    1.87798e+03
 Position Rest.      Potential    Kinetic En.   Total Energy  Conserved En.
    6.18343e+02   -4.97034e+05    9.58887e+04   -4.01145e+05   -4.44667e+05
    Temperature Pressure (bar)   Constr. rmsd
    3.01172e+02    1.29384e+02    2.80311e-06

           Step           Time
          35500       71.00000

   Energies (kJ/mol)
           Bond            U-B    Proper Dih.  Improper Dih.      CMAP Dih.
    1.86454e+03    5.18364e+03    5.70151e+03    3.06783e+02   -3.54755e+02
          LJ-14     Coulomb-14        LJ (SR)   Coulomb (SR)   Coul. recip.
    1.70931e+03    3.17632e+04    8.09409e+04   -6.27241e+05    1.78693e+03
 Position Rest.      Potential    Kinetic En.   Total Energy  Conserved En.
    6.04709e+02   -4.97734e+05    9.53663e+04   -4.02368e+05   -4.44642e+05
    Temperature Pressure (bar)   Constr. rmsd
    2.99531e+02   -1.24039e+02    2.80106e-06

DD  step 35999  vol min/aver 0.797  load imb.: force  2.5%  pme mesh/force 0.687

           Step           Time
          36000       72.00000

   Energies (kJ/mol)
           Bond            U-B    Proper Dih.  Improper Dih.      CMAP Dih.
    1.93144e+03    5.19774e+03    5.56349e+03    3.05110e+02   -3.25965e+02
          LJ-14     Coulomb-14        LJ (SR)   Coulomb (SR)   Coul. recip.
    1.65217e+03    3.18497e+04    7.84055e+04   -6.23832e+05    1.79294e+03
 Position Rest.      Potential    Kinetic En.   Total Energy  Conserved En.
    5.97331e+02   -4.96863e+05    9.57998e+04   -4.01063e+05   -4.44669e+05
    Temperature Pressure (bar)   Constr. rmsd
    3.00892e+02   -4.02646e+02    2.81189e-06

           Step           Time
          36500       73.00000

   Energies (kJ/mol)
           Bond            U-B    Proper Dih.  Improper Dih.      CMAP Dih.
    1.74302e+03    4.98025e+03    5.71067e+03    3.15314e+02   -3.78795e+02
          LJ-14     Coulomb-14        LJ (SR)   Coulomb (SR)   Coul. recip.
    1.67908e+03    3.18112e+04    7.93473e+04   -6.25234e+05    1.81274e+03
 Position Rest.      Potential    Kinetic En.   Total Energy  Conserved En.
    6.36542e+02   -4.97576e+05    9.56299e+04   -4.01946e+05   -4.44665e+05
    Temperature Pressure (bar)   Constr. rmsd
    3.00359e+02   -2.86203e+02    2.83897e-06

           Step           Time
          37000       74.00000

   Energies (kJ/mol)
           Bond            U-B    Proper Dih.  Improper Dih.      CMAP Dih.
    1.91874e+03    4.89919e+03    5.70848e+03    3.35914e+02   -3.70779e+02
          LJ-14     Coulomb-14        LJ (SR)   Coulomb (SR)   Coul. recip.
    1.64440e+03    3.19069e+04    8.04238e+04   -6.26700e+05    1.82253e+03
 Position Rest.      Potential    Kinetic En.   Total Energy  Conserved En.
    5.66121e+02   -4.97845e+05    9.50688e+04   -4.02776e+05   -4.44647e+05
    Temperature Pressure (bar)   Constr. rmsd
    2.98596e+02    1.43854e+02    2.98390e-06

           Step           Time
          37500       75.00000

   Energies (kJ/mol)
           Bond            U-B    Proper Dih.  Improper Dih.      CMAP Dih.
    1.74957e+03    5.19003e+03    5.63576e+03    3.29558e+02   -3.25540e+02
          LJ-14     Coulomb-14        LJ (SR)   Coulomb (SR)   Coul. recip.
    1.70112e+03    3.19363e+04    7.91556e+04   -6.24417e+05    1.82514e+03
 Position Rest.      Potential    Kinetic En.   Total Energy  Conserved En.
    5.45370e+02   -4.96674e+05    9.53097e+04   -4.01364e+05   -4.44657e+05
    Temperature Pressure (bar)   Constr. rmsd
    2.99353e+02   -9.42494e+00    2.77452e-06

DD  step 37999  vol min/aver 0.773  load imb.: force  2.9%  pme mesh/force 0.685

           Step           Time
          38000       76.00000

   Energies (kJ/mol)
           Bond            U-B    Proper Dih.  Improper Dih.      CMAP Dih.
    1.81595e+03    5.17687e+03    5.76500e+03    2.79655e+02   -3.76741e+02
          LJ-14     Coulomb-14        LJ (SR)   Coulomb (SR)   Coul. recip.
    1.62876e+03    3.19023e+04    8.06066e+04   -6.26883e+05    1.82804e+03
 Position Rest.      Potential    Kinetic En.   Total Energy  Conserved En.
    5.74706e+02   -4.97682e+05    9.46070e+04   -4.03075e+05   -4.44644e+05
    Temperature Pressure (bar)   Constr. rmsd
    2.97146e+02   -2.75443e+02    2.94243e-06

           Step           Time
          38500       77.00000

   Energies (kJ/mol)
           Bond            U-B    Proper Dih.  Improper Dih.      CMAP Dih.
    1.90761e+03    5.06072e+03    5.67956e+03    3.11977e+02   -3.48245e+02
          LJ-14     Coulomb-14        LJ (SR)   Coulomb (SR)   Coul. recip.
    1.64251e+03    3.18748e+04    7.88193e+04   -6.24220e+05    1.85940e+03
 Position Rest.      Potential    Kinetic En.   Total Energy  Conserved En.
    6.09312e+02   -4.96804e+05    9.51439e+04   -4.01660e+05   -4.44642e+05
    Temperature Pressure (bar)   Constr. rmsd
    2.98832e+02   -2.56432e+02    2.65835e-06

           Step           Time
          39000       78.00000

   Energies (kJ/mol)
           Bond            U-B    Proper Dih.  Improper Dih.      CMAP Dih.
    1.81797e+03    5.13255e+03    5.64416e+03    2.80357e+02   -3.47649e+02
          LJ-14     Coulomb-14        LJ (SR)   Coulomb (SR)   Coul. recip.
    1.69178e+03    3.20044e+04    8.05492e+04   -6.26111e+05    1.85589e+03
 Position Rest.      Potential    Kinetic En.   Total Energy  Conserved En.
    5.38521e+02   -4.96944e+05    9.53309e+04   -4.01613e+05   -4.44636e+05
    Temperature Pressure (bar)   Constr. rmsd
    2.99420e+02    1.00895e+02    2.83561e-06

           Step           Time
          39500       79.00000

   Energies (kJ/mol)
           Bond            U-B    Proper Dih.  Improper Dih.      CMAP Dih.
    1.78743e+03    5.31167e+03    5.67172e+03    2.73708e+02   -3.87284e+02
          LJ-14     Coulomb-14        LJ (SR)   Coulomb (SR)   Coul. recip.
    1.71829e+03    3.19273e+04    7.96689e+04   -6.23766e+05    1.86077e+03
 Position Rest.      Potential    Kinetic En.   Total Energy  Conserved En.
    5.65808e+02   -4.95368e+05    9.46709e+04   -4.00697e+05   -4.44615e+05
    Temperature Pressure (bar)   Constr. rmsd
    2.97346e+02    6.24244e+01    3.00892e-06

DD  step 39999  vol min/aver 0.795  load imb.: force  1.8%  pme mesh/force 0.690

           Step           Time
          40000       80.00000

   Energies (kJ/mol)
           Bond            U-B    Proper Dih.  Improper Dih.      CMAP Dih.
    1.88885e+03    5.10541e+03    5.72323e+03    3.32425e+02   -3.89829e+02
          LJ-14     Coulomb-14        LJ (SR)   Coulomb (SR)   Coul. recip.
    1.69497e+03    3.18453e+04    8.00462e+04   -6.25529e+05    1.77565e+03
 Position Rest.      Potential    Kinetic En.   Total Energy  Conserved En.
    5.61438e+02   -4.96945e+05    9.65166e+04   -4.00428e+05   -4.44649e+05
    Temperature Pressure (bar)   Constr. rmsd
    3.03143e+02   -1.53170e+02    3.15654e-06

           Step           Time
          40500       81.00000

   Energies (kJ/mol)
           Bond            U-B    Proper Dih.  Improper Dih.      CMAP Dih.
    1.79719e+03    5.08898e+03    5.70854e+03    3.17161e+02   -3.60230e+02
          LJ-14     Coulomb-14        LJ (SR)   Coulomb (SR)   Coul. recip.
    1.70878e+03    3.18753e+04    7.85174e+04   -6.24176e+05    1.79170e+03
 Position Rest.      Potential    Kinetic En.   Total Energy  Conserved En.
    5.60248e+02   -4.97171e+05    9.58139e+04   -4.01357e+05   -4.44642e+05
    Temperature Pressure (bar)   Constr. rmsd
    3.00937e+02   -2.27616e+02    2.85678e-06

           Step           Time
          41000       82.00000

   Energies (kJ/mol)
           Bond            U-B    Proper Dih.  Improper Dih.      CMAP Dih.
    1.83863e+03    5.15037e+03    5.70923e+03    3.26407e+02   -3.61680e+02
          LJ-14     Coulomb-14        LJ (SR)   Coulomb (SR)   Coul. recip.
    1.63195e+03    3.18704e+04    7.97879e+04   -6.25216e+05    1.78700e+03
 Position Rest.      Potential    Kinetic En.   Total Energy  Conserved En.
    5.54772e+02   -4.96921e+05    9.54814e+04   -4.01439e+05   -4.44615e+05
    Temperature Pressure (bar)   Constr. rmsd
    2.99892e+02    5.78564e+01    2.85662e-06

           Step           Time
          41500       83.00000

   Energies (kJ/mol)
           Bond            U-B    Proper Dih.  Improper Dih.      CMAP Dih.
    1.92608e+03    4.96945e+03    5.69765e+03    3.43747e+02   -3.73067e+02
          LJ-14     Coulomb-14        LJ (SR)   Coulomb (SR)   Coul. recip.
    1.68211e+03    3.17876e+04    7.92621e+04   -6.23791e+05    1.83481e+03
 Position Rest.      Potential    Kinetic En.   Total Energy  Conserved En.
    5.57485e+02   -4.96103e+05    9.56431e+04   -4.00460e+05   -4.44623e+05
    Temperature Pressure (bar)   Constr. rmsd
    3.00400e+02   -2.09342e+02    2.90339e-06

DD  step 41999  vol min/aver 0.790  load imb.: force  2.3%  pme mesh/force 0.688

           Step           Time
          42000       84.00000

   Energies (kJ/mol)
           Bond            U-B    Proper Dih.  Improper Dih.      CMAP Dih.
    1.80859e+03    4.94045e+03    5.75970e+03    3.16496e+02   -3.48085e+02
          LJ-14     Coulomb-14        LJ (SR)   Coulomb (SR)   Coul. recip.
    1.63203e+03    3.17185e+04    8.10228e+04   -6.27174e+05    1.82114e+03
 Position Rest.      Potential    Kinetic En.   Total Energy  Conserved En.
    6.38119e+02   -4.97864e+05    9.57963e+04   -4.02068e+05   -4.44634e+05
    Temperature Pressure (bar)   Constr. rmsd
    3.00881e+02    2.33666e+01    3.00457e-06

           Step           Time
          42500       85.00000

   Energies (kJ/mol)
           Bond            U-B    Proper Dih.  Improper Dih.      CMAP Dih.
    1.91212e+03    5.24711e+03    5.61052e+03    3.07586e+02   -3.25585e+02
          LJ-14     Coulomb-14        LJ (SR)   Coulomb (SR)   Coul. recip.
    1.64974e+03    3.17616e+04    8.07864e+04   -6.26452e+05    1.85059e+03
 Position Rest.      Potential    Kinetic En.   Total Energy  Conserved En.
    5.44244e+02   -4.97108e+05    9.62425e+04   -4.00865e+05   -4.44624e+05
    Temperature Pressure (bar)   Constr. rmsd
    3.02283e+02   -1.47663e+01    3.03789e-06

           Step           Time
          43000       86.00000

   Energies (kJ/mol)
           Bond            U-B    Proper Dih.  Improper Dih.      CMAP Dih.
    1.80741e+03    5.06620e+03    5.78307e+03    3.55892e+02   -3.39313e+02
          LJ-14     Coulomb-14        LJ (SR)   Coulomb (SR)   Coul. recip.
    1.68759e+03    3.19083e+04    7.96850e+04   -6.25524e+05    1.80238e+03
 Position Rest.      Potential    Kinetic En.   Total Energy  Conserved En.
    5.85892e+02   -4.97181e+05    9.54372e+04   -4.01744e+05   -4.44608e+05
    Temperature Pressure (bar)   Constr. rmsd
    2.99753e+02   -2.05476e+02    3.18814e-06

           Step           Time
          43500       87.00000

   Energies (kJ/mol)
           Bond            U-B    Proper Dih.  Improper Dih.      CMAP Dih.
    1.87203e+03    5.08509e+03    5.66060e+03    2.59463e+02   -3.40957e+02
          LJ-14     Coulomb-14        LJ (SR)   Coulomb (SR)   Coul. recip.
    1.63003e+03    3.18227e+04    7.87803e+04   -6.24615e+05    1.83728e+03
 Position Rest.      Potential    Kinetic En.   Total Energy  Conserved En.
    5.83121e+02   -4.97425e+05    9.49320e+04   -4.02493e+05   -4.44595e+05
    Temperature Pressure (bar)   Constr. rmsd
    2.98167e+02   -3.35275e+02    2.90754e-06

DD  step 43999  vol min/aver 0.773  load imb.: force  1.8%  pme mesh/force 0.691

           Step           Time
          44000       88.00000

   Energies (kJ/mol)
           Bond            U-B    Proper Dih.  Improper Dih.      CMAP Dih.
    1.83479e+03    5.12937e+03    5.61462e+03    3.13809e+02   -3.44035e+02
          LJ-14     Coulomb-14        LJ (SR)   Coulomb (SR)   Coul. recip.
    1.69896e+03    3.21469e+04    7.99081e+04   -6.25277e+05    1.82957e+03
 Position Rest.      Potential    Kinetic En.   Total Energy  Conserved En.
    5.51492e+02   -4.96594e+05    9.56190e+04   -4.00975e+05   -4.44594e+05
    Temperature Pressure (bar)   Constr. rmsd
    3.00324e+02   -2.77839e+02    2.78642e-06

           Step           Time
          44500       89.00000

   Energies (kJ/mol)
           Bond            U-B    Proper Dih.  Improper Dih.      CMAP Dih.
    1.80479e+03    5.08086e+03    5.62828e+03    2.78005e+02   -3.71072e+02
          LJ-14     Coulomb-14        LJ (SR)   Coulomb (SR)   Coul. recip.
    1.70238e+03    3.20218e+04    8.03921e+04   -6.26781e+05    1.84869e+03
 Position Rest.      Potential    Kinetic En.   Total Energy  Conserved En.
    6.02013e+02   -4.97793e+05    9.49755e+04   -4.02818e+05   -4.44598e+05
    Temperature Pressure (bar)   Constr. rmsd
    2.98303e+02   -5.89951e+01    2.81459e-06

           Step           Time
          45000       90.00000

   Energies (kJ/mol)
           Bond            U-B    Proper Dih.  Improper Dih.      CMAP Dih.
    1.81180e+03    5.22610e+03    5.70101e+03    2.79859e+02   -3.92107e+02
          LJ-14     Coulomb-14        LJ (SR)   Coulomb (SR)   Coul. recip.
    1.71612e+03    3.18583e+04    7.96901e+04   -6.24747e+05    1.80688e+03
 Position Rest.      Potential    Kinetic En.   Total Energy  Conserved En.
    5.85130e+02   -4.96464e+05    9.61266e+04   -4.00337e+05   -4.44608e+05
    Temperature Pressure (bar)   Constr. rmsd
    3.01919e+02   -1.44527e+01    3.13718e-06

           Step           Time
          45500       91.00000

   Energies (kJ/mol)
           Bond            U-B    Proper Dih.  Improper Dih.      CMAP Dih.
    1.80401e+03    5.05950e+03    5.72819e+03    2.78135e+02   -3.82401e+02
          LJ-14     Coulomb-14        LJ (SR)   Coulomb (SR)   Coul. recip.
    1.67430e+03    3.19699e+04    7.86980e+04   -6.23648e+05    1.82930e+03
 Position Rest.      Potential    Kinetic En.   Total Energy  Conserved En.
    5.77936e+02   -4.96411e+05    9.52314e+04   -4.01180e+05   -4.44594e+05
    Temperature Pressure (bar)   Constr. rmsd
    2.99107e+02   -5.01159e+02    2.54878e-06

DD  step 45999  vol min/aver 0.788  load imb.: force  2.1%  pme mesh/force 0.689

           Step           Time
          46000       92.00000

   Energies (kJ/mol)
           Bond            U-B    Proper Dih.  Improper Dih.      CMAP Dih.
    1.75028e+03    4.95241e+03    5.69891e+03    3.04337e+02   -3.96501e+02
          LJ-14     Coulomb-14        LJ (SR)   Coulomb (SR)   Coul. recip.
    1.69172e+03    3.18699e+04    8.02152e+04   -6.25692e+05    1.81657e+03
 Position Rest.      Potential    Kinetic En.   Total Energy  Conserved En.
    6.24212e+02   -4.97165e+05    9.51004e+04   -4.02065e+05   -4.44611e+05
    Temperature Pressure (bar)   Constr. rmsd
    2.98696e+02   -1.92865e+02    2.81094e-06

           Step           Time
          46500       93.00000

   Energies (kJ/mol)
           Bond            U-B    Proper Dih.  Improper Dih.      CMAP Dih.
    1.85576e+03    5.09664e+03    5.66841e+03    2.85140e+02   -3.46989e+02
          LJ-14     Coulomb-14        LJ (SR)   Coulomb (SR)   Coul. recip.
    1.63849e+03    3.20155e+04    7.96304e+04   -6.25992e+05    1.82304e+03
 Position Rest.      Potential    Kinetic En.   Total Energy  Conserved En.
    6.11259e+02   -4.97714e+05    9.50333e+04   -4.02681e+05   -4.44572e+05
    Temperature Pressure (bar)   Constr. rmsd
    2.98485e+02   -3.50563e+01    3.22691e-06

           Step           Time
          47000       94.00000

   Energies (kJ/mol)
           Bond            U-B    Proper Dih.  Improper Dih.      CMAP Dih.
    1.62366e+03    5.29329e+03    5.68571e+03    3.25805e+02   -3.74021e+02
          LJ-14     Coulomb-14        LJ (SR)   Coulomb (SR)   Coul. recip.
    1.71283e+03    3.19296e+04    7.87355e+04   -6.23638e+05    1.73373e+03
 Position Rest.      Potential    Kinetic En.   Total Energy  Conserved En.
    6.35208e+02   -4.96337e+05    9.58442e+04   -4.00493e+05   -4.44590e+05
    Temperature Pressure (bar)   Constr. rmsd
    3.01032e+02   -4.31927e+02    3.00264e-06

           Step           Time
          47500       95.00000

   Energies (kJ/mol)
           Bond            U-B    Proper Dih.  Improper Dih.      CMAP Dih.
    1.85636e+03    4.90483e+03    5.68322e+03    3.37144e+02   -3.66676e+02
          LJ-14     Coulomb-14        LJ (SR)   Coulomb (SR)   Coul. recip.
    1.78578e+03    3.17806e+04    7.87462e+04   -6.24004e+05    1.77920e+03
 Position Rest.      Potential    Kinetic En.   Total Energy  Conserved En.
    5.97608e+02   -4.96899e+05    9.52894e+04   -4.01610e+05   -4.44583e+05
    Temperature Pressure (bar)   Constr. rmsd
    2.99289e+02   -1.26145e+02    2.88111e-06

DD  step 47999  vol min/aver 0.804  load imb.: force  2.2%  pme mesh/force 0.689

           Step           Time
          48000       96.00000

   Energies (kJ/mol)
           Bond            U-B    Proper Dih.  Improper Dih.      CMAP Dih.
    1.81123e+03    5.10748e+03    5.61240e+03    2.76631e+02   -3.65315e+02
          LJ-14     Coulomb-14        LJ (SR)   Coulomb (SR)   Coul. recip.
    1.72630e+03    3.17604e+04    8.04435e+04   -6.26481e+05    1.85220e+03
 Position Rest.      Potential    Kinetic En.   Total Energy  Conserved En.
    5.78211e+02   -4.97678e+05    9.52674e+04   -4.02411e+05   -4.44582e+05
    Temperature Pressure (bar)   Constr. rmsd
    2.99220e+02    5.74496e+01    3.23533e-06

           Step           Time
          48500       97.00000

   Energies (kJ/mol)
           Bond            U-B    Proper Dih.  Improper Dih.      CMAP Dih.
    1.93435e+03    5.14157e+03    5.65718e+03    2.83130e+02   -3.45747e+02
          LJ-14     Coulomb-14        LJ (SR)   Coulomb (SR)   Coul. recip.
    1.64047e+03    3.18757e+04    7.95756e+04   -6.24854e+05    1.72846e+03
 Position Rest.      Potential    Kinetic En.   Total Energy  Conserved En.
    5.90887e+02   -4.96773e+05    9.56238e+04   -4.01149e+05   -4.44581e+05
    Temperature Pressure (bar)   Constr. rmsd
    3.00340e+02   -2.50468e+02    2.91598e-06

           Step           Time
          49000       98.00000

   Energies (kJ/mol)
           Bond            U-B    Proper Dih.  Improper Dih.      CMAP Dih.
    1.87703e+03    5.04643e+03    5.81142e+03    3.30457e+02   -3.59182e+02
          LJ-14     Coulomb-14        LJ (SR)   Coulomb (SR)   Coul. recip.
    1.71362e+03    3.18254e+04    8.01176e+04   -6.24654e+05    1.82393e+03
 Position Rest.      Potential    Kinetic En.   Total Energy  Conserved En.
    5.71070e+02   -4.95896e+05    9.62791e+04   -3.99617e+05   -4.44571e+05
    Temperature Pressure (bar)   Constr. rmsd
    3.02398e+02    2.15458e+00    2.97398e-06

           Step           Time
          49500       99.00000

   Energies (kJ/mol)
           Bond            U-B    Proper Dih.  Improper Dih.      CMAP Dih.
    1.84612e+03    5.15085e+03    5.63847e+03    2.93475e+02   -3.34648e+02
          LJ-14     Coulomb-14        LJ (SR)   Coulomb (SR)   Coul. recip.
    1.65115e+03    3.19305e+04    7.94835e+04   -6.25130e+05    1.81183e+03
 Position Rest.      Potential    Kinetic En.   Total Energy  Conserved En.
    6.07568e+02   -4.97052e+05    9.55723e+04   -4.01479e+05   -4.44557e+05
    Temperature Pressure (bar)   Constr. rmsd
    3.00178e+02   -2.88766e+02    2.95323e-06

DD  step 49999  vol min/aver 0.788  load imb.: force  2.1%  pme mesh/force 0.686

           Step           Time
          50000      100.00000

Writing checkpoint, step 50000 at Tue Sep 24 06:46:41 2024


   Energies (kJ/mol)
           Bond            U-B    Proper Dih.  Improper Dih.      CMAP Dih.
    1.94877e+03    5.03778e+03    5.68182e+03    3.24353e+02   -3.87264e+02
          LJ-14     Coulomb-14        LJ (SR)   Coulomb (SR)   Coul. recip.
    1.61076e+03    3.18949e+04    8.05566e+04   -6.26752e+05    1.81191e+03
 Position Rest.      Potential    Kinetic En.   Total Energy  Conserved En.
    6.15116e+02   -4.97657e+05    9.57049e+04   -4.01952e+05   -4.44571e+05
    Temperature Pressure (bar)   Constr. rmsd
    3.00594e+02   -1.73342e+02    3.11952e-06

	<======  ###############  ==>
	<====  A V E R A G E S  ====>
	<==  ###############  ======>

	Statistics over 50001 steps using 501 frames

   Energies (kJ/mol)
           Bond            U-B    Proper Dih.  Improper Dih.      CMAP Dih.
    1.83543e+03    5.09859e+03    5.67952e+03    3.02121e+02   -3.56866e+02
          LJ-14     Coulomb-14        LJ (SR)   Coulomb (SR)   Coul. recip.
    1.66556e+03    3.19323e+04    7.98385e+04   -6.25515e+05    1.82807e+03
 Position Rest.      Potential    Kinetic En.   Total Energy  Conserved En.
    5.87864e+02   -4.97103e+05    9.55064e+04   -4.01597e+05   -4.44718e+05
    Temperature Pressure (bar)   Constr. rmsd
    2.99971e+02   -1.92495e+02    0.00000e+00

   Total Virial (kJ/mol)
    3.41557e+04   -3.39157e+02    6.11734e+01
   -3.38685e+02    3.40161e+04    4.70833e+01
    6.20620e+01    4.69479e+01    3.40808e+04

   Pressure (bar)
   -1.98049e+02    2.86096e+01   -3.48944e+00
    2.85692e+01   -1.89117e+02    4.38298e-01
   -3.56551e+00    4.49886e-01   -1.90318e+02

 T-Protein_UNK1T-Water_and_ions
    3.00367e+02    2.99939e+02


	M E G A - F L O P S   A C C O U N T I N G

 NB=Group-cutoff nonbonded kernels    NxN=N-by-N cluster Verlet kernels
 RF=Reaction-Field  VdW=Van der Waals  QSTab=quadratic-spline table
 W3=SPC/TIP3p  W4=TIP4p (single or pairs)
 V&F=Potential and force  V=Potential only  F=Force only

 Computing:                               M-Number         M-Flops  % Flops
-----------------------------------------------------------------------------
 Pair Search distance check           13163.859246      118474.733     0.1
 NxN Ewald Elec. + LJ [F]            910718.392224    71036034.593    57.5
 NxN Ewald Elec. + LJ [V&F]            9217.191168     1189017.661     1.0
 NxN LJ [F]                              39.457664        1775.595     0.0
 NxN LJ [V&F]                             0.411776          26.765     0.0
 NxN Ewald Elec. [F]                 776837.715424    47387100.641    38.4
 NxN Ewald Elec. [V&F]                 7862.290752      660432.423     0.5
 1,4 nonbonded interactions             303.456069       27311.046     0.0
 Calc Weights                          5657.363145      203665.073     0.2
 Spread Q Bspline                    120690.413760      241380.828     0.2
 Gather F Bspline                    120690.413760      724142.483     0.6
 3D-FFT                              185299.305912     1482394.447     1.2
 Solve PME                              115.202304        7372.947     0.0
 Reset In Box                            23.609590          70.829     0.0
 CG-CoM                                  23.647305          70.942     0.0
 Bonds                                   58.951179        3478.120     0.0
 Propers                                294.555891       67453.299     0.1
 Impropers                               18.150363        3775.276     0.0
 Pos. Restr.                             57.651153        2882.558     0.0
 Virial                                  19.436295         349.853     0.0
 Stop-CM                                 18.932930         189.329     0.0
 Calc-Ekin                              188.650430        5093.562     0.0
 Lincs                                   66.789564        4007.374     0.0
 Lincs-Mat                              379.316160        1517.265     0.0
 Constraint-V                          2097.645049       16781.160     0.0
 Constraint-Vir                          20.347760         488.346     0.0
 Settle                                 654.702444      211468.889     0.2
 CMAP                                     7.400148       12580.252     0.0
 Urey-Bradley                           211.804236       38760.175     0.0
-----------------------------------------------------------------------------
 Total                                               123448096.464   100.0
-----------------------------------------------------------------------------


    D O M A I N   D E C O M P O S I T I O N   S T A T I S T I C S

 av. #atoms communicated per step for force:  2 x 91248.2
 av. #atoms communicated per step for LINCS:  2 x 4282.5


 Dynamic load balancing report:
 DLB was turned on during the run due to measured imbalance.
 Average load imbalance: 2.6%.
 The balanceable part of the MD step is 92%, load imbalance is computed from this.
 Part of the total run time spent waiting due to load imbalance: 2.3%.
 Steps where the load balancing was limited by -rdd, -rcon and/or -dds: X 0 % Y 0 % Z 0 %
 Average PME mesh/force load: 0.683
 Part of the total run time spent waiting due to PP/PME imbalance: 4.3 %


     R E A L   C Y C L E   A N D   T I M E   A C C O U N T I N G

On 24 MPI ranks doing PP, and
on 4 MPI ranks doing PME

 Computing:          Num   Num      Call    Wall time         Giga-Cycles
                     Ranks Threads  Count      (s)         total sum    %
-----------------------------------------------------------------------------
 Domain decomp.        24    1        626       0.823         47.330   0.5
 DD comm. load         24    1        625       0.003          0.144   0.0
 DD comm. bounds       24    1        624       0.014          0.813   0.0
 Send X to PME         24    1      50001       0.525         30.195   0.3
 Neighbor search       24    1        626       2.070        119.071   1.2
 Comm. coord.          24    1      49375       2.123        122.159   1.2
 Force                 24    1      50001     135.216       7779.417  76.6
 Wait + Comm. F        24    1      50001       5.684        326.998   3.2
 PME mesh *             4    1      50001      96.978        929.911   9.2
 PME wait for PP *                             54.381        521.453   5.1
 Wait + Recv. PME F    24    1      50001       0.328         18.899   0.2
 NB X/F buffer ops.    24    1     148751       1.291         74.279   0.7
 Write traj.           24    1        101       0.030          1.704   0.0
 Update                24    1      50001       0.291         16.763   0.2
 Constraints           24    1      50001       2.635        151.608   1.5
 Comm. energies        24    1       2501       0.137          7.907   0.1
 Rest                                           0.192         11.026   0.1
-----------------------------------------------------------------------------
 Total                                        151.362      10159.700 100.0
-----------------------------------------------------------------------------
(*) Note that with separate PME ranks, the walltime column actually sums to
    twice the total reported, but the cycle count total and % are correct.
-----------------------------------------------------------------------------
 Breakdown of PME mesh computation
-----------------------------------------------------------------------------
 PME redist. X/F        4    1     100002       5.892         56.493   0.6
 PME spread             4    1      50001      27.525        263.937   2.6
 PME gather             4    1      50001      21.150        202.805   2.0
 PME 3D-FFT             4    1     100002      38.768        371.745   3.7
 PME 3D-FFT Comm.       4    1     100002       1.794         17.204   0.2
 PME solve Elec         4    1      50001       1.794         17.206   0.2
-----------------------------------------------------------------------------

               Core t (s)   Wall t (s)        (%)
       Time:     4238.125      151.362     2800.0
                 (ns/day)    (hour/ns)
Performance:       57.083        0.420
Finished mdrun on rank 0 Tue Sep 24 06:46:41 2024
