Log file opened on Thu Sep 26 14:58:46 2024
Host: login.local  pid: 18570  rank ID: 0  number of ranks:  1
                       :-) GROMACS - gmx mdrun, 2018 (-:

                            GROMACS is written by:
     Emile Apol      Rossen Apostolov  Herman J.C. Berendsen    Par Bjelkmar   
 Aldert van Buuren   Rudi van Drunen     Anton Feenstra    Gerrit Groenhof  
 Christoph Junghans   Anca Hamuraru    Vincent Hindriksen Dimitrios Karkoulis
    Peter Kasson        Jiri Kraus      Carsten Kutzner      Per Larsson    
  Justin A. Lemkul    Viveca Lindahl    Magnus Lundborg   Pieter Meulenhoff 
   Erik Marklund      Teemu Murtola       Szilard Pall       Sander Pronk   
   Roland Schulz     Alexey Shvetsov     Michael Shirts     Alfons Sijbers  
   Peter Tieleman    Teemu Virolainen  Christian Wennberg    Maarten Wolf   
                           and the project leaders:
        Mark Abraham, Berk Hess, Erik Lindahl, and David van der Spoel

Copyright (c) 1991-2000, University of Groningen, The Netherlands.
Copyright (c) 2001-2017, The GROMACS development team at
Uppsala University, Stockholm University and
the Royal Institute of Technology, Sweden.
check out http://www.gromacs.org for more information.

GROMACS is free software; you can redistribute it and/or modify it
under the terms of the GNU Lesser General Public License
as published by the Free Software Foundation; either version 2.1
of the License, or (at your option) any later version.

GROMACS:      gmx mdrun, version 2018
Executable:   /opt/apps/gromacs-2018/bin/gmx
Data prefix:  /opt/apps/gromacs-2018
Working dir:  /home/bismark01/Hanson/2fom/502
Command line:
  gmx mdrun -v -deffnm nvt

GROMACS version:    2018
Precision:          single
Memory model:       64 bit
MPI library:        thread_mpi
OpenMP support:     enabled (GMX_OPENMP_MAX_THREADS = 64)
GPU support:        disabled
SIMD instructions:  AVX2_256
FFT library:        fftpack (built-in)
RDTSCP usage:       enabled
TNG support:        enabled
Hwloc support:      disabled
Tracing support:    disabled
Built on:           2018-10-17 09:11:04
Built by:           vappiah@login.local [CMAKE]
Build OS/arch:      Linux 3.10.0-693.el7.x86_64 x86_64
Build CPU vendor:   Intel
Build CPU brand:    Intel(R) Xeon(R) CPU E5-2680 v4 @ 2.40GHz
Build CPU family:   6   Model: 79   Stepping: 1
Build CPU features: aes apic avx avx2 clfsh cmov cx8 cx16 f16c fma hle htt intel lahf mmx msr nonstop_tsc pcid pclmuldq pdcm pdpe1gb popcnt pse rdrnd rdtscp rtm sse2 sse3 sse4.1 sse4.2 ssse3 tdt x2apic
C compiler:         /usr/bin/cc GNU 4.8.5
C compiler flags:    -march=core-avx2     -O3 -DNDEBUG -funroll-all-loops -fexcess-precision=fast  
C++ compiler:       /usr/bin/c++ GNU 4.8.5
C++ compiler flags:  -march=core-avx2    -std=c++11   -O3 -DNDEBUG -funroll-all-loops -fexcess-precision=fast  


Running on 1 node with total 28 cores, 28 logical cores
Hardware detected:
  CPU info:
    Vendor: Intel
    Brand:  Intel(R) Xeon(R) CPU E5-2680 v4 @ 2.40GHz
    Family: 6   Model: 79   Stepping: 1
    Features: aes apic avx avx2 clfsh cmov cx8 cx16 f16c fma hle htt intel lahf mmx msr nonstop_tsc pcid pclmuldq pdcm pdpe1gb popcnt pse rdrnd rdtscp rtm sse2 sse3 sse4.1 sse4.2 ssse3 tdt x2apic
  Hardware topology: Basic
    Sockets, cores, and logical processors:
      Socket  0: [   0] [   2] [   4] [   6] [   8] [  10] [  12] [  14] [  16] [  18] [  20] [  22] [  24] [  26]
      Socket  1: [   1] [   3] [   5] [   7] [   9] [  11] [  13] [  15] [  17] [  19] [  21] [  23] [  25] [  27]


++++ PLEASE READ AND CITE THE FOLLOWING REFERENCE ++++
M. J. Abraham, T. Murtola, R. Schulz, S. Páll, J. C. Smith, B. Hess, E.
Lindahl
GROMACS: High performance molecular simulations through multi-level
parallelism from laptops to supercomputers
SoftwareX 1 (2015) pp. 19-25
-------- -------- --- Thank You --- -------- --------


++++ PLEASE READ AND CITE THE FOLLOWING REFERENCE ++++
S. Páll, M. J. Abraham, C. Kutzner, B. Hess, E. Lindahl
Tackling Exascale Software Challenges in Molecular Dynamics Simulations with
GROMACS
In S. Markidis & E. Laure (Eds.), Solving Software Challenges for Exascale 8759 (2015) pp. 3-27
-------- -------- --- Thank You --- -------- --------


++++ PLEASE READ AND CITE THE FOLLOWING REFERENCE ++++
S. Pronk, S. Páll, R. Schulz, P. Larsson, P. Bjelkmar, R. Apostolov, M. R.
Shirts, J. C. Smith, P. M. Kasson, D. van der Spoel, B. Hess, and E. Lindahl
GROMACS 4.5: a high-throughput and highly parallel open source molecular
simulation toolkit
Bioinformatics 29 (2013) pp. 845-54
-------- -------- --- Thank You --- -------- --------


++++ PLEASE READ AND CITE THE FOLLOWING REFERENCE ++++
B. Hess and C. Kutzner and D. van der Spoel and E. Lindahl
GROMACS 4: Algorithms for highly efficient, load-balanced, and scalable
molecular simulation
J. Chem. Theory Comput. 4 (2008) pp. 435-447
-------- -------- --- Thank You --- -------- --------


++++ PLEASE READ AND CITE THE FOLLOWING REFERENCE ++++
D. van der Spoel, E. Lindahl, B. Hess, G. Groenhof, A. E. Mark and H. J. C.
Berendsen
GROMACS: Fast, Flexible and Free
J. Comp. Chem. 26 (2005) pp. 1701-1719
-------- -------- --- Thank You --- -------- --------


++++ PLEASE READ AND CITE THE FOLLOWING REFERENCE ++++
E. Lindahl and B. Hess and D. van der Spoel
GROMACS 3.0: A package for molecular simulation and trajectory analysis
J. Mol. Mod. 7 (2001) pp. 306-317
-------- -------- --- Thank You --- -------- --------


++++ PLEASE READ AND CITE THE FOLLOWING REFERENCE ++++
H. J. C. Berendsen, D. van der Spoel and R. van Drunen
GROMACS: A message-passing parallel molecular dynamics implementation
Comp. Phys. Comm. 91 (1995) pp. 43-56
-------- -------- --- Thank You --- -------- --------

Input Parameters:
   integrator                     = md
   tinit                          = 0
   dt                             = 0.002
   nsteps                         = 50000
   init-step                      = 0
   simulation-part                = 1
   comm-mode                      = Linear
   nstcomm                        = 100
   bd-fric                        = 0
   ld-seed                        = 266753604
   emtol                          = 10
   emstep                         = 0.01
   niter                          = 20
   fcstep                         = 0
   nstcgsteep                     = 1000
   nbfgscorr                      = 10
   rtpi                           = 0.05
   nstxout                        = 0
   nstvout                        = 0
   nstfout                        = 0
   nstlog                         = 500
   nstcalcenergy                  = 100
   nstenergy                      = 500
   nstxout-compressed             = 500
   compressed-x-precision         = 1000
   cutoff-scheme                  = Verlet
   nstlist                        = 20
   ns-type                        = Grid
   pbc                            = xyz
   periodic-molecules             = false
   verlet-buffer-tolerance        = 0.005
   rlist                          = 1.221
   coulombtype                    = PME
   coulomb-modifier               = Potential-shift
   rcoulomb-switch                = 0
   rcoulomb                       = 1.2
   epsilon-r                      = 1
   epsilon-rf                     = inf
   vdw-type                       = Cut-off
   vdw-modifier                   = Force-switch
   rvdw-switch                    = 1
   rvdw                           = 1.2
   DispCorr                       = No
   table-extension                = 1
   fourierspacing                 = 0.16
   fourier-nx                     = 48
   fourier-ny                     = 48
   fourier-nz                     = 48
   pme-order                      = 4
   ewald-rtol                     = 1e-05
   ewald-rtol-lj                  = 0.001
   lj-pme-comb-rule               = Geometric
   ewald-geometry                 = 0
   epsilon-surface                = 0
   implicit-solvent               = No
   gb-algorithm                   = Still
   nstgbradii                     = 1
   rgbradii                       = 1
   gb-epsilon-solvent             = 80
   gb-saltconc                    = 0
   gb-obc-alpha                   = 1
   gb-obc-beta                    = 0.8
   gb-obc-gamma                   = 4.85
   gb-dielectric-offset           = 0.009
   sa-algorithm                   = Ace-approximation
   sa-surface-tension             = 2.05016
   tcoupl                         = V-rescale
   nsttcouple                     = 20
   nh-chain-length                = 0
   print-nose-hoover-chain-variables = false
   pcoupl                         = No
   pcoupltype                     = Isotropic
   nstpcouple                     = -1
   tau-p                          = 1
   compressibility (3x3):
      compressibility[    0]={ 0.00000e+00,  0.00000e+00,  0.00000e+00}
      compressibility[    1]={ 0.00000e+00,  0.00000e+00,  0.00000e+00}
      compressibility[    2]={ 0.00000e+00,  0.00000e+00,  0.00000e+00}
   ref-p (3x3):
      ref-p[    0]={ 0.00000e+00,  0.00000e+00,  0.00000e+00}
      ref-p[    1]={ 0.00000e+00,  0.00000e+00,  0.00000e+00}
      ref-p[    2]={ 0.00000e+00,  0.00000e+00,  0.00000e+00}
   refcoord-scaling               = No
   posres-com (3):
      posres-com[0]= 0.00000e+00
      posres-com[1]= 0.00000e+00
      posres-com[2]= 0.00000e+00
   posres-comB (3):
      posres-comB[0]= 0.00000e+00
      posres-comB[1]= 0.00000e+00
      posres-comB[2]= 0.00000e+00
   QMMM                           = false
   QMconstraints                  = 0
   QMMMscheme                     = 0
   MMChargeScaleFactor            = 1
qm-opts:
   ngQM                           = 0
   constraint-algorithm           = Lincs
   continuation                   = false
   Shake-SOR                      = false
   shake-tol                      = 0.0001
   lincs-order                    = 4
   lincs-iter                     = 1
   lincs-warnangle                = 30
   nwall                          = 0
   wall-type                      = 9-3
   wall-r-linpot                  = -1
   wall-atomtype[0]               = -1
   wall-atomtype[1]               = -1
   wall-density[0]                = 0
   wall-density[1]                = 0
   wall-ewald-zfac                = 3
   pull                           = false
   awh                            = false
   rotation                       = false
   interactiveMD                  = false
   disre                          = No
   disre-weighting                = Conservative
   disre-mixed                    = false
   dr-fc                          = 1000
   dr-tau                         = 0
   nstdisreout                    = 100
   orire-fc                       = 0
   orire-tau                      = 0
   nstorireout                    = 100
   free-energy                    = no
   cos-acceleration               = 0
   deform (3x3):
      deform[    0]={ 0.00000e+00,  0.00000e+00,  0.00000e+00}
      deform[    1]={ 0.00000e+00,  0.00000e+00,  0.00000e+00}
      deform[    2]={ 0.00000e+00,  0.00000e+00,  0.00000e+00}
   simulated-tempering            = false
   swapcoords                     = no
   userint1                       = 0
   userint2                       = 0
   userint3                       = 0
   userint4                       = 0
   userreal1                      = 0
   userreal2                      = 0
   userreal3                      = 0
   userreal4                      = 0
   applied-forces:
     electric-field:
       x:
         E0                       = 0
         omega                    = 0
         t0                       = 0
         sigma                    = 0
       y:
         E0                       = 0
         omega                    = 0
         t0                       = 0
         sigma                    = 0
       z:
         E0                       = 0
         omega                    = 0
         t0                       = 0
         sigma                    = 0
grpopts:
   nrdf:     5816.77     70869.2
   ref-t:         300         300
   tau-t:         0.1         0.1
annealing:          No          No
annealing-npoints:           0           0
   acc:	           0           0           0
   nfreeze:           N           N           N
   energygrp-flags[  0]: 0

Changing nstlist from 20 to 80, rlist from 1.221 to 1.323


Initializing Domain Decomposition on 28 ranks
Dynamic load balancing: locked
Initial maximum inter charge-group distances:
    two-body bonded interactions: 0.402 nm, LJ-14, atoms 376 385
  multi-body bonded interactions: 0.489 nm, CMAP Dih., atoms 465 481
Minimum cell size due to bonded interactions: 0.538 nm
Maximum distance for 5 constraints, at 120 deg. angles, all-trans: 0.222 nm
Estimated maximum distance required for P-LINCS: 0.222 nm
Guess for relative PME load: 0.13
Will use 24 particle-particle and 4 PME only ranks
This is a guess, check the performance at the end of the log file
Using 4 separate PME ranks, as guessed by mdrun
Scaling the initial minimum size with 1/0.8 (option -dds) = 1.25
Optimizing the DD grid for 24 cells with a minimum initial size of 0.673 nm
The maximum allowed number of cells is: X 10 Y 10 Z 10
Domain decomposition grid 4 x 3 x 2, separate PME ranks 4
PME domain decomposition: 4 x 1 x 1
Interleaving PP and PME ranks
This rank does only particle-particle work.

Domain decomposition rank 0, coordinates 0 0 0

The initial number of communication pulses is: X 1 Y 1 Z 1
The initial domain decomposition cell size is: X 1.82 nm Y 2.43 nm Z 3.65 nm

The maximum allowed distance for charge groups involved in interactions is:
                 non-bonded interactions           1.323 nm
            two-body bonded interactions  (-rdd)   1.323 nm
          multi-body bonded interactions  (-rdd)   1.323 nm
  atoms separated by up to 5 constraints  (-rcon)  1.823 nm

When dynamic load balancing gets turned on, these settings will change to:
The maximum number of communication pulses is: X 1 Y 1 Z 1
The minimum size for domain decomposition cells is 1.323 nm
The requested allowed shrink of DD cells (option -dds) is: 0.80
The allowed shrink of domain decomposition cells is: X 0.73 Y 0.54 Z 0.36
The maximum allowed distance for charge groups involved in interactions is:
                 non-bonded interactions           1.323 nm
            two-body bonded interactions  (-rdd)   1.323 nm
          multi-body bonded interactions  (-rdd)   1.323 nm
  atoms separated by up to 5 constraints  (-rcon)  1.323 nm

Using 28 MPI threads
Using 1 OpenMP thread per tMPI thread

Pinning threads with an auto-selected logical core stride of 1
System total charge: 0.000
Will do PME sum in reciprocal space for electrostatic interactions.

++++ PLEASE READ AND CITE THE FOLLOWING REFERENCE ++++
U. Essmann, L. Perera, M. L. Berkowitz, T. Darden, H. Lee and L. G. Pedersen 
A smooth particle mesh Ewald method
J. Chem. Phys. 103 (1995) pp. 8577-8592
-------- -------- --- Thank You --- -------- --------

Using a Gaussian width (1/beta) of 0.384195 nm for Ewald
Potential shift: LJ r^-12: -2.648e-01 r^-6: -5.349e-01, Ewald -8.333e-06
Initialized non-bonded Ewald correction tables, spacing: 1.02e-03 size: 1176

Generated table with 1161 data points for 1-4 COUL.
Tabscale = 500 points/nm
Generated table with 1161 data points for 1-4 LJ6.
Tabscale = 500 points/nm
Generated table with 1161 data points for 1-4 LJ12.
Tabscale = 500 points/nm

Using SIMD 4x8 nonbonded short-range kernels

Using a dual 4x8 pair-list setup updated with dynamic pruning:
  outer list: updated every 80 steps, buffer 0.123 nm, rlist 1.323 nm
  inner list: updated every 13 steps, buffer 0.001 nm, rlist 1.201 nm
At tolerance 0.005 kJ/mol/ps per atom, equivalent classical 1x1 list would be:
  outer list: updated every 80 steps, buffer 0.272 nm, rlist 1.472 nm
  inner list: updated every 13 steps, buffer 0.051 nm, rlist 1.251 nm

Removing pbc first time

Initializing Parallel LINear Constraint Solver

++++ PLEASE READ AND CITE THE FOLLOWING REFERENCE ++++
B. Hess
P-LINCS: A Parallel Linear Constraint Solver for molecular simulation
J. Chem. Theory Comput. 4 (2008) pp. 116-122
-------- -------- --- Thank You --- -------- --------

The number of constraints is 1164
There are inter charge-group constraints,
will communicate selected coordinates each lincs iteration

++++ PLEASE READ AND CITE THE FOLLOWING REFERENCE ++++
S. Miyamoto and P. A. Kollman
SETTLE: An Analytical Version of the SHAKE and RATTLE Algorithms for Rigid
Water Models
J. Comp. Chem. 13 (1992) pp. 952-962
-------- -------- --- Thank You --- -------- --------


Linking all bonded interactions to atoms


Intra-simulation communication will occur every 20 steps.
Center of mass motion removal mode is Linear
We have the following groups for center of mass motion removal:
  0:  rest

++++ PLEASE READ AND CITE THE FOLLOWING REFERENCE ++++
G. Bussi, D. Donadio and M. Parrinello
Canonical sampling through velocity rescaling
J. Chem. Phys. 126 (2007) pp. 014101
-------- -------- --- Thank You --- -------- --------

There are: 37760 Atoms
Atom distribution over 24 domains: av 1573 stddev 47 min 1512 max 1641

Constraining the starting coordinates (step 0)

Constraining the coordinates at t0-dt (step 0)
RMS relative constraint deviation after constraining: 0.00e+00
Initial temperature: 298.207 K

Started mdrun on rank 0 Thu Sep 26 14:58:47 2024
           Step           Time
              0        0.00000

   Energies (kJ/mol)
           Bond            U-B    Proper Dih.  Improper Dih.      CMAP Dih.
    5.32887e+02    1.68823e+03    5.23478e+03    7.60009e+01   -3.89709e+02
          LJ-14     Coulomb-14        LJ (SR)   Coulomb (SR)   Coul. recip.
    1.67741e+03    3.21400e+04    8.11946e+04   -6.67132e+05    2.96727e+03
 Position Rest.      Potential    Kinetic En.   Total Energy  Conserved En.
    1.20210e-03   -5.42011e+05    9.52700e+04   -4.46741e+05   -4.46741e+05
    Temperature Pressure (bar)   Constr. rmsd
    2.98838e+02   -2.37019e+03    2.80727e-06

DD  step 79 load imb.: force 20.7%  pme mesh/force 0.651


step 160 Turning on dynamic load balancing, because the performance loss due to load imbalance is 14.9 %.

           Step           Time
            500        1.00000

   Energies (kJ/mol)
           Bond            U-B    Proper Dih.  Improper Dih.      CMAP Dih.
    1.81064e+03    4.90160e+03    5.76105e+03    2.76251e+02   -3.95446e+02
          LJ-14     Coulomb-14        LJ (SR)   Coulomb (SR)   Coul. recip.
    1.92066e+03    3.19156e+04    8.04418e+04   -6.25572e+05    1.82014e+03
 Position Rest.      Potential    Kinetic En.   Total Energy  Conserved En.
    7.34455e+02   -4.96386e+05    9.51225e+04   -4.01263e+05   -4.45959e+05
    Temperature Pressure (bar)   Constr. rmsd
    2.98375e+02    7.14081e+01    2.73371e-06

           Step           Time
           1000        2.00000

   Energies (kJ/mol)
           Bond            U-B    Proper Dih.  Improper Dih.      CMAP Dih.
    1.83328e+03    5.05524e+03    5.70853e+03    3.04795e+02   -3.69860e+02
          LJ-14     Coulomb-14        LJ (SR)   Coulomb (SR)   Coul. recip.
    1.78154e+03    3.22483e+04    7.91945e+04   -6.24348e+05    1.84162e+03
 Position Rest.      Potential    Kinetic En.   Total Energy  Conserved En.
    6.22459e+02   -4.96128e+05    9.56421e+04   -4.00486e+05   -4.45944e+05
    Temperature Pressure (bar)   Constr. rmsd
    3.00005e+02   -5.09196e+02    2.74682e-06

           Step           Time
           1500        3.00000

   Energies (kJ/mol)
           Bond            U-B    Proper Dih.  Improper Dih.      CMAP Dih.
    1.90604e+03    5.07880e+03    5.65804e+03    2.64228e+02   -3.50247e+02
          LJ-14     Coulomb-14        LJ (SR)   Coulomb (SR)   Coul. recip.
    1.76231e+03    3.19720e+04    8.05873e+04   -6.26874e+05    1.82935e+03
 Position Rest.      Potential    Kinetic En.   Total Energy  Conserved En.
    6.22388e+02   -4.97544e+05    9.63417e+04   -4.01202e+05   -4.45939e+05
    Temperature Pressure (bar)   Constr. rmsd
    3.02200e+02   -1.30779e+01    2.79775e-06

DD  step 1999  vol min/aver 0.805  load imb.: force  3.1%  pme mesh/force 0.663

           Step           Time
           2000        4.00000

   Energies (kJ/mol)
           Bond            U-B    Proper Dih.  Improper Dih.      CMAP Dih.
    1.74773e+03    5.27275e+03    5.75466e+03    2.65919e+02   -3.65374e+02
          LJ-14     Coulomb-14        LJ (SR)   Coulomb (SR)   Coul. recip.
    1.79092e+03    3.19447e+04    8.03885e+04   -6.26812e+05    1.81770e+03
 Position Rest.      Potential    Kinetic En.   Total Energy  Conserved En.
    6.34911e+02   -4.97560e+05    9.53089e+04   -4.02251e+05   -4.45934e+05
    Temperature Pressure (bar)   Constr. rmsd
    2.98960e+02   -3.58825e+02    2.78788e-06

           Step           Time
           2500        5.00000

   Energies (kJ/mol)
           Bond            U-B    Proper Dih.  Improper Dih.      CMAP Dih.
    1.85034e+03    5.27260e+03    5.68943e+03    3.27141e+02   -3.52892e+02
          LJ-14     Coulomb-14        LJ (SR)   Coulomb (SR)   Coul. recip.
    1.77187e+03    3.19823e+04    8.02350e+04   -6.26077e+05    1.82407e+03
 Position Rest.      Potential    Kinetic En.   Total Energy  Conserved En.
    5.60554e+02   -4.96916e+05    9.45048e+04   -4.02412e+05   -4.45917e+05
    Temperature Pressure (bar)   Constr. rmsd
    2.96438e+02   -2.22830e+02    2.80036e-06

           Step           Time
           3000        6.00000

   Energies (kJ/mol)
           Bond            U-B    Proper Dih.  Improper Dih.      CMAP Dih.
    1.67685e+03    5.13603e+03    5.68934e+03    2.63161e+02   -4.23407e+02
          LJ-14     Coulomb-14        LJ (SR)   Coulomb (SR)   Coul. recip.
    1.80189e+03    3.19961e+04    7.95808e+04   -6.25346e+05    1.77756e+03
 Position Rest.      Potential    Kinetic En.   Total Energy  Conserved En.
    6.37118e+02   -4.97211e+05    9.54091e+04   -4.01802e+05   -4.45929e+05
    Temperature Pressure (bar)   Constr. rmsd
    2.99274e+02    2.62564e+01    2.89014e-06

           Step           Time
           3500        7.00000

   Energies (kJ/mol)
           Bond            U-B    Proper Dih.  Improper Dih.      CMAP Dih.
    1.94072e+03    4.95266e+03    5.76331e+03    3.27225e+02   -4.22024e+02
          LJ-14     Coulomb-14        LJ (SR)   Coulomb (SR)   Coul. recip.
    1.85849e+03    3.19714e+04    7.88297e+04   -6.24387e+05    1.87057e+03
 Position Rest.      Potential    Kinetic En.   Total Energy  Conserved En.
    5.84403e+02   -4.96710e+05    9.49350e+04   -4.01775e+05   -4.45920e+05
    Temperature Pressure (bar)   Constr. rmsd
    2.97787e+02   -2.62583e+02    3.05964e-06

DD  step 3999  vol min/aver 0.807  load imb.: force  2.2%  pme mesh/force 0.672

           Step           Time
           4000        8.00000

   Energies (kJ/mol)
           Bond            U-B    Proper Dih.  Improper Dih.      CMAP Dih.
    1.80857e+03    5.21704e+03    5.72866e+03    3.20370e+02   -4.31595e+02
          LJ-14     Coulomb-14        LJ (SR)   Coulomb (SR)   Coul. recip.
    1.82886e+03    3.20440e+04    7.96675e+04   -6.24915e+05    1.77526e+03
 Position Rest.      Potential    Kinetic En.   Total Energy  Conserved En.
    5.90666e+02   -4.96365e+05    9.61091e+04   -4.00256e+05   -4.45931e+05
    Temperature Pressure (bar)   Constr. rmsd
    3.01470e+02   -2.93017e+02    3.11041e-06

           Step           Time
           4500        9.00000

   Energies (kJ/mol)
           Bond            U-B    Proper Dih.  Improper Dih.      CMAP Dih.
    1.78147e+03    5.11672e+03    5.73470e+03    3.02529e+02   -3.93516e+02
          LJ-14     Coulomb-14        LJ (SR)   Coulomb (SR)   Coul. recip.
    1.80054e+03    3.19797e+04    7.83369e+04   -6.24716e+05    1.79504e+03
 Position Rest.      Potential    Kinetic En.   Total Energy  Conserved En.
    5.68143e+02   -4.97694e+05    9.55198e+04   -4.02174e+05   -4.45934e+05
    Temperature Pressure (bar)   Constr. rmsd
    2.99622e+02   -5.31562e+02    2.83014e-06

           Step           Time
           5000       10.00000

   Energies (kJ/mol)
           Bond            U-B    Proper Dih.  Improper Dih.      CMAP Dih.
    1.79943e+03    5.01906e+03    5.68339e+03    2.98458e+02   -3.32951e+02
          LJ-14     Coulomb-14        LJ (SR)   Coulomb (SR)   Coul. recip.
    1.72869e+03    3.20544e+04    8.13053e+04   -6.27541e+05    1.83666e+03
 Position Rest.      Potential    Kinetic En.   Total Energy  Conserved En.
    5.94667e+02   -4.97554e+05    9.52342e+04   -4.02320e+05   -4.45914e+05
    Temperature Pressure (bar)   Constr. rmsd
    2.98726e+02   -4.01570e+01    3.01383e-06

           Step           Time
           5500       11.00000

   Energies (kJ/mol)
           Bond            U-B    Proper Dih.  Improper Dih.      CMAP Dih.
    1.84753e+03    5.18615e+03    5.71226e+03    2.95828e+02   -4.14271e+02
          LJ-14     Coulomb-14        LJ (SR)   Coulomb (SR)   Coul. recip.
    1.86788e+03    3.20618e+04    7.97899e+04   -6.25778e+05    1.82549e+03
 Position Rest.      Potential    Kinetic En.   Total Energy  Conserved En.
    6.14036e+02   -4.96992e+05    9.56779e+04   -4.01314e+05   -4.45921e+05
    Temperature Pressure (bar)   Constr. rmsd
    3.00118e+02    2.06248e+01    2.95318e-06

DD  step 5999  vol min/aver 0.803  load imb.: force  2.0%  pme mesh/force 0.687

           Step           Time
           6000       12.00000

   Energies (kJ/mol)
           Bond            U-B    Proper Dih.  Improper Dih.      CMAP Dih.
    1.89703e+03    4.98045e+03    5.64834e+03    3.14890e+02   -4.32525e+02
          LJ-14     Coulomb-14        LJ (SR)   Coulomb (SR)   Coul. recip.
    1.76958e+03    3.19088e+04    7.99136e+04   -6.25217e+05    1.82774e+03
 Position Rest.      Potential    Kinetic En.   Total Energy  Conserved En.
    6.05461e+02   -4.96784e+05    9.48875e+04   -4.01896e+05   -4.45904e+05
    Temperature Pressure (bar)   Constr. rmsd
    2.97638e+02   -2.20544e+02    2.73198e-06

           Step           Time
           6500       13.00000

   Energies (kJ/mol)
           Bond            U-B    Proper Dih.  Improper Dih.      CMAP Dih.
    1.88249e+03    5.15602e+03    5.72923e+03    2.93428e+02   -3.69209e+02
          LJ-14     Coulomb-14        LJ (SR)   Coulomb (SR)   Coul. recip.
    1.78439e+03    3.18585e+04    8.09347e+04   -6.27267e+05    1.81310e+03
 Position Rest.      Potential    Kinetic En.   Total Energy  Conserved En.
    6.16321e+02   -4.97568e+05    9.47249e+04   -4.02843e+05   -4.45890e+05
    Temperature Pressure (bar)   Constr. rmsd
    2.97128e+02    1.38436e+02    3.02341e-06

           Step           Time
           7000       14.00000

   Energies (kJ/mol)
           Bond            U-B    Proper Dih.  Improper Dih.      CMAP Dih.
    1.85555e+03    5.22423e+03    5.60394e+03    2.63031e+02   -3.54795e+02
          LJ-14     Coulomb-14        LJ (SR)   Coulomb (SR)   Coul. recip.
    1.82126e+03    3.18041e+04    7.99146e+04   -6.27017e+05    1.76821e+03
 Position Rest.      Potential    Kinetic En.   Total Energy  Conserved En.
    5.86876e+02   -4.98530e+05    9.64018e+04   -4.02128e+05   -4.45914e+05
    Temperature Pressure (bar)   Constr. rmsd
    3.02388e+02   -2.22529e+02    2.87469e-06

           Step           Time
           7500       15.00000

   Energies (kJ/mol)
           Bond            U-B    Proper Dih.  Improper Dih.      CMAP Dih.
    1.86589e+03    5.20393e+03    5.71033e+03    3.00755e+02   -3.48267e+02
          LJ-14     Coulomb-14        LJ (SR)   Coulomb (SR)   Coul. recip.
    1.80210e+03    3.18158e+04    8.03509e+04   -6.26344e+05    1.83424e+03
 Position Rest.      Potential    Kinetic En.   Total Energy  Conserved En.
    5.85944e+02   -4.97222e+05    9.51429e+04   -4.02079e+05   -4.45912e+05
    Temperature Pressure (bar)   Constr. rmsd
    2.98439e+02   -2.40524e+02    2.91681e-06

DD  step 7999  vol min/aver 0.804  load imb.: force  2.9%  pme mesh/force 0.666

           Step           Time
           8000       16.00000

   Energies (kJ/mol)
           Bond            U-B    Proper Dih.  Improper Dih.      CMAP Dih.
    1.90057e+03    4.99661e+03    5.71457e+03    2.79765e+02   -3.63725e+02
          LJ-14     Coulomb-14        LJ (SR)   Coulomb (SR)   Coul. recip.
    1.79960e+03    3.20898e+04    7.96345e+04   -6.26331e+05    1.82778e+03
 Position Rest.      Potential    Kinetic En.   Total Energy  Conserved En.
    6.01148e+02   -4.97850e+05    9.51368e+04   -4.02713e+05   -4.45888e+05
    Temperature Pressure (bar)   Constr. rmsd
    2.98420e+02   -4.76794e+02    2.81188e-06

           Step           Time
           8500       17.00000

   Energies (kJ/mol)
           Bond            U-B    Proper Dih.  Improper Dih.      CMAP Dih.
    1.90335e+03    5.06572e+03    5.67263e+03    3.05307e+02   -3.75009e+02
          LJ-14     Coulomb-14        LJ (SR)   Coulomb (SR)   Coul. recip.
    1.79804e+03    3.21173e+04    8.06302e+04   -6.27915e+05    1.83355e+03
 Position Rest.      Potential    Kinetic En.   Total Energy  Conserved En.
    6.09710e+02   -4.98354e+05    9.45543e+04   -4.03800e+05   -4.45880e+05
    Temperature Pressure (bar)   Constr. rmsd
    2.96593e+02   -2.43720e+02    2.57634e-06

           Step           Time
           9000       18.00000

   Energies (kJ/mol)
           Bond            U-B    Proper Dih.  Improper Dih.      CMAP Dih.
    1.84129e+03    5.09390e+03    5.68734e+03    3.05742e+02   -3.46316e+02
          LJ-14     Coulomb-14        LJ (SR)   Coulomb (SR)   Coul. recip.
    1.82388e+03    3.22061e+04    8.08044e+04   -6.25689e+05    1.79930e+03
 Position Rest.      Potential    Kinetic En.   Total Energy  Conserved En.
    6.20758e+02   -4.95853e+05    9.56479e+04   -4.00205e+05   -4.45875e+05
    Temperature Pressure (bar)   Constr. rmsd
    3.00023e+02   -8.28837e+01    2.81344e-06

           Step           Time
           9500       19.00000

   Energies (kJ/mol)
           Bond            U-B    Proper Dih.  Improper Dih.      CMAP Dih.
    1.83293e+03    5.04444e+03    5.65990e+03    2.66786e+02   -3.53307e+02
          LJ-14     Coulomb-14        LJ (SR)   Coulomb (SR)   Coul. recip.
    1.78930e+03    3.18980e+04    7.97233e+04   -6.25886e+05    1.85110e+03
 Position Rest.      Potential    Kinetic En.   Total Energy  Conserved En.
    5.98219e+02   -4.97575e+05    9.49423e+04   -4.02633e+05   -4.45886e+05
    Temperature Pressure (bar)   Constr. rmsd
    2.97810e+02   -1.85505e+02    2.58186e-06

DD  step 9999  vol min/aver 0.801  load imb.: force  2.7%  pme mesh/force 0.666

           Step           Time
          10000       20.00000

   Energies (kJ/mol)
           Bond            U-B    Proper Dih.  Improper Dih.      CMAP Dih.
    1.83742e+03    5.24904e+03    5.70035e+03    3.09925e+02   -3.73336e+02
          LJ-14     Coulomb-14        LJ (SR)   Coulomb (SR)   Coul. recip.
    1.81456e+03    3.19858e+04    7.96315e+04   -6.25927e+05    1.79962e+03
 Position Rest.      Potential    Kinetic En.   Total Energy  Conserved En.
    5.95407e+02   -4.97376e+05    9.52970e+04   -4.02079e+05   -4.45866e+05
    Temperature Pressure (bar)   Constr. rmsd
    2.98923e+02   -2.54906e+02    2.79752e-06

           Step           Time
          10500       21.00000

   Energies (kJ/mol)
           Bond            U-B    Proper Dih.  Improper Dih.      CMAP Dih.
    1.88977e+03    5.12524e+03    5.64155e+03    3.53992e+02   -3.38125e+02
          LJ-14     Coulomb-14        LJ (SR)   Coulomb (SR)   Coul. recip.
    1.79035e+03    3.20569e+04    7.95724e+04   -6.26455e+05    1.81841e+03
 Position Rest.      Potential    Kinetic En.   Total Energy  Conserved En.
    6.02040e+02   -4.97943e+05    9.51558e+04   -4.02787e+05   -4.45865e+05
    Temperature Pressure (bar)   Constr. rmsd
    2.98480e+02   -4.57912e+02    2.68593e-06

           Step           Time
          11000       22.00000

   Energies (kJ/mol)
           Bond            U-B    Proper Dih.  Improper Dih.      CMAP Dih.
    1.85695e+03    5.19497e+03    5.74195e+03    3.36064e+02   -3.50012e+02
          LJ-14     Coulomb-14        LJ (SR)   Coulomb (SR)   Coul. recip.
    1.77928e+03    3.20561e+04    8.03738e+04   -6.26328e+05    1.91781e+03
 Position Rest.      Potential    Kinetic En.   Total Energy  Conserved En.
    5.96731e+02   -4.96824e+05    9.65456e+04   -4.00279e+05   -4.45886e+05
    Temperature Pressure (bar)   Constr. rmsd
    3.02839e+02   -2.87173e+02    3.12652e-06

           Step           Time
          11500       23.00000

   Energies (kJ/mol)
           Bond            U-B    Proper Dih.  Improper Dih.      CMAP Dih.
    1.79570e+03    5.11820e+03    5.66311e+03    2.60065e+02   -3.84800e+02
          LJ-14     Coulomb-14        LJ (SR)   Coulomb (SR)   Coul. recip.
    1.81705e+03    3.22796e+04    7.93415e+04   -6.24806e+05    1.84750e+03
 Position Rest.      Potential    Kinetic En.   Total Energy  Conserved En.
    5.52608e+02   -4.96516e+05    9.55535e+04   -4.00962e+05   -4.45879e+05
    Temperature Pressure (bar)   Constr. rmsd
    2.99727e+02   -3.29981e+02    2.71875e-06

DD  step 11999  vol min/aver 0.782  load imb.: force  1.8%  pme mesh/force 0.676

           Step           Time
          12000       24.00000

   Energies (kJ/mol)
           Bond            U-B    Proper Dih.  Improper Dih.      CMAP Dih.
    1.88553e+03    5.32390e+03    5.68248e+03    3.06798e+02   -3.57118e+02
          LJ-14     Coulomb-14        LJ (SR)   Coulomb (SR)   Coul. recip.
    1.77601e+03    3.19820e+04    7.84372e+04   -6.23712e+05    1.88762e+03
 Position Rest.      Potential    Kinetic En.   Total Energy  Conserved En.
    5.77862e+02   -4.96210e+05    9.62320e+04   -3.99978e+05   -4.45875e+05
    Temperature Pressure (bar)   Constr. rmsd
    3.01856e+02   -5.80588e+02    2.75954e-06

           Step           Time
          12500       25.00000

   Energies (kJ/mol)
           Bond            U-B    Proper Dih.  Improper Dih.      CMAP Dih.
    1.92230e+03    5.21135e+03    5.72089e+03    2.65178e+02   -4.10243e+02
          LJ-14     Coulomb-14        LJ (SR)   Coulomb (SR)   Coul. recip.
    1.78270e+03    3.19452e+04    8.00612e+04   -6.26213e+05    1.88269e+03
 Position Rest.      Potential    Kinetic En.   Total Energy  Conserved En.
    5.90522e+02   -4.97241e+05    9.61946e+04   -4.01046e+05   -4.45856e+05
    Temperature Pressure (bar)   Constr. rmsd
    3.01738e+02   -2.08689e+02    3.03551e-06

           Step           Time
          13000       26.00000

   Energies (kJ/mol)
           Bond            U-B    Proper Dih.  Improper Dih.      CMAP Dih.
    1.99487e+03    5.10153e+03    5.68892e+03    3.39092e+02   -3.91129e+02
          LJ-14     Coulomb-14        LJ (SR)   Coulomb (SR)   Coul. recip.
    1.72084e+03    3.22233e+04    7.96700e+04   -6.25998e+05    1.80665e+03
 Position Rest.      Potential    Kinetic En.   Total Energy  Conserved En.
    5.61329e+02   -4.97283e+05    9.55804e+04   -4.01702e+05   -4.45854e+05
    Temperature Pressure (bar)   Constr. rmsd
    2.99812e+02    7.24527e+01    2.99263e-06

           Step           Time
          13500       27.00000

   Energies (kJ/mol)
           Bond            U-B    Proper Dih.  Improper Dih.      CMAP Dih.
    1.79003e+03    5.08312e+03    5.62570e+03    3.00913e+02   -3.68392e+02
          LJ-14     Coulomb-14        LJ (SR)   Coulomb (SR)   Coul. recip.
    1.84632e+03    3.22187e+04    8.02971e+04   -6.27049e+05    1.85694e+03
 Position Rest.      Potential    Kinetic En.   Total Energy  Conserved En.
    5.76814e+02   -4.97822e+05    9.48738e+04   -4.02948e+05   -4.45864e+05
    Temperature Pressure (bar)   Constr. rmsd
    2.97595e+02   -3.13069e+02    2.54162e-06

DD  step 13999  vol min/aver 0.820  load imb.: force  1.6%  pme mesh/force 0.680

           Step           Time
          14000       28.00000

   Energies (kJ/mol)
           Bond            U-B    Proper Dih.  Improper Dih.      CMAP Dih.
    1.93986e+03    5.28280e+03    5.71333e+03    2.66125e+02   -3.45576e+02
          LJ-14     Coulomb-14        LJ (SR)   Coulomb (SR)   Coul. recip.
    1.75867e+03    3.20177e+04    7.94061e+04   -6.24639e+05    1.86444e+03
 Position Rest.      Potential    Kinetic En.   Total Energy  Conserved En.
    5.89433e+02   -4.96146e+05    9.57431e+04   -4.00403e+05   -4.45822e+05
    Temperature Pressure (bar)   Constr. rmsd
    3.00322e+02   -1.54294e+01    2.78758e-06

           Step           Time
          14500       29.00000

   Energies (kJ/mol)
           Bond            U-B    Proper Dih.  Improper Dih.      CMAP Dih.
    1.86792e+03    5.01688e+03    5.62893e+03    2.85787e+02   -3.83792e+02
          LJ-14     Coulomb-14        LJ (SR)   Coulomb (SR)   Coul. recip.
    1.78316e+03    3.21206e+04    8.04718e+04   -6.26442e+05    1.81710e+03
 Position Rest.      Potential    Kinetic En.   Total Energy  Conserved En.
    5.84200e+02   -4.97250e+05    9.52519e+04   -4.01998e+05   -4.45852e+05
    Temperature Pressure (bar)   Constr. rmsd
    2.98781e+02   -5.75457e+01    3.07660e-06

           Step           Time
          15000       30.00000

   Energies (kJ/mol)
           Bond            U-B    Proper Dih.  Improper Dih.      CMAP Dih.
    1.93579e+03    5.02117e+03    5.63053e+03    2.77117e+02   -3.61397e+02
          LJ-14     Coulomb-14        LJ (SR)   Coulomb (SR)   Coul. recip.
    1.80211e+03    3.20818e+04    8.02781e+04   -6.26195e+05    1.83842e+03
 Position Rest.      Potential    Kinetic En.   Total Energy  Conserved En.
    5.77059e+02   -4.97114e+05    9.53713e+04   -4.01743e+05   -4.45849e+05
    Temperature Pressure (bar)   Constr. rmsd
    2.99156e+02   -4.98306e+01    3.11348e-06

           Step           Time
          15500       31.00000

   Energies (kJ/mol)
           Bond            U-B    Proper Dih.  Improper Dih.      CMAP Dih.
    1.96589e+03    5.03979e+03    5.67328e+03    2.84994e+02   -3.60718e+02
          LJ-14     Coulomb-14        LJ (SR)   Coulomb (SR)   Coul. recip.
    1.79960e+03    3.20312e+04    8.01857e+04   -6.25659e+05    1.81144e+03
 Position Rest.      Potential    Kinetic En.   Total Energy  Conserved En.
    5.97400e+02   -4.96631e+05    9.57645e+04   -4.00866e+05   -4.45834e+05
    Temperature Pressure (bar)   Constr. rmsd
    3.00389e+02   -1.04554e+02    2.61665e-06

DD  step 15999  vol min/aver 0.803  load imb.: force  2.7%  pme mesh/force 0.689

           Step           Time
          16000       32.00000

   Energies (kJ/mol)
           Bond            U-B    Proper Dih.  Improper Dih.      CMAP Dih.
    1.90023e+03    5.15049e+03    5.59526e+03    3.53155e+02   -3.73286e+02
          LJ-14     Coulomb-14        LJ (SR)   Coulomb (SR)   Coul. recip.
    1.83316e+03    3.20685e+04    7.95591e+04   -6.25922e+05    1.83401e+03
 Position Rest.      Potential    Kinetic En.   Total Energy  Conserved En.
    6.30392e+02   -4.97371e+05    9.50414e+04   -4.02329e+05   -4.45825e+05
    Temperature Pressure (bar)   Constr. rmsd
    2.98121e+02   -2.90699e+02    2.93485e-06

           Step           Time
          16500       33.00000

   Energies (kJ/mol)
           Bond            U-B    Proper Dih.  Improper Dih.      CMAP Dih.
    2.00212e+03    5.20841e+03    5.67166e+03    3.43210e+02   -4.45764e+02
          LJ-14     Coulomb-14        LJ (SR)   Coulomb (SR)   Coul. recip.
    1.79051e+03    3.20249e+04    8.10239e+04   -6.28123e+05    1.85617e+03
 Position Rest.      Potential    Kinetic En.   Total Energy  Conserved En.
    6.30457e+02   -4.98017e+05    9.59995e+04   -4.02018e+05   -4.45834e+05
    Temperature Pressure (bar)   Constr. rmsd
    3.01126e+02   -3.22046e+02    3.03281e-06

           Step           Time
          17000       34.00000

   Energies (kJ/mol)
           Bond            U-B    Proper Dih.  Improper Dih.      CMAP Dih.
    1.84178e+03    5.10829e+03    5.67634e+03    2.66370e+02   -3.55013e+02
          LJ-14     Coulomb-14        LJ (SR)   Coulomb (SR)   Coul. recip.
    1.79503e+03    3.22122e+04    8.01665e+04   -6.26880e+05    1.80644e+03
 Position Rest.      Potential    Kinetic En.   Total Energy  Conserved En.
    5.56327e+02   -4.97806e+05    9.59861e+04   -4.01820e+05   -4.45845e+05
    Temperature Pressure (bar)   Constr. rmsd
    3.01084e+02   -1.42297e+02    3.50442e-06

           Step           Time
          17500       35.00000

   Energies (kJ/mol)
           Bond            U-B    Proper Dih.  Improper Dih.      CMAP Dih.
    2.00261e+03    5.21588e+03    5.69454e+03    3.45931e+02   -3.51790e+02
          LJ-14     Coulomb-14        LJ (SR)   Coulomb (SR)   Coul. recip.
    1.80089e+03    3.17254e+04    7.96546e+04   -6.24272e+05    1.78906e+03
 Position Rest.      Potential    Kinetic En.   Total Energy  Conserved En.
    6.71173e+02   -4.95723e+05    9.51575e+04   -4.00566e+05   -4.45832e+05
    Temperature Pressure (bar)   Constr. rmsd
    2.98485e+02   -3.33687e+02    2.59703e-06

DD  step 17999  vol min/aver 0.804  load imb.: force  2.2%  pme mesh/force 0.675

           Step           Time
          18000       36.00000

   Energies (kJ/mol)
           Bond            U-B    Proper Dih.  Improper Dih.      CMAP Dih.
    1.96157e+03    5.17604e+03    5.67039e+03    2.84940e+02   -3.87315e+02
          LJ-14     Coulomb-14        LJ (SR)   Coulomb (SR)   Coul. recip.
    1.78979e+03    3.19766e+04    8.01921e+04   -6.26432e+05    1.79234e+03
 Position Rest.      Potential    Kinetic En.   Total Energy  Conserved En.
    5.89041e+02   -4.97387e+05    9.67839e+04   -4.00603e+05   -4.45834e+05
    Temperature Pressure (bar)   Constr. rmsd
    3.03587e+02   -9.29979e+01    2.50850e-06

           Step           Time
          18500       37.00000

   Energies (kJ/mol)
           Bond            U-B    Proper Dih.  Improper Dih.      CMAP Dih.
    1.79851e+03    5.27808e+03    5.71553e+03    3.23217e+02   -3.79865e+02
          LJ-14     Coulomb-14        LJ (SR)   Coulomb (SR)   Coul. recip.
    1.77031e+03    3.18903e+04    8.06292e+04   -6.27463e+05    1.87008e+03
 Position Rest.      Potential    Kinetic En.   Total Energy  Conserved En.
    5.80354e+02   -4.97987e+05    9.47248e+04   -4.03262e+05   -4.45812e+05
    Temperature Pressure (bar)   Constr. rmsd
    2.97128e+02   -3.03269e+02    3.07261e-06

           Step           Time
          19000       38.00000

   Energies (kJ/mol)
           Bond            U-B    Proper Dih.  Improper Dih.      CMAP Dih.
    1.77639e+03    5.02689e+03    5.76614e+03    3.29307e+02   -3.82723e+02
          LJ-14     Coulomb-14        LJ (SR)   Coulomb (SR)   Coul. recip.
    1.74179e+03    3.20621e+04    8.05812e+04   -6.27411e+05    1.86670e+03
 Position Rest.      Potential    Kinetic En.   Total Energy  Conserved En.
    6.77690e+02   -4.97966e+05    9.52612e+04   -4.02705e+05   -4.45841e+05
    Temperature Pressure (bar)   Constr. rmsd
    2.98811e+02    5.46655e+00    3.00205e-06

           Step           Time
          19500       39.00000

   Energies (kJ/mol)
           Bond            U-B    Proper Dih.  Improper Dih.      CMAP Dih.
    1.93847e+03    5.31826e+03    5.58400e+03    2.72774e+02   -3.98223e+02
          LJ-14     Coulomb-14        LJ (SR)   Coulomb (SR)   Coul. recip.
    1.73239e+03    3.19555e+04    7.99741e+04   -6.25914e+05    1.81384e+03
 Position Rest.      Potential    Kinetic En.   Total Energy  Conserved En.
    5.64158e+02   -4.97158e+05    9.58959e+04   -4.01263e+05   -4.45804e+05
    Temperature Pressure (bar)   Constr. rmsd
    3.00801e+02   -3.35544e+02    2.72139e-06

DD  step 19999  vol min/aver 0.799  load imb.: force  2.2%  pme mesh/force 0.680

           Step           Time
          20000       40.00000

   Energies (kJ/mol)
           Bond            U-B    Proper Dih.  Improper Dih.      CMAP Dih.
    1.86194e+03    5.05699e+03    5.67770e+03    2.80526e+02   -3.89966e+02
          LJ-14     Coulomb-14        LJ (SR)   Coulomb (SR)   Coul. recip.
    1.84535e+03    3.20393e+04    8.09593e+04   -6.27236e+05    1.84488e+03
 Position Rest.      Potential    Kinetic En.   Total Energy  Conserved En.
    6.26253e+02   -4.97434e+05    9.61842e+04   -4.01250e+05   -4.45818e+05
    Temperature Pressure (bar)   Constr. rmsd
    3.01706e+02    8.10936e+01    2.93375e-06

           Step           Time
          20500       41.00000

   Energies (kJ/mol)
           Bond            U-B    Proper Dih.  Improper Dih.      CMAP Dih.
    1.96780e+03    5.02532e+03    5.65661e+03    3.26152e+02   -4.17348e+02
          LJ-14     Coulomb-14        LJ (SR)   Coulomb (SR)   Coul. recip.
    1.81221e+03    3.20644e+04    8.09338e+04   -6.27067e+05    1.73934e+03
 Position Rest.      Potential    Kinetic En.   Total Energy  Conserved En.
    6.08013e+02   -4.97351e+05    9.47575e+04   -4.02594e+05   -4.45803e+05
    Temperature Pressure (bar)   Constr. rmsd
    2.97231e+02    4.86221e+02    3.02121e-06

           Step           Time
          21000       42.00000

   Energies (kJ/mol)
           Bond            U-B    Proper Dih.  Improper Dih.      CMAP Dih.
    1.80331e+03    5.19958e+03    5.70716e+03    2.82154e+02   -3.38812e+02
          LJ-14     Coulomb-14        LJ (SR)   Coulomb (SR)   Coul. recip.
    1.78736e+03    3.20941e+04    8.05144e+04   -6.26934e+05    1.79501e+03
 Position Rest.      Potential    Kinetic En.   Total Energy  Conserved En.
    5.86123e+02   -4.97504e+05    9.52325e+04   -4.02271e+05   -4.45811e+05
    Temperature Pressure (bar)   Constr. rmsd
    2.98721e+02   -1.54941e+02    2.62039e-06

           Step           Time
          21500       43.00000

   Energies (kJ/mol)
           Bond            U-B    Proper Dih.  Improper Dih.      CMAP Dih.
    1.81453e+03    5.24722e+03    5.58855e+03    3.17566e+02   -4.12307e+02
          LJ-14     Coulomb-14        LJ (SR)   Coulomb (SR)   Coul. recip.
    1.81610e+03    3.21793e+04    7.88178e+04   -6.24535e+05    1.83180e+03
 Position Rest.      Potential    Kinetic En.   Total Energy  Conserved En.
    5.75094e+02   -4.96759e+05    9.62504e+04   -4.00509e+05   -4.45800e+05
    Temperature Pressure (bar)   Constr. rmsd
    3.01913e+02   -1.23128e+02    3.03250e-06

DD  step 21999  vol min/aver 0.782  load imb.: force  4.0%  pme mesh/force 0.672

           Step           Time
          22000       44.00000

   Energies (kJ/mol)
           Bond            U-B    Proper Dih.  Improper Dih.      CMAP Dih.
    1.74855e+03    5.14085e+03    5.71345e+03    2.99641e+02   -3.83923e+02
          LJ-14     Coulomb-14        LJ (SR)   Coulomb (SR)   Coul. recip.
    1.81706e+03    3.18731e+04    8.12833e+04   -6.27303e+05    1.80136e+03
 Position Rest.      Potential    Kinetic En.   Total Energy  Conserved En.
    6.17620e+02   -4.97392e+05    9.48104e+04   -4.02582e+05   -4.45792e+05
    Temperature Pressure (bar)   Constr. rmsd
    2.97397e+02   -2.15825e+00    2.84826e-06

           Step           Time
          22500       45.00000

   Energies (kJ/mol)
           Bond            U-B    Proper Dih.  Improper Dih.      CMAP Dih.
    1.98839e+03    5.06034e+03    5.66691e+03    2.47065e+02   -3.85070e+02
          LJ-14     Coulomb-14        LJ (SR)   Coulomb (SR)   Coul. recip.
    1.77394e+03    3.20287e+04    8.07614e+04   -6.27050e+05    1.77043e+03
 Position Rest.      Potential    Kinetic En.   Total Energy  Conserved En.
    5.77059e+02   -4.97561e+05    9.58536e+04   -4.01708e+05   -4.45780e+05
    Temperature Pressure (bar)   Constr. rmsd
    3.00669e+02   -2.25737e+02    2.81833e-06

           Step           Time
          23000       46.00000

   Energies (kJ/mol)
           Bond            U-B    Proper Dih.  Improper Dih.      CMAP Dih.
    1.97983e+03    5.05430e+03    5.66145e+03    3.19238e+02   -3.81018e+02
          LJ-14     Coulomb-14        LJ (SR)   Coulomb (SR)   Coul. recip.
    1.76474e+03    3.20152e+04    7.92236e+04   -6.25467e+05    1.85029e+03
 Position Rest.      Potential    Kinetic En.   Total Energy  Conserved En.
    6.28097e+02   -4.97351e+05    9.54046e+04   -4.01946e+05   -4.45765e+05
    Temperature Pressure (bar)   Constr. rmsd
    2.99260e+02   -3.35934e+02    3.02029e-06

           Step           Time
          23500       47.00000

   Energies (kJ/mol)
           Bond            U-B    Proper Dih.  Improper Dih.      CMAP Dih.
    1.91412e+03    5.01282e+03    5.69669e+03    2.75799e+02   -3.13926e+02
          LJ-14     Coulomb-14        LJ (SR)   Coulomb (SR)   Coul. recip.
    1.83647e+03    3.20321e+04    8.08678e+04   -6.27089e+05    1.87886e+03
 Position Rest.      Potential    Kinetic En.   Total Energy  Conserved En.
    6.04077e+02   -4.97284e+05    9.59449e+04   -4.01339e+05   -4.45775e+05
    Temperature Pressure (bar)   Constr. rmsd
    3.00955e+02    5.91742e+01    2.93034e-06

DD  step 23999  vol min/aver 0.810  load imb.: force  4.3%  pme mesh/force 0.655

           Step           Time
          24000       48.00000

   Energies (kJ/mol)
           Bond            U-B    Proper Dih.  Improper Dih.      CMAP Dih.
    1.95896e+03    5.02828e+03    5.71785e+03    2.97591e+02   -4.07444e+02
          LJ-14     Coulomb-14        LJ (SR)   Coulomb (SR)   Coul. recip.
    1.73804e+03    3.18691e+04    8.00204e+04   -6.25963e+05    1.89334e+03
 Position Rest.      Potential    Kinetic En.   Total Energy  Conserved En.
    6.23457e+02   -4.97223e+05    9.54294e+04   -4.01794e+05   -4.45794e+05
    Temperature Pressure (bar)   Constr. rmsd
    2.99338e+02   -4.46243e+02    3.22868e-06

           Step           Time
          24500       49.00000

   Energies (kJ/mol)
           Bond            U-B    Proper Dih.  Improper Dih.      CMAP Dih.
    1.89764e+03    5.12324e+03    5.70420e+03    2.85365e+02   -3.68155e+02
          LJ-14     Coulomb-14        LJ (SR)   Coulomb (SR)   Coul. recip.
    1.79760e+03    3.19740e+04    8.08561e+04   -6.27127e+05    1.79481e+03
 Position Rest.      Potential    Kinetic En.   Total Energy  Conserved En.
    5.86394e+02   -4.97476e+05    9.58576e+04   -4.01618e+05   -4.45769e+05
    Temperature Pressure (bar)   Constr. rmsd
    3.00681e+02    2.36752e+02    2.96210e-06

           Step           Time
          25000       50.00000

   Energies (kJ/mol)
           Bond            U-B    Proper Dih.  Improper Dih.      CMAP Dih.
    1.80568e+03    5.19055e+03    5.67760e+03    3.10256e+02   -4.04000e+02
          LJ-14     Coulomb-14        LJ (SR)   Coulomb (SR)   Coul. recip.
    1.76937e+03    3.19528e+04    7.90225e+04   -6.24082e+05    1.78194e+03
 Position Rest.      Potential    Kinetic En.   Total Energy  Conserved En.
    5.78811e+02   -4.96397e+05    9.55292e+04   -4.00868e+05   -4.45797e+05
    Temperature Pressure (bar)   Constr. rmsd
    2.99651e+02   -2.81484e+02    3.04227e-06

           Step           Time
          25500       51.00000

   Energies (kJ/mol)
           Bond            U-B    Proper Dih.  Improper Dih.      CMAP Dih.
    1.73907e+03    4.89361e+03    5.68140e+03    3.40568e+02   -3.59443e+02
          LJ-14     Coulomb-14        LJ (SR)   Coulomb (SR)   Coul. recip.
    1.80523e+03    3.20876e+04    7.83809e+04   -6.24192e+05    1.87135e+03
 Position Rest.      Potential    Kinetic En.   Total Energy  Conserved En.
    5.84051e+02   -4.97168e+05    9.56992e+04   -4.01469e+05   -4.45801e+05
    Temperature Pressure (bar)   Constr. rmsd
    3.00184e+02    1.16648e+02    2.78419e-06

DD  step 25999  vol min/aver 0.790  load imb.: force  1.8%  pme mesh/force 0.690

           Step           Time
          26000       52.00000

   Energies (kJ/mol)
           Bond            U-B    Proper Dih.  Improper Dih.      CMAP Dih.
    1.95610e+03    5.21718e+03    5.62788e+03    2.98470e+02   -3.54918e+02
          LJ-14     Coulomb-14        LJ (SR)   Coulomb (SR)   Coul. recip.
    1.80365e+03    3.19029e+04    8.04374e+04   -6.26307e+05    1.82473e+03
 Position Rest.      Potential    Kinetic En.   Total Energy  Conserved En.
    5.95969e+02   -4.96998e+05    9.59185e+04   -4.01079e+05   -4.45769e+05
    Temperature Pressure (bar)   Constr. rmsd
    3.00872e+02   -1.66356e+02    2.80545e-06

           Step           Time
          26500       53.00000

   Energies (kJ/mol)
           Bond            U-B    Proper Dih.  Improper Dih.      CMAP Dih.
    1.86234e+03    4.85798e+03    5.65898e+03    3.21211e+02   -3.42302e+02
          LJ-14     Coulomb-14        LJ (SR)   Coulomb (SR)   Coul. recip.
    1.80595e+03    3.23431e+04    8.08691e+04   -6.27860e+05    1.83812e+03
 Position Rest.      Potential    Kinetic En.   Total Energy  Conserved En.
    5.71430e+02   -4.98074e+05    9.54173e+04   -4.02657e+05   -4.45770e+05
    Temperature Pressure (bar)   Constr. rmsd
    2.99300e+02   -6.10713e+01    2.90124e-06

           Step           Time
          27000       54.00000

   Energies (kJ/mol)
           Bond            U-B    Proper Dih.  Improper Dih.      CMAP Dih.
    1.87027e+03    5.01580e+03    5.64533e+03    2.66184e+02   -3.47372e+02
          LJ-14     Coulomb-14        LJ (SR)   Coulomb (SR)   Coul. recip.
    1.81422e+03    3.19929e+04    8.06205e+04   -6.26387e+05    1.78548e+03
 Position Rest.      Potential    Kinetic En.   Total Energy  Conserved En.
    6.03134e+02   -4.97121e+05    9.40209e+04   -4.03100e+05   -4.45764e+05
    Temperature Pressure (bar)   Constr. rmsd
    2.94920e+02   -2.39004e+02    3.04216e-06

           Step           Time
          27500       55.00000

   Energies (kJ/mol)
           Bond            U-B    Proper Dih.  Improper Dih.      CMAP Dih.
    1.93225e+03    5.24897e+03    5.69853e+03    3.14513e+02   -3.58489e+02
          LJ-14     Coulomb-14        LJ (SR)   Coulomb (SR)   Coul. recip.
    1.78240e+03    3.18828e+04    7.89156e+04   -6.24278e+05    1.85786e+03
 Position Rest.      Potential    Kinetic En.   Total Energy  Conserved En.
    6.20882e+02   -4.96383e+05    9.52710e+04   -4.01112e+05   -4.45750e+05
    Temperature Pressure (bar)   Constr. rmsd
    2.98841e+02   -4.35959e+02    2.87227e-06

DD  step 27999  vol min/aver 0.792  load imb.: force  2.0%  pme mesh/force 0.689

           Step           Time
          28000       56.00000

   Energies (kJ/mol)
           Bond            U-B    Proper Dih.  Improper Dih.      CMAP Dih.
    1.88739e+03    5.16976e+03    5.70944e+03    2.90181e+02   -3.51544e+02
          LJ-14     Coulomb-14        LJ (SR)   Coulomb (SR)   Coul. recip.
    1.85478e+03    3.20118e+04    8.00009e+04   -6.25556e+05    1.80703e+03
 Position Rest.      Potential    Kinetic En.   Total Energy  Conserved En.
    6.81352e+02   -4.96495e+05    9.55883e+04   -4.00906e+05   -4.45753e+05
    Temperature Pressure (bar)   Constr. rmsd
    2.99837e+02   -3.73159e+01    2.89544e-06

           Step           Time
          28500       57.00000

   Energies (kJ/mol)
           Bond            U-B    Proper Dih.  Improper Dih.      CMAP Dih.
    1.93484e+03    5.05369e+03    5.60825e+03    2.79085e+02   -3.93910e+02
          LJ-14     Coulomb-14        LJ (SR)   Coulomb (SR)   Coul. recip.
    1.75770e+03    3.17434e+04    8.16002e+04   -6.28299e+05    1.80685e+03
 Position Rest.      Potential    Kinetic En.   Total Energy  Conserved En.
    6.34806e+02   -4.98275e+05    9.58455e+04   -4.02429e+05   -4.45772e+05
    Temperature Pressure (bar)   Constr. rmsd
    3.00643e+02    2.69488e+00    2.70326e-06

           Step           Time
          29000       58.00000

   Energies (kJ/mol)
           Bond            U-B    Proper Dih.  Improper Dih.      CMAP Dih.
    1.89919e+03    5.16868e+03    5.61916e+03    2.57707e+02   -4.14763e+02
          LJ-14     Coulomb-14        LJ (SR)   Coulomb (SR)   Coul. recip.
    1.83936e+03    3.20467e+04    7.99067e+04   -6.27754e+05    1.90390e+03
 Position Rest.      Potential    Kinetic En.   Total Energy  Conserved En.
    5.79278e+02   -4.98948e+05    9.58831e+04   -4.03065e+05   -4.45761e+05
    Temperature Pressure (bar)   Constr. rmsd
    3.00761e+02    3.03761e+01    2.88546e-06

           Step           Time
          29500       59.00000

   Energies (kJ/mol)
           Bond            U-B    Proper Dih.  Improper Dih.      CMAP Dih.
    1.94743e+03    4.98570e+03    5.68508e+03    3.12353e+02   -3.39807e+02
          LJ-14     Coulomb-14        LJ (SR)   Coulomb (SR)   Coul. recip.
    1.80131e+03    3.20306e+04    8.16401e+04   -6.29444e+05    1.79358e+03
 Position Rest.      Potential    Kinetic En.   Total Energy  Conserved En.
    5.28878e+02   -4.99059e+05    9.58227e+04   -4.03236e+05   -4.45752e+05
    Temperature Pressure (bar)   Constr. rmsd
    3.00572e+02   -1.38505e+02    2.89858e-06

DD  step 29999  vol min/aver 0.810  load imb.: force  2.5%  pme mesh/force 0.685

           Step           Time
          30000       60.00000

   Energies (kJ/mol)
           Bond            U-B    Proper Dih.  Improper Dih.      CMAP Dih.
    1.91692e+03    5.20378e+03    5.72109e+03    2.85638e+02   -3.78353e+02
          LJ-14     Coulomb-14        LJ (SR)   Coulomb (SR)   Coul. recip.
    1.80015e+03    3.21076e+04    8.03509e+04   -6.26195e+05    1.85923e+03
 Position Rest.      Potential    Kinetic En.   Total Energy  Conserved En.
    5.94243e+02   -4.96734e+05    9.55172e+04   -4.01217e+05   -4.45743e+05
    Temperature Pressure (bar)   Constr. rmsd
    2.99613e+02    3.08655e+00    2.93747e-06

           Step           Time
          30500       61.00000

   Energies (kJ/mol)
           Bond            U-B    Proper Dih.  Improper Dih.      CMAP Dih.
    1.86449e+03    5.02588e+03    5.70333e+03    3.07431e+02   -3.83662e+02
          LJ-14     Coulomb-14        LJ (SR)   Coulomb (SR)   Coul. recip.
    1.79700e+03    3.20780e+04    7.90590e+04   -6.25550e+05    1.78234e+03
 Position Rest.      Potential    Kinetic En.   Total Energy  Conserved En.
    6.19796e+02   -4.97696e+05    9.56687e+04   -4.02027e+05   -4.45761e+05
    Temperature Pressure (bar)   Constr. rmsd
    3.00089e+02   -3.17987e+02    2.81953e-06

           Step           Time
          31000       62.00000

   Energies (kJ/mol)
           Bond            U-B    Proper Dih.  Improper Dih.      CMAP Dih.
    1.91356e+03    5.13392e+03    5.67971e+03    2.99697e+02   -3.95523e+02
          LJ-14     Coulomb-14        LJ (SR)   Coulomb (SR)   Coul. recip.
    1.83745e+03    3.21323e+04    7.91807e+04   -6.25344e+05    1.81569e+03
 Position Rest.      Potential    Kinetic En.   Total Energy  Conserved En.
    5.77074e+02   -4.97170e+05    9.65470e+04   -4.00623e+05   -4.45750e+05
    Temperature Pressure (bar)   Constr. rmsd
    3.02844e+02   -2.96140e+02    3.29852e-06

           Step           Time
          31500       63.00000

   Energies (kJ/mol)
           Bond            U-B    Proper Dih.  Improper Dih.      CMAP Dih.
    1.92388e+03    5.01035e+03    5.68144e+03    3.17645e+02   -3.84939e+02
          LJ-14     Coulomb-14        LJ (SR)   Coulomb (SR)   Coul. recip.
    1.76366e+03    3.19087e+04    8.18053e+04   -6.28916e+05    1.87883e+03
 Position Rest.      Potential    Kinetic En.   Total Energy  Conserved En.
    5.70278e+02   -4.98441e+05    9.54654e+04   -4.02975e+05   -4.45743e+05
    Temperature Pressure (bar)   Constr. rmsd
    2.99451e+02   -2.70598e+02    2.78762e-06

DD  step 31999  vol min/aver 0.809  load imb.: force  1.1%  pme mesh/force 0.693

           Step           Time
          32000       64.00000

   Energies (kJ/mol)
           Bond            U-B    Proper Dih.  Improper Dih.      CMAP Dih.
    1.93101e+03    5.29135e+03    5.68575e+03    3.48662e+02   -3.87428e+02
          LJ-14     Coulomb-14        LJ (SR)   Coulomb (SR)   Coul. recip.
    1.81647e+03    3.20237e+04    8.08770e+04   -6.26376e+05    1.78276e+03
 Position Rest.      Potential    Kinetic En.   Total Energy  Conserved En.
    6.01603e+02   -4.96405e+05    9.68030e+04   -3.99602e+05   -4.45724e+05
    Temperature Pressure (bar)   Constr. rmsd
    3.03647e+02   -9.05935e+00    3.13042e-06

           Step           Time
          32500       65.00000

   Energies (kJ/mol)
           Bond            U-B    Proper Dih.  Improper Dih.      CMAP Dih.
    1.87111e+03    5.12704e+03    5.68422e+03    3.11124e+02   -3.72690e+02
          LJ-14     Coulomb-14        LJ (SR)   Coulomb (SR)   Coul. recip.
    1.81259e+03    3.21703e+04    7.87478e+04   -6.25044e+05    1.81672e+03
 Position Rest.      Potential    Kinetic En.   Total Energy  Conserved En.
    6.21424e+02   -4.97254e+05    9.49930e+04   -4.02261e+05   -4.45711e+05
    Temperature Pressure (bar)   Constr. rmsd
    2.97969e+02   -5.56350e+02    2.75741e-06

           Step           Time
          33000       66.00000

   Energies (kJ/mol)
           Bond            U-B    Proper Dih.  Improper Dih.      CMAP Dih.
    1.92758e+03    5.13002e+03    5.74767e+03    3.32439e+02   -4.04557e+02
          LJ-14     Coulomb-14        LJ (SR)   Coulomb (SR)   Coul. recip.
    1.80008e+03    3.21970e+04    7.94954e+04   -6.25056e+05    1.83341e+03
 Position Rest.      Potential    Kinetic En.   Total Energy  Conserved En.
    6.18516e+02   -4.96379e+05    9.56060e+04   -4.00773e+05   -4.45724e+05
    Temperature Pressure (bar)   Constr. rmsd
    2.99892e+02   -7.77492e+01    2.96801e-06

           Step           Time
          33500       67.00000

   Energies (kJ/mol)
           Bond            U-B    Proper Dih.  Improper Dih.      CMAP Dih.
    1.93550e+03    5.19592e+03    5.69159e+03    2.92912e+02   -3.67805e+02
          LJ-14     Coulomb-14        LJ (SR)   Coulomb (SR)   Coul. recip.
    1.83363e+03    3.20102e+04    8.01342e+04   -6.25527e+05    1.78748e+03
 Position Rest.      Potential    Kinetic En.   Total Energy  Conserved En.
    5.66327e+02   -4.96447e+05    9.53864e+04   -4.01061e+05   -4.45715e+05
    Temperature Pressure (bar)   Constr. rmsd
    2.99203e+02    1.00423e+02    3.04790e-06

DD  step 33999  vol min/aver 0.793  load imb.: force  2.2%  pme mesh/force 0.687

           Step           Time
          34000       68.00000

   Energies (kJ/mol)
           Bond            U-B    Proper Dih.  Improper Dih.      CMAP Dih.
    1.86295e+03    5.01001e+03    5.71095e+03    2.94254e+02   -3.73474e+02
          LJ-14     Coulomb-14        LJ (SR)   Coulomb (SR)   Coul. recip.
    1.77145e+03    3.20432e+04    7.99524e+04   -6.26266e+05    1.78162e+03
 Position Rest.      Potential    Kinetic En.   Total Energy  Conserved En.
    6.61290e+02   -4.97552e+05    9.57555e+04   -4.01796e+05   -4.45720e+05
    Temperature Pressure (bar)   Constr. rmsd
    3.00361e+02   -3.13447e+02    2.61499e-06

           Step           Time
          34500       69.00000

   Energies (kJ/mol)
           Bond            U-B    Proper Dih.  Improper Dih.      CMAP Dih.
    1.88674e+03    5.13642e+03    5.69976e+03    2.56751e+02   -3.46124e+02
          LJ-14     Coulomb-14        LJ (SR)   Coulomb (SR)   Coul. recip.
    1.82500e+03    3.18738e+04    8.02239e+04   -6.25962e+05    1.83242e+03
 Position Rest.      Potential    Kinetic En.   Total Energy  Conserved En.
    6.13976e+02   -4.96960e+05    9.51209e+04   -4.01839e+05   -4.45707e+05
    Temperature Pressure (bar)   Constr. rmsd
    2.98370e+02   -1.96242e+00    2.42573e-06

           Step           Time
          35000       70.00000

   Energies (kJ/mol)
           Bond            U-B    Proper Dih.  Improper Dih.      CMAP Dih.
    1.97754e+03    5.11858e+03    5.60744e+03    3.05380e+02   -4.08192e+02
          LJ-14     Coulomb-14        LJ (SR)   Coulomb (SR)   Coul. recip.
    1.77494e+03    3.21551e+04    7.97129e+04   -6.26843e+05    1.80238e+03
 Position Rest.      Potential    Kinetic En.   Total Energy  Conserved En.
    5.90478e+02   -4.98207e+05    9.56858e+04   -4.02521e+05   -4.45716e+05
    Temperature Pressure (bar)   Constr. rmsd
    3.00142e+02   -1.75362e+02    2.61751e-06

           Step           Time
          35500       71.00000

   Energies (kJ/mol)
           Bond            U-B    Proper Dih.  Improper Dih.      CMAP Dih.
    1.80362e+03    5.10116e+03    5.67744e+03    2.51672e+02   -3.68133e+02
          LJ-14     Coulomb-14        LJ (SR)   Coulomb (SR)   Coul. recip.
    1.82661e+03    3.21259e+04    8.03267e+04   -6.26970e+05    1.86858e+03
 Position Rest.      Potential    Kinetic En.   Total Energy  Conserved En.
    5.74196e+02   -4.97782e+05    9.61928e+04   -4.01589e+05   -4.45728e+05
    Temperature Pressure (bar)   Constr. rmsd
    3.01733e+02   -3.30904e+02    2.72426e-06

DD  step 35999  vol min/aver 0.797  load imb.: force  2.9%  pme mesh/force 0.685

           Step           Time
          36000       72.00000

   Energies (kJ/mol)
           Bond            U-B    Proper Dih.  Improper Dih.      CMAP Dih.
    1.90648e+03    5.12169e+03    5.65167e+03    2.81147e+02   -3.75964e+02
          LJ-14     Coulomb-14        LJ (SR)   Coulomb (SR)   Coul. recip.
    1.79989e+03    3.19988e+04    8.16294e+04   -6.28032e+05    1.79030e+03
 Position Rest.      Potential    Kinetic En.   Total Energy  Conserved En.
    6.12903e+02   -4.97615e+05    9.53202e+04   -4.02295e+05   -4.45715e+05
    Temperature Pressure (bar)   Constr. rmsd
    2.98996e+02    1.77503e+02    3.00847e-06

           Step           Time
          36500       73.00000

   Energies (kJ/mol)
           Bond            U-B    Proper Dih.  Improper Dih.      CMAP Dih.
    1.79388e+03    5.02483e+03    5.80420e+03    3.54708e+02   -3.71026e+02
          LJ-14     Coulomb-14        LJ (SR)   Coulomb (SR)   Coul. recip.
    1.81975e+03    3.21895e+04    8.04364e+04   -6.27898e+05    1.79645e+03
 Position Rest.      Potential    Kinetic En.   Total Energy  Conserved En.
    5.64714e+02   -4.98485e+05    9.64337e+04   -4.02051e+05   -4.45725e+05
    Temperature Pressure (bar)   Constr. rmsd
    3.02488e+02   -2.68823e+02    2.85925e-06

           Step           Time
          37000       74.00000

   Energies (kJ/mol)
           Bond            U-B    Proper Dih.  Improper Dih.      CMAP Dih.
    1.92939e+03    5.16221e+03    5.73864e+03    2.88387e+02   -3.67606e+02
          LJ-14     Coulomb-14        LJ (SR)   Coulomb (SR)   Coul. recip.
    1.72766e+03    3.21158e+04    8.02150e+04   -6.27145e+05    1.77248e+03
 Position Rest.      Potential    Kinetic En.   Total Energy  Conserved En.
    5.95921e+02   -4.97967e+05    9.56559e+04   -4.02311e+05   -4.45685e+05
    Temperature Pressure (bar)   Constr. rmsd
    3.00049e+02   -3.07430e+02    2.69981e-06

           Step           Time
          37500       75.00000

   Energies (kJ/mol)
           Bond            U-B    Proper Dih.  Improper Dih.      CMAP Dih.
    1.79510e+03    5.29700e+03    5.76678e+03    3.00581e+02   -3.56962e+02
          LJ-14     Coulomb-14        LJ (SR)   Coulomb (SR)   Coul. recip.
    1.85184e+03    3.20403e+04    7.97730e+04   -6.27084e+05    1.86736e+03
 Position Rest.      Potential    Kinetic En.   Total Energy  Conserved En.
    6.20267e+02   -4.98128e+05    9.57307e+04   -4.02398e+05   -4.45689e+05
    Temperature Pressure (bar)   Constr. rmsd
    3.00283e+02   -4.54795e+02    2.55208e-06

DD  step 37999  vol min/aver 0.790  load imb.: force  2.7%  pme mesh/force 0.699

           Step           Time
          38000       76.00000

   Energies (kJ/mol)
           Bond            U-B    Proper Dih.  Improper Dih.      CMAP Dih.
    1.88025e+03    5.11002e+03    5.72349e+03    2.87822e+02   -3.48141e+02
          LJ-14     Coulomb-14        LJ (SR)   Coulomb (SR)   Coul. recip.
    1.82838e+03    3.19520e+04    7.98746e+04   -6.26672e+05    1.77528e+03
 Position Rest.      Potential    Kinetic En.   Total Energy  Conserved En.
    6.01663e+02   -4.97986e+05    9.61705e+04   -4.01816e+05   -4.45699e+05
    Temperature Pressure (bar)   Constr. rmsd
    3.01663e+02   -1.07169e+02    3.10648e-06

           Step           Time
          38500       77.00000

   Energies (kJ/mol)
           Bond            U-B    Proper Dih.  Improper Dih.      CMAP Dih.
    1.90906e+03    4.87349e+03    5.67885e+03    2.85352e+02   -3.13699e+02
          LJ-14     Coulomb-14        LJ (SR)   Coulomb (SR)   Coul. recip.
    1.74898e+03    3.21602e+04    7.97009e+04   -6.27322e+05    1.70913e+03
 Position Rest.      Potential    Kinetic En.   Total Energy  Conserved En.
    6.22858e+02   -4.98946e+05    9.60236e+04   -4.02923e+05   -4.45726e+05
    Temperature Pressure (bar)   Constr. rmsd
    3.01202e+02   -1.82389e+02    2.91642e-06

           Step           Time
          39000       78.00000

   Energies (kJ/mol)
           Bond            U-B    Proper Dih.  Improper Dih.      CMAP Dih.
    1.98810e+03    5.04283e+03    5.66323e+03    3.11441e+02   -3.64466e+02
          LJ-14     Coulomb-14        LJ (SR)   Coulomb (SR)   Coul. recip.
    1.76158e+03    3.21006e+04    7.98629e+04   -6.26952e+05    1.85844e+03
 Position Rest.      Potential    Kinetic En.   Total Energy  Conserved En.
    5.92200e+02   -4.98135e+05    9.52685e+04   -4.02866e+05   -4.45677e+05
    Temperature Pressure (bar)   Constr. rmsd
    2.98833e+02    1.85378e+02    3.09604e-06

           Step           Time
          39500       79.00000

   Energies (kJ/mol)
           Bond            U-B    Proper Dih.  Improper Dih.      CMAP Dih.
    1.84548e+03    5.10930e+03    5.63794e+03    3.22513e+02   -3.51067e+02
          LJ-14     Coulomb-14        LJ (SR)   Coulomb (SR)   Coul. recip.
    1.77732e+03    3.19538e+04    8.01517e+04   -6.26153e+05    1.76504e+03
 Position Rest.      Potential    Kinetic En.   Total Energy  Conserved En.
    6.39438e+02   -4.97301e+05    9.52697e+04   -4.02031e+05   -4.45695e+05
    Temperature Pressure (bar)   Constr. rmsd
    2.98837e+02   -1.15729e+00    2.85351e-06

DD  step 39999  vol min/aver 0.803  load imb.: force  3.2%  pme mesh/force 0.669

           Step           Time
          40000       80.00000

   Energies (kJ/mol)
           Bond            U-B    Proper Dih.  Improper Dih.      CMAP Dih.
    1.78282e+03    4.99908e+03    5.63115e+03    3.26396e+02   -3.50157e+02
          LJ-14     Coulomb-14        LJ (SR)   Coulomb (SR)   Coul. recip.
    1.84316e+03    3.22484e+04    7.91012e+04   -6.25844e+05    1.80839e+03
 Position Rest.      Potential    Kinetic En.   Total Energy  Conserved En.
    5.96697e+02   -4.97857e+05    9.49112e+04   -4.02946e+05   -4.45670e+05
    Temperature Pressure (bar)   Constr. rmsd
    2.97713e+02   -1.34586e+02    2.60588e-06

           Step           Time
          40500       81.00000

   Energies (kJ/mol)
           Bond            U-B    Proper Dih.  Improper Dih.      CMAP Dih.
    1.85809e+03    5.10682e+03    5.67502e+03    2.98784e+02   -3.86845e+02
          LJ-14     Coulomb-14        LJ (SR)   Coulomb (SR)   Coul. recip.
    1.75538e+03    3.19683e+04    8.04967e+04   -6.27591e+05    1.84298e+03
 Position Rest.      Potential    Kinetic En.   Total Energy  Conserved En.
    6.32489e+02   -4.98343e+05    9.55448e+04   -4.02798e+05   -4.45694e+05
    Temperature Pressure (bar)   Constr. rmsd
    2.99700e+02   -1.37493e+02    2.97138e-06

           Step           Time
          41000       82.00000

   Energies (kJ/mol)
           Bond            U-B    Proper Dih.  Improper Dih.      CMAP Dih.
    1.73126e+03    5.09822e+03    5.72183e+03    2.72906e+02   -3.61747e+02
          LJ-14     Coulomb-14        LJ (SR)   Coulomb (SR)   Coul. recip.
    1.83143e+03    3.21099e+04    8.01541e+04   -6.27315e+05    1.79434e+03
 Position Rest.      Potential    Kinetic En.   Total Energy  Conserved En.
    6.03881e+02   -4.98359e+05    9.55444e+04   -4.02814e+05   -4.45663e+05
    Temperature Pressure (bar)   Constr. rmsd
    2.99699e+02   -8.94521e+01    2.67794e-06

           Step           Time
          41500       83.00000

   Energies (kJ/mol)
           Bond            U-B    Proper Dih.  Improper Dih.      CMAP Dih.
    1.85320e+03    5.25866e+03    5.70794e+03    3.49132e+02   -3.68168e+02
          LJ-14     Coulomb-14        LJ (SR)   Coulomb (SR)   Coul. recip.
    1.78185e+03    3.19769e+04    7.99696e+04   -6.26453e+05    1.89835e+03
 Position Rest.      Potential    Kinetic En.   Total Energy  Conserved En.
    6.42103e+02   -4.97384e+05    9.51573e+04   -4.02227e+05   -4.45642e+05
    Temperature Pressure (bar)   Constr. rmsd
    2.98484e+02    4.03786e+01    2.80852e-06

DD  step 41999  vol min/aver 0.806  load imb.: force  2.3%  pme mesh/force 0.697

           Step           Time
          42000       84.00000

   Energies (kJ/mol)
           Bond            U-B    Proper Dih.  Improper Dih.      CMAP Dih.
    1.82093e+03    5.09541e+03    5.74055e+03    2.82073e+02   -3.97948e+02
          LJ-14     Coulomb-14        LJ (SR)   Coulomb (SR)   Coul. recip.
    1.83702e+03    3.20722e+04    7.97309e+04   -6.24584e+05    1.87079e+03
 Position Rest.      Potential    Kinetic En.   Total Energy  Conserved En.
    6.44509e+02   -4.95887e+05    9.54135e+04   -4.00474e+05   -4.45659e+05
    Temperature Pressure (bar)   Constr. rmsd
    2.99288e+02   -2.26912e+02    2.93263e-06

           Step           Time
          42500       85.00000

   Energies (kJ/mol)
           Bond            U-B    Proper Dih.  Improper Dih.      CMAP Dih.
    1.87750e+03    4.95754e+03    5.74675e+03    3.22639e+02   -3.43458e+02
          LJ-14     Coulomb-14        LJ (SR)   Coulomb (SR)   Coul. recip.
    1.85761e+03    3.22408e+04    8.15982e+04   -6.28084e+05    1.87544e+03
 Position Rest.      Potential    Kinetic En.   Total Energy  Conserved En.
    6.46125e+02   -4.97305e+05    9.54182e+04   -4.01886e+05   -4.45655e+05
    Temperature Pressure (bar)   Constr. rmsd
    2.99303e+02    1.49971e+02    3.00270e-06

           Step           Time
          43000       86.00000

   Energies (kJ/mol)
           Bond            U-B    Proper Dih.  Improper Dih.      CMAP Dih.
    1.79451e+03    5.21743e+03    5.59545e+03    2.84806e+02   -3.69122e+02
          LJ-14     Coulomb-14        LJ (SR)   Coulomb (SR)   Coul. recip.
    1.76835e+03    3.18535e+04    7.90013e+04   -6.25174e+05    1.75654e+03
 Position Rest.      Potential    Kinetic En.   Total Energy  Conserved En.
    6.35440e+02   -4.97636e+05    9.50370e+04   -4.02599e+05   -4.45666e+05
    Temperature Pressure (bar)   Constr. rmsd
    2.98107e+02   -7.71270e+01    2.92952e-06

           Step           Time
          43500       87.00000

   Energies (kJ/mol)
           Bond            U-B    Proper Dih.  Improper Dih.      CMAP Dih.
    1.77195e+03    5.23533e+03    5.63429e+03    3.50377e+02   -3.64915e+02
          LJ-14     Coulomb-14        LJ (SR)   Coulomb (SR)   Coul. recip.
    1.81039e+03    3.21218e+04    8.07034e+04   -6.27376e+05    1.82879e+03
 Position Rest.      Potential    Kinetic En.   Total Energy  Conserved En.
    6.82160e+02   -4.97602e+05    9.62358e+04   -4.01366e+05   -4.45644e+05
    Temperature Pressure (bar)   Constr. rmsd
    3.01868e+02    1.62906e+02    3.06405e-06

DD  step 43999  vol min/aver 0.810  load imb.: force  2.4%  pme mesh/force 0.670

           Step           Time
          44000       88.00000

   Energies (kJ/mol)
           Bond            U-B    Proper Dih.  Improper Dih.      CMAP Dih.
    1.86170e+03    5.05772e+03    5.61007e+03    3.00127e+02   -3.47829e+02
          LJ-14     Coulomb-14        LJ (SR)   Coulomb (SR)   Coul. recip.
    1.80175e+03    3.19945e+04    7.98796e+04   -6.26837e+05    1.88848e+03
 Position Rest.      Potential    Kinetic En.   Total Energy  Conserved En.
    6.15402e+02   -4.98176e+05    9.48811e+04   -4.03295e+05   -4.45648e+05
    Temperature Pressure (bar)   Constr. rmsd
    2.97618e+02   -5.40593e+02    2.83043e-06

           Step           Time
          44500       89.00000

   Energies (kJ/mol)
           Bond            U-B    Proper Dih.  Improper Dih.      CMAP Dih.
    1.88264e+03    5.12647e+03    5.67405e+03    2.96908e+02   -3.73211e+02
          LJ-14     Coulomb-14        LJ (SR)   Coulomb (SR)   Coul. recip.
    1.83434e+03    3.20081e+04    8.07159e+04   -6.26854e+05    1.86112e+03
 Position Rest.      Potential    Kinetic En.   Total Energy  Conserved En.
    6.14716e+02   -4.97213e+05    9.62209e+04   -4.00992e+05   -4.45650e+05
    Temperature Pressure (bar)   Constr. rmsd
    3.01821e+02    3.05463e+02    2.87428e-06

           Step           Time
          45000       90.00000

   Energies (kJ/mol)
           Bond            U-B    Proper Dih.  Improper Dih.      CMAP Dih.
    1.76862e+03    4.99120e+03    5.77940e+03    3.38703e+02   -3.88990e+02
          LJ-14     Coulomb-14        LJ (SR)   Coulomb (SR)   Coul. recip.
    1.79973e+03    3.20884e+04    7.98464e+04   -6.27346e+05    1.80747e+03
 Position Rest.      Potential    Kinetic En.   Total Energy  Conserved En.
    6.40630e+02   -4.98675e+05    9.64050e+04   -4.02270e+05   -4.45652e+05
    Temperature Pressure (bar)   Constr. rmsd
    3.02398e+02   -1.50740e+02    3.05473e-06

           Step           Time
          45500       91.00000

   Energies (kJ/mol)
           Bond            U-B    Proper Dih.  Improper Dih.      CMAP Dih.
    1.84024e+03    5.14346e+03    5.74370e+03    2.91555e+02   -3.66044e+02
          LJ-14     Coulomb-14        LJ (SR)   Coulomb (SR)   Coul. recip.
    1.79359e+03    3.22065e+04    8.16890e+04   -6.27654e+05    1.78547e+03
 Position Rest.      Potential    Kinetic En.   Total Energy  Conserved En.
    5.70556e+02   -4.96956e+05    9.58515e+04   -4.01104e+05   -4.45621e+05
    Temperature Pressure (bar)   Constr. rmsd
    3.00662e+02   -5.22795e+01    2.70316e-06

DD  step 45999  vol min/aver 0.810  load imb.: force  3.1%  pme mesh/force 0.682

           Step           Time
          46000       92.00000

   Energies (kJ/mol)
           Bond            U-B    Proper Dih.  Improper Dih.      CMAP Dih.
    1.87524e+03    5.10666e+03    5.74452e+03    3.27397e+02   -3.62251e+02
          LJ-14     Coulomb-14        LJ (SR)   Coulomb (SR)   Coul. recip.
    1.81725e+03    3.20799e+04    7.82705e+04   -6.23685e+05    1.87339e+03
 Position Rest.      Potential    Kinetic En.   Total Energy  Conserved En.
    5.56202e+02   -4.96396e+05    9.58866e+04   -4.00509e+05   -4.45640e+05
    Temperature Pressure (bar)   Constr. rmsd
    3.00772e+02   -2.34439e+02    3.01518e-06

           Step           Time
          46500       93.00000

   Energies (kJ/mol)
           Bond            U-B    Proper Dih.  Improper Dih.      CMAP Dih.
    1.80673e+03    5.10596e+03    5.71827e+03    2.99883e+02   -3.49798e+02
          LJ-14     Coulomb-14        LJ (SR)   Coulomb (SR)   Coul. recip.
    1.92599e+03    3.20522e+04    8.06392e+04   -6.26426e+05    1.79009e+03
 Position Rest.      Potential    Kinetic En.   Total Energy  Conserved En.
    5.96130e+02   -4.96841e+05    9.46781e+04   -4.02163e+05   -4.45630e+05
    Temperature Pressure (bar)   Constr. rmsd
    2.96981e+02    2.58113e+02    2.90297e-06

           Step           Time
          47000       94.00000

   Energies (kJ/mol)
           Bond            U-B    Proper Dih.  Improper Dih.      CMAP Dih.
    1.88225e+03    5.37410e+03    5.69634e+03    2.80664e+02   -3.34360e+02
          LJ-14     Coulomb-14        LJ (SR)   Coulomb (SR)   Coul. recip.
    1.78285e+03    3.17942e+04    7.90761e+04   -6.25059e+05    1.83077e+03
 Position Rest.      Potential    Kinetic En.   Total Energy  Conserved En.
    5.82119e+02   -4.97094e+05    9.63092e+04   -4.00785e+05   -4.45630e+05
    Temperature Pressure (bar)   Constr. rmsd
    3.02098e+02   -1.14239e+02    3.41865e-06

           Step           Time
          47500       95.00000

   Energies (kJ/mol)
           Bond            U-B    Proper Dih.  Improper Dih.      CMAP Dih.
    1.92141e+03    5.13546e+03    5.66519e+03    2.98403e+02   -3.27821e+02
          LJ-14     Coulomb-14        LJ (SR)   Coulomb (SR)   Coul. recip.
    1.78726e+03    3.20162e+04    7.90228e+04   -6.25839e+05    1.79116e+03
 Position Rest.      Potential    Kinetic En.   Total Energy  Conserved En.
    6.34385e+02   -4.97895e+05    9.54359e+04   -4.02459e+05   -4.45624e+05
    Temperature Pressure (bar)   Constr. rmsd
    2.99358e+02   -3.01117e+02    2.79096e-06

DD  step 47999  vol min/aver 0.792  load imb.: force  4.1%  pme mesh/force 0.674

           Step           Time
          48000       96.00000

   Energies (kJ/mol)
           Bond            U-B    Proper Dih.  Improper Dih.      CMAP Dih.
    1.82108e+03    5.30115e+03    5.67434e+03    3.43761e+02   -3.66430e+02
          LJ-14     Coulomb-14        LJ (SR)   Coulomb (SR)   Coul. recip.
    1.82784e+03    3.20708e+04    7.99204e+04   -6.26263e+05    1.84565e+03
 Position Rest.      Potential    Kinetic En.   Total Energy  Conserved En.
    5.67876e+02   -4.97256e+05    9.59097e+04   -4.01347e+05   -4.45611e+05
    Temperature Pressure (bar)   Constr. rmsd
    3.00845e+02   -5.64792e+01    2.48710e-06

           Step           Time
          48500       97.00000

   Energies (kJ/mol)
           Bond            U-B    Proper Dih.  Improper Dih.      CMAP Dih.
    1.83568e+03    5.05070e+03    5.64748e+03    3.24325e+02   -3.91134e+02
          LJ-14     Coulomb-14        LJ (SR)   Coulomb (SR)   Coul. recip.
    1.74839e+03    3.21439e+04    8.04544e+04   -6.28444e+05    1.88187e+03
 Position Rest.      Potential    Kinetic En.   Total Energy  Conserved En.
    5.82531e+02   -4.99166e+05    9.55181e+04   -4.03648e+05   -4.45622e+05
    Temperature Pressure (bar)   Constr. rmsd
    2.99616e+02   -4.37630e+02    2.85880e-06

           Step           Time
          49000       98.00000

   Energies (kJ/mol)
           Bond            U-B    Proper Dih.  Improper Dih.      CMAP Dih.
    1.76773e+03    4.86602e+03    5.58749e+03    2.55744e+02   -3.25558e+02
          LJ-14     Coulomb-14        LJ (SR)   Coulomb (SR)   Coul. recip.
    1.82300e+03    3.20239e+04    8.04736e+04   -6.27993e+05    1.81029e+03
 Position Rest.      Potential    Kinetic En.   Total Energy  Conserved En.
    5.71904e+02   -4.99139e+05    9.43072e+04   -4.04831e+05   -4.45626e+05
    Temperature Pressure (bar)   Constr. rmsd
    2.95818e+02   -8.49422e+01    2.99615e-06

           Step           Time
          49500       99.00000

   Energies (kJ/mol)
           Bond            U-B    Proper Dih.  Improper Dih.      CMAP Dih.
    1.96456e+03    5.14552e+03    5.55583e+03    3.05024e+02   -3.92661e+02
          LJ-14     Coulomb-14        LJ (SR)   Coulomb (SR)   Coul. recip.
    1.79979e+03    3.20838e+04    8.00062e+04   -6.26296e+05    1.80703e+03
 Position Rest.      Potential    Kinetic En.   Total Energy  Conserved En.
    6.10464e+02   -4.97411e+05    9.55879e+04   -4.01823e+05   -4.45605e+05
    Temperature Pressure (bar)   Constr. rmsd
    2.99835e+02   -2.87419e+02    2.74847e-06

DD  step 49999  vol min/aver 0.830  load imb.: force  2.7%  pme mesh/force 0.685

           Step           Time
          50000      100.00000

Writing checkpoint, step 50000 at Thu Sep 26 15:01:19 2024


   Energies (kJ/mol)
           Bond            U-B    Proper Dih.  Improper Dih.      CMAP Dih.
    1.95461e+03    4.96295e+03    5.62246e+03    3.23037e+02   -3.53060e+02
          LJ-14     Coulomb-14        LJ (SR)   Coulomb (SR)   Coul. recip.
    1.76499e+03    3.21042e+04    8.20433e+04   -6.29858e+05    1.79997e+03
 Position Rest.      Potential    Kinetic En.   Total Energy  Conserved En.
    5.72534e+02   -4.99063e+05    9.53462e+04   -4.03717e+05   -4.45602e+05
    Temperature Pressure (bar)   Constr. rmsd
    2.99077e+02    1.44600e+02    3.04453e-06

	<======  ###############  ==>
	<====  A V E R A G E S  ====>
	<==  ###############  ======>

	Statistics over 50001 steps using 501 frames

   Energies (kJ/mol)
           Bond            U-B    Proper Dih.  Improper Dih.      CMAP Dih.
    1.86856e+03    5.10865e+03    5.68192e+03    3.00657e+02   -3.75887e+02
          LJ-14     Coulomb-14        LJ (SR)   Coulomb (SR)   Coul. recip.
    1.79883e+03    3.20267e+04    8.00617e+04   -6.26440e+05    1.82881e+03
 Position Rest.      Potential    Kinetic En.   Total Energy  Conserved En.
    5.98569e+02   -4.97541e+05    9.55876e+04   -4.01954e+05   -4.45782e+05
    Temperature Pressure (bar)   Constr. rmsd
    2.99834e+02   -1.58734e+02    0.00000e+00

   Total Virial (kJ/mol)
    3.37284e+04   -8.14178e+01   -3.17055e+01
   -8.17984e+01    3.37021e+04    5.57659e+01
   -3.19774e+01    5.58721e+01    3.37201e+04

   Pressure (bar)
   -1.60947e+02    5.86019e+00    4.69868e+00
    5.89277e+00   -1.59960e+02   -1.04248e-01
    4.72196e+00   -1.13342e-01   -1.55294e+02

 T-Protein_UNK1T-Water_and_ions
    2.99836e+02    2.99834e+02


	M E G A - F L O P S   A C C O U N T I N G

 NB=Group-cutoff nonbonded kernels    NxN=N-by-N cluster Verlet kernels
 RF=Reaction-Field  VdW=Van der Waals  QSTab=quadratic-spline table
 W3=SPC/TIP3p  W4=TIP4p (single or pairs)
 V&F=Potential and force  V=Potential only  F=Force only

 Computing:                               M-Number         M-Flops  % Flops
-----------------------------------------------------------------------------
 Pair Search distance check           13194.179970      118747.620     0.1
 NxN Ewald Elec. + LJ [F]            912157.392672    71148276.628    57.5
 NxN Ewald Elec. + LJ [V&F]            9232.551312     1190999.119     1.0
 NxN LJ [F]                              35.601216        1602.055     0.0
 NxN LJ [V&F]                             0.366784          23.841     0.0
 NxN Ewald Elec. [F]                 778426.142336    47483994.682    38.4
 NxN Ewald Elec. [V&F]                 7878.524656      661796.071     0.5
 1,4 nonbonded interactions             305.206104       27468.549     0.0
 Calc Weights                          5664.113280      203908.078     0.2
 Spread Q Bspline                    120834.416640      241668.833     0.2
 Gather F Bspline                    120834.416640      725006.500     0.6
 3D-FFT                              185299.305912     1482394.447     1.2
 Solve PME                              115.202304        7372.947     0.0
 Reset In Box                            23.637760          70.913     0.0
 CG-CoM                                  23.675520          71.027     0.0
 Bonds                                   59.551191        3513.520     0.0
 Propers                                297.405948       68105.962     0.1
 Impropers                               18.200364        3785.676     0.0
 Pos. Restr.                             58.151163        2907.558     0.0
 Virial                                  19.458840         350.259     0.0
 Stop-CM                                 18.955520         189.555     0.0
 Calc-Ekin                              188.875520        5099.639     0.0
 Lincs                                   66.364896        3981.894     0.0
 Lincs-Mat                              374.947860        1499.791     0.0
 Constraint-V                          2098.480375       16787.843     0.0
 Constraint-Vir                          20.361700         488.681     0.0
 Settle                                 655.264024      211650.280     0.2
 CMAP                                     7.400148       12580.252     0.0
 Urey-Bradley                           213.054261       38988.930     0.0
-----------------------------------------------------------------------------
 Total                                               123663331.152   100.0
-----------------------------------------------------------------------------


    D O M A I N   D E C O M P O S I T I O N   S T A T I S T I C S

 av. #atoms communicated per step for force:  2 x 91235.3
 av. #atoms communicated per step for LINCS:  2 x 4258.0


 Dynamic load balancing report:
 DLB was turned on during the run due to measured imbalance.
 Average load imbalance: 2.5%.
 The balanceable part of the MD step is 92%, load imbalance is computed from this.
 Part of the total run time spent waiting due to load imbalance: 2.3%.
 Steps where the load balancing was limited by -rdd, -rcon and/or -dds: X 0 % Y 0 % Z 0 %
 Average PME mesh/force load: 0.681
 Part of the total run time spent waiting due to PP/PME imbalance: 4.3 %


     R E A L   C Y C L E   A N D   T I M E   A C C O U N T I N G

On 24 MPI ranks doing PP, and
on 4 MPI ranks doing PME

 Computing:          Num   Num      Call    Wall time         Giga-Cycles
                     Ranks Threads  Count      (s)         total sum    %
-----------------------------------------------------------------------------
 Domain decomp.        24    1        626       0.815         46.868   0.5
 DD comm. load         24    1        625       0.003          0.147   0.0
 DD comm. bounds       24    1        624       0.015          0.838   0.0
 Send X to PME         24    1      50001       0.503         28.930   0.3
 Neighbor search       24    1        626       2.071        119.151   1.2
 Comm. coord.          24    1      49375       2.073        119.276   1.2
 Force                 24    1      50001     136.019       7825.587  76.6
 Wait + Comm. F        24    1      50001       5.687        327.215   3.2
 PME mesh *             4    1      50001      97.255        932.560   9.1
 PME wait for PP *                             54.891        526.337   5.2
 Wait + Recv. PME F    24    1      50001       0.406         23.367   0.2
 NB X/F buffer ops.    24    1     148751       1.296         74.586   0.7
 Write traj.           24    1        101       0.031          1.793   0.0
 Update                24    1      50001       0.296         17.058   0.2
 Constraints           24    1      50001       2.570        147.864   1.4
 Comm. energies        24    1       2501       0.161          9.254   0.1
 Rest                                           0.201         11.579   0.1
-----------------------------------------------------------------------------
 Total                                        152.147      10212.431 100.0
-----------------------------------------------------------------------------
(*) Note that with separate PME ranks, the walltime column actually sums to
    twice the total reported, but the cycle count total and % are correct.
-----------------------------------------------------------------------------
 Breakdown of PME mesh computation
-----------------------------------------------------------------------------
 PME redist. X/F        4    1     100002       6.016         57.685   0.6
 PME spread             4    1      50001      27.563        264.296   2.6
 PME gather             4    1      50001      21.166        202.955   2.0
 PME 3D-FFT             4    1     100002      38.845        372.476   3.6
 PME 3D-FFT Comm.       4    1     100002       1.816         17.415   0.2
 PME solve Elec         4    1      50001       1.796         17.220   0.2
-----------------------------------------------------------------------------

               Core t (s)   Wall t (s)        (%)
       Time:     4260.129      152.147     2800.0
                 (ns/day)    (hour/ns)
Performance:       56.788        0.423
Finished mdrun on rank 0 Thu Sep 26 15:01:19 2024
